Instance,Terminal,Layer,X location,Y location,Voltage
FILLER_0_12_41,VGND,li1,25.0700,43.5200,0.000003
FILLER_0_12_29,VGND,li1,21.6200,43.5200,0.000002
FILLER_0_12_26,VGND,li1,17.9400,43.5200,0.000002
FILLER_0_12_18,VGND,li1,15.6400,43.5200,0.000002
FILLER_0_12_6,VGND,li1,11.0400,43.5200,0.000002
FILLER_0_11_47,VGND,li1,27.3700,43.5200,0.000003
FILLER_0_11_39,VGND,li1,25.3000,43.5200,0.000003
FILLER_0_11_27,VGND,li1,20.7000,43.5200,0.000002
FILLER_0_11_15,VGND,li1,15.1800,43.5200,0.000002
FILLER_0_11_3,VGND,li1,9.6600,43.5200,0.000002
FILLER_0_10_45,VGND,li1,26.9100,38.0800,0.000004
FILLER_0_10_37,VGND,li1,24.3800,38.0800,0.000004
FILLER_0_10_29,VGND,li1,19.0900,38.0800,0.000003
FILLER_0_10_27,VGND,li1,18.1700,38.0800,0.000003
FILLER_0_10_15,VGND,li1,15.1800,38.0800,0.000002
FILLER_0_10_3,VGND,li1,9.6600,38.0800,0.000002
FILLER_0_9_42,VGND,li1,25.3000,38.0800,0.000004
FILLER_0_9_30,VGND,li1,22.0800,38.0800,0.000003
FILLER_0_9_18,VGND,li1,16.5600,38.0800,0.000003
FILLER_0_9_6,VGND,li1,11.0400,38.0800,0.000002
FILLER_0_8_47,VGND,li1,27.3700,32.6400,0.000001
FILLER_0_8_41,VGND,li1,25.7600,32.6400,0.000001
FILLER_0_8_29,VGND,li1,21.6200,32.6400,0.000001
FILLER_0_8_27,VGND,li1,18.1700,32.6400,0.000001
FILLER_0_8_15,VGND,li1,15.1800,32.6400,0.000001
FILLER_0_8_3,VGND,li1,9.6600,32.6400,0.000001
FILLER_0_7_44,VGND,li1,26.6800,32.6400,0.000001
FILLER_0_7_25,VGND,li1,19.7800,32.6400,0.000001
FILLER_0_7_19,VGND,li1,14.4900,32.6400,0.000001
FILLER_0_7_15,VGND,li1,13.3400,32.6400,0.000001
FILLER_0_7_3,VGND,li1,9.6600,32.6400,0.000001
FILLER_0_6_45,VGND,li1,26.9100,27.2000,0.000001
FILLER_0_6_33,VGND,li1,23.4600,27.2000,0.000001
FILLER_0_6_27,VGND,li1,18.1700,27.2000,0.000001
FILLER_0_6_15,VGND,li1,15.1800,27.2000,0.000001
FILLER_0_6_3,VGND,li1,9.6600,27.2000,0.000001
FILLER_0_5_47,VGND,li1,27.3700,27.2000,0.000001
FILLER_0_5_43,VGND,li1,26.2200,27.2000,0.000001
FILLER_0_5_31,VGND,li1,22.5400,27.2000,0.000001
FILLER_0_5_19,VGND,li1,17.0200,27.2000,0.000001
FILLER_0_5_15,VGND,li1,12.6500,27.2000,0.000001
FILLER_0_5_9,VGND,li1,9.8900,27.2000,0.000001
FILLER_0_5_3,VGND,li1,8.2800,27.2000,0.000001
FILLER_0_4_41,VGND,li1,25.0700,21.7600,0.000004
FILLER_0_4_29,VGND,li1,21.6200,21.7600,0.000003
FILLER_0_4_20,VGND,li1,16.5600,21.7600,0.000002
FILLER_0_4_14,VGND,li1,12.6500,21.7600,0.000002
FILLER_0_4_6,VGND,li1,10.1200,21.7600,0.000002
FILLER_0_3_47,VGND,li1,27.3700,21.7600,0.000004
FILLER_0_3_39,VGND,li1,25.3000,21.7600,0.000004
FILLER_0_3_27,VGND,li1,20.7000,21.7600,0.000003
FILLER_0_3_15,VGND,li1,15.1800,21.7600,0.000002
FILLER_0_3_3,VGND,li1,9.6600,21.7600,0.000002
FILLER_0_2_47,VGND,li1,27.3700,16.3200,0.000000
FILLER_0_2_41,VGND,li1,25.7600,16.3200,0.000000
FILLER_0_2_29,VGND,li1,21.6200,16.3200,0.000000
FILLER_0_2_27,VGND,li1,18.1700,16.3200,0.000000
FILLER_0_2_15,VGND,li1,15.1800,16.3200,0.000000
FILLER_0_2_3,VGND,li1,9.6600,16.3200,0.000000
FILLER_0_1_47,VGND,li1,27.3700,16.3200,0.000000
FILLER_0_1_39,VGND,li1,25.3000,16.3200,0.000000
FILLER_0_1_27,VGND,li1,20.7000,16.3200,0.000000
FILLER_0_1_15,VGND,li1,15.1800,16.3200,0.000000
FILLER_0_1_3,VGND,li1,9.6600,16.3200,0.000000
FILLER_0_0_41,VGND,li1,25.0700,10.8800,0.000003
FILLER_0_0_29,VGND,li1,21.6200,10.8800,0.000003
FILLER_0_0_26,VGND,li1,17.9400,10.8800,0.000002
FILLER_0_0_18,VGND,li1,15.6400,10.8800,0.000002
FILLER_0_0_6,VGND,li1,11.0400,10.8800,0.000002
output8,VGND,li1,26.6800,10.8800,0.000003
output7,VGND,li1,26.6800,21.7600,0.000004
output6,VGND,li1,26.6800,38.0800,0.000004
output5,VGND,li1,26.6800,43.5200,0.000003
input4,VGND,li1,7.5900,10.8800,0.000002
input3,VGND,li1,7.5900,21.7600,0.000002
input2,VGND,li1,7.5900,38.0800,0.000002
input1,VGND,li1,7.5900,43.5200,0.000002
TAP_TAPCELL_ROW_12_32,VGND,li1,18.6300,43.8110,0.000002
TAP_TAPCELL_ROW_10_31,VGND,li1,18.6300,38.3710,0.000003
TAP_TAPCELL_ROW_8_30,VGND,li1,18.6300,32.9310,0.000001
TAP_TAPCELL_ROW_6_29,VGND,li1,18.6300,27.4910,0.000001
TAP_TAPCELL_ROW_4_28,VGND,li1,18.6300,22.0510,0.000003
TAP_TAPCELL_ROW_2_27,VGND,li1,18.6300,16.6110,0.000000
TAP_TAPCELL_ROW_0_26,VGND,li1,18.6300,11.1710,0.000002
PHY_EDGE_ROW_12_Left_25,VGND,li1,6.2100,43.5200,0.000002
PHY_EDGE_ROW_11_Left_24,VGND,li1,6.2100,43.5200,0.000002
PHY_EDGE_ROW_10_Left_23,VGND,li1,6.2100,38.0800,0.000002
PHY_EDGE_ROW_9_Left_22,VGND,li1,6.2100,38.0800,0.000002
PHY_EDGE_ROW_8_Left_21,VGND,li1,6.2100,32.6400,0.000001
PHY_EDGE_ROW_7_Left_20,VGND,li1,6.2100,32.6400,0.000001
PHY_EDGE_ROW_6_Left_19,VGND,li1,6.2100,27.2000,0.000001
PHY_EDGE_ROW_5_Left_18,VGND,li1,6.2100,27.2000,0.000001
PHY_EDGE_ROW_4_Left_17,VGND,li1,6.2100,21.7600,0.000002
PHY_EDGE_ROW_3_Left_16,VGND,li1,6.2100,21.7600,0.000002
PHY_EDGE_ROW_2_Left_15,VGND,li1,6.2100,16.3200,0.000000
PHY_EDGE_ROW_1_Left_14,VGND,li1,6.2100,16.3200,0.000000
PHY_EDGE_ROW_0_Left_13,VGND,li1,6.2100,10.8800,0.000002
PHY_EDGE_ROW_12_Right_12,VGND,li1,28.2900,43.5200,0.000003
PHY_EDGE_ROW_11_Right_11,VGND,li1,28.2900,43.5200,0.000003
PHY_EDGE_ROW_10_Right_10,VGND,li1,28.2900,38.0800,0.000004
PHY_EDGE_ROW_9_Right_9,VGND,li1,28.2900,38.0800,0.000004
PHY_EDGE_ROW_8_Right_8,VGND,li1,28.2900,32.6400,0.000001
PHY_EDGE_ROW_7_Right_7,VGND,li1,28.2900,32.6400,0.000001
PHY_EDGE_ROW_6_Right_6,VGND,li1,28.2900,27.2000,0.000001
PHY_EDGE_ROW_5_Right_5,VGND,li1,28.2900,27.2000,0.000001
PHY_EDGE_ROW_4_Right_4,VGND,li1,28.2900,21.7600,0.000004
PHY_EDGE_ROW_3_Right_3,VGND,li1,28.2900,21.7600,0.000004
PHY_EDGE_ROW_2_Right_2,VGND,li1,28.2900,16.3200,0.000000
PHY_EDGE_ROW_1_Right_1,VGND,li1,28.2900,16.3200,0.000000
PHY_EDGE_ROW_0_Right_0,VGND,li1,28.2900,10.8800,0.000003
_9_,VGND,li1,14.0300,21.7600,0.000002
_8_,VGND,li1,24.1500,32.6400,0.000001
_7_,VGND,li1,13.5700,27.2000,0.000001
_6_,VGND,li1,11.2700,27.2000,0.000001
_5_,VGND,li1,19.7800,27.2000,0.000001
_4_,VGND,li1,15.8700,32.6400,0.000001
_3_,VGND,li1,20.9300,38.0800,0.000003
