Instance,Terminal,Layer,X location,Y location,Voltage
FILLER_0_12_41,VPWR,li1,25.0700,46.2400,1.799997
FILLER_0_12_29,VPWR,li1,21.6200,46.2400,1.799997
FILLER_0_12_26,VPWR,li1,17.9400,46.2400,1.799998
FILLER_0_12_18,VPWR,li1,15.6400,46.2400,1.799998
FILLER_0_12_6,VPWR,li1,11.0400,46.2400,1.799998
FILLER_0_11_47,VPWR,li1,27.3700,40.8000,1.799999
FILLER_0_11_39,VPWR,li1,25.3000,40.8000,1.799999
FILLER_0_11_27,VPWR,li1,20.7000,40.8000,1.799999
FILLER_0_11_15,VPWR,li1,15.1800,40.8000,1.800000
FILLER_0_11_3,VPWR,li1,9.6600,40.8000,1.800000
FILLER_0_10_45,VPWR,li1,26.9100,40.8000,1.799999
FILLER_0_10_37,VPWR,li1,24.3800,40.8000,1.799999
FILLER_0_10_29,VPWR,li1,19.0900,40.8000,1.799999
FILLER_0_10_27,VPWR,li1,18.1700,40.8000,1.800000
FILLER_0_10_15,VPWR,li1,15.1800,40.8000,1.800000
FILLER_0_10_3,VPWR,li1,9.6600,40.8000,1.800000
FILLER_0_9_42,VPWR,li1,25.3000,35.3600,1.799996
FILLER_0_9_30,VPWR,li1,22.0800,35.3600,1.799996
FILLER_0_9_18,VPWR,li1,16.5600,35.3600,1.799997
FILLER_0_9_6,VPWR,li1,11.0400,35.3600,1.799998
FILLER_0_8_47,VPWR,li1,27.3700,35.3600,1.799996
FILLER_0_8_41,VPWR,li1,25.7600,35.3600,1.799996
FILLER_0_8_29,VPWR,li1,21.6200,35.3600,1.799996
FILLER_0_8_27,VPWR,li1,18.1700,35.3600,1.799997
FILLER_0_8_15,VPWR,li1,15.1800,35.3600,1.799997
FILLER_0_8_3,VPWR,li1,9.6600,35.3600,1.799998
FILLER_0_7_44,VPWR,li1,26.6800,29.9200,1.799999
FILLER_0_7_25,VPWR,li1,19.7800,29.9200,1.799999
FILLER_0_7_19,VPWR,li1,14.4900,29.9200,1.799999
FILLER_0_7_15,VPWR,li1,13.3400,29.9200,1.799999
FILLER_0_7_3,VPWR,li1,9.6600,29.9200,1.799999
FILLER_0_6_45,VPWR,li1,26.9100,29.9200,1.799999
FILLER_0_6_33,VPWR,li1,23.4600,29.9200,1.799999
FILLER_0_6_27,VPWR,li1,18.1700,29.9200,1.799999
FILLER_0_6_15,VPWR,li1,15.1800,29.9200,1.799999
FILLER_0_6_3,VPWR,li1,9.6600,29.9200,1.799999
FILLER_0_5_47,VPWR,li1,27.3700,24.4800,1.799995
FILLER_0_5_43,VPWR,li1,26.2200,24.4800,1.799995
FILLER_0_5_31,VPWR,li1,22.5400,24.4800,1.799995
FILLER_0_5_19,VPWR,li1,17.0200,24.4800,1.799996
FILLER_0_5_15,VPWR,li1,12.6500,24.4800,1.799997
FILLER_0_5_9,VPWR,li1,9.8900,24.4800,1.799997
FILLER_0_5_3,VPWR,li1,8.2800,24.4800,1.799997
FILLER_0_4_41,VPWR,li1,25.0700,24.4800,1.799995
FILLER_0_4_29,VPWR,li1,21.6200,24.4800,1.799995
FILLER_0_4_20,VPWR,li1,16.5600,24.4800,1.799996
FILLER_0_4_14,VPWR,li1,12.6500,24.4800,1.799997
FILLER_0_4_6,VPWR,li1,10.1200,24.4800,1.799997
FILLER_0_3_47,VPWR,li1,27.3700,19.0400,1.800000
FILLER_0_3_39,VPWR,li1,25.3000,19.0400,1.800000
FILLER_0_3_27,VPWR,li1,20.7000,19.0400,1.800000
FILLER_0_3_15,VPWR,li1,15.1800,19.0400,1.800000
FILLER_0_3_3,VPWR,li1,9.6600,19.0400,1.800000
FILLER_0_2_47,VPWR,li1,27.3700,19.0400,1.800000
FILLER_0_2_41,VPWR,li1,25.7600,19.0400,1.800000
FILLER_0_2_29,VPWR,li1,21.6200,19.0400,1.800000
FILLER_0_2_27,VPWR,li1,18.1700,19.0400,1.800000
FILLER_0_2_15,VPWR,li1,15.1800,19.0400,1.800000
FILLER_0_2_3,VPWR,li1,9.6600,19.0400,1.800000
FILLER_0_1_47,VPWR,li1,27.3700,13.6000,1.799996
FILLER_0_1_39,VPWR,li1,25.3000,13.6000,1.799996
FILLER_0_1_27,VPWR,li1,20.7000,13.6000,1.799997
FILLER_0_1_15,VPWR,li1,15.1800,13.6000,1.799997
FILLER_0_1_3,VPWR,li1,9.6600,13.6000,1.799998
FILLER_0_0_41,VPWR,li1,25.0700,13.6000,1.799996
FILLER_0_0_29,VPWR,li1,21.6200,13.6000,1.799997
FILLER_0_0_26,VPWR,li1,17.9400,13.6000,1.799997
FILLER_0_0_18,VPWR,li1,15.6400,13.6000,1.799997
FILLER_0_0_6,VPWR,li1,11.0400,13.6000,1.799998
output8,VPWR,li1,26.6800,13.6000,1.799996
output7,VPWR,li1,26.6800,24.4800,1.799995
output6,VPWR,li1,26.6800,35.3600,1.799996
output5,VPWR,li1,26.6800,46.2400,1.799997
input4,VPWR,li1,7.5900,13.6000,1.799998
input3,VPWR,li1,7.5900,24.4800,1.799997
input2,VPWR,li1,7.5900,35.3600,1.799998
input1,VPWR,li1,7.5900,46.2400,1.799998
TAP_TAPCELL_ROW_12_32,VPWR,li1,18.6300,45.9330,1.799998
TAP_TAPCELL_ROW_10_31,VPWR,li1,18.6300,40.4930,1.800000
TAP_TAPCELL_ROW_8_30,VPWR,li1,18.6300,35.0530,1.799997
TAP_TAPCELL_ROW_6_29,VPWR,li1,18.6300,29.6130,1.799999
TAP_TAPCELL_ROW_4_28,VPWR,li1,18.6300,24.1730,1.799996
TAP_TAPCELL_ROW_2_27,VPWR,li1,18.6300,18.7330,1.800000
TAP_TAPCELL_ROW_0_26,VPWR,li1,18.6300,13.2930,1.799997
PHY_EDGE_ROW_12_Left_25,VPWR,li1,6.2100,46.2400,1.799998
PHY_EDGE_ROW_11_Left_24,VPWR,li1,6.2100,40.8000,1.800000
PHY_EDGE_ROW_10_Left_23,VPWR,li1,6.2100,40.8000,1.800000
PHY_EDGE_ROW_9_Left_22,VPWR,li1,6.2100,35.3600,1.799998
PHY_EDGE_ROW_8_Left_21,VPWR,li1,6.2100,35.3600,1.799998
PHY_EDGE_ROW_7_Left_20,VPWR,li1,6.2100,29.9200,1.799999
PHY_EDGE_ROW_6_Left_19,VPWR,li1,6.2100,29.9200,1.799999
PHY_EDGE_ROW_5_Left_18,VPWR,li1,6.2100,24.4800,1.799997
PHY_EDGE_ROW_4_Left_17,VPWR,li1,6.2100,24.4800,1.799997
PHY_EDGE_ROW_3_Left_16,VPWR,li1,6.2100,19.0400,1.800000
PHY_EDGE_ROW_2_Left_15,VPWR,li1,6.2100,19.0400,1.800000
PHY_EDGE_ROW_1_Left_14,VPWR,li1,6.2100,13.6000,1.799998
PHY_EDGE_ROW_0_Left_13,VPWR,li1,6.2100,13.6000,1.799998
PHY_EDGE_ROW_12_Right_12,VPWR,li1,28.2900,46.2400,1.799997
PHY_EDGE_ROW_11_Right_11,VPWR,li1,28.2900,40.8000,1.799999
PHY_EDGE_ROW_10_Right_10,VPWR,li1,28.2900,40.8000,1.799999
PHY_EDGE_ROW_9_Right_9,VPWR,li1,28.2900,35.3600,1.799996
PHY_EDGE_ROW_8_Right_8,VPWR,li1,28.2900,35.3600,1.799996
PHY_EDGE_ROW_7_Right_7,VPWR,li1,28.2900,29.9200,1.799999
PHY_EDGE_ROW_6_Right_6,VPWR,li1,28.2900,29.9200,1.799999
PHY_EDGE_ROW_5_Right_5,VPWR,li1,28.2900,24.4800,1.799995
PHY_EDGE_ROW_4_Right_4,VPWR,li1,28.2900,24.4800,1.799995
PHY_EDGE_ROW_3_Right_3,VPWR,li1,28.2900,19.0400,1.800000
PHY_EDGE_ROW_2_Right_2,VPWR,li1,28.2900,19.0400,1.800000
PHY_EDGE_ROW_1_Right_1,VPWR,li1,28.2900,13.6000,1.799996
PHY_EDGE_ROW_0_Right_0,VPWR,li1,28.2900,13.6000,1.799996
_9_,VPWR,li1,14.0300,24.4800,1.799997
_8_,VPWR,li1,24.1500,29.9200,1.799999
_7_,VPWR,li1,13.5700,24.4800,1.799997
_6_,VPWR,li1,11.2700,24.4800,1.799997
_5_,VPWR,li1,19.7800,29.9200,1.799999
_4_,VPWR,li1,15.8700,29.9200,1.799999
_3_,VPWR,li1,20.9300,40.8000,1.799999
