Instance,Terminal,Layer,X location,Y location,Voltage
FILLER_0_20_97,VGND,li1,50.6000,65.2800,0.000002
FILLER_0_20_85,VGND,li1,47.3800,65.2800,0.000002
FILLER_0_20_81,VGND,li1,43.4700,65.2800,0.000002
FILLER_0_20_69,VGND,li1,40.0200,65.2800,0.000002
FILLER_0_20_57,VGND,li1,34.5000,65.2800,0.000002
FILLER_0_20_53,VGND,li1,30.5900,65.2800,0.000002
FILLER_0_20_41,VGND,li1,27.1400,65.2800,0.000002
FILLER_0_20_29,VGND,li1,21.6200,65.2800,0.000003
FILLER_0_19_91,VGND,li1,49.2200,65.2800,0.000002
FILLER_0_19_79,VGND,li1,44.6200,65.2800,0.000002
FILLER_0_19_67,VGND,li1,39.1000,65.2800,0.000002
FILLER_0_19_55,VGND,li1,31.0500,65.2800,0.000002
FILLER_0_19_51,VGND,li1,29.9000,65.2800,0.000002
FILLER_0_19_37,VGND,li1,24.3800,65.2800,0.000003
FILLER_0_19_25,VGND,li1,19.7800,65.2800,0.000004
FILLER_0_18_97,VGND,li1,51.5200,59.8400,0.000001
FILLER_0_18_85,VGND,li1,47.3800,59.8400,0.000002
FILLER_0_18_81,VGND,li1,43.4700,59.8400,0.000002
FILLER_0_18_53,VGND,li1,30.1300,59.8400,0.000003
FILLER_0_18_37,VGND,li1,23.0000,59.8400,0.000004
FILLER_0_18_26,VGND,li1,17.9400,59.8400,0.000004
FILLER_0_18_3,VGND,li1,7.3600,59.8400,0.000004
FILLER_0_17_95,VGND,li1,51.0600,59.8400,0.000001
FILLER_0_17_57,VGND,li1,32.2000,59.8400,0.000003
FILLER_0_17_53,VGND,li1,30.5900,59.8400,0.000003
FILLER_0_17_44,VGND,li1,25.9900,59.8400,0.000003
FILLER_0_17_17,VGND,li1,13.8000,59.8400,0.000003
FILLER_0_17_3,VGND,li1,7.3600,59.8400,0.000004
FILLER_0_16_100,VGND,li1,52.2100,54.4000,0.000004
FILLER_0_16_80,VGND,li1,43.2400,54.4000,0.000003
FILLER_0_16_70,VGND,li1,38.6400,54.4000,0.000003
FILLER_0_16_61,VGND,li1,34.5000,54.4000,0.000003
FILLER_0_16_55,VGND,li1,31.0500,54.4000,0.000003
FILLER_0_16_49,VGND,li1,29.4400,54.4000,0.000003
FILLER_0_16_29,VGND,li1,19.0900,54.4000,0.000003
FILLER_0_16_17,VGND,li1,14.2600,54.4000,0.000003
FILLER_0_16_6,VGND,li1,8.5100,54.4000,0.000004
FILLER_0_15_98,VGND,li1,50.8300,54.4000,0.000004
FILLER_0_15_90,VGND,li1,48.7600,54.4000,0.000004
FILLER_0_15_78,VGND,li1,44.1600,54.4000,0.000003
FILLER_0_15_69,VGND,li1,38.1800,54.4000,0.000003
FILLER_0_15_57,VGND,li1,34.5000,54.4000,0.000003
FILLER_0_15_55,VGND,li1,31.0500,54.4000,0.000003
FILLER_0_15_39,VGND,li1,23.6900,54.4000,0.000003
FILLER_0_15_33,VGND,li1,20.9300,54.4000,0.000003
FILLER_0_15_21,VGND,li1,17.9400,54.4000,0.000003
FILLER_0_15_9,VGND,li1,12.4200,54.4000,0.000003
FILLER_0_14_91,VGND,li1,50.1400,48.9600,0.000001
FILLER_0_14_82,VGND,li1,43.7000,48.9600,0.000002
FILLER_0_14_74,VGND,li1,41.4000,48.9600,0.000002
FILLER_0_14_62,VGND,li1,36.8000,48.9600,0.000002
FILLER_0_14_50,VGND,li1,31.2800,48.9600,0.000002
FILLER_0_14_43,VGND,li1,25.9900,48.9600,0.000002
FILLER_0_14_37,VGND,li1,23.0000,48.9600,0.000003
FILLER_0_14_29,VGND,li1,20.7000,48.9600,0.000004
FILLER_0_14_27,VGND,li1,18.1700,48.9600,0.000004
FILLER_0_14_23,VGND,li1,17.0200,48.9600,0.000004
FILLER_0_14_11,VGND,li1,10.8100,48.9600,0.000005
FILLER_0_14_7,VGND,li1,9.6600,48.9600,0.000005
FILLER_0_13_102,VGND,li1,52.6700,48.9600,0.000001
FILLER_0_13_98,VGND,li1,51.5200,48.9600,0.000001
FILLER_0_13_80,VGND,li1,42.5500,48.9600,0.000002
FILLER_0_13_76,VGND,li1,41.4000,48.9600,0.000002
FILLER_0_13_64,VGND,li1,37.7200,48.9600,0.000002
FILLER_0_13_54,VGND,li1,30.8200,48.9600,0.000002
FILLER_0_13_46,VGND,li1,28.5200,48.9600,0.000002
FILLER_0_13_34,VGND,li1,23.9200,48.9600,0.000003
FILLER_0_13_25,VGND,li1,17.4800,48.9600,0.000004
FILLER_0_12_85,VGND,li1,45.0800,43.5200,0.000003
FILLER_0_12_78,VGND,li1,42.7800,43.5200,0.000003
FILLER_0_12_45,VGND,li1,26.4500,43.5200,0.000004
FILLER_0_12_41,VGND,li1,25.3000,43.5200,0.000004
FILLER_0_12_29,VGND,li1,19.3200,43.5200,0.000004
FILLER_0_12_26,VGND,li1,17.9400,43.5200,0.000004
FILLER_0_11_97,VGND,li1,50.6000,43.5200,0.000002
FILLER_0_11_82,VGND,li1,43.9300,43.5200,0.000003
FILLER_0_11_57,VGND,li1,31.9700,43.5200,0.000004
FILLER_0_11_52,VGND,li1,29.6700,43.5200,0.000004
FILLER_0_11_46,VGND,li1,28.0600,43.5200,0.000003
FILLER_0_11_33,VGND,li1,20.9300,43.5200,0.000004
FILLER_0_11_25,VGND,li1,18.8600,43.5200,0.000004
FILLER_0_11_13,VGND,li1,14.2600,43.5200,0.000003
FILLER_0_10_97,VGND,li1,51.5200,38.0800,0.000004
FILLER_0_10_85,VGND,li1,47.3800,38.0800,0.000003
FILLER_0_10_76,VGND,li1,42.3200,38.0800,0.000003
FILLER_0_10_59,VGND,li1,32.8900,38.0800,0.000003
FILLER_0_10_51,VGND,li1,30.8200,38.0800,0.000003
FILLER_0_10_29,VGND,li1,19.3200,38.0800,0.000004
FILLER_0_10_27,VGND,li1,18.1700,38.0800,0.000004
FILLER_0_10_21,VGND,li1,16.5600,38.0800,0.000004
FILLER_0_10_7,VGND,li1,8.9700,38.0800,0.000004
FILLER_0_10_3,VGND,li1,7.8200,38.0800,0.000004
FILLER_0_9_93,VGND,li1,49.6800,38.0800,0.000004
FILLER_0_9_81,VGND,li1,45.5400,38.0800,0.000003
FILLER_0_9_69,VGND,li1,40.0200,38.0800,0.000002
FILLER_0_9_57,VGND,li1,34.5000,38.0800,0.000003
FILLER_0_9_54,VGND,li1,30.8200,38.0800,0.000003
FILLER_0_9_46,VGND,li1,28.5200,38.0800,0.000003
FILLER_0_9_28,VGND,li1,18.8600,38.0800,0.000004
FILLER_0_9_20,VGND,li1,16.5600,38.0800,0.000004
FILLER_0_9_6,VGND,li1,8.5100,38.0800,0.000004
FILLER_0_8_99,VGND,li1,51.9800,32.6400,0.000003
FILLER_0_8_88,VGND,li1,46.6900,32.6400,0.000004
FILLER_0_8_78,VGND,li1,42.7800,32.6400,0.000004
FILLER_0_8_70,VGND,li1,38.6400,32.6400,0.000004
FILLER_0_8_65,VGND,li1,35.8800,32.6400,0.000004
FILLER_0_8_57,VGND,li1,33.5800,32.6400,0.000004
FILLER_0_8_29,VGND,li1,19.5500,32.6400,0.000004
FILLER_0_8_25,VGND,li1,17.7100,32.6400,0.000004
FILLER_0_7_102,VGND,li1,52.6700,32.6400,0.000003
FILLER_0_7_98,VGND,li1,51.5200,32.6400,0.000003
FILLER_0_7_61,VGND,li1,34.5000,32.6400,0.000004
FILLER_0_7_55,VGND,li1,31.0500,32.6400,0.000004
FILLER_0_7_43,VGND,li1,27.1400,32.6400,0.000003
FILLER_0_7_31,VGND,li1,22.5400,32.6400,0.000004
FILLER_0_7_15,VGND,li1,14.2600,32.6400,0.000003
FILLER_0_7_3,VGND,li1,9.6600,32.6400,0.000004
FILLER_0_6_97,VGND,li1,51.5200,27.2000,0.000005
FILLER_0_6_77,VGND,li1,41.1700,27.2000,0.000004
FILLER_0_6_66,VGND,li1,36.3400,27.2000,0.000003
FILLER_0_6_54,VGND,li1,33.1200,27.2000,0.000003
FILLER_0_6_49,VGND,li1,28.2900,27.2000,0.000003
FILLER_0_6_41,VGND,li1,26.2200,27.2000,0.000003
FILLER_0_6_29,VGND,li1,21.6200,27.2000,0.000003
FILLER_0_6_27,VGND,li1,18.1700,27.2000,0.000003
FILLER_0_6_15,VGND,li1,15.1800,27.2000,0.000003
FILLER_0_6_7,VGND,li1,8.9700,27.2000,0.000004
FILLER_0_5_93,VGND,li1,49.6800,27.2000,0.000005
FILLER_0_5_85,VGND,li1,44.8500,27.2000,0.000004
FILLER_0_5_73,VGND,li1,41.8600,27.2000,0.000004
FILLER_0_5_61,VGND,li1,36.3400,27.2000,0.000003
FILLER_0_5_55,VGND,li1,31.0500,27.2000,0.000003
FILLER_0_5_46,VGND,li1,27.3700,27.2000,0.000003
FILLER_0_5_24,VGND,li1,18.4000,27.2000,0.000003
FILLER_0_5_3,VGND,li1,7.3600,27.2000,0.000005
FILLER_0_4_97,VGND,li1,51.5200,21.7600,0.000001
FILLER_0_4_85,VGND,li1,47.3800,21.7600,0.000001
FILLER_0_4_72,VGND,li1,41.4000,21.7600,0.000001
FILLER_0_4_60,VGND,li1,35.8800,21.7600,0.000002
FILLER_0_4_48,VGND,li1,30.3600,21.7600,0.000002
FILLER_0_4_34,VGND,li1,21.3900,21.7600,0.000003
FILLER_0_4_24,VGND,li1,16.7900,21.7600,0.000003
FILLER_0_4_18,VGND,li1,15.1800,21.7600,0.000003
FILLER_0_4_6,VGND,li1,11.0400,21.7600,0.000004
FILLER_0_3_91,VGND,li1,50.1400,21.7600,0.000001
FILLER_0_3_79,VGND,li1,44.6200,21.7600,0.000001
FILLER_0_3_69,VGND,li1,37.4900,21.7600,0.000002
FILLER_0_3_65,VGND,li1,36.3400,21.7600,0.000002
FILLER_0_3_57,VGND,li1,32.2000,21.7600,0.000002
FILLER_0_3_55,VGND,li1,31.0500,21.7600,0.000002
FILLER_0_3_51,VGND,li1,29.9000,21.7600,0.000002
FILLER_0_3_31,VGND,li1,20.2400,21.7600,0.000003
FILLER_0_3_26,VGND,li1,17.9400,21.7600,0.000003
FILLER_0_3_6,VGND,li1,8.5100,21.7600,0.000004
FILLER_0_2_91,VGND,li1,49.2200,16.3200,0.000004
FILLER_0_2_81,VGND,li1,43.4700,16.3200,0.000004
FILLER_0_2_38,VGND,li1,23.2300,16.3200,0.000004
FILLER_0_2_29,VGND,li1,20.2400,16.3200,0.000003
FILLER_0_2_25,VGND,li1,17.7100,16.3200,0.000003
FILLER_0_2_17,VGND,li1,15.1800,16.3200,0.000003
FILLER_0_2_7,VGND,li1,9.4300,16.3200,0.000004
FILLER_0_1_100,VGND,li1,52.2100,16.3200,0.000004
FILLER_0_1_92,VGND,li1,49.6800,16.3200,0.000004
FILLER_0_1_80,VGND,li1,45.0800,16.3200,0.000004
FILLER_0_1_75,VGND,li1,40.2500,16.3200,0.000004
FILLER_0_1_71,VGND,li1,39.1000,16.3200,0.000003
FILLER_0_1_57,VGND,li1,31.9700,16.3200,0.000004
FILLER_0_1_55,VGND,li1,31.0500,16.3200,0.000003
FILLER_0_1_49,VGND,li1,29.4400,16.3200,0.000003
FILLER_0_1_42,VGND,li1,25.3000,16.3200,0.000003
FILLER_0_1_31,VGND,li1,20.0100,16.3200,0.000003
FILLER_0_1_18,VGND,li1,14.4900,16.3200,0.000003
FILLER_0_1_10,VGND,li1,11.9600,16.3200,0.000004
FILLER_0_0_97,VGND,li1,50.6000,10.8800,0.000002
FILLER_0_0_85,VGND,li1,47.3800,10.8800,0.000002
FILLER_0_0_81,VGND,li1,43.4700,10.8800,0.000001
FILLER_0_0_69,VGND,li1,40.0200,10.8800,0.000001
FILLER_0_0_57,VGND,li1,34.5000,10.8800,0.000001
FILLER_0_0_53,VGND,li1,30.5900,10.8800,0.000001
FILLER_0_0_41,VGND,li1,27.1400,10.8800,0.000000
FILLER_0_0_29,VGND,li1,21.6200,10.8800,0.000001
FILLER_0_0_25,VGND,li1,17.7100,10.8800,0.000001
FILLER_0_0_13,VGND,li1,14.2600,10.8800,0.000001
output27,VGND,li1,51.9800,10.8800,0.000002
output26,VGND,li1,51.9800,16.3200,0.000004
output25,VGND,li1,51.9800,27.2000,0.000005
output24,VGND,li1,51.9800,38.0800,0.000004
output23,VGND,li1,51.9800,43.5200,0.000002
output22,VGND,li1,51.9800,54.4000,0.000004
output21,VGND,li1,51.9800,65.2800,0.000002
output20,VGND,li1,51.9800,65.2800,0.000002
input19,VGND,li1,16.1000,65.2800,0.000005
input18,VGND,li1,9.2000,65.2800,0.000006
input17,VGND,li1,17.7100,65.2800,0.000005
input16,VGND,li1,7.5900,38.0800,0.000004
input15,VGND,li1,9.2000,43.5200,0.000004
input14,VGND,li1,9.2000,43.5200,0.000004
input13,VGND,li1,7.8200,48.9600,0.000005
input12,VGND,li1,7.5900,54.4000,0.000004
input11,VGND,li1,7.5900,54.4000,0.000004
input10,VGND,li1,8.9700,54.4000,0.000004
input9,VGND,li1,14.2600,65.2800,0.000005
input8,VGND,li1,9.4300,16.3200,0.000004
input7,VGND,li1,7.8200,16.3200,0.000004
input6,VGND,li1,9.2000,10.8800,0.000001
input5,VGND,li1,7.8200,16.3200,0.000004
input4,VGND,li1,7.5900,21.7600,0.000004
input3,VGND,li1,7.5900,21.7600,0.000004
input2,VGND,li1,7.8200,27.2000,0.000005
input1,VGND,li1,7.5900,32.6400,0.000004
TAP_TAPCELL_ROW_20_75,VGND,li1,44.3900,65.5710,0.000002
TAP_TAPCELL_ROW_20_74,VGND,li1,31.5100,65.5710,0.000002
TAP_TAPCELL_ROW_20_73,VGND,li1,18.6300,65.5710,0.000004
TAP_TAPCELL_ROW_19_72,VGND,li1,31.5100,64.9880,0.000002
TAP_TAPCELL_ROW_18_71,VGND,li1,44.3900,60.1310,0.000002
TAP_TAPCELL_ROW_18_70,VGND,li1,18.6300,60.1310,0.000004
TAP_TAPCELL_ROW_17_69,VGND,li1,31.5100,59.5480,0.000003
TAP_TAPCELL_ROW_16_68,VGND,li1,44.3900,54.6910,0.000003
TAP_TAPCELL_ROW_16_67,VGND,li1,18.6300,54.6910,0.000003
TAP_TAPCELL_ROW_15_66,VGND,li1,31.5100,54.1080,0.000003
TAP_TAPCELL_ROW_14_65,VGND,li1,44.3900,49.2510,0.000002
TAP_TAPCELL_ROW_14_64,VGND,li1,18.6300,49.2510,0.000004
TAP_TAPCELL_ROW_13_63,VGND,li1,31.5100,48.6680,0.000002
TAP_TAPCELL_ROW_12_62,VGND,li1,44.3900,43.8110,0.000003
TAP_TAPCELL_ROW_12_61,VGND,li1,18.6300,43.8110,0.000004
TAP_TAPCELL_ROW_11_60,VGND,li1,31.5100,43.2280,0.000004
TAP_TAPCELL_ROW_10_59,VGND,li1,44.3900,38.3710,0.000003
TAP_TAPCELL_ROW_10_58,VGND,li1,18.6300,38.3710,0.000004
TAP_TAPCELL_ROW_9_57,VGND,li1,31.5100,37.7880,0.000003
TAP_TAPCELL_ROW_8_56,VGND,li1,44.3900,32.9310,0.000004
TAP_TAPCELL_ROW_8_55,VGND,li1,18.6300,32.9310,0.000004
TAP_TAPCELL_ROW_7_54,VGND,li1,31.5100,32.3480,0.000004
TAP_TAPCELL_ROW_6_53,VGND,li1,44.3900,27.4910,0.000004
TAP_TAPCELL_ROW_6_52,VGND,li1,18.6300,27.4910,0.000003
TAP_TAPCELL_ROW_5_51,VGND,li1,31.5100,26.9080,0.000003
TAP_TAPCELL_ROW_4_50,VGND,li1,44.3900,22.0510,0.000001
TAP_TAPCELL_ROW_4_49,VGND,li1,18.6300,22.0510,0.000003
TAP_TAPCELL_ROW_3_48,VGND,li1,31.5100,21.4680,0.000002
TAP_TAPCELL_ROW_2_47,VGND,li1,44.3900,16.6110,0.000004
TAP_TAPCELL_ROW_2_46,VGND,li1,18.6300,16.6110,0.000003
TAP_TAPCELL_ROW_1_45,VGND,li1,31.5100,16.0280,0.000004
TAP_TAPCELL_ROW_0_44,VGND,li1,44.3900,11.1710,0.000001
TAP_TAPCELL_ROW_0_43,VGND,li1,31.5100,11.1710,0.000001
TAP_TAPCELL_ROW_0_42,VGND,li1,18.6300,11.1710,0.000001
PHY_EDGE_ROW_20_Left_41,VGND,li1,6.2100,65.2800,0.000006
PHY_EDGE_ROW_19_Left_40,VGND,li1,6.2100,65.2800,0.000006
PHY_EDGE_ROW_18_Left_39,VGND,li1,6.2100,59.8400,0.000004
PHY_EDGE_ROW_17_Left_38,VGND,li1,6.2100,59.8400,0.000004
PHY_EDGE_ROW_16_Left_37,VGND,li1,6.2100,54.4000,0.000004
PHY_EDGE_ROW_15_Left_36,VGND,li1,6.2100,54.4000,0.000004
PHY_EDGE_ROW_14_Left_35,VGND,li1,6.2100,48.9600,0.000005
PHY_EDGE_ROW_13_Left_34,VGND,li1,6.2100,48.9600,0.000005
PHY_EDGE_ROW_12_Left_33,VGND,li1,6.2100,43.5200,0.000004
PHY_EDGE_ROW_11_Left_32,VGND,li1,6.2100,43.5200,0.000004
PHY_EDGE_ROW_10_Left_31,VGND,li1,6.2100,38.0800,0.000004
PHY_EDGE_ROW_9_Left_30,VGND,li1,6.2100,38.0800,0.000004
PHY_EDGE_ROW_8_Left_29,VGND,li1,6.2100,32.6400,0.000004
PHY_EDGE_ROW_7_Left_28,VGND,li1,6.2100,32.6400,0.000004
PHY_EDGE_ROW_6_Left_27,VGND,li1,6.2100,27.2000,0.000005
PHY_EDGE_ROW_5_Left_26,VGND,li1,6.2100,27.2000,0.000005
PHY_EDGE_ROW_4_Left_25,VGND,li1,6.2100,21.7600,0.000004
PHY_EDGE_ROW_3_Left_24,VGND,li1,6.2100,21.7600,0.000004
PHY_EDGE_ROW_2_Left_23,VGND,li1,6.2100,16.3200,0.000004
PHY_EDGE_ROW_1_Left_22,VGND,li1,6.2100,16.3200,0.000004
PHY_EDGE_ROW_0_Left_21,VGND,li1,6.2100,10.8800,0.000001
PHY_EDGE_ROW_20_Right_20,VGND,li1,53.5900,65.2800,0.000002
PHY_EDGE_ROW_19_Right_19,VGND,li1,53.5900,65.2800,0.000002
PHY_EDGE_ROW_18_Right_18,VGND,li1,53.5900,59.8400,0.000001
PHY_EDGE_ROW_17_Right_17,VGND,li1,53.5900,59.8400,0.000001
PHY_EDGE_ROW_16_Right_16,VGND,li1,53.5900,54.4000,0.000004
PHY_EDGE_ROW_15_Right_15,VGND,li1,53.5900,54.4000,0.000004
PHY_EDGE_ROW_14_Right_14,VGND,li1,53.5900,48.9600,0.000001
PHY_EDGE_ROW_13_Right_13,VGND,li1,53.5900,48.9600,0.000001
PHY_EDGE_ROW_12_Right_12,VGND,li1,53.5900,43.5200,0.000002
PHY_EDGE_ROW_11_Right_11,VGND,li1,53.5900,43.5200,0.000002
PHY_EDGE_ROW_10_Right_10,VGND,li1,53.5900,38.0800,0.000004
PHY_EDGE_ROW_9_Right_9,VGND,li1,53.5900,38.0800,0.000004
PHY_EDGE_ROW_8_Right_8,VGND,li1,53.5900,32.6400,0.000003
PHY_EDGE_ROW_7_Right_7,VGND,li1,53.5900,32.6400,0.000003
PHY_EDGE_ROW_6_Right_6,VGND,li1,53.5900,27.2000,0.000005
PHY_EDGE_ROW_5_Right_5,VGND,li1,53.5900,27.2000,0.000005
PHY_EDGE_ROW_4_Right_4,VGND,li1,53.5900,21.7600,0.000001
PHY_EDGE_ROW_3_Right_3,VGND,li1,53.5900,21.7600,0.000001
PHY_EDGE_ROW_2_Right_2,VGND,li1,53.5900,16.3200,0.000004
PHY_EDGE_ROW_1_Right_1,VGND,li1,53.5900,16.3200,0.000004
PHY_EDGE_ROW_0_Right_0,VGND,li1,53.5900,10.8800,0.000002
_329_,VGND,li1,48.3000,32.6400,0.000004
_328_,VGND,li1,50.1400,32.6400,0.000003
_327_,VGND,li1,21.8500,32.6400,0.000004
_326_,VGND,li1,11.9600,32.6400,0.000003
_325_,VGND,li1,15.4100,32.6400,0.000003
_324_,VGND,li1,9.2000,32.6400,0.000004
_323_,VGND,li1,20.0100,38.0800,0.000004
_322_,VGND,li1,21.3900,38.0800,0.000004
_321_,VGND,li1,48.9900,32.6400,0.000004
_320_,VGND,li1,45.5400,43.5200,0.000003
_319_,VGND,li1,48.3000,43.5200,0.000003
_318_,VGND,li1,27.6000,38.0800,0.000003
_317_,VGND,li1,26.6800,32.6400,0.000003
_316_,VGND,li1,30.1300,32.6400,0.000004
_315_,VGND,li1,29.9000,32.6400,0.000004
_314_,VGND,li1,24.6100,38.0800,0.000004
_313_,VGND,li1,25.7600,38.0800,0.000004
_312_,VGND,li1,23.9200,43.5200,0.000004
_311_,VGND,li1,51.9800,43.5200,0.000002
_310_,VGND,li1,46.4600,54.4000,0.000004
_309_,VGND,li1,24.1500,54.4000,0.000003
_308_,VGND,li1,25.7600,54.4000,0.000003
_307_,VGND,li1,29.2100,54.4000,0.000003
_306_,VGND,li1,27.6000,48.9600,0.000002
_305_,VGND,li1,22.3100,54.4000,0.000003
_304_,VGND,li1,49.9100,54.4000,0.000004
_303_,VGND,li1,47.8400,59.8400,0.000002
_302_,VGND,li1,32.2000,59.8400,0.000003
_301_,VGND,li1,33.3500,65.2800,0.000002
_300_,VGND,li1,26.9100,54.4000,0.000003
_299_,VGND,li1,21.1600,59.8400,0.000004
_298_,VGND,li1,35.8800,59.8400,0.000003
_297_,VGND,li1,39.3300,59.8400,0.000002
_296_,VGND,li1,41.8600,59.8400,0.000002
_295_,VGND,li1,34.2700,59.8400,0.000003
_294_,VGND,li1,35.6500,65.2800,0.000002
_293_,VGND,li1,27.6000,65.2800,0.000002
_292_,VGND,li1,28.0600,59.8400,0.000003
_291_,VGND,li1,28.0600,59.8400,0.000003
_290_,VGND,li1,24.8400,59.8400,0.000003
_289_,VGND,li1,33.8100,16.3200,0.000004
_288_,VGND,li1,37.4900,16.3200,0.000004
_287_,VGND,li1,37.9500,16.3200,0.000003
_286_,VGND,li1,34.7300,16.3200,0.000004
_285_,VGND,li1,36.1100,16.3200,0.000004
_284_,VGND,li1,34.0400,21.7600,0.000002
_283_,VGND,li1,39.1000,21.7600,0.000001
_282_,VGND,li1,28.7500,16.3200,0.000003
_281_,VGND,li1,26.9100,16.3200,0.000003
_280_,VGND,li1,24.3800,16.3200,0.000004
_279_,VGND,li1,23.2300,16.3200,0.000004
_278_,VGND,li1,13.3400,38.0800,0.000003
_277_,VGND,li1,31.5100,16.3200,0.000004
_276_,VGND,li1,20.9300,16.3200,0.000004
_275_,VGND,li1,19.0900,16.3200,0.000003
_274_,VGND,li1,46.0000,16.3200,0.000004
_273_,VGND,li1,41.4000,16.3200,0.000004
_272_,VGND,li1,12.4200,21.7600,0.000004
_271_,VGND,li1,15.8700,21.7600,0.000003
_270_,VGND,li1,9.6600,21.7600,0.000004
_269_,VGND,li1,41.1700,16.3200,0.000004
_268_,VGND,li1,42.7800,27.2000,0.000004
_267_,VGND,li1,41.1700,21.7600,0.000001
_266_,VGND,li1,40.0200,27.2000,0.000003
_265_,VGND,li1,37.9500,27.2000,0.000003
_264_,VGND,li1,33.1200,43.5200,0.000004
_263_,VGND,li1,26.4500,16.3200,0.000003
_262_,VGND,li1,27.6000,21.7600,0.000003
_261_,VGND,li1,23.2300,21.7600,0.000003
_260_,VGND,li1,23.4600,21.7600,0.000003
_259_,VGND,li1,26.9100,21.7600,0.000003
_258_,VGND,li1,22.3100,16.3200,0.000004
_257_,VGND,li1,16.7900,16.3200,0.000003
_256_,VGND,li1,11.7300,16.3200,0.000004
_255_,VGND,li1,10.8100,38.0800,0.000004
_254_,VGND,li1,29.4400,27.2000,0.000003
_253_,VGND,li1,25.5300,27.2000,0.000003
_252_,VGND,li1,21.1600,27.2000,0.000003
_251_,VGND,li1,25.5300,21.7600,0.000003
_250_,VGND,li1,12.1900,54.4000,0.000003
_249_,VGND,li1,23.2300,27.2000,0.000003
_248_,VGND,li1,22.7700,38.0800,0.000004
_247_,VGND,li1,24.1500,32.6400,0.000004
_246_,VGND,li1,17.2500,32.6400,0.000004
_245_,VGND,li1,25.9900,43.5200,0.000004
_244_,VGND,li1,21.8500,43.5200,0.000004
_243_,VGND,li1,10.3500,48.9600,0.000005
_242_,VGND,li1,14.4900,48.9600,0.000004
_241_,VGND,li1,20.9300,54.4000,0.000003
_240_,VGND,li1,19.5500,48.9600,0.000004
_239_,VGND,li1,24.3800,59.8400,0.000004
_238_,VGND,li1,19.7800,59.8400,0.000004
_237_,VGND,li1,17.7100,54.4000,0.000003
_236_,VGND,li1,17.9400,59.8400,0.000004
_235_,VGND,li1,16.1000,54.4000,0.000003
_234_,VGND,li1,15.4100,59.8400,0.000003
_233_,VGND,li1,21.1600,43.5200,0.000004
_232_,VGND,li1,13.5700,48.9600,0.000005
_231_,VGND,li1,7.8200,48.9600,0.000005
_230_,VGND,li1,19.0900,32.6400,0.000004
_229_,VGND,li1,10.3500,38.0800,0.000004
_228_,VGND,li1,17.7100,21.7600,0.000003
_227_,VGND,li1,19.0900,21.7600,0.000003
_226_,VGND,li1,20.0100,21.7600,0.000003
_225_,VGND,li1,10.8100,27.2000,0.000004
_224_,VGND,li1,13.8000,38.0800,0.000003
_223_,VGND,li1,13.5700,43.5200,0.000003
_222_,VGND,li1,11.5000,59.8400,0.000004
_221_,VGND,li1,32.6600,27.2000,0.000003
_220_,VGND,li1,11.5000,27.2000,0.000004
_219_,VGND,li1,14.9500,27.2000,0.000003
_218_,VGND,li1,8.7400,27.2000,0.000004
_217_,VGND,li1,12.4200,65.2800,0.000005
_216_,VGND,li1,9.8900,65.2800,0.000006
_215_,VGND,li1,14.7200,65.2800,0.000005
_214_,VGND,li1,9.4300,59.8400,0.000004
_213_,VGND,li1,12.6500,65.2800,0.000005
_212_,VGND,li1,16.3300,65.2800,0.000005
_211_,VGND,li1,46.6900,27.2000,0.000005
_210_,VGND,li1,46.0000,27.2000,0.000004
_209_,VGND,li1,40.4800,32.6400,0.000004
_208_,VGND,li1,43.2400,32.6400,0.000004
_207_,VGND,li1,39.3300,43.5200,0.000003
_206_,VGND,li1,40.7100,43.5200,0.000003
_205_,VGND,li1,42.0900,43.5200,0.000003
_204_,VGND,li1,41.1700,32.6400,0.000004
_203_,VGND,li1,48.7600,27.2000,0.000005
_202_,VGND,li1,45.3100,32.6400,0.000004
_201_,VGND,li1,49.9100,43.5200,0.000002
_200_,VGND,li1,47.1500,43.5200,0.000003
_199_,VGND,li1,49.9100,48.9600,0.000001
_198_,VGND,li1,44.8500,59.8400,0.000002
_197_,VGND,li1,41.6300,59.8400,0.000002
_196_,VGND,li1,40.9400,54.4000,0.000003
_195_,VGND,li1,36.5700,59.8400,0.000002
_194_,VGND,li1,45.7700,32.6400,0.000004
_193_,VGND,li1,47.6100,48.9600,0.000002
_192_,VGND,li1,46.0000,48.9600,0.000002
_191_,VGND,li1,44.3900,48.9600,0.000002
_190_,VGND,li1,40.2500,54.4000,0.000003
_189_,VGND,li1,36.5700,54.4000,0.000003
_188_,VGND,li1,38.6400,59.8400,0.000002
_187_,VGND,li1,32.4300,54.4000,0.000003
_186_,VGND,li1,21.6200,59.8400,0.000004
_185_,VGND,li1,39.3300,43.5200,0.000003
_184_,VGND,li1,35.8800,43.5200,0.000003
_183_,VGND,li1,24.3800,48.9600,0.000003
_182_,VGND,li1,38.4100,32.6400,0.000004
_181_,VGND,li1,37.0300,32.6400,0.000004
_180_,VGND,li1,39.5600,38.0800,0.000002
_179_,VGND,li1,37.2600,38.0800,0.000003
_178_,VGND,li1,34.5000,38.0800,0.000003
_177_,VGND,li1,31.0500,43.5200,0.000004
_176_,VGND,li1,30.5900,43.5200,0.000004
_175_,VGND,li1,32.6600,32.6400,0.000004
_174_,VGND,li1,33.3500,43.5200,0.000004
_173_,VGND,li1,23.4600,43.5200,0.000004
_172_,VGND,li1,36.3400,43.5200,0.000003
_171_,VGND,li1,16.1000,48.9600,0.000004
_170_,VGND,li1,28.0600,43.5200,0.000003
_169_,VGND,li1,11.9600,48.9600,0.000005
_168_,VGND,li1,33.3500,48.9600,0.000002
_167_,VGND,li1,36.1100,32.6400,0.000004
_166_,VGND,li1,16.5600,43.5200,0.000004
_165_,VGND,li1,16.3300,59.8400,0.000004
_164_,VGND,li1,7.5900,65.2800,0.000006
_163_,VGND,li1,29.4400,27.2000,0.000003
_162_,VGND,li1,12.1900,59.8400,0.000004
_161_,VGND,li1,9.8900,54.4000,0.000004
