Instance,Terminal,Layer,X location,Y location,Voltage
FILLER_0_20_97,VPWR,li1,50.6000,68.0000,1.799997
FILLER_0_20_85,VPWR,li1,47.3800,68.0000,1.799998
FILLER_0_20_81,VPWR,li1,43.4700,68.0000,1.799998
FILLER_0_20_69,VPWR,li1,40.0200,68.0000,1.799998
FILLER_0_20_57,VPWR,li1,34.5000,68.0000,1.799999
FILLER_0_20_53,VPWR,li1,30.5900,68.0000,1.799999
FILLER_0_20_41,VPWR,li1,27.1400,68.0000,1.799999
FILLER_0_20_29,VPWR,li1,21.6200,68.0000,1.799998
FILLER_0_19_91,VPWR,li1,49.2200,62.5600,1.799996
FILLER_0_19_79,VPWR,li1,44.6200,62.5600,1.799997
FILLER_0_19_67,VPWR,li1,39.1000,62.5600,1.799997
FILLER_0_19_55,VPWR,li1,31.0500,62.5600,1.799997
FILLER_0_19_51,VPWR,li1,29.9000,62.5600,1.799997
FILLER_0_19_37,VPWR,li1,24.3800,62.5600,1.799997
FILLER_0_19_25,VPWR,li1,19.7800,62.5600,1.799997
FILLER_0_18_97,VPWR,li1,51.5200,62.5600,1.799995
FILLER_0_18_85,VPWR,li1,47.3800,62.5600,1.799997
FILLER_0_18_81,VPWR,li1,43.4700,62.5600,1.799997
FILLER_0_18_53,VPWR,li1,30.1300,62.5600,1.799997
FILLER_0_18_37,VPWR,li1,23.0000,62.5600,1.799997
FILLER_0_18_26,VPWR,li1,17.9400,62.5600,1.799997
FILLER_0_18_3,VPWR,li1,7.3600,62.5600,1.799997
FILLER_0_17_95,VPWR,li1,51.0600,57.1200,1.799998
FILLER_0_17_57,VPWR,li1,32.2000,57.1200,1.799997
FILLER_0_17_53,VPWR,li1,30.5900,57.1200,1.799996
FILLER_0_17_44,VPWR,li1,25.9900,57.1200,1.799996
FILLER_0_17_17,VPWR,li1,13.8000,57.1200,1.799996
FILLER_0_17_3,VPWR,li1,7.3600,57.1200,1.799996
FILLER_0_16_100,VPWR,li1,52.2100,57.1200,1.799998
FILLER_0_16_80,VPWR,li1,43.2400,57.1200,1.799997
FILLER_0_16_70,VPWR,li1,38.6400,57.1200,1.799997
FILLER_0_16_61,VPWR,li1,34.5000,57.1200,1.799997
FILLER_0_16_55,VPWR,li1,31.0500,57.1200,1.799996
FILLER_0_16_49,VPWR,li1,29.4400,57.1200,1.799996
FILLER_0_16_29,VPWR,li1,19.0900,57.1200,1.799995
FILLER_0_16_17,VPWR,li1,14.2600,57.1200,1.799996
FILLER_0_16_6,VPWR,li1,8.5100,57.1200,1.799996
FILLER_0_15_98,VPWR,li1,50.8300,51.6800,1.799996
FILLER_0_15_90,VPWR,li1,48.7600,51.6800,1.799997
FILLER_0_15_78,VPWR,li1,44.1600,51.6800,1.799997
FILLER_0_15_69,VPWR,li1,38.1800,51.6800,1.799998
FILLER_0_15_57,VPWR,li1,34.5000,51.6800,1.799998
FILLER_0_15_55,VPWR,li1,31.0500,51.6800,1.799998
FILLER_0_15_39,VPWR,li1,23.6900,51.6800,1.799998
FILLER_0_15_33,VPWR,li1,20.9300,51.6800,1.799997
FILLER_0_15_21,VPWR,li1,17.9400,51.6800,1.799997
FILLER_0_15_9,VPWR,li1,12.4200,51.6800,1.799997
FILLER_0_14_91,VPWR,li1,50.1400,51.6800,1.799996
FILLER_0_14_82,VPWR,li1,43.7000,51.6800,1.799997
FILLER_0_14_74,VPWR,li1,41.4000,51.6800,1.799997
FILLER_0_14_62,VPWR,li1,36.8000,51.6800,1.799998
FILLER_0_14_50,VPWR,li1,31.2800,51.6800,1.799998
FILLER_0_14_43,VPWR,li1,25.9900,51.6800,1.799997
FILLER_0_14_37,VPWR,li1,23.0000,51.6800,1.799998
FILLER_0_14_29,VPWR,li1,20.7000,51.6800,1.799997
FILLER_0_14_27,VPWR,li1,18.1700,51.6800,1.799997
FILLER_0_14_23,VPWR,li1,17.0200,51.6800,1.799997
FILLER_0_14_11,VPWR,li1,10.8100,51.6800,1.799997
FILLER_0_14_7,VPWR,li1,9.6600,51.6800,1.799997
FILLER_0_13_102,VPWR,li1,52.6700,46.2400,1.799997
FILLER_0_13_98,VPWR,li1,51.5200,46.2400,1.799997
FILLER_0_13_80,VPWR,li1,42.5500,46.2400,1.799997
FILLER_0_13_76,VPWR,li1,41.4000,46.2400,1.799997
FILLER_0_13_64,VPWR,li1,37.7200,46.2400,1.799997
FILLER_0_13_54,VPWR,li1,30.8200,46.2400,1.799997
FILLER_0_13_46,VPWR,li1,28.5200,46.2400,1.799997
FILLER_0_13_34,VPWR,li1,23.9200,46.2400,1.799997
FILLER_0_13_25,VPWR,li1,17.4800,46.2400,1.799995
FILLER_0_12_85,VPWR,li1,45.0800,46.2400,1.799997
FILLER_0_12_78,VPWR,li1,42.7800,46.2400,1.799997
FILLER_0_12_45,VPWR,li1,26.4500,46.2400,1.799997
FILLER_0_12_41,VPWR,li1,25.3000,46.2400,1.799997
FILLER_0_12_29,VPWR,li1,19.3200,46.2400,1.799996
FILLER_0_12_26,VPWR,li1,17.9400,46.2400,1.799996
FILLER_0_11_97,VPWR,li1,50.6000,40.8000,1.799994
FILLER_0_11_82,VPWR,li1,43.9300,40.8000,1.799995
FILLER_0_11_57,VPWR,li1,31.9700,40.8000,1.799996
FILLER_0_11_52,VPWR,li1,29.6700,40.8000,1.799996
FILLER_0_11_46,VPWR,li1,28.0600,40.8000,1.799996
FILLER_0_11_33,VPWR,li1,20.9300,40.8000,1.799997
FILLER_0_11_25,VPWR,li1,18.8600,40.8000,1.799997
FILLER_0_11_13,VPWR,li1,14.2600,40.8000,1.799997
FILLER_0_10_97,VPWR,li1,51.5200,40.8000,1.799994
FILLER_0_10_85,VPWR,li1,47.3800,40.8000,1.799995
FILLER_0_10_76,VPWR,li1,42.3200,40.8000,1.799995
FILLER_0_10_59,VPWR,li1,32.8900,40.8000,1.799996
FILLER_0_10_51,VPWR,li1,30.8200,40.8000,1.799996
FILLER_0_10_29,VPWR,li1,19.3200,40.8000,1.799997
FILLER_0_10_27,VPWR,li1,18.1700,40.8000,1.799997
FILLER_0_10_21,VPWR,li1,16.5600,40.8000,1.799997
FILLER_0_10_7,VPWR,li1,8.9700,40.8000,1.799997
FILLER_0_10_3,VPWR,li1,7.8200,40.8000,1.799997
FILLER_0_9_93,VPWR,li1,49.6800,35.3600,1.799998
FILLER_0_9_81,VPWR,li1,45.5400,35.3600,1.799998
FILLER_0_9_69,VPWR,li1,40.0200,35.3600,1.799998
FILLER_0_9_57,VPWR,li1,34.5000,35.3600,1.799997
FILLER_0_9_54,VPWR,li1,30.8200,35.3600,1.799997
FILLER_0_9_46,VPWR,li1,28.5200,35.3600,1.799997
FILLER_0_9_28,VPWR,li1,18.8600,35.3600,1.799996
FILLER_0_9_20,VPWR,li1,16.5600,35.3600,1.799996
FILLER_0_9_6,VPWR,li1,8.5100,35.3600,1.799997
FILLER_0_8_99,VPWR,li1,51.9800,35.3600,1.799998
FILLER_0_8_88,VPWR,li1,46.6900,35.3600,1.799998
FILLER_0_8_78,VPWR,li1,42.7800,35.3600,1.799998
FILLER_0_8_70,VPWR,li1,38.6400,35.3600,1.799998
FILLER_0_8_65,VPWR,li1,35.8800,35.3600,1.799998
FILLER_0_8_57,VPWR,li1,33.5800,35.3600,1.799997
FILLER_0_8_29,VPWR,li1,19.5500,35.3600,1.799996
FILLER_0_8_25,VPWR,li1,17.7100,35.3600,1.799996
FILLER_0_7_102,VPWR,li1,52.6700,29.9200,1.799997
FILLER_0_7_98,VPWR,li1,51.5200,29.9200,1.799997
FILLER_0_7_61,VPWR,li1,34.5000,29.9200,1.799997
FILLER_0_7_55,VPWR,li1,31.0500,29.9200,1.799997
FILLER_0_7_43,VPWR,li1,27.1400,29.9200,1.799997
FILLER_0_7_31,VPWR,li1,22.5400,29.9200,1.799998
FILLER_0_7_15,VPWR,li1,14.2600,29.9200,1.799998
FILLER_0_7_3,VPWR,li1,9.6600,29.9200,1.799998
FILLER_0_6_97,VPWR,li1,51.5200,29.9200,1.799997
FILLER_0_6_77,VPWR,li1,41.1700,29.9200,1.799996
FILLER_0_6_66,VPWR,li1,36.3400,29.9200,1.799997
FILLER_0_6_54,VPWR,li1,33.1200,29.9200,1.799997
FILLER_0_6_49,VPWR,li1,28.2900,29.9200,1.799997
FILLER_0_6_41,VPWR,li1,26.2200,29.9200,1.799997
FILLER_0_6_29,VPWR,li1,21.6200,29.9200,1.799998
FILLER_0_6_27,VPWR,li1,18.1700,29.9200,1.799998
FILLER_0_6_15,VPWR,li1,15.1800,29.9200,1.799998
FILLER_0_6_7,VPWR,li1,8.9700,29.9200,1.799998
FILLER_0_5_93,VPWR,li1,49.6800,24.4800,1.799994
FILLER_0_5_85,VPWR,li1,44.8500,24.4800,1.799996
FILLER_0_5_73,VPWR,li1,41.8600,24.4800,1.799996
FILLER_0_5_61,VPWR,li1,36.3400,24.4800,1.799997
FILLER_0_5_55,VPWR,li1,31.0500,24.4800,1.799997
FILLER_0_5_46,VPWR,li1,27.3700,24.4800,1.799997
FILLER_0_5_24,VPWR,li1,18.4000,24.4800,1.799997
FILLER_0_5_3,VPWR,li1,7.3600,24.4800,1.799997
FILLER_0_4_97,VPWR,li1,51.5200,24.4800,1.799993
FILLER_0_4_85,VPWR,li1,47.3800,24.4800,1.799996
FILLER_0_4_72,VPWR,li1,41.4000,24.4800,1.799996
FILLER_0_4_60,VPWR,li1,35.8800,24.4800,1.799997
FILLER_0_4_48,VPWR,li1,30.3600,24.4800,1.799997
FILLER_0_4_34,VPWR,li1,21.3900,24.4800,1.799997
FILLER_0_4_24,VPWR,li1,16.7900,24.4800,1.799997
FILLER_0_4_18,VPWR,li1,15.1800,24.4800,1.799997
FILLER_0_4_6,VPWR,li1,11.0400,24.4800,1.799997
FILLER_0_3_91,VPWR,li1,50.1400,19.0400,1.799994
FILLER_0_3_79,VPWR,li1,44.6200,19.0400,1.799995
FILLER_0_3_69,VPWR,li1,37.4900,19.0400,1.799997
FILLER_0_3_65,VPWR,li1,36.3400,19.0400,1.799997
FILLER_0_3_57,VPWR,li1,32.2000,19.0400,1.799996
FILLER_0_3_55,VPWR,li1,31.0500,19.0400,1.799996
FILLER_0_3_51,VPWR,li1,29.9000,19.0400,1.799996
FILLER_0_3_31,VPWR,li1,20.2400,19.0400,1.799996
FILLER_0_3_26,VPWR,li1,17.9400,19.0400,1.799996
FILLER_0_3_6,VPWR,li1,8.5100,19.0400,1.799996
FILLER_0_2_91,VPWR,li1,49.2200,19.0400,1.799995
FILLER_0_2_81,VPWR,li1,43.4700,19.0400,1.799995
FILLER_0_2_38,VPWR,li1,23.2300,19.0400,1.799996
FILLER_0_2_29,VPWR,li1,20.2400,19.0400,1.799996
FILLER_0_2_25,VPWR,li1,17.7100,19.0400,1.799996
FILLER_0_2_17,VPWR,li1,15.1800,19.0400,1.799996
FILLER_0_2_7,VPWR,li1,9.4300,19.0400,1.799996
FILLER_0_1_100,VPWR,li1,52.2100,13.6000,1.799996
FILLER_0_1_92,VPWR,li1,49.6800,13.6000,1.799997
FILLER_0_1_80,VPWR,li1,45.0800,13.6000,1.799997
FILLER_0_1_75,VPWR,li1,40.2500,13.6000,1.799998
FILLER_0_1_71,VPWR,li1,39.1000,13.6000,1.799998
FILLER_0_1_57,VPWR,li1,31.9700,13.6000,1.799998
FILLER_0_1_55,VPWR,li1,31.0500,13.6000,1.799998
FILLER_0_1_49,VPWR,li1,29.4400,13.6000,1.799998
FILLER_0_1_42,VPWR,li1,25.3000,13.6000,1.799998
FILLER_0_1_31,VPWR,li1,20.0100,13.6000,1.799998
FILLER_0_1_18,VPWR,li1,14.4900,13.6000,1.799998
FILLER_0_1_10,VPWR,li1,11.9600,13.6000,1.799998
FILLER_0_0_97,VPWR,li1,50.6000,13.6000,1.799997
FILLER_0_0_85,VPWR,li1,47.3800,13.6000,1.799997
FILLER_0_0_81,VPWR,li1,43.4700,13.6000,1.799997
FILLER_0_0_69,VPWR,li1,40.0200,13.6000,1.799998
FILLER_0_0_57,VPWR,li1,34.5000,13.6000,1.799998
FILLER_0_0_53,VPWR,li1,30.5900,13.6000,1.799998
FILLER_0_0_41,VPWR,li1,27.1400,13.6000,1.799998
FILLER_0_0_29,VPWR,li1,21.6200,13.6000,1.799998
FILLER_0_0_25,VPWR,li1,17.7100,13.6000,1.799998
FILLER_0_0_13,VPWR,li1,14.2600,13.6000,1.799998
output27,VPWR,li1,51.9800,13.6000,1.799996
output26,VPWR,li1,51.9800,19.0400,1.799994
output25,VPWR,li1,51.9800,24.4800,1.799993
output24,VPWR,li1,51.9800,35.3600,1.799998
output23,VPWR,li1,51.9800,40.8000,1.799994
output22,VPWR,li1,51.9800,51.6800,1.799995
output21,VPWR,li1,51.9800,62.5600,1.799995
output20,VPWR,li1,51.9800,68.0000,1.799997
input19,VPWR,li1,16.1000,68.0000,1.799997
input18,VPWR,li1,9.2000,68.0000,1.799997
input17,VPWR,li1,17.7100,68.0000,1.799997
input16,VPWR,li1,7.5900,35.3600,1.799996
input15,VPWR,li1,9.2000,40.8000,1.799997
input14,VPWR,li1,9.2000,46.2400,1.799996
input13,VPWR,li1,7.8200,51.6800,1.799997
input12,VPWR,li1,7.5900,51.6800,1.799997
input11,VPWR,li1,7.5900,57.1200,1.799996
input10,VPWR,li1,8.9700,51.6800,1.799997
input9,VPWR,li1,14.2600,68.0000,1.799997
input8,VPWR,li1,9.4300,13.6000,1.799997
input7,VPWR,li1,7.8200,13.6000,1.799997
input6,VPWR,li1,9.2000,13.6000,1.799997
input5,VPWR,li1,7.8200,19.0400,1.799996
input4,VPWR,li1,7.5900,19.0400,1.799996
input3,VPWR,li1,7.5900,24.4800,1.799997
input2,VPWR,li1,7.8200,29.9200,1.799997
input1,VPWR,li1,7.5900,35.3600,1.799996
TAP_TAPCELL_ROW_20_75,VPWR,li1,44.3900,67.6930,1.799998
TAP_TAPCELL_ROW_20_74,VPWR,li1,31.5100,67.6930,1.799999
TAP_TAPCELL_ROW_20_73,VPWR,li1,18.6300,67.6930,1.799998
TAP_TAPCELL_ROW_19_72,VPWR,li1,31.5100,62.8660,1.799997
TAP_TAPCELL_ROW_18_71,VPWR,li1,44.3900,62.2530,1.799997
TAP_TAPCELL_ROW_18_70,VPWR,li1,18.6300,62.2530,1.799997
TAP_TAPCELL_ROW_17_69,VPWR,li1,31.5100,57.4260,1.799996
TAP_TAPCELL_ROW_16_68,VPWR,li1,44.3900,56.8130,1.799997
TAP_TAPCELL_ROW_16_67,VPWR,li1,18.6300,56.8130,1.799995
TAP_TAPCELL_ROW_15_66,VPWR,li1,31.5100,51.9860,1.799998
TAP_TAPCELL_ROW_14_65,VPWR,li1,44.3900,51.3730,1.799997
TAP_TAPCELL_ROW_14_64,VPWR,li1,18.6300,51.3730,1.799997
TAP_TAPCELL_ROW_13_63,VPWR,li1,31.5100,46.5460,1.799997
TAP_TAPCELL_ROW_12_62,VPWR,li1,44.3900,45.9330,1.799997
TAP_TAPCELL_ROW_12_61,VPWR,li1,18.6300,45.9330,1.799996
TAP_TAPCELL_ROW_11_60,VPWR,li1,31.5100,41.1060,1.799996
TAP_TAPCELL_ROW_10_59,VPWR,li1,44.3900,40.4930,1.799995
TAP_TAPCELL_ROW_10_58,VPWR,li1,18.6300,40.4930,1.799997
TAP_TAPCELL_ROW_9_57,VPWR,li1,31.5100,35.6660,1.799997
TAP_TAPCELL_ROW_8_56,VPWR,li1,44.3900,35.0530,1.799998
TAP_TAPCELL_ROW_8_55,VPWR,li1,18.6300,35.0530,1.799996
TAP_TAPCELL_ROW_7_54,VPWR,li1,31.5100,30.2260,1.799997
TAP_TAPCELL_ROW_6_53,VPWR,li1,44.3900,29.6130,1.799996
TAP_TAPCELL_ROW_6_52,VPWR,li1,18.6300,29.6130,1.799998
TAP_TAPCELL_ROW_5_51,VPWR,li1,31.5100,24.7860,1.799997
TAP_TAPCELL_ROW_4_50,VPWR,li1,44.3900,24.1730,1.799996
TAP_TAPCELL_ROW_4_49,VPWR,li1,18.6300,24.1730,1.799997
TAP_TAPCELL_ROW_3_48,VPWR,li1,31.5100,19.3460,1.799996
TAP_TAPCELL_ROW_2_47,VPWR,li1,44.3900,18.7330,1.799995
TAP_TAPCELL_ROW_2_46,VPWR,li1,18.6300,18.7330,1.799996
TAP_TAPCELL_ROW_1_45,VPWR,li1,31.5100,13.9060,1.799998
TAP_TAPCELL_ROW_0_44,VPWR,li1,44.3900,13.2930,1.799997
TAP_TAPCELL_ROW_0_43,VPWR,li1,31.5100,13.2930,1.799998
TAP_TAPCELL_ROW_0_42,VPWR,li1,18.6300,13.2930,1.799998
PHY_EDGE_ROW_20_Left_41,VPWR,li1,6.2100,68.0000,1.799997
PHY_EDGE_ROW_19_Left_40,VPWR,li1,6.2100,62.5600,1.799997
PHY_EDGE_ROW_18_Left_39,VPWR,li1,6.2100,62.5600,1.799997
PHY_EDGE_ROW_17_Left_38,VPWR,li1,6.2100,57.1200,1.799996
PHY_EDGE_ROW_16_Left_37,VPWR,li1,6.2100,57.1200,1.799996
PHY_EDGE_ROW_15_Left_36,VPWR,li1,6.2100,51.6800,1.799997
PHY_EDGE_ROW_14_Left_35,VPWR,li1,6.2100,51.6800,1.799997
PHY_EDGE_ROW_13_Left_34,VPWR,li1,6.2100,46.2400,1.799996
PHY_EDGE_ROW_12_Left_33,VPWR,li1,6.2100,46.2400,1.799996
PHY_EDGE_ROW_11_Left_32,VPWR,li1,6.2100,40.8000,1.799997
PHY_EDGE_ROW_10_Left_31,VPWR,li1,6.2100,40.8000,1.799997
PHY_EDGE_ROW_9_Left_30,VPWR,li1,6.2100,35.3600,1.799996
PHY_EDGE_ROW_8_Left_29,VPWR,li1,6.2100,35.3600,1.799996
PHY_EDGE_ROW_7_Left_28,VPWR,li1,6.2100,29.9200,1.799997
PHY_EDGE_ROW_6_Left_27,VPWR,li1,6.2100,29.9200,1.799997
PHY_EDGE_ROW_5_Left_26,VPWR,li1,6.2100,24.4800,1.799997
PHY_EDGE_ROW_4_Left_25,VPWR,li1,6.2100,24.4800,1.799997
PHY_EDGE_ROW_3_Left_24,VPWR,li1,6.2100,19.0400,1.799996
PHY_EDGE_ROW_2_Left_23,VPWR,li1,6.2100,19.0400,1.799996
PHY_EDGE_ROW_1_Left_22,VPWR,li1,6.2100,13.6000,1.799997
PHY_EDGE_ROW_0_Left_21,VPWR,li1,6.2100,13.6000,1.799997
PHY_EDGE_ROW_20_Right_20,VPWR,li1,53.5900,68.0000,1.799997
PHY_EDGE_ROW_19_Right_19,VPWR,li1,53.5900,62.5600,1.799995
PHY_EDGE_ROW_18_Right_18,VPWR,li1,53.5900,62.5600,1.799995
PHY_EDGE_ROW_17_Right_17,VPWR,li1,53.5900,57.1200,1.799998
PHY_EDGE_ROW_16_Right_16,VPWR,li1,53.5900,57.1200,1.799998
PHY_EDGE_ROW_15_Right_15,VPWR,li1,53.5900,51.6800,1.799995
PHY_EDGE_ROW_14_Right_14,VPWR,li1,53.5900,51.6800,1.799995
PHY_EDGE_ROW_13_Right_13,VPWR,li1,53.5900,46.2400,1.799997
PHY_EDGE_ROW_12_Right_12,VPWR,li1,53.5900,46.2400,1.799997
PHY_EDGE_ROW_11_Right_11,VPWR,li1,53.5900,40.8000,1.799994
PHY_EDGE_ROW_10_Right_10,VPWR,li1,53.5900,40.8000,1.799994
PHY_EDGE_ROW_9_Right_9,VPWR,li1,53.5900,35.3600,1.799998
PHY_EDGE_ROW_8_Right_8,VPWR,li1,53.5900,35.3600,1.799998
PHY_EDGE_ROW_7_Right_7,VPWR,li1,53.5900,29.9200,1.799997
PHY_EDGE_ROW_6_Right_6,VPWR,li1,53.5900,29.9200,1.799997
PHY_EDGE_ROW_5_Right_5,VPWR,li1,53.5900,24.4800,1.799993
PHY_EDGE_ROW_4_Right_4,VPWR,li1,53.5900,24.4800,1.799993
PHY_EDGE_ROW_3_Right_3,VPWR,li1,53.5900,19.0400,1.799994
PHY_EDGE_ROW_2_Right_2,VPWR,li1,53.5900,19.0400,1.799994
PHY_EDGE_ROW_1_Right_1,VPWR,li1,53.5900,13.6000,1.799996
PHY_EDGE_ROW_0_Right_0,VPWR,li1,53.5900,13.6000,1.799996
_329_,VPWR,li1,48.3000,35.3600,1.799998
_328_,VPWR,li1,50.1400,35.3600,1.799998
_327_,VPWR,li1,21.8500,35.3600,1.799996
_326_,VPWR,li1,11.9600,35.3600,1.799997
_325_,VPWR,li1,15.4100,35.3600,1.799996
_324_,VPWR,li1,9.2000,35.3600,1.799997
_323_,VPWR,li1,20.0100,35.3600,1.799996
_322_,VPWR,li1,21.3900,40.8000,1.799997
_321_,VPWR,li1,48.9900,29.9200,1.799997
_320_,VPWR,li1,45.5400,40.8000,1.799995
_319_,VPWR,li1,48.3000,40.8000,1.799995
_318_,VPWR,li1,27.6000,40.8000,1.799997
_317_,VPWR,li1,26.6800,35.3600,1.799996
_316_,VPWR,li1,30.1300,35.3600,1.799997
_315_,VPWR,li1,29.9000,29.9200,1.799997
_314_,VPWR,li1,24.6100,40.8000,1.799997
_313_,VPWR,li1,25.7600,35.3600,1.799996
_312_,VPWR,li1,23.9200,40.8000,1.799997
_311_,VPWR,li1,51.9800,46.2400,1.799997
_310_,VPWR,li1,46.4600,57.1200,1.799997
_309_,VPWR,li1,24.1500,57.1200,1.799996
_308_,VPWR,li1,25.7600,51.6800,1.799997
_307_,VPWR,li1,29.2100,51.6800,1.799997
_306_,VPWR,li1,27.6000,51.6800,1.799997
_305_,VPWR,li1,22.3100,51.6800,1.799997
_304_,VPWR,li1,49.9100,57.1200,1.799998
_303_,VPWR,li1,47.8400,57.1200,1.799997
_302_,VPWR,li1,32.2000,62.5600,1.799997
_301_,VPWR,li1,33.3500,62.5600,1.799997
_300_,VPWR,li1,26.9100,57.1200,1.799996
_299_,VPWR,li1,21.1600,57.1200,1.799996
_298_,VPWR,li1,35.8800,62.5600,1.799997
_297_,VPWR,li1,39.3300,62.5600,1.799997
_296_,VPWR,li1,41.8600,62.5600,1.799997
_295_,VPWR,li1,34.2700,57.1200,1.799997
_294_,VPWR,li1,35.6500,62.5600,1.799997
_293_,VPWR,li1,27.6000,62.5600,1.799997
_292_,VPWR,li1,28.0600,57.1200,1.799996
_291_,VPWR,li1,28.0600,62.5600,1.799997
_290_,VPWR,li1,24.8400,62.5600,1.799997
_289_,VPWR,li1,33.8100,13.6000,1.799998
_288_,VPWR,li1,37.4900,13.6000,1.799998
_287_,VPWR,li1,37.9500,19.0400,1.799996
_286_,VPWR,li1,34.7300,19.0400,1.799996
_285_,VPWR,li1,36.1100,13.6000,1.799998
_284_,VPWR,li1,34.0400,19.0400,1.799996
_283_,VPWR,li1,39.1000,19.0400,1.799996
_282_,VPWR,li1,28.7500,19.0400,1.799996
_281_,VPWR,li1,26.9100,13.6000,1.799998
_280_,VPWR,li1,24.3800,19.0400,1.799996
_279_,VPWR,li1,23.2300,13.6000,1.799998
_278_,VPWR,li1,13.3400,35.3600,1.799996
_277_,VPWR,li1,31.5100,19.0400,1.799996
_276_,VPWR,li1,20.9300,13.6000,1.799998
_275_,VPWR,li1,19.0900,13.6000,1.799998
_274_,VPWR,li1,46.0000,19.0400,1.799995
_273_,VPWR,li1,41.4000,13.6000,1.799998
_272_,VPWR,li1,12.4200,19.0400,1.799996
_271_,VPWR,li1,15.8700,19.0400,1.799996
_270_,VPWR,li1,9.6600,19.0400,1.799996
_269_,VPWR,li1,41.1700,19.0400,1.799996
_268_,VPWR,li1,42.7800,29.9200,1.799996
_267_,VPWR,li1,41.1700,19.0400,1.799996
_266_,VPWR,li1,40.0200,29.9200,1.799996
_265_,VPWR,li1,37.9500,29.9200,1.799997
_264_,VPWR,li1,33.1200,40.8000,1.799996
_263_,VPWR,li1,26.4500,19.0400,1.799996
_262_,VPWR,li1,27.6000,19.0400,1.799996
_261_,VPWR,li1,23.2300,24.4800,1.799997
_260_,VPWR,li1,23.4600,19.0400,1.799996
_259_,VPWR,li1,26.9100,24.4800,1.799997
_258_,VPWR,li1,22.3100,19.0400,1.799996
_257_,VPWR,li1,16.7900,13.6000,1.799998
_256_,VPWR,li1,11.7300,19.0400,1.799996
_255_,VPWR,li1,10.8100,40.8000,1.799998
_254_,VPWR,li1,29.4400,24.4800,1.799997
_253_,VPWR,li1,25.5300,24.4800,1.799997
_252_,VPWR,li1,21.1600,24.4800,1.799997
_251_,VPWR,li1,25.5300,24.4800,1.799997
_250_,VPWR,li1,12.1900,57.1200,1.799996
_249_,VPWR,li1,23.2300,24.4800,1.799997
_248_,VPWR,li1,22.7700,35.3600,1.799996
_247_,VPWR,li1,24.1500,35.3600,1.799996
_246_,VPWR,li1,17.2500,29.9200,1.799998
_245_,VPWR,li1,25.9900,40.8000,1.799997
_244_,VPWR,li1,21.8500,40.8000,1.799997
_243_,VPWR,li1,10.3500,46.2400,1.799996
_242_,VPWR,li1,14.4900,51.6800,1.799997
_241_,VPWR,li1,20.9300,57.1200,1.799996
_240_,VPWR,li1,19.5500,46.2400,1.799996
_239_,VPWR,li1,24.3800,57.1200,1.799996
_238_,VPWR,li1,19.7800,62.5600,1.799997
_237_,VPWR,li1,17.7100,57.1200,1.799996
_236_,VPWR,li1,17.9400,57.1200,1.799995
_235_,VPWR,li1,16.1000,57.1200,1.799996
_234_,VPWR,li1,15.4100,57.1200,1.799996
_233_,VPWR,li1,21.1600,46.2400,1.799996
_232_,VPWR,li1,13.5700,46.2400,1.799996
_231_,VPWR,li1,7.8200,46.2400,1.799996
_230_,VPWR,li1,19.0900,29.9200,1.799998
_229_,VPWR,li1,10.3500,35.3600,1.799997
_228_,VPWR,li1,17.7100,24.4800,1.799997
_227_,VPWR,li1,19.0900,19.0400,1.799996
_226_,VPWR,li1,20.0100,24.4800,1.799997
_225_,VPWR,li1,10.8100,29.9200,1.799998
_224_,VPWR,li1,13.8000,40.8000,1.799997
_223_,VPWR,li1,13.5700,46.2400,1.799996
_222_,VPWR,li1,11.5000,62.5600,1.799997
_221_,VPWR,li1,32.6600,24.4800,1.799997
_220_,VPWR,li1,11.5000,24.4800,1.799997
_219_,VPWR,li1,14.9500,24.4800,1.799997
_218_,VPWR,li1,8.7400,24.4800,1.799997
_217_,VPWR,li1,12.4200,68.0000,1.799997
_216_,VPWR,li1,9.8900,62.5600,1.799997
_215_,VPWR,li1,14.7200,62.5600,1.799997
_214_,VPWR,li1,9.4300,57.1200,1.799996
_213_,VPWR,li1,12.6500,62.5600,1.799997
_212_,VPWR,li1,16.3300,62.5600,1.799997
_211_,VPWR,li1,46.6900,24.4800,1.799996
_210_,VPWR,li1,46.0000,29.9200,1.799996
_209_,VPWR,li1,40.4800,35.3600,1.799998
_208_,VPWR,li1,43.2400,29.9200,1.799996
_207_,VPWR,li1,39.3300,40.8000,1.799995
_206_,VPWR,li1,40.7100,46.2400,1.799997
_205_,VPWR,li1,42.0900,40.8000,1.799995
_204_,VPWR,li1,41.1700,29.9200,1.799996
_203_,VPWR,li1,48.7600,29.9200,1.799997
_202_,VPWR,li1,45.3100,35.3600,1.799998
_201_,VPWR,li1,49.9100,46.2400,1.799997
_200_,VPWR,li1,47.1500,46.2400,1.799997
_199_,VPWR,li1,49.9100,46.2400,1.799997
_198_,VPWR,li1,44.8500,57.1200,1.799997
_197_,VPWR,li1,41.6300,57.1200,1.799997
_196_,VPWR,li1,40.9400,57.1200,1.799997
_195_,VPWR,li1,36.5700,57.1200,1.799997
_194_,VPWR,li1,45.7700,29.9200,1.799996
_193_,VPWR,li1,47.6100,46.2400,1.799997
_192_,VPWR,li1,46.0000,51.6800,1.799997
_191_,VPWR,li1,44.3900,46.2400,1.799997
_190_,VPWR,li1,40.2500,51.6800,1.799997
_189_,VPWR,li1,36.5700,57.1200,1.799997
_188_,VPWR,li1,38.6400,57.1200,1.799997
_187_,VPWR,li1,32.4300,57.1200,1.799997
_186_,VPWR,li1,21.6200,62.5600,1.799997
_185_,VPWR,li1,39.3300,46.2400,1.799997
_184_,VPWR,li1,35.8800,40.8000,1.799996
_183_,VPWR,li1,24.3800,51.6800,1.799998
_182_,VPWR,li1,38.4100,29.9200,1.799997
_181_,VPWR,li1,37.0300,35.3600,1.799998
_180_,VPWR,li1,39.5600,40.8000,1.799995
_179_,VPWR,li1,37.2600,40.8000,1.799996
_178_,VPWR,li1,34.5000,40.8000,1.799996
_177_,VPWR,li1,31.0500,46.2400,1.799997
_176_,VPWR,li1,30.5900,40.8000,1.799996
_175_,VPWR,li1,32.6600,29.9200,1.799997
_174_,VPWR,li1,33.3500,46.2400,1.799997
_173_,VPWR,li1,23.4600,46.2400,1.799997
_172_,VPWR,li1,36.3400,46.2400,1.799997
_171_,VPWR,li1,16.1000,46.2400,1.799995
_170_,VPWR,li1,28.0600,46.2400,1.799997
_169_,VPWR,li1,11.9600,51.6800,1.799997
_168_,VPWR,li1,33.3500,46.2400,1.799997
_167_,VPWR,li1,36.1100,29.9200,1.799997
_166_,VPWR,li1,16.5600,46.2400,1.799995
_165_,VPWR,li1,16.3300,62.5600,1.799997
_164_,VPWR,li1,7.5900,62.5600,1.799997
_163_,VPWR,li1,29.4400,29.9200,1.799997
_162_,VPWR,li1,12.1900,57.1200,1.799996
_161_,VPWR,li1,9.8900,57.1200,1.799996
