OpenROAD b16bda7e82721d10566ff7e2b68f1ff0be9f9e38 
Features included (+) or not (-): +Charts +GPU +GUI +Python
This program is licensed under the BSD-3 license. See the LICENSE file for details.
Components of this program may be licensed under more restrictive licenses which must be honored.
Top-level design name: lab2
Block boundaries: 0 0 60000 80000
Horizontal Tracks Origin: 340, Count: 117, Step: 680
Vertical Tracks Origin: 230, Count: 130, Step: 460
Placement details for the #E side
Virtual pin count:  0
Actual pin count:  8
Total pin count:  8
Tracks count:  59
Tracks per pin:  7
Used tracks count:  50
Unused track count:  9
Starting track index:  4
Placement Map:
[340, 1700, 3060, 4420, [91m5780[0m, 7140, 8500, 9860, 11220, 12580, 13940, [91m15300[0m, 16660, 18020, 19380, 20740, 22100, 23460, [91m24820[0m, 26180, 27540, 28900, 30260, 31620, 32980, [91m34340[0m, 35700, 37060, 38420, 39780, 41140, 42500, [91m43860[0m, 45220, 46580, 47940, 49300, 50660, 52020, [91m53380[0m, 54740, 56100, 57460, 58820, 60180, 61540, [91m62900[0m, 64260, 65620, 66980, 68340, 69700, 71060, [91m72420[0m, 73780, 75140, 76500, 77860, 79220, ]
Indices of used tracks: [4, 11, 18, 25, 32, 39, 46, 53]
---
Placement details for the #W side
Virtual pin count:  0
Actual pin count:  19
Total pin count:  19
Tracks count:  59
Tracks per pin:  3
Used tracks count:  55
Unused track count:  4
Starting track index:  2
Placement Map:
[340, 1700, [91m3060[0m, 4420, 5780, [91m7140[0m, 8500, 9860, [91m11220[0m, 12580, 13940, [91m15300[0m, 16660, 18020, [91m19380[0m, 20740, 22100, [91m23460[0m, 24820, 26180, [91m27540[0m, 28900, 30260, [91m31620[0m, 32980, 34340, [91m35700[0m, 37060, 38420, [91m39780[0m, 41140, 42500, [91m43860[0m, 45220, 46580, [91m47940[0m, 49300, 50660, [91m52020[0m, 53380, 54740, [91m56100[0m, 57460, 58820, [91m60180[0m, 61540, 62900, [91m64260[0m, 65620, 66980, [91m68340[0m, 69700, 71060, [91m72420[0m, 73780, 75140, [91m76500[0m, 77860, 79220, ]
Indices of used tracks: [2, 5, 8, 11, 14, 17, 20, 23, 26, 29, 32, 35, 38, 41, 44, 47, 50, 53, 56]
---
