OpenROAD b16bda7e82721d10566ff7e2b68f1ff0be9f9e38 
Features included (+) or not (-): +Charts +GPU +GUI +Python
This program is licensed under the BSD-3 license. See the LICENSE file for details.
Components of this program may be licensed under more restrictive licenses which must be honored.
define_corners Typical
read_liberty -corner Typical /home/gokay/.volare/sky130A/libs.ref/sky130_fd_sc_hd/lib/sky130_fd_sc_hd__tt_025C_1v80.lib
Using 1e-12 for capacitance...
Using 1e+03 for resistance...
Using 1e-09 for time...
Using 1e+00 for voltage...
Using 1e-03 for current...
Using 1e-09 for power...
Using 1e-06 for distance...
[INFO]: Reading ODB at '/openlane/designs/projectweek2/runs/RUN_2025.05.04_11.04.10/tmp/routing/20-fill.odb'…
Reading design constraints file at '/openlane/scripts/base.sdc'…
[INFO]: Setting output delay to: 2.0
[INFO]: Setting input delay to: 2.0
[WARNING STA-0366] port '__VIRTUAL_CLK__' not found.
[INFO]: Setting load to: 0.033442
[INFO]: Setting clock uncertainty to: 0.25
[INFO]: Setting clock transition to: 0.15
[WARNING STA-0419] transition time can not be specified for virtual clocks.
[INFO]: Setting timing derate to: 5.0 %
[INFO ORD-0030] Using 2 thread(s).
[INFO DRT-0149] Reading tech and libs.
[WARNING DRT-0349] LEF58_ENCLOSURE with no CUTCLASS is not supported. Skipping for layer mcon
[WARNING DRT-0349] LEF58_ENCLOSURE with no CUTCLASS is not supported. Skipping for layer mcon
[WARNING DRT-0349] LEF58_ENCLOSURE with no CUTCLASS is not supported. Skipping for layer via
[WARNING DRT-0349] LEF58_ENCLOSURE with no CUTCLASS is not supported. Skipping for layer via
[WARNING DRT-0349] LEF58_ENCLOSURE with no CUTCLASS is not supported. Skipping for layer via2
[WARNING DRT-0349] LEF58_ENCLOSURE with no CUTCLASS is not supported. Skipping for layer via2
[WARNING DRT-0349] LEF58_ENCLOSURE with no CUTCLASS is not supported. Skipping for layer via3
[WARNING DRT-0349] LEF58_ENCLOSURE with no CUTCLASS is not supported. Skipping for layer via3
[WARNING DRT-0349] LEF58_ENCLOSURE with no CUTCLASS is not supported. Skipping for layer via4
[WARNING DRT-0349] LEF58_ENCLOSURE with no CUTCLASS is not supported. Skipping for layer via4

Units:                1000
Number of layers:     13
Number of macros:     441
Number of vias:       29
Number of viarulegen: 25

[INFO DRT-0150] Reading design.

Design:                   lab2
Die area:                 ( 0 0 ) ( 60000 80000 )
Number of track patterns: 12
Number of DEF vias:       0
Number of components:     455
Number of terminals:      29
Number of snets:          2
Number of nets:           215

[INFO DRT-0167] List of default vias:
  Layer via
    default via: M1M2_PR
  Layer via2
    default via: M2M3_PR
  Layer via3
    default via: M3M4_PR
  Layer via4
    default via: M4M5_PR
[INFO DRT-0162] Library cell analysis.
[INFO DRT-0163] Instance analysis.
[INFO DRT-0164] Number of unique instances = 112.
[INFO DRT-0168] Init region query.
[INFO DRT-0024]   Complete FR_MASTERSLICE.
[INFO DRT-0024]   Complete Fr_VIA.
[INFO DRT-0024]   Complete li1.
[INFO DRT-0024]   Complete mcon.
[INFO DRT-0024]   Complete met1.
[INFO DRT-0024]   Complete via.
[INFO DRT-0024]   Complete met2.
[INFO DRT-0024]   Complete via2.
[INFO DRT-0024]   Complete met3.
[INFO DRT-0024]   Complete via3.
[INFO DRT-0024]   Complete met4.
[INFO DRT-0024]   Complete via4.
[INFO DRT-0024]   Complete met5.
[INFO DRT-0033] FR_MASTERSLICE shape region query size = 0.
[INFO DRT-0033] FR_VIA shape region query size = 0.
[INFO DRT-0033] li1 shape region query size = 6746.
[INFO DRT-0033] mcon shape region query size = 1056.
[INFO DRT-0033] met1 shape region query size = 1020.
[INFO DRT-0033] via shape region query size = 440.
[INFO DRT-0033] met2 shape region query size = 264.
[INFO DRT-0033] via2 shape region query size = 352.
[INFO DRT-0033] met3 shape region query size = 291.
[INFO DRT-0033] via3 shape region query size = 352.
[INFO DRT-0033] met4 shape region query size = 136.
[INFO DRT-0033] via4 shape region query size = 32.
[INFO DRT-0033] met5 shape region query size = 48.
[INFO DRT-0165] Start pin access.
[INFO DRT-0078]   Complete 367 pins.
[INFO DRT-0081]   Complete 94 unique inst patterns.
[INFO DRT-0084]   Complete 99 groups.
#scanned instances     = 455
#unique  instances     = 112
#stdCellGenAp          = 2785
#stdCellValidPlanarAp  = 0
#stdCellValidViaAp     = 2246
#stdCellPinNoAp        = 0
#stdCellPinCnt         = 696
#instTermValidViaApCnt = 0
#macroGenAp            = 0
#macroValidPlanarAp    = 0
#macroValidViaAp       = 0
#macroNoAp             = 0
[INFO DRT-0166] Complete pin access.
[INFO DRT-0267] cpu time = 00:00:10, elapsed time = 00:00:04, memory = 119.22 (MB), peak = 119.22 (MB)

Number of guides:     1294

[INFO DRT-0169] Post process guides.
[INFO DRT-0176] GCELLGRID X 0 DO 8 STEP 6900 ;
[INFO DRT-0177] GCELLGRID Y 0 DO 11 STEP 6900 ;
[INFO DRT-0028]   Complete FR_MASTERSLICE.
[INFO DRT-0028]   Complete Fr_VIA.
[INFO DRT-0028]   Complete li1.
[INFO DRT-0028]   Complete mcon.
[INFO DRT-0028]   Complete met1.
[INFO DRT-0028]   Complete via.
[INFO DRT-0028]   Complete met2.
[INFO DRT-0028]   Complete via2.
[INFO DRT-0028]   Complete met3.
[INFO DRT-0028]   Complete via3.
[INFO DRT-0028]   Complete met4.
[INFO DRT-0028]   Complete via4.
[INFO DRT-0028]   Complete met5.
[INFO DRT-0178] Init guide query.
[INFO DRT-0035]   Complete FR_MASTERSLICE (guide).
[INFO DRT-0035]   Complete Fr_VIA (guide).
[INFO DRT-0035]   Complete li1 (guide).
[INFO DRT-0035]   Complete mcon (guide).
[INFO DRT-0035]   Complete met1 (guide).
[INFO DRT-0035]   Complete via (guide).
[INFO DRT-0035]   Complete met2 (guide).
[INFO DRT-0035]   Complete via2 (guide).
[INFO DRT-0035]   Complete met3 (guide).
[INFO DRT-0035]   Complete via3 (guide).
[INFO DRT-0035]   Complete met4 (guide).
[INFO DRT-0035]   Complete via4 (guide).
[INFO DRT-0035]   Complete met5 (guide).
[INFO DRT-0036] FR_MASTERSLICE guide region query size = 0.
[INFO DRT-0036] FR_VIA guide region query size = 0.
[INFO DRT-0036] li1 guide region query size = 484.
[INFO DRT-0036] mcon guide region query size = 0.
[INFO DRT-0036] met1 guide region query size = 318.
[INFO DRT-0036] via guide region query size = 0.
[INFO DRT-0036] met2 guide region query size = 156.
[INFO DRT-0036] via2 guide region query size = 0.
[INFO DRT-0036] met3 guide region query size = 30.
[INFO DRT-0036] via3 guide region query size = 0.
[INFO DRT-0036] met4 guide region query size = 0.
[INFO DRT-0036] via4 guide region query size = 0.
[INFO DRT-0036] met5 guide region query size = 0.
[INFO DRT-0179] Init gr pin query.
[INFO DRT-0245] skipped writing guide updates to database.
[INFO DRT-0185] Post process initialize RPin region query.
[INFO DRT-0181] Start track assignment.
[INFO DRT-0184] Done with 640 vertical wires in 1 frboxes and 348 horizontal wires in 1 frboxes.
[INFO DRT-0186] Done with 97 vertical wires in 1 frboxes and 115 horizontal wires in 1 frboxes.
[INFO DRT-0182] Complete track assignment.
[INFO DRT-0267] cpu time = 00:00:00, elapsed time = 00:00:00, memory = 121.81 (MB), peak = 121.81 (MB)
[INFO DRT-0187] Start routing data preparation.
[INFO DRT-0267] cpu time = 00:00:00, elapsed time = 00:00:00, memory = 121.81 (MB), peak = 121.81 (MB)
[INFO DRT-0194] Start detail routing.
[INFO DRT-0195] Start 0th optimization iteration.
    Completing 10% with 0 violations.
    elapsed time = 00:00:03, memory = 133.29 (MB).
    Completing 20% with 58 violations.
    elapsed time = 00:00:03, memory = 141.51 (MB).
    Completing 30% with 93 violations.
    elapsed time = 00:00:04, memory = 141.51 (MB).
    Completing 40% with 96 violations.
    elapsed time = 00:00:04, memory = 141.51 (MB).
[INFO DRT-0199]   Number of violations = 127.
Viol/Layer         li1   met1   met2   met3
Metal Spacing        1     11      5     13
Recheck              1     15      9      4
Short                0     63      5      0
[INFO DRT-0267] cpu time = 00:00:04, elapsed time = 00:00:04, memory = 484.96 (MB), peak = 484.96 (MB)
Total wire length = 3939 um.
Total wire length on LAYER li1 = 0 um.
Total wire length on LAYER met1 = 2066 um.
Total wire length on LAYER met2 = 1653 um.
Total wire length on LAYER met3 = 219 um.
Total wire length on LAYER met4 = 0 um.
Total wire length on LAYER met5 = 0 um.
Total number of vias = 1402.
Up-via summary (total 1402):

-----------------------
 FR_MASTERSLICE       0
            li1     696
           met1     660
           met2      46
           met3       0
           met4       0
-----------------------
                   1402


[INFO DRT-0195] Start 1st optimization iteration.
    Completing 10% with 127 violations.
    elapsed time = 00:00:01, memory = 484.96 (MB).
    Completing 20% with 127 violations.
    elapsed time = 00:00:01, memory = 484.96 (MB).
    Completing 30% with 124 violations.
    elapsed time = 00:00:01, memory = 484.96 (MB).
    Completing 40% with 123 violations.
    elapsed time = 00:00:02, memory = 484.96 (MB).
[INFO DRT-0199]   Number of violations = 128.
Viol/Layer        mcon   met1   met2   met3
Cut Spacing          1      0      0      0
Metal Spacing        0     11      5      9
Short                0     96      6      0
[INFO DRT-0267] cpu time = 00:00:04, elapsed time = 00:00:02, memory = 488.05 (MB), peak = 488.05 (MB)
Total wire length = 3902 um.
Total wire length on LAYER li1 = 0 um.
Total wire length on LAYER met1 = 2002 um.
Total wire length on LAYER met2 = 1692 um.
Total wire length on LAYER met3 = 207 um.
Total wire length on LAYER met4 = 0 um.
Total wire length on LAYER met5 = 0 um.
Total number of vias = 1419.
Up-via summary (total 1419):

-----------------------
 FR_MASTERSLICE       0
            li1     696
           met1     676
           met2      47
           met3       0
           met4       0
-----------------------
                   1419


[INFO DRT-0195] Start 2nd optimization iteration.
    Completing 10% with 128 violations.
    elapsed time = 00:00:00, memory = 488.05 (MB).
    Completing 20% with 128 violations.
    elapsed time = 00:00:00, memory = 488.05 (MB).
    Completing 30% with 127 violations.
    elapsed time = 00:00:00, memory = 488.05 (MB).
    Completing 40% with 100 violations.
    elapsed time = 00:00:00, memory = 488.05 (MB).
    Completing 50% with 100 violations.
    elapsed time = 00:00:00, memory = 488.05 (MB).
    Completing 60% with 100 violations.
    elapsed time = 00:00:05, memory = 525.05 (MB).
[INFO DRT-0199]   Number of violations = 36.
Viol/Layer        met1   met2
Metal Spacing        8      2
Short               24      2
[INFO DRT-0267] cpu time = 00:00:05, elapsed time = 00:00:05, memory = 525.05 (MB), peak = 546.74 (MB)
Total wire length = 3879 um.
Total wire length on LAYER li1 = 0 um.
Total wire length on LAYER met1 = 1948 um.
Total wire length on LAYER met2 = 1733 um.
Total wire length on LAYER met3 = 197 um.
Total wire length on LAYER met4 = 0 um.
Total wire length on LAYER met5 = 0 um.
Total number of vias = 1406.
Up-via summary (total 1406):

-----------------------
 FR_MASTERSLICE       0
            li1     696
           met1     668
           met2      42
           met3       0
           met4       0
-----------------------
                   1406


[INFO DRT-0195] Start 3rd optimization iteration.
    Completing 10% with 36 violations.
    elapsed time = 00:00:01, memory = 525.05 (MB).
    Completing 20% with 13 violations.
    elapsed time = 00:00:01, memory = 525.05 (MB).
    Completing 30% with 0 violations.
    elapsed time = 00:00:01, memory = 525.05 (MB).
    Completing 40% with 0 violations.
    elapsed time = 00:00:01, memory = 525.05 (MB).
[INFO DRT-0199]   Number of violations = 0.
[INFO DRT-0267] cpu time = 00:00:01, elapsed time = 00:00:01, memory = 525.05 (MB), peak = 546.74 (MB)
Total wire length = 3873 um.
Total wire length on LAYER li1 = 0 um.
Total wire length on LAYER met1 = 1788 um.
Total wire length on LAYER met2 = 1724 um.
Total wire length on LAYER met3 = 360 um.
Total wire length on LAYER met4 = 0 um.
Total wire length on LAYER met5 = 0 um.
Total number of vias = 1440.
Up-via summary (total 1440):

-----------------------
 FR_MASTERSLICE       0
            li1     696
           met1     671
           met2      73
           met3       0
           met4       0
-----------------------
                   1440


[INFO DRT-0198] Complete detail routing.
Total wire length = 3873 um.
Total wire length on LAYER li1 = 0 um.
Total wire length on LAYER met1 = 1788 um.
Total wire length on LAYER met2 = 1724 um.
Total wire length on LAYER met3 = 360 um.
Total wire length on LAYER met4 = 0 um.
Total wire length on LAYER met5 = 0 um.
Total number of vias = 1440.
Up-via summary (total 1440):

-----------------------
 FR_MASTERSLICE       0
            li1     696
           met1     671
           met2      73
           met3       0
           met4       0
-----------------------
                   1440


[INFO DRT-0267] cpu time = 00:00:17, elapsed time = 00:00:13, memory = 525.05 (MB), peak = 546.74 (MB)

[INFO DRT-0180] Post processing.
Setting global connections for newly added cells…
Writing OpenROAD database to '/openlane/designs/projectweek2/runs/RUN_2025.05.04_11.04.10/results/routing/lab2.odb'…
Writing netlist to '/openlane/designs/projectweek2/runs/RUN_2025.05.04_11.04.10/results/routing/lab2.nl.v'…
Writing powered netlist to '/openlane/designs/projectweek2/runs/RUN_2025.05.04_11.04.10/results/routing/lab2.pnl.v'…
Writing layout to '/openlane/designs/projectweek2/runs/RUN_2025.05.04_11.04.10/results/routing/lab2.def'…
