
===========================================================================
report_checks -unconstrained
===========================================================================
======================= Fastest Corner ===================================

Startpoint: a[0] (input port clocked by __VIRTUAL_CLK__)
Endpoint: out[2] (output port clocked by __VIRTUAL_CLK__)
Path Group: __VIRTUAL_CLK__
Path Type: max
Corner: Fastest

Fanout     Cap    Slew   Delay    Time   Description
-----------------------------------------------------------------------------
                  0.00    0.00    0.00   clock __VIRTUAL_CLK__ (rise edge)
                          0.00    0.00   clock network delay (ideal)
                          2.00    2.00 v input external delay
     1    0.00    0.00    0.00    2.00 v a[0] (in)
                                         a[0] (net)
                  0.00    0.00    2.00 v input1/A (sky130_fd_sc_hd__buf_1)
     4    0.02    0.06    0.09    2.09 v input1/X (sky130_fd_sc_hd__buf_1)
                                         net1 (net)
                  0.06    0.00    2.09 v _4_/B (sky130_fd_sc_hd__or3_1)
     2    0.01    0.06    0.24    2.33 v _4_/X (sky130_fd_sc_hd__or3_1)
                                         _2_ (net)
                  0.06    0.00    2.34 v _6_/A (sky130_fd_sc_hd__and2_1)
     1    0.00    0.02    0.10    2.43 v _6_/X (sky130_fd_sc_hd__and2_1)
                                         _1_ (net)
                  0.02    0.00    2.43 v _7_/A (sky130_fd_sc_hd__clkbuf_1)
     1    0.00    0.02    0.06    2.49 v _7_/X (sky130_fd_sc_hd__clkbuf_1)
                                         net7 (net)
                  0.02    0.00    2.49 v output7/A (sky130_fd_sc_hd__buf_2)
     1    0.03    0.06    0.12    2.61 v output7/X (sky130_fd_sc_hd__buf_2)
                                         out[2] (net)
                  0.06    0.00    2.61 v out[2] (out)
                                  2.61   data arrival time

                  0.00   10.00   10.00   clock __VIRTUAL_CLK__ (rise edge)
                          0.00   10.00   clock network delay (ideal)
                         -0.25    9.75   clock uncertainty
                          0.00    9.75   clock reconvergence pessimism
                         -2.00    7.75   output external delay
                                  7.75   data required time
-----------------------------------------------------------------------------
                                  7.75   data required time
                                 -2.61   data arrival time
-----------------------------------------------------------------------------
                                  5.14   slack (MET)



======================= Slowest Corner ===================================

Startpoint: a[1] (input port clocked by __VIRTUAL_CLK__)
Endpoint: out[2] (output port clocked by __VIRTUAL_CLK__)
Path Group: __VIRTUAL_CLK__
Path Type: max
Corner: Slowest

Fanout     Cap    Slew   Delay    Time   Description
-----------------------------------------------------------------------------
                  0.00    0.00    0.00   clock __VIRTUAL_CLK__ (rise edge)
                          0.00    0.00   clock network delay (ideal)
                          2.00    2.00 v input external delay
     1    0.00    0.02    0.01    2.01 v a[1] (in)
                                         a[1] (net)
                  0.02    0.00    2.01 v input2/A (sky130_fd_sc_hd__buf_1)
     3    0.01    0.14    0.22    2.23 v input2/X (sky130_fd_sc_hd__buf_1)
                                         net2 (net)
                  0.14    0.00    2.23 v _4_/A (sky130_fd_sc_hd__or3_1)
     2    0.01    0.19    1.00    3.23 v _4_/X (sky130_fd_sc_hd__or3_1)
                                         _2_ (net)
                  0.19    0.00    3.23 v _6_/A (sky130_fd_sc_hd__and2_1)
     1    0.00    0.06    0.34    3.57 v _6_/X (sky130_fd_sc_hd__and2_1)
                                         _1_ (net)
                  0.06    0.00    3.57 v _7_/A (sky130_fd_sc_hd__clkbuf_1)
     1    0.00    0.06    0.18    3.75 v _7_/X (sky130_fd_sc_hd__clkbuf_1)
                                         net7 (net)
                  0.06    0.00    3.75 v output7/A (sky130_fd_sc_hd__buf_2)
     1    0.03    0.16    0.36    4.10 v output7/X (sky130_fd_sc_hd__buf_2)
                                         out[2] (net)
                  0.16    0.00    4.10 v out[2] (out)
                                  4.10   data arrival time

                  0.00   10.00   10.00   clock __VIRTUAL_CLK__ (rise edge)
                          0.00   10.00   clock network delay (ideal)
                         -0.25    9.75   clock uncertainty
                          0.00    9.75   clock reconvergence pessimism
                         -2.00    7.75   output external delay
                                  7.75   data required time
-----------------------------------------------------------------------------
                                  7.75   data required time
                                 -4.10   data arrival time
-----------------------------------------------------------------------------
                                  3.65   slack (MET)



======================= Typical Corner ===================================

Startpoint: a[0] (input port clocked by __VIRTUAL_CLK__)
Endpoint: out[2] (output port clocked by __VIRTUAL_CLK__)
Path Group: __VIRTUAL_CLK__
Path Type: max
Corner: Typical

Fanout     Cap    Slew   Delay    Time   Description
-----------------------------------------------------------------------------
                  0.00    0.00    0.00   clock __VIRTUAL_CLK__ (rise edge)
                          0.00    0.00   clock network delay (ideal)
                          2.00    2.00 v input external delay
     1    0.00    0.01    0.00    2.00 v a[0] (in)
                                         a[0] (net)
                  0.01    0.00    2.00 v input1/A (sky130_fd_sc_hd__buf_1)
     4    0.02    0.09    0.13    2.14 v input1/X (sky130_fd_sc_hd__buf_1)
                                         net1 (net)
                  0.09    0.00    2.14 v _4_/B (sky130_fd_sc_hd__or3_1)
     2    0.01    0.10    0.42    2.56 v _4_/X (sky130_fd_sc_hd__or3_1)
                                         _2_ (net)
                  0.10    0.00    2.56 v _6_/A (sky130_fd_sc_hd__and2_1)
     1    0.00    0.03    0.16    2.72 v _6_/X (sky130_fd_sc_hd__and2_1)
                                         _1_ (net)
                  0.03    0.00    2.72 v _7_/A (sky130_fd_sc_hd__clkbuf_1)
     1    0.00    0.03    0.09    2.81 v _7_/X (sky130_fd_sc_hd__clkbuf_1)
                                         net7 (net)
                  0.03    0.00    2.81 v output7/A (sky130_fd_sc_hd__buf_2)
     1    0.03    0.09    0.18    2.99 v output7/X (sky130_fd_sc_hd__buf_2)
                                         out[2] (net)
                  0.09    0.00    2.99 v out[2] (out)
                                  2.99   data arrival time

                  0.00   10.00   10.00   clock __VIRTUAL_CLK__ (rise edge)
                          0.00   10.00   clock network delay (ideal)
                         -0.25    9.75   clock uncertainty
                          0.00    9.75   clock reconvergence pessimism
                         -2.00    7.75   output external delay
                                  7.75   data required time
-----------------------------------------------------------------------------
                                  7.75   data required time
                                 -2.99   data arrival time
-----------------------------------------------------------------------------
                                  4.76   slack (MET)




===========================================================================
report_checks --slack_max -0.01
============================================================================
======================= Fastest Corner ===================================

No paths found.

======================= Slowest Corner ===================================

No paths found.

======================= Typical Corner ===================================

No paths found.


===========================================================================
 report_check_types -max_slew -max_cap -max_fanout -violators
============================================================================
======================= Fastest Corner ===================================


max slew violations count Fastest: 0
max fanout violations count Fastest: 0
max cap violations count Fastest: 0
======================= Slowest Corner ===================================


max slew violations count Slowest: 0
max fanout violations count Slowest: 0
max cap violations count Slowest: 0
======================= Typical Corner ===================================


max slew violations count Typical: 0
max fanout violations count Typical: 0
max cap violations count Typical: 0

===========================================================================
report_parasitic_annotation -report_unannotated
============================================================================
Found 0 unannotated drivers.
Found 0 partially unannotated drivers.

===========================================================================
max slew violation count 0
max fanout violation count 0
max cap violation count 0
============================================================================

===========================================================================
check_setup -verbose -unconstrained_endpoints -multiple_clock -no_clock -no_input_delay -loops -generated_clocks
===========================================================================
