Sun May 04 11:04:10 +0000 2025 - Executing "{openroad -exit -no_init -python /openlane/scripts/odbpy/lefutil.py get_metal_layers -o /openlane/designs/projectweek2/runs/RUN_2025.05.04_11.04.10/tmp/layers.list /home/gokay/.volare/sky130A/libs.ref/sky130_fd_sc_hd/techlef/sky130_fd_sc_hd__nom.tlef}"

Sun May 04 11:04:11 +0000 2025 - Executing "{/openlane/scripts/mergeLef.py -o /openlane/designs/projectweek2/runs/RUN_2025.05.04_11.04.10/tmp/merged.nom.lef -i /home/gokay/.volare/sky130A/libs.ref/sky130_fd_sc_hd/techlef/sky130_fd_sc_hd__nom.tlef {/home/gokay/.volare/sky130A/libs.ref/sky130_fd_sc_hd/lef/sky130_fd_sc_hd.lef /home/gokay/.volare/sky130A/libs.ref/sky130_fd_sc_hd/lef/sky130_ef_sc_hd.lef} |& tee /dev/null}"

Sun May 04 11:04:11 +0000 2025 - Executing "{/openlane/scripts/mergeLef.py -o /openlane/designs/projectweek2/runs/RUN_2025.05.04_11.04.10/tmp/merged.min.lef -i /home/gokay/.volare/sky130A/libs.ref/sky130_fd_sc_hd/techlef/sky130_fd_sc_hd__min.tlef {/home/gokay/.volare/sky130A/libs.ref/sky130_fd_sc_hd/lef/sky130_fd_sc_hd.lef /home/gokay/.volare/sky130A/libs.ref/sky130_fd_sc_hd/lef/sky130_ef_sc_hd.lef} |& tee /dev/null}"

Sun May 04 11:04:11 +0000 2025 - Executing "{/openlane/scripts/mergeLef.py -o /openlane/designs/projectweek2/runs/RUN_2025.05.04_11.04.10/tmp/merged.max.lef -i /home/gokay/.volare/sky130A/libs.ref/sky130_fd_sc_hd/techlef/sky130_fd_sc_hd__max.tlef {/home/gokay/.volare/sky130A/libs.ref/sky130_fd_sc_hd/lef/sky130_fd_sc_hd.lef /home/gokay/.volare/sky130A/libs.ref/sky130_fd_sc_hd/lef/sky130_ef_sc_hd.lef} |& tee /dev/null}"

Sun May 04 11:04:11 +0000 2025 - Executing "{python3 /openlane/scripts/mergeLib.py --output /openlane/designs/projectweek2/runs/RUN_2025.05.04_11.04.10/tmp/synthesis/merged.lib --name sky130A_merged /home/gokay/.volare/sky130A/libs.ref/sky130_fd_sc_hd/lib/sky130_fd_sc_hd__tt_025C_1v80.lib}"

Sun May 04 11:04:11 +0000 2025 - Executing "{python3 /openlane/scripts/libtrim.py --cell-file /openlane/designs/projectweek2/runs/RUN_2025.05.04_11.04.10/tmp/synthesis/trimmed.lib.exclude.list --output /openlane/designs/projectweek2/runs/RUN_2025.05.04_11.04.10/tmp/synthesis/trimmed.lib /openlane/designs/projectweek2/runs/RUN_2025.05.04_11.04.10/tmp/synthesis/merged.lib}"

Sun May 04 11:04:11 +0000 2025 - Executing "{python3 /openlane/scripts/libtrim.py --cell-file /openlane/designs/projectweek2/runs/RUN_2025.05.04_11.04.10/tmp/cts/cts.lib.exclude.list --output /openlane/designs/projectweek2/runs/RUN_2025.05.04_11.04.10/tmp/cts/cts.lib /home/gokay/.volare/sky130A/libs.ref/sky130_fd_sc_hd/lib/sky130_fd_sc_hd__tt_025C_1v80.lib}"

Sun May 04 11:04:11 +0000 2025 - Executing "{python3 /openlane/scripts/libtrim.py --cell-file /openlane/designs/projectweek2/runs/RUN_2025.05.04_11.04.10/tmp/cts/cts-fastest.lib.exclude.list --output /openlane/designs/projectweek2/runs/RUN_2025.05.04_11.04.10/tmp/cts/cts-fastest.lib /home/gokay/.volare/sky130A/libs.ref/sky130_fd_sc_hd/lib/sky130_fd_sc_hd__ff_n40C_1v95.lib}"

Sun May 04 11:04:12 +0000 2025 - Executing "{python3 /openlane/scripts/libtrim.py --cell-file /openlane/designs/projectweek2/runs/RUN_2025.05.04_11.04.10/tmp/cts/cts-slowest.lib.exclude.list --output /openlane/designs/projectweek2/runs/RUN_2025.05.04_11.04.10/tmp/cts/cts-slowest.lib /home/gokay/.volare/sky130A/libs.ref/sky130_fd_sc_hd/lib/sky130_fd_sc_hd__ss_100C_1v60.lib}"

Sun May 04 11:04:12 +0000 2025 - Executing "{python3 /openlane/scripts/new_tracks.py -i /home/gokay/.volare/sky130A/libs.tech/openlane/sky130_fd_sc_hd/tracks.info -o /openlane/designs/projectweek2/runs/RUN_2025.05.04_11.04.10/tmp/routing/config.tracks}"

Sun May 04 11:04:12 +0000 2025 - Executing "{echo {OpenLane e73fb3c57e687a0023fcd4dcfd1566ecd478362a} > /openlane/designs/projectweek2/runs/RUN_2025.05.04_11.04.10/OPENLANE_COMMIT}"

Sun May 04 11:04:12 +0000 2025 - Executing "{yosys -c /openlane/scripts/yosys/blackbox.tcl}"

Sun May 04 11:04:12 +0000 2025 - Executing "{verilator -Wall --lint-only --Wno-DECLFILENAME --top-module lab2 /openlane/designs/projectweek2/runs/RUN_2025.05.04_11.04.10/tmp/synthesis/blackbox/sky130_fd_sc_hd__blackbox.v /openlane/designs/projectweek2/src/lab2.v -Wno-fatal --relative-includes |& tee /openlane/designs/projectweek2/runs/RUN_2025.05.04_11.04.10/logs/synthesis/linter.log /dev/null}"

Sun May 04 11:04:12 +0000 2025 - Executing "{sed -E {s/^([[:space:]]+)pg_pin(.*)/\1pin\2\n\1    direction : "inout";/g} /home/gokay/.volare/sky130A/libs.ref/sky130_fd_sc_hd/lib/sky130_fd_sc_hd__tt_025C_1v80.lib > /openlane/designs/projectweek2/runs/RUN_2025.05.04_11.04.10/tmp/synthesis/1-sky130_fd_sc_hd__tt_025C_1v80.no_pg.lib}"

Sun May 04 11:04:12 +0000 2025 - Executing "{sed -E {s/^([[:space:]]+)pg_pin(.*)/\1pin\2\n\1    direction : "inout";/g} /openlane/designs/projectweek2/runs/RUN_2025.05.04_11.04.10/tmp/synthesis/trimmed.lib > /openlane/designs/projectweek2/runs/RUN_2025.05.04_11.04.10/tmp/synthesis/1-trimmed.no_pg.lib}"

Sun May 04 11:04:12 +0000 2025 - Executing "yosys -c /openlane/scripts/yosys/synth.tcl |& tee /dev/null /openlane/designs/projectweek2/runs/RUN_2025.05.04_11.04.10/logs/synthesis/1-synthesis.log"

Sun May 04 11:04:12 +0000 2025 - Executing "{yosys -c /openlane/scripts/yosys/synth.tcl |& tee /dev/null /openlane/designs/projectweek2/runs/RUN_2025.05.04_11.04.10/logs/synthesis/1-synthesis.log}"

Sun May 04 11:04:13 +0000 2025 - Executing "{sed -i.bak -e {s/\(set ::env(CURRENT_NETLIST)\).*/\1 \/openlane\/designs\/projectweek2\/runs\/RUN_2025.05.04_11.04.10\/results\/synthesis\/lab2.v/} /openlane/designs/projectweek2/runs/RUN_2025.05.04_11.04.10/config.tcl}"

Sun May 04 11:04:13 +0000 2025 - Executing "{sed -i.bak /defparam/d /openlane/designs/projectweek2/runs/RUN_2025.05.04_11.04.10/results/synthesis/lab2.v}"

Sun May 04 11:04:13 +0000 2025 - Executing "sta -exit -no_init /openlane/scripts/openroad/sta/multi_corner.tcl |& tee /dev/null /openlane/designs/projectweek2/runs/RUN_2025.05.04_11.04.10/logs/synthesis/2-sta.log"

Sun May 04 11:04:13 +0000 2025 - Executing "{sta -exit -no_init /openlane/scripts/openroad/sta/multi_corner.tcl |& tee /dev/null /openlane/designs/projectweek2/runs/RUN_2025.05.04_11.04.10/logs/synthesis/2-sta.log}"

Sun May 04 11:04:14 +0000 2025 - Executing "openroad -exit /openlane/scripts/openroad/floorplan.tcl |& tee /dev/null /openlane/designs/projectweek2/runs/RUN_2025.05.04_11.04.10/logs/floorplan/3-initial_fp.log"

Sun May 04 11:04:14 +0000 2025 - Executing "{openroad -exit /openlane/scripts/openroad/floorplan.tcl |& tee /dev/null /openlane/designs/projectweek2/runs/RUN_2025.05.04_11.04.10/logs/floorplan/3-initial_fp.log}"

Sun May 04 11:04:14 +0000 2025 - Executing "{openroad -exit -no_init -python /openlane/scripts/odbpy/snap_to_grid.py --output /openlane/designs/projectweek2/runs/RUN_2025.05.04_11.04.10/tmp/floorplan/3-minimized_pdn.txt --input-lef /openlane/designs/projectweek2/runs/RUN_2025.05.04_11.04.10/tmp/merged.nom.lef 6.095000000000001 7.14 12.190000000000001 14.28}"

Sun May 04 11:04:15 +0000 2025 - Executing "{openroad -exit -no_init -python /openlane/scripts/odbpy/defutil.py extract_core_dims --output-data /openlane/designs/projectweek2/runs/RUN_2025.05.04_11.04.10/tmp/dimensions.txt --input-lef /openlane/designs/projectweek2/runs/RUN_2025.05.04_11.04.10/tmp/merged.nom.lef /openlane/designs/projectweek2/runs/RUN_2025.05.04_11.04.10/tmp/floorplan/3-initial_fp.def}"

Sun May 04 11:04:15 +0000 2025 - Executing "{openroad -exit -no_init -python /openlane/scripts/odbpy/io_place.py --config /openlane/designs/projectweek2/pin_order.cfg --hor-layer met3 --ver-layer met2 --ver-width-mult 2 --hor-width-mult 2 --hor-extension 0 --ver-extension 0 --length 4 --unmatched-error --input-lef /openlane/designs/projectweek2/runs/RUN_2025.05.04_11.04.10/tmp/merged.nom.lef --output-def /openlane/designs/projectweek2/runs/RUN_2025.05.04_11.04.10/tmp/floorplan/4-io.def --output /openlane/designs/projectweek2/runs/RUN_2025.05.04_11.04.10/tmp/floorplan/4-io.odb /openlane/designs/projectweek2/runs/RUN_2025.05.04_11.04.10/tmp/floorplan/3-initial_fp.odb |& tee /dev/null /openlane/designs/projectweek2/runs/RUN_2025.05.04_11.04.10/logs/floorplan/4-place_io.log}"

Sun May 04 11:04:15 +0000 2025 - Executing "openroad -exit /openlane/scripts/openroad/tapcell.tcl |& tee /dev/null /openlane/designs/projectweek2/runs/RUN_2025.05.04_11.04.10/logs/floorplan/5-tap.log"

Sun May 04 11:04:15 +0000 2025 - Executing "{openroad -exit /openlane/scripts/openroad/tapcell.tcl |& tee /dev/null /openlane/designs/projectweek2/runs/RUN_2025.05.04_11.04.10/logs/floorplan/5-tap.log}"

Sun May 04 11:04:16 +0000 2025 - Executing "openroad -exit /openlane/scripts/openroad/pdn.tcl |& tee /dev/null /openlane/designs/projectweek2/runs/RUN_2025.05.04_11.04.10/logs/floorplan/6-pdn.log"

Sun May 04 11:04:16 +0000 2025 - Executing "{openroad -exit /openlane/scripts/openroad/pdn.tcl |& tee /dev/null /openlane/designs/projectweek2/runs/RUN_2025.05.04_11.04.10/logs/floorplan/6-pdn.log}"

Sun May 04 11:04:16 +0000 2025 - Executing "openroad -exit /openlane/scripts/openroad/gpl.tcl |& tee /dev/null /openlane/designs/projectweek2/runs/RUN_2025.05.04_11.04.10/logs/placement/6-global.log"

Sun May 04 11:04:16 +0000 2025 - Executing "{openroad -exit /openlane/scripts/openroad/gpl.tcl |& tee /dev/null /openlane/designs/projectweek2/runs/RUN_2025.05.04_11.04.10/logs/placement/6-global.log}"

Sun May 04 11:04:17 +0000 2025 - Executing "{sed -i.bak -e {s/\(set ::env(CURRENT_NETLIST)\).*/\1 \/openlane\/designs\/projectweek2\/runs\/RUN_2025.05.04_11.04.10\/tmp\/placement\/7-global.nl.v/} /openlane/designs/projectweek2/runs/RUN_2025.05.04_11.04.10/config.tcl}"

Sun May 04 11:04:17 +0000 2025 - Executing "openroad -exit /openlane/scripts/openroad/sta/multi_corner.tcl |& tee /dev/null /openlane/designs/projectweek2/runs/RUN_2025.05.04_11.04.10/logs/placement/8-gpl_sta.log"

Sun May 04 11:04:17 +0000 2025 - Executing "{openroad -exit /openlane/scripts/openroad/sta/multi_corner.tcl |& tee /dev/null /openlane/designs/projectweek2/runs/RUN_2025.05.04_11.04.10/logs/placement/8-gpl_sta.log}"

Sun May 04 11:04:18 +0000 2025 - Executing "openroad -exit /openlane/scripts/openroad/resizer.tcl |& tee /dev/null /openlane/designs/projectweek2/runs/RUN_2025.05.04_11.04.10/logs/placement/9-resizer.log"

Sun May 04 11:04:18 +0000 2025 - Executing "{openroad -exit /openlane/scripts/openroad/resizer.tcl |& tee /dev/null /openlane/designs/projectweek2/runs/RUN_2025.05.04_11.04.10/logs/placement/9-resizer.log}"

Sun May 04 11:04:20 +0000 2025 - Executing "{sed -i.bak -e {s/\(set ::env(CURRENT_NETLIST)\).*/\1 \/openlane\/designs\/projectweek2\/runs\/RUN_2025.05.04_11.04.10\/tmp\/placement\/9-resizer.nl.v/} /openlane/designs/projectweek2/runs/RUN_2025.05.04_11.04.10/config.tcl}"

Sun May 04 11:04:20 +0000 2025 - Executing "openroad -exit /openlane/scripts/openroad/dpl.tcl |& tee /dev/null /openlane/designs/projectweek2/runs/RUN_2025.05.04_11.04.10/logs/placement/10-detailed.log"

Sun May 04 11:04:20 +0000 2025 - Executing "{openroad -exit /openlane/scripts/openroad/dpl.tcl |& tee /dev/null /openlane/designs/projectweek2/runs/RUN_2025.05.04_11.04.10/logs/placement/10-detailed.log}"

Sun May 04 11:04:20 +0000 2025 - Executing "{sed -i.bak -e {s/\(set ::env(CURRENT_NETLIST)\).*/\1 \/openlane\/designs\/projectweek2\/runs\/RUN_2025.05.04_11.04.10\/results\/placement\/lab2.nl.v/} /openlane/designs/projectweek2/runs/RUN_2025.05.04_11.04.10/config.tcl}"

Sun May 04 11:04:20 +0000 2025 - Executing "openroad -exit /openlane/scripts/openroad/sta/multi_corner.tcl |& tee /dev/null /openlane/designs/projectweek2/runs/RUN_2025.05.04_11.04.10/logs/placement/11-dpl_sta.log"

Sun May 04 11:04:20 +0000 2025 - Executing "{openroad -exit /openlane/scripts/openroad/sta/multi_corner.tcl |& tee /dev/null /openlane/designs/projectweek2/runs/RUN_2025.05.04_11.04.10/logs/placement/11-dpl_sta.log}"

Sun May 04 11:04:21 +0000 2025 - Executing "openroad -exit /openlane/scripts/openroad/resizer_timing.tcl |& tee /dev/null /openlane/designs/projectweek2/runs/RUN_2025.05.04_11.04.10/logs/cts/12-resizer.log"

Sun May 04 11:04:21 +0000 2025 - Executing "{openroad -exit /openlane/scripts/openroad/resizer_timing.tcl |& tee /dev/null /openlane/designs/projectweek2/runs/RUN_2025.05.04_11.04.10/logs/cts/12-resizer.log}"

Sun May 04 11:04:22 +0000 2025 - Executing "{sed -i.bak -e {s/\(set ::env(CURRENT_NETLIST)\).*/\1 \/openlane\/designs\/projectweek2\/runs\/RUN_2025.05.04_11.04.10\/tmp\/cts\/12-lab2.resized.nl.v/} /openlane/designs/projectweek2/runs/RUN_2025.05.04_11.04.10/config.tcl}"

Sun May 04 11:04:22 +0000 2025 - Executing "openroad -exit /openlane/scripts/openroad/resizer_routing_design.tcl |& tee /dev/null /openlane/designs/projectweek2/runs/RUN_2025.05.04_11.04.10/logs/routing/13-resizer_design.log"

Sun May 04 11:04:22 +0000 2025 - Executing "{openroad -exit /openlane/scripts/openroad/resizer_routing_design.tcl |& tee /dev/null /openlane/designs/projectweek2/runs/RUN_2025.05.04_11.04.10/logs/routing/13-resizer_design.log}"

Sun May 04 11:04:24 +0000 2025 - Executing "{sed -i.bak -e {s/\(set ::env(CURRENT_NETLIST)\).*/\1 \/openlane\/designs\/projectweek2\/runs\/RUN_2025.05.04_11.04.10\/tmp\/13-lab2.nl.v/} /openlane/designs/projectweek2/runs/RUN_2025.05.04_11.04.10/config.tcl}"

Sun May 04 11:04:24 +0000 2025 - Executing "openroad -exit /openlane/scripts/openroad/sta/multi_corner.tcl |& tee /dev/null /openlane/designs/projectweek2/runs/RUN_2025.05.04_11.04.10/logs/routing/14-rsz_design_sta.log"

Sun May 04 11:04:24 +0000 2025 - Executing "{openroad -exit /openlane/scripts/openroad/sta/multi_corner.tcl |& tee /dev/null /openlane/designs/projectweek2/runs/RUN_2025.05.04_11.04.10/logs/routing/14-rsz_design_sta.log}"

Sun May 04 11:04:24 +0000 2025 - Executing "openroad -exit /openlane/scripts/openroad/resizer_routing_timing.tcl |& tee /dev/null /openlane/designs/projectweek2/runs/RUN_2025.05.04_11.04.10/logs/routing/15-resizer_timing.log"

Sun May 04 11:04:25 +0000 2025 - Executing "{openroad -exit /openlane/scripts/openroad/resizer_routing_timing.tcl |& tee /dev/null /openlane/designs/projectweek2/runs/RUN_2025.05.04_11.04.10/logs/routing/15-resizer_timing.log}"

Sun May 04 11:04:26 +0000 2025 - Executing "{sed -i.bak -e {s/\(set ::env(CURRENT_NETLIST)\).*/\1 \/openlane\/designs\/projectweek2\/runs\/RUN_2025.05.04_11.04.10\/tmp\/15-lab2.nl.v/} /openlane/designs/projectweek2/runs/RUN_2025.05.04_11.04.10/config.tcl}"

Sun May 04 11:04:26 +0000 2025 - Executing "openroad -exit /openlane/scripts/openroad/sta/multi_corner.tcl |& tee /dev/null /openlane/designs/projectweek2/runs/RUN_2025.05.04_11.04.10/logs/routing/16-rsz_timing_sta.log"

Sun May 04 11:04:26 +0000 2025 - Executing "{openroad -exit /openlane/scripts/openroad/sta/multi_corner.tcl |& tee /dev/null /openlane/designs/projectweek2/runs/RUN_2025.05.04_11.04.10/logs/routing/16-rsz_timing_sta.log}"

Sun May 04 11:04:27 +0000 2025 - Executing "openroad -exit /openlane/scripts/openroad/repair_antennas.tcl |& tee /dev/null /openlane/designs/projectweek2/runs/RUN_2025.05.04_11.04.10/logs/routing/17-global.log"

Sun May 04 11:04:27 +0000 2025 - Executing "{openroad -exit /openlane/scripts/openroad/repair_antennas.tcl |& tee /dev/null /openlane/designs/projectweek2/runs/RUN_2025.05.04_11.04.10/logs/routing/17-global.log}"

Sun May 04 11:04:27 +0000 2025 - Executing "openroad -exit /openlane/scripts/openroad/write_views.tcl |& tee /dev/null /openlane/designs/projectweek2/runs/RUN_2025.05.04_11.04.10/logs/routing/17-global_write_netlist.log"

Sun May 04 11:04:27 +0000 2025 - Executing "{openroad -exit /openlane/scripts/openroad/write_views.tcl |& tee /dev/null /openlane/designs/projectweek2/runs/RUN_2025.05.04_11.04.10/logs/routing/17-global_write_netlist.log}"

Sun May 04 11:04:27 +0000 2025 - Executing "{sed -i.bak -e {s/\(set ::env(CURRENT_NETLIST)\).*/\1 \/openlane\/designs\/projectweek2\/runs\/RUN_2025.05.04_11.04.10\/tmp\/routing\/global.nl.v/} /openlane/designs/projectweek2/runs/RUN_2025.05.04_11.04.10/config.tcl}"

Sun May 04 11:04:28 +0000 2025 - Executing "openroad -exit /openlane/scripts/openroad/sta/multi_corner.tcl |& tee /dev/null /openlane/designs/projectweek2/runs/RUN_2025.05.04_11.04.10/logs/routing/19-grt_sta.log"

Sun May 04 11:04:28 +0000 2025 - Executing "{openroad -exit /openlane/scripts/openroad/sta/multi_corner.tcl |& tee /dev/null /openlane/designs/projectweek2/runs/RUN_2025.05.04_11.04.10/logs/routing/19-grt_sta.log}"

Sun May 04 11:04:28 +0000 2025 - Executing "openroad -exit /openlane/scripts/openroad/fill.tcl |& tee /dev/null /openlane/designs/projectweek2/runs/RUN_2025.05.04_11.04.10/logs/routing/20-fill.log"

Sun May 04 11:04:28 +0000 2025 - Executing "{openroad -exit /openlane/scripts/openroad/fill.tcl |& tee /dev/null /openlane/designs/projectweek2/runs/RUN_2025.05.04_11.04.10/logs/routing/20-fill.log}"

Sun May 04 11:04:29 +0000 2025 - Executing "{sed -i.bak -e {s/\(set ::env(CURRENT_NETLIST)\).*/\1 \/openlane\/designs\/projectweek2\/runs\/RUN_2025.05.04_11.04.10\/tmp\/routing\/20-fill.nl.v/} /openlane/designs/projectweek2/runs/RUN_2025.05.04_11.04.10/config.tcl}"

Sun May 04 11:04:29 +0000 2025 - Executing "openroad -exit -metrics /openlane/designs/projectweek2/runs/RUN_2025.05.04_11.04.10/reports/routing/21-drt_metrics.json /openlane/scripts/openroad/droute.tcl |& tee /dev/null /openlane/designs/projectweek2/runs/RUN_2025.05.04_11.04.10/logs/routing/21-detailed.log"

Sun May 04 11:04:29 +0000 2025 - Executing "{openroad -exit -metrics /openlane/designs/projectweek2/runs/RUN_2025.05.04_11.04.10/reports/routing/21-drt_metrics.json /openlane/scripts/openroad/droute.tcl |& tee /dev/null /openlane/designs/projectweek2/runs/RUN_2025.05.04_11.04.10/logs/routing/21-detailed.log}"

Sun May 04 11:04:48 +0000 2025 - Executing "{sed -i.bak -e {s/\(set ::env(CURRENT_NETLIST)\).*/\1 \/openlane\/designs\/projectweek2\/runs\/RUN_2025.05.04_11.04.10\/results\/routing\/lab2.nl.v/} /openlane/designs/projectweek2/runs/RUN_2025.05.04_11.04.10/config.tcl}"

Sun May 04 11:04:48 +0000 2025 - Executing "{python3 /openlane/scripts/drc_rosetta.py tr to_klayout -o /openlane/designs/projectweek2/runs/RUN_2025.05.04_11.04.10/reports/routing/drt.klayout.xml --design-name lab2 /openlane/designs/projectweek2/runs/RUN_2025.05.04_11.04.10/reports/routing/drt.drc}"

Sun May 04 11:04:48 +0000 2025 - Executing "{openroad -exit -no_init -python /openlane/scripts/odbpy/wire_lengths.py --report-out /openlane/designs/projectweek2/runs/RUN_2025.05.04_11.04.10/reports/routing/22-wire_lengths.csv --input-lef /openlane/designs/projectweek2/runs/RUN_2025.05.04_11.04.10/tmp/merged.nom.lef --output-def /openlane/designs/projectweek2/runs/RUN_2025.05.04_11.04.10/results/routing/lab2.def --output /openlane/designs/projectweek2/runs/RUN_2025.05.04_11.04.10/results/routing/lab2.odb /openlane/designs/projectweek2/runs/RUN_2025.05.04_11.04.10/results/routing/lab2.odb |& tee /dev/null /openlane/designs/projectweek2/runs/RUN_2025.05.04_11.04.10/logs/routing/22-wire_lengths.log}"

Sun May 04 11:04:48 +0000 2025 - Executing "openroad -exit /openlane/scripts/openroad/rcx.tcl |& tee /dev/null /openlane/designs/projectweek2/runs/RUN_2025.05.04_11.04.10/logs/signoff/23-parasitics_extraction.min.log"

Sun May 04 11:04:48 +0000 2025 - Executing "{openroad -exit /openlane/scripts/openroad/rcx.tcl |& tee /dev/null /openlane/designs/projectweek2/runs/RUN_2025.05.04_11.04.10/logs/signoff/23-parasitics_extraction.min.log}"

Sun May 04 11:04:49 +0000 2025 - Executing "sta -exit -no_init /openlane/scripts/openroad/sta/multi_corner.tcl |& tee /dev/null /openlane/designs/projectweek2/runs/RUN_2025.05.04_11.04.10/logs/signoff/24-rcx_mcsta.min.log"

Sun May 04 11:04:49 +0000 2025 - Executing "{sta -exit -no_init /openlane/scripts/openroad/sta/multi_corner.tcl |& tee /dev/null /openlane/designs/projectweek2/runs/RUN_2025.05.04_11.04.10/logs/signoff/24-rcx_mcsta.min.log}"

Sun May 04 11:04:51 +0000 2025 - Executing "openroad -exit /openlane/scripts/openroad/rcx.tcl |& tee /dev/null /openlane/designs/projectweek2/runs/RUN_2025.05.04_11.04.10/logs/signoff/25-parasitics_extraction.max.log"

Sun May 04 11:04:51 +0000 2025 - Executing "{openroad -exit /openlane/scripts/openroad/rcx.tcl |& tee /dev/null /openlane/designs/projectweek2/runs/RUN_2025.05.04_11.04.10/logs/signoff/25-parasitics_extraction.max.log}"

Sun May 04 11:04:51 +0000 2025 - Executing "sta -exit -no_init /openlane/scripts/openroad/sta/multi_corner.tcl |& tee /dev/null /openlane/designs/projectweek2/runs/RUN_2025.05.04_11.04.10/logs/signoff/26-rcx_mcsta.max.log"

Sun May 04 11:04:51 +0000 2025 - Executing "{sta -exit -no_init /openlane/scripts/openroad/sta/multi_corner.tcl |& tee /dev/null /openlane/designs/projectweek2/runs/RUN_2025.05.04_11.04.10/logs/signoff/26-rcx_mcsta.max.log}"

Sun May 04 11:04:53 +0000 2025 - Executing "openroad -exit /openlane/scripts/openroad/rcx.tcl |& tee /dev/null /openlane/designs/projectweek2/runs/RUN_2025.05.04_11.04.10/logs/signoff/27-parasitics_extraction.nom.log"

Sun May 04 11:04:53 +0000 2025 - Executing "{openroad -exit /openlane/scripts/openroad/rcx.tcl |& tee /dev/null /openlane/designs/projectweek2/runs/RUN_2025.05.04_11.04.10/logs/signoff/27-parasitics_extraction.nom.log}"

Sun May 04 11:04:53 +0000 2025 - Executing "sta -exit -no_init /openlane/scripts/openroad/sta/multi_corner.tcl |& tee /dev/null /openlane/designs/projectweek2/runs/RUN_2025.05.04_11.04.10/logs/signoff/28-rcx_mcsta.nom.log"

Sun May 04 11:04:53 +0000 2025 - Executing "{sta -exit -no_init /openlane/scripts/openroad/sta/multi_corner.tcl |& tee /dev/null /openlane/designs/projectweek2/runs/RUN_2025.05.04_11.04.10/logs/signoff/28-rcx_mcsta.nom.log}"

Sun May 04 11:04:55 +0000 2025 - Executing "openroad -exit /openlane/scripts/openroad/irdrop.tcl |& tee /dev/null /openlane/designs/projectweek2/runs/RUN_2025.05.04_11.04.10/logs/signoff/29-irdrop.log"

Sun May 04 11:04:55 +0000 2025 - Executing "{openroad -exit /openlane/scripts/openroad/irdrop.tcl |& tee /dev/null /openlane/designs/projectweek2/runs/RUN_2025.05.04_11.04.10/logs/signoff/29-irdrop.log}"

Sun May 04 11:04:56 +0000 2025 - Executing "magic -noconsole -dnull -rcfile /home/gokay/.volare/sky130A/libs.tech/magic/sky130A.magicrc < /openlane/scripts/magic/wrapper.tcl |& tee /dev/null /openlane/designs/projectweek2/runs/RUN_2025.05.04_11.04.10/logs/signoff/30-gdsii.log"

Sun May 04 11:04:56 +0000 2025 - Executing "{magic -noconsole -dnull -rcfile /home/gokay/.volare/sky130A/libs.tech/magic/sky130A.magicrc < /openlane/scripts/magic/wrapper.tcl |& tee /dev/null /openlane/designs/projectweek2/runs/RUN_2025.05.04_11.04.10/logs/signoff/30-gdsii.log}"

Sun May 04 11:04:56 +0000 2025 - Executing "magic -noconsole -dnull -rcfile /home/gokay/.volare/sky130A/libs.tech/magic/sky130A.magicrc < /openlane/scripts/magic/wrapper.tcl |& tee /dev/null /openlane/designs/projectweek2/runs/RUN_2025.05.04_11.04.10/logs/signoff/30-gds_ptrs.log"

Sun May 04 11:04:56 +0000 2025 - Executing "{magic -noconsole -dnull -rcfile /home/gokay/.volare/sky130A/libs.tech/magic/sky130A.magicrc < /openlane/scripts/magic/wrapper.tcl |& tee /dev/null /openlane/designs/projectweek2/runs/RUN_2025.05.04_11.04.10/logs/signoff/30-gds_ptrs.log}"

Sun May 04 11:04:56 +0000 2025 - Executing "{sed -i.bak -n {/^<< properties >>/,/^<< end >>/p} /openlane/designs/projectweek2/runs/RUN_2025.05.04_11.04.10/tmp/signoff/gds_ptrs.mag}"

Sun May 04 11:04:56 +0000 2025 - Executing "magic -noconsole -dnull -rcfile /home/gokay/.volare/sky130A/libs.tech/magic/sky130A.magicrc < /openlane/scripts/magic/wrapper.tcl |& tee /dev/null /openlane/designs/projectweek2/runs/RUN_2025.05.04_11.04.10/logs/signoff/30-lef.log"

Sun May 04 11:04:56 +0000 2025 - Executing "{magic -noconsole -dnull -rcfile /home/gokay/.volare/sky130A/libs.tech/magic/sky130A.magicrc < /openlane/scripts/magic/wrapper.tcl |& tee /dev/null /openlane/designs/projectweek2/runs/RUN_2025.05.04_11.04.10/logs/signoff/30-lef.log}"

Sun May 04 11:04:57 +0000 2025 - Executing "magic -noconsole -dnull -rcfile /home/gokay/.volare/sky130A/libs.tech/magic/sky130A.magicrc < /openlane/scripts/magic/wrapper.tcl |& tee /dev/null /openlane/designs/projectweek2/runs/RUN_2025.05.04_11.04.10/logs/signoff/30-maglef.log"

Sun May 04 11:04:57 +0000 2025 - Executing "{magic -noconsole -dnull -rcfile /home/gokay/.volare/sky130A/libs.tech/magic/sky130A.magicrc < /openlane/scripts/magic/wrapper.tcl |& tee /dev/null /openlane/designs/projectweek2/runs/RUN_2025.05.04_11.04.10/logs/signoff/30-maglef.log}"

Sun May 04 11:04:57 +0000 2025 - Executing "{python3 /openlane/scripts/klayout/stream_out.py --output /openlane/designs/projectweek2/runs/RUN_2025.05.04_11.04.10/results/signoff/lab2.klayout.gds --lyt /home/gokay/.volare/sky130A/libs.tech/klayout/tech/sky130A.lyt --lym /home/gokay/.volare/sky130A/libs.tech/klayout/tech/sky130A.map --lyp /home/gokay/.volare/sky130A/libs.tech/klayout/tech/sky130A.lyp --top lab2 --with-gds-file /home/gokay/.volare/sky130A/libs.ref/sky130_fd_sc_hd/gds/sky130_fd_sc_hd.gds --input-lef /openlane/designs/projectweek2/runs/RUN_2025.05.04_11.04.10/tmp/merged.nom.lef /openlane/designs/projectweek2/runs/RUN_2025.05.04_11.04.10/results/routing/lab2.def |& tee /dev/null /openlane/designs/projectweek2/runs/RUN_2025.05.04_11.04.10/logs/signoff/31-gdsii-klayout.log}"

Sun May 04 11:04:57 +0000 2025 - Executing "{klayout -b -r /openlane/scripts/klayout/xor.drc -rd a=/openlane/designs/projectweek2/runs/RUN_2025.05.04_11.04.10/results/signoff/lab2.gds -rd b=/openlane/designs/projectweek2/runs/RUN_2025.05.04_11.04.10/results/signoff/lab2.klayout.gds -rd jobs=1 -rd rdb_out=/openlane/designs/projectweek2/runs/RUN_2025.05.04_11.04.10/reports/signoff/32-xor.xml -rd ignore=81/14 -rd rpt_out=/openlane/designs/projectweek2/runs/RUN_2025.05.04_11.04.10/reports/signoff/32-xor.rpt |& tee /dev/null /openlane/designs/projectweek2/runs/RUN_2025.05.04_11.04.10/logs/signoff/32-xor.log}"

Sun May 04 11:04:58 +0000 2025 - Executing "magic -noconsole -dnull -rcfile /home/gokay/.volare/sky130A/libs.tech/magic/sky130A.magicrc < /openlane/scripts/magic/wrapper.tcl |& tee /dev/null /openlane/designs/projectweek2/runs/RUN_2025.05.04_11.04.10/logs/signoff/33-spice.log"

Sun May 04 11:04:58 +0000 2025 - Executing "{magic -noconsole -dnull -rcfile /home/gokay/.volare/sky130A/libs.tech/magic/sky130A.magicrc < /openlane/scripts/magic/wrapper.tcl |& tee /dev/null /openlane/designs/projectweek2/runs/RUN_2025.05.04_11.04.10/logs/signoff/33-spice.log}"

Sun May 04 11:04:58 +0000 2025 - Executing "{openroad -exit -no_init -python /openlane/scripts/odbpy/power_utils.py write_powered_def --output /openlane/designs/projectweek2/runs/RUN_2025.05.04_11.04.10/tmp/signoff/33-lab2.p.def --input-lef /openlane/designs/projectweek2/runs/RUN_2025.05.04_11.04.10/tmp/merged.nom.lef --power-port VPWR --ground-port VGND --powered-netlist {} /openlane/designs/projectweek2/runs/RUN_2025.05.04_11.04.10/results/routing/lab2.def |& tee /dev/null /openlane/designs/projectweek2/runs/RUN_2025.05.04_11.04.10/logs/signoff/34-write_powered_def.log}"

Sun May 04 11:04:59 +0000 2025 - Executing "openroad -exit /openlane/scripts/openroad/write_views.tcl |& tee /dev/null /openlane/designs/projectweek2/runs/RUN_2025.05.04_11.04.10/logs/signoff/34-write_powered_verilog.log"

Sun May 04 11:04:59 +0000 2025 - Executing "{openroad -exit /openlane/scripts/openroad/write_views.tcl |& tee /dev/null /openlane/designs/projectweek2/runs/RUN_2025.05.04_11.04.10/logs/signoff/34-write_powered_verilog.log}"

Sun May 04 11:04:59 +0000 2025 - Executing "{sed -i.bak -e {s/\(set ::env(CURRENT_NETLIST)\).*/\1 \/openlane\/designs\/projectweek2\/runs\/RUN_2025.05.04_11.04.10\/tmp\/signoff\/33-lab2.nl.v/} /openlane/designs/projectweek2/runs/RUN_2025.05.04_11.04.10/config.tcl}"

Sun May 04 11:04:59 +0000 2025 - Executing "{netgen -batch source /openlane/designs/projectweek2/runs/RUN_2025.05.04_11.04.10/tmp/signoff/36-setup_file.lef.lvs |& tee /dev/null /openlane/designs/projectweek2/runs/RUN_2025.05.04_11.04.10/logs/signoff/36-lvs.lef.log}"

Sun May 04 11:05:00 +0000 2025 - Executing "magic -noconsole -dnull -rcfile /home/gokay/.volare/sky130A/libs.tech/magic/sky130A.magicrc < /openlane/scripts/magic/wrapper.tcl |& tee /dev/null /openlane/designs/projectweek2/runs/RUN_2025.05.04_11.04.10/logs/signoff/37-drc.log"

Sun May 04 11:05:00 +0000 2025 - Executing "{magic -noconsole -dnull -rcfile /home/gokay/.volare/sky130A/libs.tech/magic/sky130A.magicrc < /openlane/scripts/magic/wrapper.tcl |& tee /dev/null /openlane/designs/projectweek2/runs/RUN_2025.05.04_11.04.10/logs/signoff/37-drc.log}"

Sun May 04 11:05:00 +0000 2025 - Executing "{python3 /openlane/scripts/drc_rosetta.py magic to_tcl -o /openlane/designs/projectweek2/runs/RUN_2025.05.04_11.04.10/reports/signoff/drc.tcl /openlane/designs/projectweek2/runs/RUN_2025.05.04_11.04.10/reports/signoff/drc.rpt}"

Sun May 04 11:05:00 +0000 2025 - Executing "{python3 /openlane/scripts/drc_rosetta.py magic to_tr -o /openlane/designs/projectweek2/runs/RUN_2025.05.04_11.04.10/reports/signoff/drc.tr /openlane/designs/projectweek2/runs/RUN_2025.05.04_11.04.10/reports/signoff/drc.rpt}"

Sun May 04 11:05:00 +0000 2025 - Executing "{python3 /openlane/scripts/drc_rosetta.py tr to_klayout -o /openlane/designs/projectweek2/runs/RUN_2025.05.04_11.04.10/reports/signoff/drc.klayout.xml --design-name lab2 /openlane/designs/projectweek2/runs/RUN_2025.05.04_11.04.10/reports/signoff/drc.tr}"

Sun May 04 11:05:00 +0000 2025 - Executing "{python3 /openlane/scripts/drc_rosetta.py magic to_rdb -o /openlane/designs/projectweek2/runs/RUN_2025.05.04_11.04.10/reports/signoff/drc.rdb /openlane/designs/projectweek2/runs/RUN_2025.05.04_11.04.10/reports/signoff/drc.rpt}"

Sun May 04 11:05:00 +0000 2025 - Executing "{klayout -b -zz -r /home/gokay/.volare/sky130A/libs.tech/klayout/drc/sky130A_mr.drc -rd topcell=lab2 -rd input=/openlane/designs/projectweek2/runs/RUN_2025.05.04_11.04.10/results/signoff/lab2.gds -rd report=/openlane/designs/projectweek2/runs/RUN_2025.05.04_11.04.10/reports/signoff/violations.xml -rd feol=true -rd beol=true -rd floating_metal=false -rd seal=true -rd thread=1 |& tee /dev/null /openlane/designs/projectweek2/runs/RUN_2025.05.04_11.04.10/logs/signoff/38-drc-klayout.log}"

Sun May 04 11:05:02 +0000 2025 - Executing "{python3 /openlane/scripts/klayout/xml_drc_report_to_json.py --xml-file /openlane/designs/projectweek2/runs/RUN_2025.05.04_11.04.10/reports/signoff/violations.xml --json-file /openlane/designs/projectweek2/runs/RUN_2025.05.04_11.04.10/reports/signoff/violations.json}"

Sun May 04 11:05:02 +0000 2025 - Executing "openroad -exit /openlane/scripts/openroad/antenna_check.tcl |& tee /dev/null /openlane/designs/projectweek2/runs/RUN_2025.05.04_11.04.10/logs/signoff/39-arc.log"

Sun May 04 11:05:02 +0000 2025 - Executing "{openroad -exit /openlane/scripts/openroad/antenna_check.tcl |& tee /dev/null /openlane/designs/projectweek2/runs/RUN_2025.05.04_11.04.10/logs/signoff/39-arc.log}"

Sun May 04 11:05:02 +0000 2025 - Executing "{python3 /openlane/scripts/extract_antenna_violators.py --output /openlane/designs/projectweek2/runs/RUN_2025.05.04_11.04.10/reports/signoff/39-antenna_violators.rpt --plain-out /openlane/designs/projectweek2/runs/RUN_2025.05.04_11.04.10/reports/signoff/39-antenna_violators_pins.txt /openlane/designs/projectweek2/runs/RUN_2025.05.04_11.04.10/logs/signoff/39-arc.log}"

Sun May 04 11:05:03 +0000 2025 - Executing "{python3 /openlane/scripts/write_runtime.py --conclude --seconds --time-in 1746356703 {flow completed}}"

Sun May 04 11:05:03 +0000 2025 - Executing "{python3 /openlane/scripts/generate_reports.py -d /openlane/designs/projectweek2 --design_name lab2 --tag RUN_2025.05.04_11.04.10 --output_file /openlane/designs/projectweek2/runs/RUN_2025.05.04_11.04.10/reports/metrics.csv --man_report /openlane/designs/projectweek2/runs/RUN_2025.05.04_11.04.10/reports/manufacturability.rpt --run_path /openlane/designs/projectweek2/runs/RUN_2025.05.04_11.04.10}"

