
===========================================================================
 report_power
============================================================================
======================= Fastest Corner ===================================

Group                  Internal  Switching    Leakage      Total
                          Power      Power      Power      Power (Watts)
----------------------------------------------------------------
Sequential             0.00e+00   0.00e+00   0.00e+00   0.00e+00   0.0%
Combinational          4.07e-05   6.47e-05   1.18e-09   1.05e-04 100.0%
Clock                  0.00e+00   0.00e+00   3.62e-10   3.62e-10   0.0%
Macro                  0.00e+00   0.00e+00   0.00e+00   0.00e+00   0.0%
Pad                    0.00e+00   0.00e+00   0.00e+00   0.00e+00   0.0%
----------------------------------------------------------------
Total                  4.07e-05   6.47e-05   1.54e-09   1.05e-04 100.0%
                          38.6%      61.4%       0.0%

======================= Slowest Corner ===================================

Group                  Internal  Switching    Leakage      Total
                          Power      Power      Power      Power (Watts)
----------------------------------------------------------------
Sequential             0.00e+00   0.00e+00   0.00e+00   0.00e+00   0.0%
Combinational          3.09e-05   4.30e-05   8.47e-07   7.47e-05 100.0%
Clock                  0.00e+00   0.00e+00   3.62e-10   3.62e-10   0.0%
Macro                  0.00e+00   0.00e+00   0.00e+00   0.00e+00   0.0%
Pad                    0.00e+00   0.00e+00   0.00e+00   0.00e+00   0.0%
----------------------------------------------------------------
Total                  3.09e-05   4.30e-05   8.48e-07   7.47e-05 100.0%
                          41.3%      57.5%       1.1%

======================= Typical Corner ===================================

Group                  Internal  Switching    Leakage      Total
                          Power      Power      Power      Power (Watts)
----------------------------------------------------------------
Sequential             0.00e+00   0.00e+00   0.00e+00   0.00e+00   0.0%
Combinational          3.76e-05   5.47e-05   6.75e-10   9.24e-05 100.0%
Clock                  0.00e+00   0.00e+00   3.62e-10   3.62e-10   0.0%
Macro                  0.00e+00   0.00e+00   0.00e+00   0.00e+00   0.0%
Pad                    0.00e+00   0.00e+00   0.00e+00   0.00e+00   0.0%
----------------------------------------------------------------
Total                  3.76e-05   5.47e-05   1.04e-09   9.24e-05 100.0%
                          40.7%      59.3%       0.0%

