
===========================================================================
report_checks -path_delay max (Setup)
============================================================================
======================= Fastest Corner ===================================

Startpoint: opcode[1] (input port clocked by __VIRTUAL_CLK__)
Endpoint: out[7] (output port clocked by __VIRTUAL_CLK__)
Path Group: __VIRTUAL_CLK__
Path Type: max
Corner: Fastest

Fanout     Cap    Slew   Delay    Time   Description
-----------------------------------------------------------------------------
                  0.00    0.00    0.00   clock __VIRTUAL_CLK__ (rise edge)
                          0.00    0.00   clock network delay (ideal)
                          2.00    2.00 ^ input external delay
     1    0.00    0.01    0.01    2.01 ^ opcode[1] (in)
                                         opcode[1] (net)
                  0.01    0.00    2.01 ^ input18/A (sky130_fd_sc_hd__dlymetal6s2s_1)
     5    0.02    0.16    0.15    2.16 ^ input18/X (sky130_fd_sc_hd__dlymetal6s2s_1)
                                         net18 (net)
                  0.16    0.00    2.16 ^ _222_/B (sky130_fd_sc_hd__nand3b_4)
     8    0.03    0.08    0.09    2.25 v _222_/Y (sky130_fd_sc_hd__nand3b_4)
                                         _150_ (net)
                  0.08    0.00    2.25 v _234_/C (sky130_fd_sc_hd__and3_1)
     2    0.01    0.04    0.15    2.40 v _234_/X (sky130_fd_sc_hd__and3_1)
                                         _001_ (net)
                  0.04    0.00    2.40 v _236_/A1 (sky130_fd_sc_hd__o21a_1)
     4    0.01    0.06    0.16    2.55 v _236_/X (sky130_fd_sc_hd__o21a_1)
                                         _003_ (net)
                  0.06    0.00    2.55 v _239_/B1 (sky130_fd_sc_hd__a211oi_1)
     3    0.01    0.28    0.21    2.76 ^ _239_/Y (sky130_fd_sc_hd__a211oi_1)
                                         _006_ (net)
                  0.28    0.00    2.76 ^ _241_/A2 (sky130_fd_sc_hd__o21ai_2)
     5    0.02    0.08    0.07    2.83 v _241_/Y (sky130_fd_sc_hd__o21ai_2)
                                         _008_ (net)
                  0.08    0.00    2.83 v _248_/A2 (sky130_fd_sc_hd__a311o_2)
     5    0.02    0.06    0.29    3.12 v _248_/X (sky130_fd_sc_hd__a311o_2)
                                         _015_ (net)
                  0.06    0.00    3.12 v _260_/A3 (sky130_fd_sc_hd__a311oi_2)
     3    0.01    0.19    0.23    3.35 ^ _260_/Y (sky130_fd_sc_hd__a311oi_2)
                                         _026_ (net)
                  0.19    0.00    3.35 ^ _280_/A2 (sky130_fd_sc_hd__o21ai_1)
     1    0.00    0.04    0.04    3.39 v _280_/Y (sky130_fd_sc_hd__o21ai_1)
                                         _045_ (net)
                  0.04    0.00    3.39 v _282_/B (sky130_fd_sc_hd__and3_1)
     1    0.00    0.03    0.11    3.50 v _282_/X (sky130_fd_sc_hd__and3_1)
                                         _047_ (net)
                  0.03    0.00    3.50 v _289_/A2 (sky130_fd_sc_hd__o31a_1)
     1    0.01    0.04    0.18    3.68 v _289_/X (sky130_fd_sc_hd__o31a_1)
                                         net27 (net)
                  0.04    0.00    3.68 v output27/A (sky130_fd_sc_hd__buf_2)
     1    0.04    0.06    0.13    3.81 v output27/X (sky130_fd_sc_hd__buf_2)
                                         out[7] (net)
                  0.06    0.00    3.81 v out[7] (out)
                                  3.81   data arrival time

                  0.00   10.00   10.00   clock __VIRTUAL_CLK__ (rise edge)
                          0.00   10.00   clock network delay (ideal)
                         -0.25    9.75   clock uncertainty
                          0.00    9.75   clock reconvergence pessimism
                         -2.00    7.75   output external delay
                                  7.75   data required time
-----------------------------------------------------------------------------
                                  7.75   data required time
                                 -3.81   data arrival time
-----------------------------------------------------------------------------
                                  3.94   slack (MET)


Startpoint: opcode[1] (input port clocked by __VIRTUAL_CLK__)
Endpoint: out[6] (output port clocked by __VIRTUAL_CLK__)
Path Group: __VIRTUAL_CLK__
Path Type: max
Corner: Fastest

Fanout     Cap    Slew   Delay    Time   Description
-----------------------------------------------------------------------------
                  0.00    0.00    0.00   clock __VIRTUAL_CLK__ (rise edge)
                          0.00    0.00   clock network delay (ideal)
                          2.00    2.00 ^ input external delay
     1    0.00    0.01    0.01    2.01 ^ opcode[1] (in)
                                         opcode[1] (net)
                  0.01    0.00    2.01 ^ input18/A (sky130_fd_sc_hd__dlymetal6s2s_1)
     5    0.02    0.16    0.15    2.16 ^ input18/X (sky130_fd_sc_hd__dlymetal6s2s_1)
                                         net18 (net)
                  0.16    0.00    2.16 ^ _222_/B (sky130_fd_sc_hd__nand3b_4)
     8    0.03    0.08    0.09    2.25 v _222_/Y (sky130_fd_sc_hd__nand3b_4)
                                         _150_ (net)
                  0.08    0.00    2.25 v _234_/C (sky130_fd_sc_hd__and3_1)
     2    0.01    0.04    0.15    2.40 v _234_/X (sky130_fd_sc_hd__and3_1)
                                         _001_ (net)
                  0.04    0.00    2.40 v _236_/A1 (sky130_fd_sc_hd__o21a_1)
     4    0.01    0.06    0.16    2.55 v _236_/X (sky130_fd_sc_hd__o21a_1)
                                         _003_ (net)
                  0.06    0.00    2.55 v _239_/B1 (sky130_fd_sc_hd__a211oi_1)
     3    0.01    0.28    0.21    2.76 ^ _239_/Y (sky130_fd_sc_hd__a211oi_1)
                                         _006_ (net)
                  0.28    0.00    2.76 ^ _241_/A2 (sky130_fd_sc_hd__o21ai_2)
     5    0.02    0.08    0.07    2.83 v _241_/Y (sky130_fd_sc_hd__o21ai_2)
                                         _008_ (net)
                  0.08    0.00    2.83 v _248_/A2 (sky130_fd_sc_hd__a311o_2)
     5    0.02    0.06    0.29    3.12 v _248_/X (sky130_fd_sc_hd__a311o_2)
                                         _015_ (net)
                  0.06    0.00    3.12 v _261_/A3 (sky130_fd_sc_hd__a31o_1)
     1    0.00    0.03    0.15    3.27 v _261_/X (sky130_fd_sc_hd__a31o_1)
                                         _027_ (net)
                  0.03    0.00    3.27 v _262_/A2 (sky130_fd_sc_hd__a21o_1)
     1    0.00    0.02    0.11    3.38 v _262_/X (sky130_fd_sc_hd__a21o_1)
                                         _028_ (net)
                  0.02    0.00    3.38 v _263_/B (sky130_fd_sc_hd__or2_1)
     1    0.01    0.04    0.13    3.52 v _263_/X (sky130_fd_sc_hd__or2_1)
                                         _029_ (net)
                  0.04    0.00    3.52 v _274_/B1 (sky130_fd_sc_hd__a22oi_1)
     1    0.00    0.08    0.07    3.59 ^ _274_/Y (sky130_fd_sc_hd__a22oi_1)
                                         net26 (net)
                  0.08    0.00    3.59 ^ output26/A (sky130_fd_sc_hd__buf_2)
     1    0.03    0.13    0.16    3.75 ^ output26/X (sky130_fd_sc_hd__buf_2)
                                         out[6] (net)
                  0.13    0.00    3.75 ^ out[6] (out)
                                  3.75   data arrival time

                  0.00   10.00   10.00   clock __VIRTUAL_CLK__ (rise edge)
                          0.00   10.00   clock network delay (ideal)
                         -0.25    9.75   clock uncertainty
                          0.00    9.75   clock reconvergence pessimism
                         -2.00    7.75   output external delay
                                  7.75   data required time
-----------------------------------------------------------------------------
                                  7.75   data required time
                                 -3.75   data arrival time
-----------------------------------------------------------------------------
                                  4.00   slack (MET)


Startpoint: opcode[1] (input port clocked by __VIRTUAL_CLK__)
Endpoint: out[5] (output port clocked by __VIRTUAL_CLK__)
Path Group: __VIRTUAL_CLK__
Path Type: max
Corner: Fastest

Fanout     Cap    Slew   Delay    Time   Description
-----------------------------------------------------------------------------
                  0.00    0.00    0.00   clock __VIRTUAL_CLK__ (rise edge)
                          0.00    0.00   clock network delay (ideal)
                          2.00    2.00 ^ input external delay
     1    0.00    0.01    0.01    2.01 ^ opcode[1] (in)
                                         opcode[1] (net)
                  0.01    0.00    2.01 ^ input18/A (sky130_fd_sc_hd__dlymetal6s2s_1)
     5    0.02    0.16    0.15    2.16 ^ input18/X (sky130_fd_sc_hd__dlymetal6s2s_1)
                                         net18 (net)
                  0.16    0.00    2.16 ^ _222_/B (sky130_fd_sc_hd__nand3b_4)
     8    0.03    0.08    0.09    2.25 v _222_/Y (sky130_fd_sc_hd__nand3b_4)
                                         _150_ (net)
                  0.08    0.00    2.25 v _234_/C (sky130_fd_sc_hd__and3_1)
     2    0.01    0.04    0.15    2.40 v _234_/X (sky130_fd_sc_hd__and3_1)
                                         _001_ (net)
                  0.04    0.00    2.40 v _236_/A1 (sky130_fd_sc_hd__o21a_1)
     4    0.01    0.06    0.16    2.55 v _236_/X (sky130_fd_sc_hd__o21a_1)
                                         _003_ (net)
                  0.06    0.00    2.55 v _239_/B1 (sky130_fd_sc_hd__a211oi_1)
     3    0.01    0.28    0.21    2.76 ^ _239_/Y (sky130_fd_sc_hd__a211oi_1)
                                         _006_ (net)
                  0.28    0.00    2.76 ^ _241_/A2 (sky130_fd_sc_hd__o21ai_2)
     5    0.02    0.08    0.07    2.83 v _241_/Y (sky130_fd_sc_hd__o21ai_2)
                                         _008_ (net)
                  0.08    0.00    2.83 v _248_/A2 (sky130_fd_sc_hd__a311o_2)
     5    0.02    0.06    0.29    3.12 v _248_/X (sky130_fd_sc_hd__a311o_2)
                                         _015_ (net)
                  0.06    0.00    3.12 v _249_/C (sky130_fd_sc_hd__and3_1)
     1    0.00    0.02    0.12    3.24 v _249_/X (sky130_fd_sc_hd__and3_1)
                                         _016_ (net)
                  0.02    0.00    3.24 v _253_/A (sky130_fd_sc_hd__or3_1)
     1    0.00    0.04    0.22    3.46 v _253_/X (sky130_fd_sc_hd__or3_1)
                                         _020_ (net)
                  0.04    0.00    3.46 v _254_/B2 (sky130_fd_sc_hd__a22oi_1)
     1    0.01    0.12    0.11    3.57 ^ _254_/Y (sky130_fd_sc_hd__a22oi_1)
                                         net25 (net)
                  0.12    0.00    3.57 ^ output25/A (sky130_fd_sc_hd__buf_2)
     1    0.03    0.13    0.17    3.73 ^ output25/X (sky130_fd_sc_hd__buf_2)
                                         out[5] (net)
                  0.13    0.00    3.73 ^ out[5] (out)
                                  3.73   data arrival time

                  0.00   10.00   10.00   clock __VIRTUAL_CLK__ (rise edge)
                          0.00   10.00   clock network delay (ideal)
                         -0.25    9.75   clock uncertainty
                          0.00    9.75   clock reconvergence pessimism
                         -2.00    7.75   output external delay
                                  7.75   data required time
-----------------------------------------------------------------------------
                                  7.75   data required time
                                 -3.73   data arrival time
-----------------------------------------------------------------------------
                                  4.02   slack (MET)


Startpoint: opcode[1] (input port clocked by __VIRTUAL_CLK__)
Endpoint: out[4] (output port clocked by __VIRTUAL_CLK__)
Path Group: __VIRTUAL_CLK__
Path Type: max
Corner: Fastest

Fanout     Cap    Slew   Delay    Time   Description
-----------------------------------------------------------------------------
                  0.00    0.00    0.00   clock __VIRTUAL_CLK__ (rise edge)
                          0.00    0.00   clock network delay (ideal)
                          2.00    2.00 ^ input external delay
     1    0.00    0.01    0.01    2.01 ^ opcode[1] (in)
                                         opcode[1] (net)
                  0.01    0.00    2.01 ^ input18/A (sky130_fd_sc_hd__dlymetal6s2s_1)
     5    0.02    0.16    0.15    2.16 ^ input18/X (sky130_fd_sc_hd__dlymetal6s2s_1)
                                         net18 (net)
                  0.16    0.00    2.16 ^ _222_/B (sky130_fd_sc_hd__nand3b_4)
     8    0.03    0.08    0.09    2.25 v _222_/Y (sky130_fd_sc_hd__nand3b_4)
                                         _150_ (net)
                  0.08    0.00    2.25 v _234_/C (sky130_fd_sc_hd__and3_1)
     2    0.01    0.04    0.15    2.40 v _234_/X (sky130_fd_sc_hd__and3_1)
                                         _001_ (net)
                  0.04    0.00    2.40 v _236_/A1 (sky130_fd_sc_hd__o21a_1)
     4    0.01    0.06    0.16    2.55 v _236_/X (sky130_fd_sc_hd__o21a_1)
                                         _003_ (net)
                  0.06    0.00    2.55 v _239_/B1 (sky130_fd_sc_hd__a211oi_1)
     3    0.01    0.28    0.21    2.76 ^ _239_/Y (sky130_fd_sc_hd__a211oi_1)
                                         _006_ (net)
                  0.28    0.00    2.76 ^ _241_/A2 (sky130_fd_sc_hd__o21ai_2)
     5    0.02    0.08    0.07    2.83 v _241_/Y (sky130_fd_sc_hd__o21ai_2)
                                         _008_ (net)
                  0.08    0.00    2.83 v _248_/A2 (sky130_fd_sc_hd__a311o_2)
     5    0.02    0.06    0.29    3.12 v _248_/X (sky130_fd_sc_hd__a311o_2)
                                         _015_ (net)
                  0.06    0.00    3.12 v _327_/A1 (sky130_fd_sc_hd__a31o_1)
     1    0.01    0.04    0.14    3.26 v _327_/X (sky130_fd_sc_hd__a31o_1)
                                         _087_ (net)
                  0.04    0.00    3.26 v _328_/B1 (sky130_fd_sc_hd__a21oi_1)
     1    0.00    0.07    0.06    3.31 ^ _328_/Y (sky130_fd_sc_hd__a21oi_1)
                                         _088_ (net)
                  0.07    0.00    3.31 ^ _329_/B1 (sky130_fd_sc_hd__a21oi_1)
     1    0.00    0.04    0.02    3.34 v _329_/Y (sky130_fd_sc_hd__a21oi_1)
                                         net24 (net)
                  0.04    0.00    3.34 v output24/A (sky130_fd_sc_hd__buf_2)
     1    0.03    0.06    0.13    3.47 v output24/X (sky130_fd_sc_hd__buf_2)
                                         out[4] (net)
                  0.06    0.00    3.47 v out[4] (out)
                                  3.47   data arrival time

                  0.00   10.00   10.00   clock __VIRTUAL_CLK__ (rise edge)
                          0.00   10.00   clock network delay (ideal)
                         -0.25    9.75   clock uncertainty
                          0.00    9.75   clock reconvergence pessimism
                         -2.00    7.75   output external delay
                                  7.75   data required time
-----------------------------------------------------------------------------
                                  7.75   data required time
                                 -3.47   data arrival time
-----------------------------------------------------------------------------
                                  4.28   slack (MET)


Startpoint: opcode[1] (input port clocked by __VIRTUAL_CLK__)
Endpoint: out[3] (output port clocked by __VIRTUAL_CLK__)
Path Group: __VIRTUAL_CLK__
Path Type: max
Corner: Fastest

Fanout     Cap    Slew   Delay    Time   Description
-----------------------------------------------------------------------------
                  0.00    0.00    0.00   clock __VIRTUAL_CLK__ (rise edge)
                          0.00    0.00   clock network delay (ideal)
                          2.00    2.00 ^ input external delay
     1    0.00    0.01    0.01    2.01 ^ opcode[1] (in)
                                         opcode[1] (net)
                  0.01    0.00    2.01 ^ input18/A (sky130_fd_sc_hd__dlymetal6s2s_1)
     5    0.02    0.16    0.15    2.16 ^ input18/X (sky130_fd_sc_hd__dlymetal6s2s_1)
                                         net18 (net)
                  0.16    0.00    2.16 ^ _222_/B (sky130_fd_sc_hd__nand3b_4)
     8    0.03    0.08    0.09    2.25 v _222_/Y (sky130_fd_sc_hd__nand3b_4)
                                         _150_ (net)
                  0.08    0.00    2.25 v _234_/C (sky130_fd_sc_hd__and3_1)
     2    0.01    0.04    0.15    2.40 v _234_/X (sky130_fd_sc_hd__and3_1)
                                         _001_ (net)
                  0.04    0.00    2.40 v _236_/A1 (sky130_fd_sc_hd__o21a_1)
     4    0.01    0.06    0.16    2.55 v _236_/X (sky130_fd_sc_hd__o21a_1)
                                         _003_ (net)
                  0.06    0.00    2.55 v _239_/B1 (sky130_fd_sc_hd__a211oi_1)
     3    0.01    0.28    0.21    2.76 ^ _239_/Y (sky130_fd_sc_hd__a211oi_1)
                                         _006_ (net)
                  0.28    0.00    2.76 ^ _241_/A2 (sky130_fd_sc_hd__o21ai_2)
     5    0.02    0.08    0.07    2.83 v _241_/Y (sky130_fd_sc_hd__o21ai_2)
                                         _008_ (net)
                  0.08    0.00    2.83 v _314_/A2 (sky130_fd_sc_hd__a31o_1)
     1    0.00    0.03    0.15    2.98 v _314_/X (sky130_fd_sc_hd__a31o_1)
                                         _075_ (net)
                  0.03    0.00    2.98 v _318_/A2 (sky130_fd_sc_hd__o21bai_1)
     1    0.01    0.11    0.11    3.09 ^ _318_/Y (sky130_fd_sc_hd__o21bai_1)
                                         _079_ (net)
                  0.11    0.00    3.09 ^ _319_/B1_N (sky130_fd_sc_hd__o21ba_1)
     1    0.00    0.02    0.10    3.19 v _319_/X (sky130_fd_sc_hd__o21ba_1)
                                         _080_ (net)
                  0.02    0.00    3.19 v _320_/B1 (sky130_fd_sc_hd__a21oi_1)
     1    0.00    0.08    0.05    3.24 ^ _320_/Y (sky130_fd_sc_hd__a21oi_1)
                                         net23 (net)
                  0.08    0.00    3.24 ^ output23/A (sky130_fd_sc_hd__buf_2)
     1    0.03    0.13    0.16    3.39 ^ output23/X (sky130_fd_sc_hd__buf_2)
                                         out[3] (net)
                  0.13    0.00    3.39 ^ out[3] (out)
                                  3.39   data arrival time

                  0.00   10.00   10.00   clock __VIRTUAL_CLK__ (rise edge)
                          0.00   10.00   clock network delay (ideal)
                         -0.25    9.75   clock uncertainty
                          0.00    9.75   clock reconvergence pessimism
                         -2.00    7.75   output external delay
                                  7.75   data required time
-----------------------------------------------------------------------------
                                  7.75   data required time
                                 -3.39   data arrival time
-----------------------------------------------------------------------------
                                  4.36   slack (MET)


Startpoint: opcode[1] (input port clocked by __VIRTUAL_CLK__)
Endpoint: out[1] (output port clocked by __VIRTUAL_CLK__)
Path Group: __VIRTUAL_CLK__
Path Type: max
Corner: Fastest

Fanout     Cap    Slew   Delay    Time   Description
-----------------------------------------------------------------------------
                  0.00    0.00    0.00   clock __VIRTUAL_CLK__ (rise edge)
                          0.00    0.00   clock network delay (ideal)
                          2.00    2.00 ^ input external delay
     1    0.00    0.01    0.01    2.01 ^ opcode[1] (in)
                                         opcode[1] (net)
                  0.01    0.00    2.01 ^ input18/A (sky130_fd_sc_hd__dlymetal6s2s_1)
     5    0.02    0.16    0.15    2.16 ^ input18/X (sky130_fd_sc_hd__dlymetal6s2s_1)
                                         net18 (net)
                  0.16    0.00    2.16 ^ _222_/B (sky130_fd_sc_hd__nand3b_4)
     8    0.03    0.08    0.09    2.25 v _222_/Y (sky130_fd_sc_hd__nand3b_4)
                                         _150_ (net)
                  0.08    0.00    2.25 v _234_/C (sky130_fd_sc_hd__and3_1)
     2    0.01    0.04    0.15    2.40 v _234_/X (sky130_fd_sc_hd__and3_1)
                                         _001_ (net)
                  0.04    0.00    2.40 v _236_/A1 (sky130_fd_sc_hd__o21a_1)
     4    0.01    0.06    0.16    2.55 v _236_/X (sky130_fd_sc_hd__o21a_1)
                                         _003_ (net)
                  0.06    0.00    2.55 v _239_/B1 (sky130_fd_sc_hd__a211oi_1)
     3    0.01    0.28    0.21    2.76 ^ _239_/Y (sky130_fd_sc_hd__a211oi_1)
                                         _006_ (net)
                  0.28    0.00    2.76 ^ _300_/A (sky130_fd_sc_hd__or3_1)
     1    0.00    0.04    0.10    2.86 ^ _300_/X (sky130_fd_sc_hd__or3_1)
                                         _063_ (net)
                  0.04    0.00    2.86 ^ _301_/C_N (sky130_fd_sc_hd__or3b_1)
     1    0.00    0.04    0.19    3.06 v _301_/X (sky130_fd_sc_hd__or3b_1)
                                         _064_ (net)
                  0.04    0.00    3.06 v _302_/B2 (sky130_fd_sc_hd__o2bb2a_1)
     1    0.01    0.05    0.19    3.25 v _302_/X (sky130_fd_sc_hd__o2bb2a_1)
                                         net21 (net)
                  0.05    0.00    3.25 v output21/A (sky130_fd_sc_hd__buf_2)
     1    0.03    0.06    0.13    3.38 v output21/X (sky130_fd_sc_hd__buf_2)
                                         out[1] (net)
                  0.06    0.00    3.38 v out[1] (out)
                                  3.38   data arrival time

                  0.00   10.00   10.00   clock __VIRTUAL_CLK__ (rise edge)
                          0.00   10.00   clock network delay (ideal)
                         -0.25    9.75   clock uncertainty
                          0.00    9.75   clock reconvergence pessimism
                         -2.00    7.75   output external delay
                                  7.75   data required time
-----------------------------------------------------------------------------
                                  7.75   data required time
                                 -3.38   data arrival time
-----------------------------------------------------------------------------
                                  4.37   slack (MET)


Startpoint: opcode[1] (input port clocked by __VIRTUAL_CLK__)
Endpoint: out[2] (output port clocked by __VIRTUAL_CLK__)
Path Group: __VIRTUAL_CLK__
Path Type: max
Corner: Fastest

Fanout     Cap    Slew   Delay    Time   Description
-----------------------------------------------------------------------------
                  0.00    0.00    0.00   clock __VIRTUAL_CLK__ (rise edge)
                          0.00    0.00   clock network delay (ideal)
                          2.00    2.00 ^ input external delay
     1    0.00    0.01    0.01    2.01 ^ opcode[1] (in)
                                         opcode[1] (net)
                  0.01    0.00    2.01 ^ input18/A (sky130_fd_sc_hd__dlymetal6s2s_1)
     5    0.02    0.16    0.15    2.16 ^ input18/X (sky130_fd_sc_hd__dlymetal6s2s_1)
                                         net18 (net)
                  0.16    0.00    2.16 ^ _222_/B (sky130_fd_sc_hd__nand3b_4)
     8    0.03    0.08    0.09    2.25 v _222_/Y (sky130_fd_sc_hd__nand3b_4)
                                         _150_ (net)
                  0.08    0.00    2.25 v _234_/C (sky130_fd_sc_hd__and3_1)
     2    0.01    0.04    0.15    2.40 v _234_/X (sky130_fd_sc_hd__and3_1)
                                         _001_ (net)
                  0.04    0.00    2.40 v _236_/A1 (sky130_fd_sc_hd__o21a_1)
     4    0.01    0.06    0.16    2.55 v _236_/X (sky130_fd_sc_hd__o21a_1)
                                         _003_ (net)
                  0.06    0.00    2.55 v _239_/B1 (sky130_fd_sc_hd__a211oi_1)
     3    0.01    0.28    0.21    2.76 ^ _239_/Y (sky130_fd_sc_hd__a211oi_1)
                                         _006_ (net)
                  0.28    0.00    2.76 ^ _241_/A2 (sky130_fd_sc_hd__o21ai_2)
     5    0.02    0.08    0.07    2.83 v _241_/Y (sky130_fd_sc_hd__o21ai_2)
                                         _008_ (net)
                  0.08    0.00    2.83 v _309_/A1 (sky130_fd_sc_hd__a31o_1)
     1    0.01    0.03    0.14    2.97 v _309_/X (sky130_fd_sc_hd__a31o_1)
                                         _071_ (net)
                  0.03    0.00    2.97 v _310_/B2 (sky130_fd_sc_hd__o2bb2a_1)
     1    0.00    0.04    0.17    3.14 v _310_/X (sky130_fd_sc_hd__o2bb2a_1)
                                         net22 (net)
                  0.04    0.00    3.14 v output22/A (sky130_fd_sc_hd__buf_2)
     1    0.03    0.06    0.13    3.27 v output22/X (sky130_fd_sc_hd__buf_2)
                                         out[2] (net)
                  0.06    0.00    3.27 v out[2] (out)
                                  3.27   data arrival time

                  0.00   10.00   10.00   clock __VIRTUAL_CLK__ (rise edge)
                          0.00   10.00   clock network delay (ideal)
                         -0.25    9.75   clock uncertainty
                          0.00    9.75   clock reconvergence pessimism
                         -2.00    7.75   output external delay
                                  7.75   data required time
-----------------------------------------------------------------------------
                                  7.75   data required time
                                 -3.27   data arrival time
-----------------------------------------------------------------------------
                                  4.48   slack (MET)


Startpoint: opcode[1] (input port clocked by __VIRTUAL_CLK__)
Endpoint: out[0] (output port clocked by __VIRTUAL_CLK__)
Path Group: __VIRTUAL_CLK__
Path Type: max
Corner: Fastest

Fanout     Cap    Slew   Delay    Time   Description
-----------------------------------------------------------------------------
                  0.00    0.00    0.00   clock __VIRTUAL_CLK__ (rise edge)
                          0.00    0.00   clock network delay (ideal)
                          2.00    2.00 v input external delay
     1    0.00    0.00    0.00    2.00 v opcode[1] (in)
                                         opcode[1] (net)
                  0.00    0.00    2.00 v input18/A (sky130_fd_sc_hd__dlymetal6s2s_1)
     5    0.02    0.07    0.12    2.13 v input18/X (sky130_fd_sc_hd__dlymetal6s2s_1)
                                         net18 (net)
                  0.07    0.00    2.13 v _161_/B (sky130_fd_sc_hd__or2_1)
     3    0.01    0.06    0.18    2.30 v _161_/X (sky130_fd_sc_hd__or2_1)
                                         _089_ (net)
                  0.06    0.00    2.30 v _250_/C (sky130_fd_sc_hd__and3_1)
     4    0.02    0.09    0.19    2.49 v _250_/X (sky130_fd_sc_hd__and3_1)
                                         _017_ (net)
                  0.09    0.00    2.50 v _251_/A (sky130_fd_sc_hd__inv_2)
     5    0.02    0.08    0.10    2.59 ^ _251_/Y (sky130_fd_sc_hd__inv_2)
                                         _018_ (net)
                  0.08    0.00    2.59 ^ _290_/B1 (sky130_fd_sc_hd__a22oi_1)
     1    0.00    0.05    0.04    2.63 v _290_/Y (sky130_fd_sc_hd__a22oi_1)
                                         _054_ (net)
                  0.05    0.00    2.63 v _292_/A2 (sky130_fd_sc_hd__o32a_1)
     1    0.00    0.04    0.20    2.84 v _292_/X (sky130_fd_sc_hd__o32a_1)
                                         _056_ (net)
                  0.04    0.00    2.84 v _293_/B1 (sky130_fd_sc_hd__a21o_1)
     1    0.01    0.03    0.08    2.92 v _293_/X (sky130_fd_sc_hd__a21o_1)
                                         net20 (net)
                  0.03    0.00    2.92 v output20/A (sky130_fd_sc_hd__buf_2)
     1    0.03    0.06    0.12    3.04 v output20/X (sky130_fd_sc_hd__buf_2)
                                         out[0] (net)
                  0.06    0.00    3.05 v out[0] (out)
                                  3.05   data arrival time

                  0.00   10.00   10.00   clock __VIRTUAL_CLK__ (rise edge)
                          0.00   10.00   clock network delay (ideal)
                         -0.25    9.75   clock uncertainty
                          0.00    9.75   clock reconvergence pessimism
                         -2.00    7.75   output external delay
                                  7.75   data required time
-----------------------------------------------------------------------------
                                  7.75   data required time
                                 -3.05   data arrival time
-----------------------------------------------------------------------------
                                  4.70   slack (MET)



worst slack corner Fastest: 3.9360
======================= Slowest Corner ===================================

Startpoint: opcode[1] (input port clocked by __VIRTUAL_CLK__)
Endpoint: out[7] (output port clocked by __VIRTUAL_CLK__)
Path Group: __VIRTUAL_CLK__
Path Type: max
Corner: Slowest

Fanout     Cap    Slew   Delay    Time   Description
-----------------------------------------------------------------------------
                  0.00    0.00    0.00   clock __VIRTUAL_CLK__ (rise edge)
                          0.00    0.00   clock network delay (ideal)
                          2.00    2.00 ^ input external delay
     1    0.00    0.03    0.02    2.02 ^ opcode[1] (in)
                                         opcode[1] (net)
                  0.03    0.00    2.02 ^ input18/A (sky130_fd_sc_hd__dlymetal6s2s_1)
     5    0.02    0.31    0.34    2.35 ^ input18/X (sky130_fd_sc_hd__dlymetal6s2s_1)
                                         net18 (net)
                  0.31    0.00    2.35 ^ _222_/B (sky130_fd_sc_hd__nand3b_4)
     8    0.03    0.22    0.33    2.68 v _222_/Y (sky130_fd_sc_hd__nand3b_4)
                                         _150_ (net)
                  0.22    0.00    2.68 v _234_/C (sky130_fd_sc_hd__and3_1)
     2    0.01    0.09    0.48    3.17 v _234_/X (sky130_fd_sc_hd__and3_1)
                                         _001_ (net)
                  0.09    0.00    3.17 v _236_/A1 (sky130_fd_sc_hd__o21a_1)
     4    0.01    0.15    0.46    3.63 v _236_/X (sky130_fd_sc_hd__o21a_1)
                                         _003_ (net)
                  0.15    0.00    3.63 v _239_/B1 (sky130_fd_sc_hd__a211oi_1)
     3    0.01    0.66    0.69    4.32 ^ _239_/Y (sky130_fd_sc_hd__a211oi_1)
                                         _006_ (net)
                  0.66    0.00    4.32 ^ _241_/A2 (sky130_fd_sc_hd__o21ai_2)
     5    0.02    0.19    0.38    4.69 v _241_/Y (sky130_fd_sc_hd__o21ai_2)
                                         _008_ (net)
                  0.19    0.00    4.70 v _248_/A2 (sky130_fd_sc_hd__a311o_2)
     5    0.02    0.16    0.87    5.56 v _248_/X (sky130_fd_sc_hd__a311o_2)
                                         _015_ (net)
                  0.16    0.00    5.56 v _260_/A3 (sky130_fd_sc_hd__a311oi_2)
     3    0.01    0.40    0.58    6.14 ^ _260_/Y (sky130_fd_sc_hd__a311oi_2)
                                         _026_ (net)
                  0.40    0.00    6.14 ^ _280_/A2 (sky130_fd_sc_hd__o21ai_1)
     1    0.00    0.09    0.22    6.36 v _280_/Y (sky130_fd_sc_hd__o21ai_1)
                                         _045_ (net)
                  0.09    0.00    6.36 v _282_/B (sky130_fd_sc_hd__and3_1)
     1    0.00    0.07    0.36    6.73 v _282_/X (sky130_fd_sc_hd__and3_1)
                                         _047_ (net)
                  0.07    0.00    6.73 v _289_/A2 (sky130_fd_sc_hd__o31a_1)
     1    0.01    0.11    0.57    7.30 v _289_/X (sky130_fd_sc_hd__o31a_1)
                                         net27 (net)
                  0.11    0.00    7.30 v output27/A (sky130_fd_sc_hd__buf_2)
     1    0.04    0.17    0.38    7.69 v output27/X (sky130_fd_sc_hd__buf_2)
                                         out[7] (net)
                  0.17    0.00    7.69 v out[7] (out)
                                  7.69   data arrival time

                  0.00   10.00   10.00   clock __VIRTUAL_CLK__ (rise edge)
                          0.00   10.00   clock network delay (ideal)
                         -0.25    9.75   clock uncertainty
                          0.00    9.75   clock reconvergence pessimism
                         -2.00    7.75   output external delay
                                  7.75   data required time
-----------------------------------------------------------------------------
                                  7.75   data required time
                                 -7.69   data arrival time
-----------------------------------------------------------------------------
                                  0.06   slack (MET)


Startpoint: opcode[1] (input port clocked by __VIRTUAL_CLK__)
Endpoint: out[5] (output port clocked by __VIRTUAL_CLK__)
Path Group: __VIRTUAL_CLK__
Path Type: max
Corner: Slowest

Fanout     Cap    Slew   Delay    Time   Description
-----------------------------------------------------------------------------
                  0.00    0.00    0.00   clock __VIRTUAL_CLK__ (rise edge)
                          0.00    0.00   clock network delay (ideal)
                          2.00    2.00 ^ input external delay
     1    0.00    0.03    0.02    2.02 ^ opcode[1] (in)
                                         opcode[1] (net)
                  0.03    0.00    2.02 ^ input18/A (sky130_fd_sc_hd__dlymetal6s2s_1)
     5    0.02    0.31    0.34    2.35 ^ input18/X (sky130_fd_sc_hd__dlymetal6s2s_1)
                                         net18 (net)
                  0.31    0.00    2.35 ^ _222_/B (sky130_fd_sc_hd__nand3b_4)
     8    0.03    0.22    0.33    2.68 v _222_/Y (sky130_fd_sc_hd__nand3b_4)
                                         _150_ (net)
                  0.22    0.00    2.68 v _234_/C (sky130_fd_sc_hd__and3_1)
     2    0.01    0.09    0.48    3.17 v _234_/X (sky130_fd_sc_hd__and3_1)
                                         _001_ (net)
                  0.09    0.00    3.17 v _236_/A1 (sky130_fd_sc_hd__o21a_1)
     4    0.01    0.15    0.46    3.63 v _236_/X (sky130_fd_sc_hd__o21a_1)
                                         _003_ (net)
                  0.15    0.00    3.63 v _239_/B1 (sky130_fd_sc_hd__a211oi_1)
     3    0.01    0.66    0.69    4.32 ^ _239_/Y (sky130_fd_sc_hd__a211oi_1)
                                         _006_ (net)
                  0.66    0.00    4.32 ^ _241_/A2 (sky130_fd_sc_hd__o21ai_2)
     5    0.02    0.19    0.38    4.69 v _241_/Y (sky130_fd_sc_hd__o21ai_2)
                                         _008_ (net)
                  0.19    0.00    4.70 v _248_/A2 (sky130_fd_sc_hd__a311o_2)
     5    0.02    0.16    0.87    5.56 v _248_/X (sky130_fd_sc_hd__a311o_2)
                                         _015_ (net)
                  0.16    0.00    5.56 v _249_/C (sky130_fd_sc_hd__and3_1)
     1    0.00    0.06    0.41    5.97 v _249_/X (sky130_fd_sc_hd__and3_1)
                                         _016_ (net)
                  0.06    0.00    5.97 v _253_/A (sky130_fd_sc_hd__or3_1)
     1    0.00    0.13    0.87    6.85 v _253_/X (sky130_fd_sc_hd__or3_1)
                                         _020_ (net)
                  0.13    0.00    6.85 v _254_/B2 (sky130_fd_sc_hd__a22oi_1)
     1    0.01    0.32    0.36    7.20 ^ _254_/Y (sky130_fd_sc_hd__a22oi_1)
                                         net25 (net)
                  0.32    0.00    7.20 ^ output25/A (sky130_fd_sc_hd__buf_2)
     1    0.03    0.27    0.47    7.67 ^ output25/X (sky130_fd_sc_hd__buf_2)
                                         out[5] (net)
                  0.27    0.00    7.68 ^ out[5] (out)
                                  7.68   data arrival time

                  0.00   10.00   10.00   clock __VIRTUAL_CLK__ (rise edge)
                          0.00   10.00   clock network delay (ideal)
                         -0.25    9.75   clock uncertainty
                          0.00    9.75   clock reconvergence pessimism
                         -2.00    7.75   output external delay
                                  7.75   data required time
-----------------------------------------------------------------------------
                                  7.75   data required time
                                 -7.68   data arrival time
-----------------------------------------------------------------------------
                                  0.07   slack (MET)


Startpoint: opcode[1] (input port clocked by __VIRTUAL_CLK__)
Endpoint: out[6] (output port clocked by __VIRTUAL_CLK__)
Path Group: __VIRTUAL_CLK__
Path Type: max
Corner: Slowest

Fanout     Cap    Slew   Delay    Time   Description
-----------------------------------------------------------------------------
                  0.00    0.00    0.00   clock __VIRTUAL_CLK__ (rise edge)
                          0.00    0.00   clock network delay (ideal)
                          2.00    2.00 ^ input external delay
     1    0.00    0.03    0.02    2.02 ^ opcode[1] (in)
                                         opcode[1] (net)
                  0.03    0.00    2.02 ^ input18/A (sky130_fd_sc_hd__dlymetal6s2s_1)
     5    0.02    0.31    0.34    2.35 ^ input18/X (sky130_fd_sc_hd__dlymetal6s2s_1)
                                         net18 (net)
                  0.31    0.00    2.35 ^ _222_/B (sky130_fd_sc_hd__nand3b_4)
     8    0.03    0.22    0.33    2.68 v _222_/Y (sky130_fd_sc_hd__nand3b_4)
                                         _150_ (net)
                  0.22    0.00    2.68 v _234_/C (sky130_fd_sc_hd__and3_1)
     2    0.01    0.09    0.48    3.17 v _234_/X (sky130_fd_sc_hd__and3_1)
                                         _001_ (net)
                  0.09    0.00    3.17 v _236_/A1 (sky130_fd_sc_hd__o21a_1)
     4    0.01    0.15    0.46    3.63 v _236_/X (sky130_fd_sc_hd__o21a_1)
                                         _003_ (net)
                  0.15    0.00    3.63 v _239_/B1 (sky130_fd_sc_hd__a211oi_1)
     3    0.01    0.66    0.69    4.32 ^ _239_/Y (sky130_fd_sc_hd__a211oi_1)
                                         _006_ (net)
                  0.66    0.00    4.32 ^ _241_/A2 (sky130_fd_sc_hd__o21ai_2)
     5    0.02    0.19    0.38    4.69 v _241_/Y (sky130_fd_sc_hd__o21ai_2)
                                         _008_ (net)
                  0.19    0.00    4.70 v _248_/A2 (sky130_fd_sc_hd__a311o_2)
     5    0.02    0.16    0.87    5.56 v _248_/X (sky130_fd_sc_hd__a311o_2)
                                         _015_ (net)
                  0.16    0.00    5.56 v _261_/A3 (sky130_fd_sc_hd__a31o_1)
     1    0.00    0.07    0.45    6.01 v _261_/X (sky130_fd_sc_hd__a31o_1)
                                         _027_ (net)
                  0.07    0.00    6.01 v _262_/A2 (sky130_fd_sc_hd__a21o_1)
     1    0.00    0.05    0.32    6.33 v _262_/X (sky130_fd_sc_hd__a21o_1)
                                         _028_ (net)
                  0.05    0.00    6.33 v _263_/B (sky130_fd_sc_hd__or2_1)
     1    0.01    0.12    0.51    6.84 v _263_/X (sky130_fd_sc_hd__or2_1)
                                         _029_ (net)
                  0.12    0.00    6.84 v _274_/B1 (sky130_fd_sc_hd__a22oi_1)
     1    0.00    0.23    0.25    7.09 ^ _274_/Y (sky130_fd_sc_hd__a22oi_1)
                                         net26 (net)
                  0.23    0.00    7.09 ^ output26/A (sky130_fd_sc_hd__buf_2)
     1    0.03    0.27    0.44    7.52 ^ output26/X (sky130_fd_sc_hd__buf_2)
                                         out[6] (net)
                  0.27    0.00    7.52 ^ out[6] (out)
                                  7.52   data arrival time

                  0.00   10.00   10.00   clock __VIRTUAL_CLK__ (rise edge)
                          0.00   10.00   clock network delay (ideal)
                         -0.25    9.75   clock uncertainty
                          0.00    9.75   clock reconvergence pessimism
                         -2.00    7.75   output external delay
                                  7.75   data required time
-----------------------------------------------------------------------------
                                  7.75   data required time
                                 -7.52   data arrival time
-----------------------------------------------------------------------------
                                  0.23   slack (MET)


Startpoint: opcode[1] (input port clocked by __VIRTUAL_CLK__)
Endpoint: out[4] (output port clocked by __VIRTUAL_CLK__)
Path Group: __VIRTUAL_CLK__
Path Type: max
Corner: Slowest

Fanout     Cap    Slew   Delay    Time   Description
-----------------------------------------------------------------------------
                  0.00    0.00    0.00   clock __VIRTUAL_CLK__ (rise edge)
                          0.00    0.00   clock network delay (ideal)
                          2.00    2.00 ^ input external delay
     1    0.00    0.03    0.02    2.02 ^ opcode[1] (in)
                                         opcode[1] (net)
                  0.03    0.00    2.02 ^ input18/A (sky130_fd_sc_hd__dlymetal6s2s_1)
     5    0.02    0.31    0.34    2.35 ^ input18/X (sky130_fd_sc_hd__dlymetal6s2s_1)
                                         net18 (net)
                  0.31    0.00    2.35 ^ _222_/B (sky130_fd_sc_hd__nand3b_4)
     8    0.03    0.22    0.33    2.68 v _222_/Y (sky130_fd_sc_hd__nand3b_4)
                                         _150_ (net)
                  0.22    0.00    2.68 v _234_/C (sky130_fd_sc_hd__and3_1)
     2    0.01    0.09    0.48    3.17 v _234_/X (sky130_fd_sc_hd__and3_1)
                                         _001_ (net)
                  0.09    0.00    3.17 v _236_/A1 (sky130_fd_sc_hd__o21a_1)
     4    0.01    0.15    0.46    3.63 v _236_/X (sky130_fd_sc_hd__o21a_1)
                                         _003_ (net)
                  0.15    0.00    3.63 v _239_/B1 (sky130_fd_sc_hd__a211oi_1)
     3    0.01    0.66    0.69    4.32 ^ _239_/Y (sky130_fd_sc_hd__a211oi_1)
                                         _006_ (net)
                  0.66    0.00    4.32 ^ _241_/A2 (sky130_fd_sc_hd__o21ai_2)
     5    0.02    0.19    0.38    4.69 v _241_/Y (sky130_fd_sc_hd__o21ai_2)
                                         _008_ (net)
                  0.19    0.00    4.70 v _248_/A2 (sky130_fd_sc_hd__a311o_2)
     5    0.02    0.16    0.87    5.56 v _248_/X (sky130_fd_sc_hd__a311o_2)
                                         _015_ (net)
                  0.16    0.00    5.56 v _327_/A1 (sky130_fd_sc_hd__a31o_1)
     1    0.01    0.10    0.42    5.98 v _327_/X (sky130_fd_sc_hd__a31o_1)
                                         _087_ (net)
                  0.10    0.00    5.98 v _328_/B1 (sky130_fd_sc_hd__a21oi_1)
     1    0.00    0.16    0.20    6.18 ^ _328_/Y (sky130_fd_sc_hd__a21oi_1)
                                         _088_ (net)
                  0.16    0.00    6.18 ^ _329_/B1 (sky130_fd_sc_hd__a21oi_1)
     1    0.00    0.10    0.11    6.29 v _329_/Y (sky130_fd_sc_hd__a21oi_1)
                                         net24 (net)
                  0.10    0.00    6.29 v output24/A (sky130_fd_sc_hd__buf_2)
     1    0.03    0.17    0.37    6.66 v output24/X (sky130_fd_sc_hd__buf_2)
                                         out[4] (net)
                  0.17    0.00    6.66 v out[4] (out)
                                  6.66   data arrival time

                  0.00   10.00   10.00   clock __VIRTUAL_CLK__ (rise edge)
                          0.00   10.00   clock network delay (ideal)
                         -0.25    9.75   clock uncertainty
                          0.00    9.75   clock reconvergence pessimism
                         -2.00    7.75   output external delay
                                  7.75   data required time
-----------------------------------------------------------------------------
                                  7.75   data required time
                                 -6.66   data arrival time
-----------------------------------------------------------------------------
                                  1.09   slack (MET)


Startpoint: opcode[1] (input port clocked by __VIRTUAL_CLK__)
Endpoint: out[1] (output port clocked by __VIRTUAL_CLK__)
Path Group: __VIRTUAL_CLK__
Path Type: max
Corner: Slowest

Fanout     Cap    Slew   Delay    Time   Description
-----------------------------------------------------------------------------
                  0.00    0.00    0.00   clock __VIRTUAL_CLK__ (rise edge)
                          0.00    0.00   clock network delay (ideal)
                          2.00    2.00 ^ input external delay
     1    0.00    0.03    0.02    2.02 ^ opcode[1] (in)
                                         opcode[1] (net)
                  0.03    0.00    2.02 ^ input18/A (sky130_fd_sc_hd__dlymetal6s2s_1)
     5    0.02    0.31    0.34    2.35 ^ input18/X (sky130_fd_sc_hd__dlymetal6s2s_1)
                                         net18 (net)
                  0.31    0.00    2.35 ^ _222_/B (sky130_fd_sc_hd__nand3b_4)
     8    0.03    0.22    0.33    2.68 v _222_/Y (sky130_fd_sc_hd__nand3b_4)
                                         _150_ (net)
                  0.22    0.00    2.68 v _234_/C (sky130_fd_sc_hd__and3_1)
     2    0.01    0.09    0.48    3.17 v _234_/X (sky130_fd_sc_hd__and3_1)
                                         _001_ (net)
                  0.09    0.00    3.17 v _236_/A1 (sky130_fd_sc_hd__o21a_1)
     4    0.01    0.15    0.46    3.63 v _236_/X (sky130_fd_sc_hd__o21a_1)
                                         _003_ (net)
                  0.15    0.00    3.63 v _239_/B1 (sky130_fd_sc_hd__a211oi_1)
     3    0.01    0.66    0.69    4.32 ^ _239_/Y (sky130_fd_sc_hd__a211oi_1)
                                         _006_ (net)
                  0.66    0.00    4.32 ^ _300_/A (sky130_fd_sc_hd__or3_1)
     1    0.00    0.08    0.42    4.74 ^ _300_/X (sky130_fd_sc_hd__or3_1)
                                         _063_ (net)
                  0.08    0.00    4.74 ^ _301_/C_N (sky130_fd_sc_hd__or3b_1)
     1    0.00    0.13    0.81    5.55 v _301_/X (sky130_fd_sc_hd__or3b_1)
                                         _064_ (net)
                  0.13    0.00    5.55 v _302_/B2 (sky130_fd_sc_hd__o2bb2a_1)
     1    0.01    0.13    0.70    6.26 v _302_/X (sky130_fd_sc_hd__o2bb2a_1)
                                         net21 (net)
                  0.13    0.00    6.26 v output21/A (sky130_fd_sc_hd__buf_2)
     1    0.03    0.16    0.39    6.65 v output21/X (sky130_fd_sc_hd__buf_2)
                                         out[1] (net)
                  0.16    0.00    6.65 v out[1] (out)
                                  6.65   data arrival time

                  0.00   10.00   10.00   clock __VIRTUAL_CLK__ (rise edge)
                          0.00   10.00   clock network delay (ideal)
                         -0.25    9.75   clock uncertainty
                          0.00    9.75   clock reconvergence pessimism
                         -2.00    7.75   output external delay
                                  7.75   data required time
-----------------------------------------------------------------------------
                                  7.75   data required time
                                 -6.65   data arrival time
-----------------------------------------------------------------------------
                                  1.10   slack (MET)


Startpoint: opcode[1] (input port clocked by __VIRTUAL_CLK__)
Endpoint: out[3] (output port clocked by __VIRTUAL_CLK__)
Path Group: __VIRTUAL_CLK__
Path Type: max
Corner: Slowest

Fanout     Cap    Slew   Delay    Time   Description
-----------------------------------------------------------------------------
                  0.00    0.00    0.00   clock __VIRTUAL_CLK__ (rise edge)
                          0.00    0.00   clock network delay (ideal)
                          2.00    2.00 ^ input external delay
     1    0.00    0.03    0.02    2.02 ^ opcode[1] (in)
                                         opcode[1] (net)
                  0.03    0.00    2.02 ^ input18/A (sky130_fd_sc_hd__dlymetal6s2s_1)
     5    0.02    0.31    0.34    2.35 ^ input18/X (sky130_fd_sc_hd__dlymetal6s2s_1)
                                         net18 (net)
                  0.31    0.00    2.35 ^ _222_/B (sky130_fd_sc_hd__nand3b_4)
     8    0.03    0.22    0.33    2.68 v _222_/Y (sky130_fd_sc_hd__nand3b_4)
                                         _150_ (net)
                  0.22    0.00    2.68 v _234_/C (sky130_fd_sc_hd__and3_1)
     2    0.01    0.09    0.48    3.17 v _234_/X (sky130_fd_sc_hd__and3_1)
                                         _001_ (net)
                  0.09    0.00    3.17 v _236_/A1 (sky130_fd_sc_hd__o21a_1)
     4    0.01    0.15    0.46    3.63 v _236_/X (sky130_fd_sc_hd__o21a_1)
                                         _003_ (net)
                  0.15    0.00    3.63 v _239_/B1 (sky130_fd_sc_hd__a211oi_1)
     3    0.01    0.66    0.69    4.32 ^ _239_/Y (sky130_fd_sc_hd__a211oi_1)
                                         _006_ (net)
                  0.66    0.00    4.32 ^ _241_/A2 (sky130_fd_sc_hd__o21ai_2)
     5    0.02    0.19    0.38    4.69 v _241_/Y (sky130_fd_sc_hd__o21ai_2)
                                         _008_ (net)
                  0.19    0.00    4.70 v _314_/A2 (sky130_fd_sc_hd__a31o_1)
     1    0.00    0.06    0.43    5.13 v _314_/X (sky130_fd_sc_hd__a31o_1)
                                         _075_ (net)
                  0.06    0.00    5.13 v _318_/A2 (sky130_fd_sc_hd__o21bai_1)
     1    0.01    0.25    0.27    5.40 ^ _318_/Y (sky130_fd_sc_hd__o21bai_1)
                                         _079_ (net)
                  0.25    0.00    5.40 ^ _319_/B1_N (sky130_fd_sc_hd__o21ba_1)
     1    0.00    0.06    0.34    5.74 v _319_/X (sky130_fd_sc_hd__o21ba_1)
                                         _080_ (net)
                  0.06    0.00    5.74 v _320_/B1 (sky130_fd_sc_hd__a21oi_1)
     1    0.00    0.16    0.18    5.92 ^ _320_/Y (sky130_fd_sc_hd__a21oi_1)
                                         net23 (net)
                  0.16    0.00    5.92 ^ output23/A (sky130_fd_sc_hd__buf_2)
     1    0.03    0.27    0.40    6.33 ^ output23/X (sky130_fd_sc_hd__buf_2)
                                         out[3] (net)
                  0.27    0.00    6.33 ^ out[3] (out)
                                  6.33   data arrival time

                  0.00   10.00   10.00   clock __VIRTUAL_CLK__ (rise edge)
                          0.00   10.00   clock network delay (ideal)
                         -0.25    9.75   clock uncertainty
                          0.00    9.75   clock reconvergence pessimism
                         -2.00    7.75   output external delay
                                  7.75   data required time
-----------------------------------------------------------------------------
                                  7.75   data required time
                                 -6.33   data arrival time
-----------------------------------------------------------------------------
                                  1.42   slack (MET)


Startpoint: opcode[1] (input port clocked by __VIRTUAL_CLK__)
Endpoint: out[2] (output port clocked by __VIRTUAL_CLK__)
Path Group: __VIRTUAL_CLK__
Path Type: max
Corner: Slowest

Fanout     Cap    Slew   Delay    Time   Description
-----------------------------------------------------------------------------
                  0.00    0.00    0.00   clock __VIRTUAL_CLK__ (rise edge)
                          0.00    0.00   clock network delay (ideal)
                          2.00    2.00 ^ input external delay
     1    0.00    0.03    0.02    2.02 ^ opcode[1] (in)
                                         opcode[1] (net)
                  0.03    0.00    2.02 ^ input18/A (sky130_fd_sc_hd__dlymetal6s2s_1)
     5    0.02    0.31    0.34    2.35 ^ input18/X (sky130_fd_sc_hd__dlymetal6s2s_1)
                                         net18 (net)
                  0.31    0.00    2.35 ^ _222_/B (sky130_fd_sc_hd__nand3b_4)
     8    0.03    0.22    0.33    2.68 v _222_/Y (sky130_fd_sc_hd__nand3b_4)
                                         _150_ (net)
                  0.22    0.00    2.68 v _234_/C (sky130_fd_sc_hd__and3_1)
     2    0.01    0.09    0.48    3.17 v _234_/X (sky130_fd_sc_hd__and3_1)
                                         _001_ (net)
                  0.09    0.00    3.17 v _238_/B (sky130_fd_sc_hd__nor3_1)
     2    0.01    0.41    0.44    3.61 ^ _238_/Y (sky130_fd_sc_hd__nor3_1)
                                         _005_ (net)
                  0.41    0.00    3.61 ^ _239_/C1 (sky130_fd_sc_hd__a211oi_1)
     3    0.01    0.21    0.27    3.88 v _239_/Y (sky130_fd_sc_hd__a211oi_1)
                                         _006_ (net)
                  0.21    0.00    3.88 v _305_/C (sky130_fd_sc_hd__or3_1)
     1    0.00    0.14    0.80    4.68 v _305_/X (sky130_fd_sc_hd__or3_1)
                                         _067_ (net)
                  0.14    0.00    4.68 v _309_/A3 (sky130_fd_sc_hd__a31o_1)
     1    0.00    0.08    0.46    5.14 v _309_/X (sky130_fd_sc_hd__a31o_1)
                                         _071_ (net)
                  0.08    0.00    5.14 v _310_/B2 (sky130_fd_sc_hd__o2bb2a_1)
     1    0.00    0.10    0.63    5.77 v _310_/X (sky130_fd_sc_hd__o2bb2a_1)
                                         net22 (net)
                  0.10    0.00    5.77 v output22/A (sky130_fd_sc_hd__buf_2)
     1    0.03    0.16    0.38    6.15 v output22/X (sky130_fd_sc_hd__buf_2)
                                         out[2] (net)
                  0.16    0.00    6.15 v out[2] (out)
                                  6.15   data arrival time

                  0.00   10.00   10.00   clock __VIRTUAL_CLK__ (rise edge)
                          0.00   10.00   clock network delay (ideal)
                         -0.25    9.75   clock uncertainty
                          0.00    9.75   clock reconvergence pessimism
                         -2.00    7.75   output external delay
                                  7.75   data required time
-----------------------------------------------------------------------------
                                  7.75   data required time
                                 -6.15   data arrival time
-----------------------------------------------------------------------------
                                  1.60   slack (MET)


Startpoint: opcode[1] (input port clocked by __VIRTUAL_CLK__)
Endpoint: out[0] (output port clocked by __VIRTUAL_CLK__)
Path Group: __VIRTUAL_CLK__
Path Type: max
Corner: Slowest

Fanout     Cap    Slew   Delay    Time   Description
-----------------------------------------------------------------------------
                  0.00    0.00    0.00   clock __VIRTUAL_CLK__ (rise edge)
                          0.00    0.00   clock network delay (ideal)
                          2.00    2.00 v input external delay
     1    0.00    0.02    0.01    2.01 v opcode[1] (in)
                                         opcode[1] (net)
                  0.02    0.00    2.01 v input18/A (sky130_fd_sc_hd__dlymetal6s2s_1)
     5    0.02    0.19    0.39    2.39 v input18/X (sky130_fd_sc_hd__dlymetal6s2s_1)
                                         net18 (net)
                  0.19    0.00    2.39 v _161_/B (sky130_fd_sc_hd__or2_1)
     3    0.01    0.18    0.64    3.04 v _161_/X (sky130_fd_sc_hd__or2_1)
                                         _089_ (net)
                  0.18    0.00    3.04 v _250_/C (sky130_fd_sc_hd__and3_1)
     4    0.02    0.23    0.60    3.64 v _250_/X (sky130_fd_sc_hd__and3_1)
                                         _017_ (net)
                  0.23    0.00    3.64 v _251_/A (sky130_fd_sc_hd__inv_2)
     5    0.02    0.15    0.24    3.88 ^ _251_/Y (sky130_fd_sc_hd__inv_2)
                                         _018_ (net)
                  0.15    0.00    3.88 ^ _290_/B1 (sky130_fd_sc_hd__a22oi_1)
     1    0.00    0.14    0.17    4.04 v _290_/Y (sky130_fd_sc_hd__a22oi_1)
                                         _054_ (net)
                  0.14    0.00    4.04 v _292_/A2 (sky130_fd_sc_hd__o32a_1)
     1    0.00    0.12    0.67    4.71 v _292_/X (sky130_fd_sc_hd__o32a_1)
                                         _056_ (net)
                  0.12    0.00    4.71 v _293_/B1 (sky130_fd_sc_hd__a21o_1)
     1    0.01    0.08    0.33    5.05 v _293_/X (sky130_fd_sc_hd__a21o_1)
                                         net20 (net)
                  0.08    0.00    5.05 v output20/A (sky130_fd_sc_hd__buf_2)
     1    0.03    0.17    0.37    5.41 v output20/X (sky130_fd_sc_hd__buf_2)
                                         out[0] (net)
                  0.17    0.00    5.41 v out[0] (out)
                                  5.41   data arrival time

                  0.00   10.00   10.00   clock __VIRTUAL_CLK__ (rise edge)
                          0.00   10.00   clock network delay (ideal)
                         -0.25    9.75   clock uncertainty
                          0.00    9.75   clock reconvergence pessimism
                         -2.00    7.75   output external delay
                                  7.75   data required time
-----------------------------------------------------------------------------
                                  7.75   data required time
                                 -5.41   data arrival time
-----------------------------------------------------------------------------
                                  2.34   slack (MET)



worst slack corner Slowest: 0.0638
======================= Typical Corner ===================================

Startpoint: opcode[1] (input port clocked by __VIRTUAL_CLK__)
Endpoint: out[7] (output port clocked by __VIRTUAL_CLK__)
Path Group: __VIRTUAL_CLK__
Path Type: max
Corner: Typical

Fanout     Cap    Slew   Delay    Time   Description
-----------------------------------------------------------------------------
                  0.00    0.00    0.00   clock __VIRTUAL_CLK__ (rise edge)
                          0.00    0.00   clock network delay (ideal)
                          2.00    2.00 ^ input external delay
     1    0.00    0.02    0.01    2.01 ^ opcode[1] (in)
                                         opcode[1] (net)
                  0.02    0.00    2.01 ^ input18/A (sky130_fd_sc_hd__dlymetal6s2s_1)
     5    0.02    0.21    0.20    2.21 ^ input18/X (sky130_fd_sc_hd__dlymetal6s2s_1)
                                         net18 (net)
                  0.21    0.00    2.22 ^ _222_/B (sky130_fd_sc_hd__nand3b_4)
     8    0.03    0.11    0.16    2.37 v _222_/Y (sky130_fd_sc_hd__nand3b_4)
                                         _150_ (net)
                  0.11    0.00    2.37 v _234_/C (sky130_fd_sc_hd__and3_1)
     2    0.01    0.05    0.23    2.60 v _234_/X (sky130_fd_sc_hd__and3_1)
                                         _001_ (net)
                  0.05    0.00    2.60 v _236_/A1 (sky130_fd_sc_hd__o21a_1)
     4    0.01    0.08    0.24    2.84 v _236_/X (sky130_fd_sc_hd__o21a_1)
                                         _003_ (net)
                  0.08    0.00    2.84 v _239_/B1 (sky130_fd_sc_hd__a211oi_1)
     3    0.01    0.39    0.40    3.24 ^ _239_/Y (sky130_fd_sc_hd__a211oi_1)
                                         _006_ (net)
                  0.39    0.00    3.24 ^ _241_/A2 (sky130_fd_sc_hd__o21ai_2)
     5    0.02    0.11    0.15    3.39 v _241_/Y (sky130_fd_sc_hd__o21ai_2)
                                         _008_ (net)
                  0.11    0.00    3.39 v _248_/A2 (sky130_fd_sc_hd__a311o_2)
     5    0.02    0.09    0.45    3.84 v _248_/X (sky130_fd_sc_hd__a311o_2)
                                         _015_ (net)
                  0.09    0.00    3.84 v _260_/A3 (sky130_fd_sc_hd__a311oi_2)
     3    0.01    0.26    0.34    4.18 ^ _260_/Y (sky130_fd_sc_hd__a311oi_2)
                                         _026_ (net)
                  0.26    0.00    4.18 ^ _280_/A2 (sky130_fd_sc_hd__o21ai_1)
     1    0.00    0.05    0.09    4.27 v _280_/Y (sky130_fd_sc_hd__o21ai_1)
                                         _045_ (net)
                  0.05    0.00    4.27 v _282_/B (sky130_fd_sc_hd__and3_1)
     1    0.00    0.04    0.17    4.45 v _282_/X (sky130_fd_sc_hd__and3_1)
                                         _047_ (net)
                  0.04    0.00    4.45 v _289_/A2 (sky130_fd_sc_hd__o31a_1)
     1    0.01    0.06    0.30    4.74 v _289_/X (sky130_fd_sc_hd__o31a_1)
                                         net27 (net)
                  0.06    0.00    4.74 v output27/A (sky130_fd_sc_hd__buf_2)
     1    0.04    0.09    0.20    4.94 v output27/X (sky130_fd_sc_hd__buf_2)
                                         out[7] (net)
                  0.09    0.00    4.94 v out[7] (out)
                                  4.94   data arrival time

                  0.00   10.00   10.00   clock __VIRTUAL_CLK__ (rise edge)
                          0.00   10.00   clock network delay (ideal)
                         -0.25    9.75   clock uncertainty
                          0.00    9.75   clock reconvergence pessimism
                         -2.00    7.75   output external delay
                                  7.75   data required time
-----------------------------------------------------------------------------
                                  7.75   data required time
                                 -4.94   data arrival time
-----------------------------------------------------------------------------
                                  2.81   slack (MET)


Startpoint: opcode[1] (input port clocked by __VIRTUAL_CLK__)
Endpoint: out[5] (output port clocked by __VIRTUAL_CLK__)
Path Group: __VIRTUAL_CLK__
Path Type: max
Corner: Typical

Fanout     Cap    Slew   Delay    Time   Description
-----------------------------------------------------------------------------
                  0.00    0.00    0.00   clock __VIRTUAL_CLK__ (rise edge)
                          0.00    0.00   clock network delay (ideal)
                          2.00    2.00 ^ input external delay
     1    0.00    0.02    0.01    2.01 ^ opcode[1] (in)
                                         opcode[1] (net)
                  0.02    0.00    2.01 ^ input18/A (sky130_fd_sc_hd__dlymetal6s2s_1)
     5    0.02    0.21    0.20    2.21 ^ input18/X (sky130_fd_sc_hd__dlymetal6s2s_1)
                                         net18 (net)
                  0.21    0.00    2.22 ^ _222_/B (sky130_fd_sc_hd__nand3b_4)
     8    0.03    0.11    0.16    2.37 v _222_/Y (sky130_fd_sc_hd__nand3b_4)
                                         _150_ (net)
                  0.11    0.00    2.37 v _234_/C (sky130_fd_sc_hd__and3_1)
     2    0.01    0.05    0.23    2.60 v _234_/X (sky130_fd_sc_hd__and3_1)
                                         _001_ (net)
                  0.05    0.00    2.60 v _236_/A1 (sky130_fd_sc_hd__o21a_1)
     4    0.01    0.08    0.24    2.84 v _236_/X (sky130_fd_sc_hd__o21a_1)
                                         _003_ (net)
                  0.08    0.00    2.84 v _239_/B1 (sky130_fd_sc_hd__a211oi_1)
     3    0.01    0.39    0.40    3.24 ^ _239_/Y (sky130_fd_sc_hd__a211oi_1)
                                         _006_ (net)
                  0.39    0.00    3.24 ^ _241_/A2 (sky130_fd_sc_hd__o21ai_2)
     5    0.02    0.11    0.15    3.39 v _241_/Y (sky130_fd_sc_hd__o21ai_2)
                                         _008_ (net)
                  0.11    0.00    3.39 v _248_/A2 (sky130_fd_sc_hd__a311o_2)
     5    0.02    0.09    0.45    3.84 v _248_/X (sky130_fd_sc_hd__a311o_2)
                                         _015_ (net)
                  0.09    0.00    3.84 v _249_/C (sky130_fd_sc_hd__and3_1)
     1    0.00    0.03    0.19    4.04 v _249_/X (sky130_fd_sc_hd__and3_1)
                                         _016_ (net)
                  0.03    0.00    4.04 v _253_/A (sky130_fd_sc_hd__or3_1)
     1    0.00    0.06    0.37    4.41 v _253_/X (sky130_fd_sc_hd__or3_1)
                                         _020_ (net)
                  0.06    0.00    4.41 v _254_/B2 (sky130_fd_sc_hd__a22oi_1)
     1    0.01    0.20    0.21    4.62 ^ _254_/Y (sky130_fd_sc_hd__a22oi_1)
                                         net25 (net)
                  0.20    0.00    4.62 ^ output25/A (sky130_fd_sc_hd__buf_2)
     1    0.03    0.17    0.26    4.88 ^ output25/X (sky130_fd_sc_hd__buf_2)
                                         out[5] (net)
                  0.17    0.00    4.88 ^ out[5] (out)
                                  4.88   data arrival time

                  0.00   10.00   10.00   clock __VIRTUAL_CLK__ (rise edge)
                          0.00   10.00   clock network delay (ideal)
                         -0.25    9.75   clock uncertainty
                          0.00    9.75   clock reconvergence pessimism
                         -2.00    7.75   output external delay
                                  7.75   data required time
-----------------------------------------------------------------------------
                                  7.75   data required time
                                 -4.88   data arrival time
-----------------------------------------------------------------------------
                                  2.87   slack (MET)


Startpoint: opcode[1] (input port clocked by __VIRTUAL_CLK__)
Endpoint: out[6] (output port clocked by __VIRTUAL_CLK__)
Path Group: __VIRTUAL_CLK__
Path Type: max
Corner: Typical

Fanout     Cap    Slew   Delay    Time   Description
-----------------------------------------------------------------------------
                  0.00    0.00    0.00   clock __VIRTUAL_CLK__ (rise edge)
                          0.00    0.00   clock network delay (ideal)
                          2.00    2.00 ^ input external delay
     1    0.00    0.02    0.01    2.01 ^ opcode[1] (in)
                                         opcode[1] (net)
                  0.02    0.00    2.01 ^ input18/A (sky130_fd_sc_hd__dlymetal6s2s_1)
     5    0.02    0.21    0.20    2.21 ^ input18/X (sky130_fd_sc_hd__dlymetal6s2s_1)
                                         net18 (net)
                  0.21    0.00    2.22 ^ _222_/B (sky130_fd_sc_hd__nand3b_4)
     8    0.03    0.11    0.16    2.37 v _222_/Y (sky130_fd_sc_hd__nand3b_4)
                                         _150_ (net)
                  0.11    0.00    2.37 v _234_/C (sky130_fd_sc_hd__and3_1)
     2    0.01    0.05    0.23    2.60 v _234_/X (sky130_fd_sc_hd__and3_1)
                                         _001_ (net)
                  0.05    0.00    2.60 v _236_/A1 (sky130_fd_sc_hd__o21a_1)
     4    0.01    0.08    0.24    2.84 v _236_/X (sky130_fd_sc_hd__o21a_1)
                                         _003_ (net)
                  0.08    0.00    2.84 v _239_/B1 (sky130_fd_sc_hd__a211oi_1)
     3    0.01    0.39    0.40    3.24 ^ _239_/Y (sky130_fd_sc_hd__a211oi_1)
                                         _006_ (net)
                  0.39    0.00    3.24 ^ _241_/A2 (sky130_fd_sc_hd__o21ai_2)
     5    0.02    0.11    0.15    3.39 v _241_/Y (sky130_fd_sc_hd__o21ai_2)
                                         _008_ (net)
                  0.11    0.00    3.39 v _248_/A2 (sky130_fd_sc_hd__a311o_2)
     5    0.02    0.09    0.45    3.84 v _248_/X (sky130_fd_sc_hd__a311o_2)
                                         _015_ (net)
                  0.09    0.00    3.84 v _261_/A3 (sky130_fd_sc_hd__a31o_1)
     1    0.00    0.04    0.24    4.08 v _261_/X (sky130_fd_sc_hd__a31o_1)
                                         _027_ (net)
                  0.04    0.00    4.08 v _262_/A2 (sky130_fd_sc_hd__a21o_1)
     1    0.00    0.03    0.17    4.25 v _262_/X (sky130_fd_sc_hd__a21o_1)
                                         _028_ (net)
                  0.03    0.00    4.25 v _263_/B (sky130_fd_sc_hd__or2_1)
     1    0.01    0.06    0.22    4.48 v _263_/X (sky130_fd_sc_hd__or2_1)
                                         _029_ (net)
                  0.06    0.00    4.48 v _274_/B1 (sky130_fd_sc_hd__a22oi_1)
     1    0.00    0.14    0.14    4.62 ^ _274_/Y (sky130_fd_sc_hd__a22oi_1)
                                         net26 (net)
                  0.14    0.00    4.62 ^ output26/A (sky130_fd_sc_hd__buf_2)
     1    0.03    0.17    0.24    4.86 ^ output26/X (sky130_fd_sc_hd__buf_2)
                                         out[6] (net)
                  0.17    0.00    4.86 ^ out[6] (out)
                                  4.86   data arrival time

                  0.00   10.00   10.00   clock __VIRTUAL_CLK__ (rise edge)
                          0.00   10.00   clock network delay (ideal)
                         -0.25    9.75   clock uncertainty
                          0.00    9.75   clock reconvergence pessimism
                         -2.00    7.75   output external delay
                                  7.75   data required time
-----------------------------------------------------------------------------
                                  7.75   data required time
                                 -4.86   data arrival time
-----------------------------------------------------------------------------
                                  2.89   slack (MET)


Startpoint: opcode[1] (input port clocked by __VIRTUAL_CLK__)
Endpoint: out[4] (output port clocked by __VIRTUAL_CLK__)
Path Group: __VIRTUAL_CLK__
Path Type: max
Corner: Typical

Fanout     Cap    Slew   Delay    Time   Description
-----------------------------------------------------------------------------
                  0.00    0.00    0.00   clock __VIRTUAL_CLK__ (rise edge)
                          0.00    0.00   clock network delay (ideal)
                          2.00    2.00 ^ input external delay
     1    0.00    0.02    0.01    2.01 ^ opcode[1] (in)
                                         opcode[1] (net)
                  0.02    0.00    2.01 ^ input18/A (sky130_fd_sc_hd__dlymetal6s2s_1)
     5    0.02    0.21    0.20    2.21 ^ input18/X (sky130_fd_sc_hd__dlymetal6s2s_1)
                                         net18 (net)
                  0.21    0.00    2.22 ^ _222_/B (sky130_fd_sc_hd__nand3b_4)
     8    0.03    0.11    0.16    2.37 v _222_/Y (sky130_fd_sc_hd__nand3b_4)
                                         _150_ (net)
                  0.11    0.00    2.37 v _234_/C (sky130_fd_sc_hd__and3_1)
     2    0.01    0.05    0.23    2.60 v _234_/X (sky130_fd_sc_hd__and3_1)
                                         _001_ (net)
                  0.05    0.00    2.60 v _236_/A1 (sky130_fd_sc_hd__o21a_1)
     4    0.01    0.08    0.24    2.84 v _236_/X (sky130_fd_sc_hd__o21a_1)
                                         _003_ (net)
                  0.08    0.00    2.84 v _239_/B1 (sky130_fd_sc_hd__a211oi_1)
     3    0.01    0.39    0.40    3.24 ^ _239_/Y (sky130_fd_sc_hd__a211oi_1)
                                         _006_ (net)
                  0.39    0.00    3.24 ^ _241_/A2 (sky130_fd_sc_hd__o21ai_2)
     5    0.02    0.11    0.15    3.39 v _241_/Y (sky130_fd_sc_hd__o21ai_2)
                                         _008_ (net)
                  0.11    0.00    3.39 v _248_/A2 (sky130_fd_sc_hd__a311o_2)
     5    0.02    0.09    0.45    3.84 v _248_/X (sky130_fd_sc_hd__a311o_2)
                                         _015_ (net)
                  0.09    0.00    3.84 v _327_/A1 (sky130_fd_sc_hd__a31o_1)
     1    0.01    0.06    0.22    4.06 v _327_/X (sky130_fd_sc_hd__a31o_1)
                                         _087_ (net)
                  0.06    0.00    4.06 v _328_/B1 (sky130_fd_sc_hd__a21oi_1)
     1    0.00    0.10    0.12    4.18 ^ _328_/Y (sky130_fd_sc_hd__a21oi_1)
                                         _088_ (net)
                  0.10    0.00    4.18 ^ _329_/B1 (sky130_fd_sc_hd__a21oi_1)
     1    0.00    0.05    0.05    4.23 v _329_/Y (sky130_fd_sc_hd__a21oi_1)
                                         net24 (net)
                  0.05    0.00    4.23 v output24/A (sky130_fd_sc_hd__buf_2)
     1    0.03    0.09    0.19    4.42 v output24/X (sky130_fd_sc_hd__buf_2)
                                         out[4] (net)
                  0.09    0.00    4.42 v out[4] (out)
                                  4.42   data arrival time

                  0.00   10.00   10.00   clock __VIRTUAL_CLK__ (rise edge)
                          0.00   10.00   clock network delay (ideal)
                         -0.25    9.75   clock uncertainty
                          0.00    9.75   clock reconvergence pessimism
                         -2.00    7.75   output external delay
                                  7.75   data required time
-----------------------------------------------------------------------------
                                  7.75   data required time
                                 -4.42   data arrival time
-----------------------------------------------------------------------------
                                  3.33   slack (MET)


Startpoint: opcode[1] (input port clocked by __VIRTUAL_CLK__)
Endpoint: out[1] (output port clocked by __VIRTUAL_CLK__)
Path Group: __VIRTUAL_CLK__
Path Type: max
Corner: Typical

Fanout     Cap    Slew   Delay    Time   Description
-----------------------------------------------------------------------------
                  0.00    0.00    0.00   clock __VIRTUAL_CLK__ (rise edge)
                          0.00    0.00   clock network delay (ideal)
                          2.00    2.00 ^ input external delay
     1    0.00    0.02    0.01    2.01 ^ opcode[1] (in)
                                         opcode[1] (net)
                  0.02    0.00    2.01 ^ input18/A (sky130_fd_sc_hd__dlymetal6s2s_1)
     5    0.02    0.21    0.20    2.21 ^ input18/X (sky130_fd_sc_hd__dlymetal6s2s_1)
                                         net18 (net)
                  0.21    0.00    2.22 ^ _222_/B (sky130_fd_sc_hd__nand3b_4)
     8    0.03    0.11    0.16    2.37 v _222_/Y (sky130_fd_sc_hd__nand3b_4)
                                         _150_ (net)
                  0.11    0.00    2.37 v _234_/C (sky130_fd_sc_hd__and3_1)
     2    0.01    0.05    0.23    2.60 v _234_/X (sky130_fd_sc_hd__and3_1)
                                         _001_ (net)
                  0.05    0.00    2.60 v _236_/A1 (sky130_fd_sc_hd__o21a_1)
     4    0.01    0.08    0.24    2.84 v _236_/X (sky130_fd_sc_hd__o21a_1)
                                         _003_ (net)
                  0.08    0.00    2.84 v _239_/B1 (sky130_fd_sc_hd__a211oi_1)
     3    0.01    0.39    0.40    3.24 ^ _239_/Y (sky130_fd_sc_hd__a211oi_1)
                                         _006_ (net)
                  0.39    0.00    3.24 ^ _300_/A (sky130_fd_sc_hd__or3_1)
     1    0.00    0.05    0.19    3.43 ^ _300_/X (sky130_fd_sc_hd__or3_1)
                                         _063_ (net)
                  0.05    0.00    3.43 ^ _301_/C_N (sky130_fd_sc_hd__or3b_1)
     1    0.00    0.06    0.34    3.77 v _301_/X (sky130_fd_sc_hd__or3b_1)
                                         _064_ (net)
                  0.06    0.00    3.77 v _302_/B2 (sky130_fd_sc_hd__o2bb2a_1)
     1    0.01    0.07    0.31    4.09 v _302_/X (sky130_fd_sc_hd__o2bb2a_1)
                                         net21 (net)
                  0.07    0.00    4.09 v output21/A (sky130_fd_sc_hd__buf_2)
     1    0.03    0.09    0.20    4.29 v output21/X (sky130_fd_sc_hd__buf_2)
                                         out[1] (net)
                  0.09    0.00    4.29 v out[1] (out)
                                  4.29   data arrival time

                  0.00   10.00   10.00   clock __VIRTUAL_CLK__ (rise edge)
                          0.00   10.00   clock network delay (ideal)
                         -0.25    9.75   clock uncertainty
                          0.00    9.75   clock reconvergence pessimism
                         -2.00    7.75   output external delay
                                  7.75   data required time
-----------------------------------------------------------------------------
                                  7.75   data required time
                                 -4.29   data arrival time
-----------------------------------------------------------------------------
                                  3.46   slack (MET)


Startpoint: opcode[1] (input port clocked by __VIRTUAL_CLK__)
Endpoint: out[3] (output port clocked by __VIRTUAL_CLK__)
Path Group: __VIRTUAL_CLK__
Path Type: max
Corner: Typical

Fanout     Cap    Slew   Delay    Time   Description
-----------------------------------------------------------------------------
                  0.00    0.00    0.00   clock __VIRTUAL_CLK__ (rise edge)
                          0.00    0.00   clock network delay (ideal)
                          2.00    2.00 ^ input external delay
     1    0.00    0.02    0.01    2.01 ^ opcode[1] (in)
                                         opcode[1] (net)
                  0.02    0.00    2.01 ^ input18/A (sky130_fd_sc_hd__dlymetal6s2s_1)
     5    0.02    0.21    0.20    2.21 ^ input18/X (sky130_fd_sc_hd__dlymetal6s2s_1)
                                         net18 (net)
                  0.21    0.00    2.22 ^ _222_/B (sky130_fd_sc_hd__nand3b_4)
     8    0.03    0.11    0.16    2.37 v _222_/Y (sky130_fd_sc_hd__nand3b_4)
                                         _150_ (net)
                  0.11    0.00    2.37 v _234_/C (sky130_fd_sc_hd__and3_1)
     2    0.01    0.05    0.23    2.60 v _234_/X (sky130_fd_sc_hd__and3_1)
                                         _001_ (net)
                  0.05    0.00    2.60 v _236_/A1 (sky130_fd_sc_hd__o21a_1)
     4    0.01    0.08    0.24    2.84 v _236_/X (sky130_fd_sc_hd__o21a_1)
                                         _003_ (net)
                  0.08    0.00    2.84 v _239_/B1 (sky130_fd_sc_hd__a211oi_1)
     3    0.01    0.39    0.40    3.24 ^ _239_/Y (sky130_fd_sc_hd__a211oi_1)
                                         _006_ (net)
                  0.39    0.00    3.24 ^ _241_/A2 (sky130_fd_sc_hd__o21ai_2)
     5    0.02    0.11    0.15    3.39 v _241_/Y (sky130_fd_sc_hd__o21ai_2)
                                         _008_ (net)
                  0.11    0.00    3.39 v _314_/A2 (sky130_fd_sc_hd__a31o_1)
     1    0.00    0.04    0.23    3.62 v _314_/X (sky130_fd_sc_hd__a31o_1)
                                         _075_ (net)
                  0.04    0.00    3.62 v _318_/A2 (sky130_fd_sc_hd__o21bai_1)
     1    0.01    0.15    0.15    3.78 ^ _318_/Y (sky130_fd_sc_hd__o21bai_1)
                                         _079_ (net)
                  0.15    0.00    3.78 ^ _319_/B1_N (sky130_fd_sc_hd__o21ba_1)
     1    0.00    0.03    0.17    3.95 v _319_/X (sky130_fd_sc_hd__o21ba_1)
                                         _080_ (net)
                  0.03    0.00    3.95 v _320_/B1 (sky130_fd_sc_hd__a21oi_1)
     1    0.00    0.10    0.11    4.05 ^ _320_/Y (sky130_fd_sc_hd__a21oi_1)
                                         net23 (net)
                  0.10    0.00    4.05 ^ output23/A (sky130_fd_sc_hd__buf_2)
     1    0.03    0.17    0.23    4.28 ^ output23/X (sky130_fd_sc_hd__buf_2)
                                         out[3] (net)
                  0.17    0.00    4.28 ^ out[3] (out)
                                  4.28   data arrival time

                  0.00   10.00   10.00   clock __VIRTUAL_CLK__ (rise edge)
                          0.00   10.00   clock network delay (ideal)
                         -0.25    9.75   clock uncertainty
                          0.00    9.75   clock reconvergence pessimism
                         -2.00    7.75   output external delay
                                  7.75   data required time
-----------------------------------------------------------------------------
                                  7.75   data required time
                                 -4.28   data arrival time
-----------------------------------------------------------------------------
                                  3.47   slack (MET)


Startpoint: opcode[1] (input port clocked by __VIRTUAL_CLK__)
Endpoint: out[2] (output port clocked by __VIRTUAL_CLK__)
Path Group: __VIRTUAL_CLK__
Path Type: max
Corner: Typical

Fanout     Cap    Slew   Delay    Time   Description
-----------------------------------------------------------------------------
                  0.00    0.00    0.00   clock __VIRTUAL_CLK__ (rise edge)
                          0.00    0.00   clock network delay (ideal)
                          2.00    2.00 ^ input external delay
     1    0.00    0.02    0.01    2.01 ^ opcode[1] (in)
                                         opcode[1] (net)
                  0.02    0.00    2.01 ^ input18/A (sky130_fd_sc_hd__dlymetal6s2s_1)
     5    0.02    0.21    0.20    2.21 ^ input18/X (sky130_fd_sc_hd__dlymetal6s2s_1)
                                         net18 (net)
                  0.21    0.00    2.22 ^ _222_/B (sky130_fd_sc_hd__nand3b_4)
     8    0.03    0.11    0.16    2.37 v _222_/Y (sky130_fd_sc_hd__nand3b_4)
                                         _150_ (net)
                  0.11    0.00    2.37 v _234_/C (sky130_fd_sc_hd__and3_1)
     2    0.01    0.05    0.23    2.60 v _234_/X (sky130_fd_sc_hd__and3_1)
                                         _001_ (net)
                  0.05    0.00    2.60 v _236_/A1 (sky130_fd_sc_hd__o21a_1)
     4    0.01    0.08    0.24    2.84 v _236_/X (sky130_fd_sc_hd__o21a_1)
                                         _003_ (net)
                  0.08    0.00    2.84 v _239_/B1 (sky130_fd_sc_hd__a211oi_1)
     3    0.01    0.39    0.40    3.24 ^ _239_/Y (sky130_fd_sc_hd__a211oi_1)
                                         _006_ (net)
                  0.39    0.00    3.24 ^ _241_/A2 (sky130_fd_sc_hd__o21ai_2)
     5    0.02    0.11    0.15    3.39 v _241_/Y (sky130_fd_sc_hd__o21ai_2)
                                         _008_ (net)
                  0.11    0.00    3.39 v _309_/A1 (sky130_fd_sc_hd__a31o_1)
     1    0.00    0.05    0.22    3.61 v _309_/X (sky130_fd_sc_hd__a31o_1)
                                         _071_ (net)
                  0.05    0.00    3.61 v _310_/B2 (sky130_fd_sc_hd__o2bb2a_1)
     1    0.00    0.05    0.28    3.89 v _310_/X (sky130_fd_sc_hd__o2bb2a_1)
                                         net22 (net)
                  0.05    0.00    3.89 v output22/A (sky130_fd_sc_hd__buf_2)
     1    0.03    0.09    0.19    4.08 v output22/X (sky130_fd_sc_hd__buf_2)
                                         out[2] (net)
                  0.09    0.00    4.08 v out[2] (out)
                                  4.08   data arrival time

                  0.00   10.00   10.00   clock __VIRTUAL_CLK__ (rise edge)
                          0.00   10.00   clock network delay (ideal)
                         -0.25    9.75   clock uncertainty
                          0.00    9.75   clock reconvergence pessimism
                         -2.00    7.75   output external delay
                                  7.75   data required time
-----------------------------------------------------------------------------
                                  7.75   data required time
                                 -4.08   data arrival time
-----------------------------------------------------------------------------
                                  3.67   slack (MET)


Startpoint: opcode[1] (input port clocked by __VIRTUAL_CLK__)
Endpoint: out[0] (output port clocked by __VIRTUAL_CLK__)
Path Group: __VIRTUAL_CLK__
Path Type: max
Corner: Typical

Fanout     Cap    Slew   Delay    Time   Description
-----------------------------------------------------------------------------
                  0.00    0.00    0.00   clock __VIRTUAL_CLK__ (rise edge)
                          0.00    0.00   clock network delay (ideal)
                          2.00    2.00 v input external delay
     1    0.00    0.01    0.00    2.00 v opcode[1] (in)
                                         opcode[1] (net)
                  0.01    0.00    2.00 v input18/A (sky130_fd_sc_hd__dlymetal6s2s_1)
     5    0.02    0.10    0.19    2.19 v input18/X (sky130_fd_sc_hd__dlymetal6s2s_1)
                                         net18 (net)
                  0.10    0.00    2.19 v _161_/B (sky130_fd_sc_hd__or2_1)
     3    0.01    0.09    0.29    2.48 v _161_/X (sky130_fd_sc_hd__or2_1)
                                         _089_ (net)
                  0.09    0.00    2.48 v _250_/C (sky130_fd_sc_hd__and3_1)
     4    0.02    0.12    0.29    2.77 v _250_/X (sky130_fd_sc_hd__and3_1)
                                         _017_ (net)
                  0.12    0.00    2.77 v _251_/A (sky130_fd_sc_hd__inv_2)
     5    0.02    0.10    0.13    2.91 ^ _251_/Y (sky130_fd_sc_hd__inv_2)
                                         _018_ (net)
                  0.10    0.00    2.91 ^ _290_/B1 (sky130_fd_sc_hd__a22oi_1)
     1    0.00    0.08    0.08    2.99 v _290_/Y (sky130_fd_sc_hd__a22oi_1)
                                         _054_ (net)
                  0.08    0.00    2.99 v _292_/A2 (sky130_fd_sc_hd__o32a_1)
     1    0.00    0.06    0.35    3.34 v _292_/X (sky130_fd_sc_hd__o32a_1)
                                         _056_ (net)
                  0.06    0.00    3.34 v _293_/B1 (sky130_fd_sc_hd__a21o_1)
     1    0.01    0.04    0.17    3.51 v _293_/X (sky130_fd_sc_hd__a21o_1)
                                         net20 (net)
                  0.04    0.00    3.51 v output20/A (sky130_fd_sc_hd__buf_2)
     1    0.03    0.09    0.19    3.70 v output20/X (sky130_fd_sc_hd__buf_2)
                                         out[0] (net)
                  0.09    0.00    3.70 v out[0] (out)
                                  3.70   data arrival time

                  0.00   10.00   10.00   clock __VIRTUAL_CLK__ (rise edge)
                          0.00   10.00   clock network delay (ideal)
                         -0.25    9.75   clock uncertainty
                          0.00    9.75   clock reconvergence pessimism
                         -2.00    7.75   output external delay
                                  7.75   data required time
-----------------------------------------------------------------------------
                                  7.75   data required time
                                 -3.70   data arrival time
-----------------------------------------------------------------------------
                                  4.05   slack (MET)



worst slack corner Typical: 2.8095
