
===========================================================================
 report_power
============================================================================
======================= Fastest Corner ===================================

Group                  Internal  Switching    Leakage      Total
                          Power      Power      Power      Power (Watts)
----------------------------------------------------------------
Sequential             0.00e+00   0.00e+00   0.00e+00   0.00e+00   0.0%
Combinational          2.05e-06   5.16e-06   5.96e-11   7.21e-06 100.0%
Clock                  0.00e+00   0.00e+00   1.44e-10   1.44e-10   0.0%
Macro                  0.00e+00   0.00e+00   0.00e+00   0.00e+00   0.0%
Pad                    0.00e+00   0.00e+00   0.00e+00   0.00e+00   0.0%
----------------------------------------------------------------
Total                  2.05e-06   5.16e-06   2.03e-10   7.21e-06 100.0%
                          28.4%      71.6%       0.0%

======================= Slowest Corner ===================================

Group                  Internal  Switching    Leakage      Total
                          Power      Power      Power      Power (Watts)
----------------------------------------------------------------
Sequential             0.00e+00   0.00e+00   0.00e+00   0.00e+00   0.0%
Combinational          1.54e-06   3.45e-06   6.69e-08   5.06e-06 100.0%
Clock                  0.00e+00   0.00e+00   1.44e-10   1.44e-10   0.0%
Macro                  0.00e+00   0.00e+00   0.00e+00   0.00e+00   0.0%
Pad                    0.00e+00   0.00e+00   0.00e+00   0.00e+00   0.0%
----------------------------------------------------------------
Total                  1.54e-06   3.45e-06   6.71e-08   5.06e-06 100.0%
                          30.5%      68.2%       1.3%

======================= Typical Corner ===================================

Group                  Internal  Switching    Leakage      Total
                          Power      Power      Power      Power (Watts)
----------------------------------------------------------------
Sequential             0.00e+00   0.00e+00   0.00e+00   0.00e+00   0.0%
Combinational          1.86e-06   4.38e-06   3.51e-11   6.23e-06 100.0%
Clock                  0.00e+00   0.00e+00   1.44e-10   1.44e-10   0.0%
Macro                  0.00e+00   0.00e+00   0.00e+00   0.00e+00   0.0%
Pad                    0.00e+00   0.00e+00   0.00e+00   0.00e+00   0.0%
----------------------------------------------------------------
Total                  1.86e-06   4.38e-06   1.79e-10   6.24e-06 100.0%
                          29.8%      70.2%       0.0%

