
===========================================================================
report_checks -path_delay max (Setup)
============================================================================
======================= Fastest Corner ===================================

Startpoint: a[0] (input port clocked by __VIRTUAL_CLK__)
Endpoint: out[2] (output port clocked by __VIRTUAL_CLK__)
Path Group: __VIRTUAL_CLK__
Path Type: max
Corner: Fastest

Fanout     Cap    Slew   Delay    Time   Description
-----------------------------------------------------------------------------
                  0.00    0.00    0.00   clock __VIRTUAL_CLK__ (rise edge)
                          0.00    0.00   clock network delay (ideal)
                          2.00    2.00 v input external delay
     1    0.00    0.00    0.00    2.00 v a[0] (in)
                                         a[0] (net)
                  0.00    0.00    2.00 v input1/A (sky130_fd_sc_hd__buf_1)
     4    0.02    0.07    0.09    2.09 v input1/X (sky130_fd_sc_hd__buf_1)
                                         net1 (net)
                  0.07    0.00    2.09 v _4_/B (sky130_fd_sc_hd__or3_1)
     2    0.01    0.06    0.24    2.34 v _4_/X (sky130_fd_sc_hd__or3_1)
                                         _2_ (net)
                  0.06    0.00    2.34 v _6_/A (sky130_fd_sc_hd__and2_1)
     1    0.00    0.02    0.10    2.44 v _6_/X (sky130_fd_sc_hd__and2_1)
                                         _1_ (net)
                  0.02    0.00    2.44 v _7_/A (sky130_fd_sc_hd__clkbuf_1)
     1    0.00    0.02    0.06    2.50 v _7_/X (sky130_fd_sc_hd__clkbuf_1)
                                         net7 (net)
                  0.02    0.00    2.50 v output7/A (sky130_fd_sc_hd__buf_2)
     1    0.03    0.06    0.12    2.62 v output7/X (sky130_fd_sc_hd__buf_2)
                                         out[2] (net)
                  0.06    0.00    2.62 v out[2] (out)
                                  2.62   data arrival time

                  0.00   10.00   10.00   clock __VIRTUAL_CLK__ (rise edge)
                          0.00   10.00   clock network delay (ideal)
                         -0.25    9.75   clock uncertainty
                          0.00    9.75   clock reconvergence pessimism
                         -2.00    7.75   output external delay
                                  7.75   data required time
-----------------------------------------------------------------------------
                                  7.75   data required time
                                 -2.62   data arrival time
-----------------------------------------------------------------------------
                                  5.13   slack (MET)


Startpoint: a[0] (input port clocked by __VIRTUAL_CLK__)
Endpoint: out[3] (output port clocked by __VIRTUAL_CLK__)
Path Group: __VIRTUAL_CLK__
Path Type: max
Corner: Fastest

Fanout     Cap    Slew   Delay    Time   Description
-----------------------------------------------------------------------------
                  0.00    0.00    0.00   clock __VIRTUAL_CLK__ (rise edge)
                          0.00    0.00   clock network delay (ideal)
                          2.00    2.00 v input external delay
     1    0.00    0.00    0.00    2.00 v a[0] (in)
                                         a[0] (net)
                  0.00    0.00    2.00 v input1/A (sky130_fd_sc_hd__buf_1)
     4    0.02    0.07    0.09    2.09 v input1/X (sky130_fd_sc_hd__buf_1)
                                         net1 (net)
                  0.07    0.00    2.09 v _4_/B (sky130_fd_sc_hd__or3_1)
     2    0.01    0.06    0.24    2.34 v _4_/X (sky130_fd_sc_hd__or3_1)
                                         _2_ (net)
                  0.06    0.00    2.34 v _8_/B (sky130_fd_sc_hd__xor2_1)
     1    0.00    0.10    0.11    2.45 ^ _8_/X (sky130_fd_sc_hd__xor2_1)
                                         net8 (net)
                  0.10    0.00    2.45 ^ output8/A (sky130_fd_sc_hd__buf_2)
     1    0.03    0.13    0.16    2.61 ^ output8/X (sky130_fd_sc_hd__buf_2)
                                         out[3] (net)
                  0.13    0.00    2.62 ^ out[3] (out)
                                  2.62   data arrival time

                  0.00   10.00   10.00   clock __VIRTUAL_CLK__ (rise edge)
                          0.00   10.00   clock network delay (ideal)
                         -0.25    9.75   clock uncertainty
                          0.00    9.75   clock reconvergence pessimism
                         -2.00    7.75   output external delay
                                  7.75   data required time
-----------------------------------------------------------------------------
                                  7.75   data required time
                                 -2.62   data arrival time
-----------------------------------------------------------------------------
                                  5.13   slack (MET)


Startpoint: a[0] (input port clocked by __VIRTUAL_CLK__)
Endpoint: out[1] (output port clocked by __VIRTUAL_CLK__)
Path Group: __VIRTUAL_CLK__
Path Type: max
Corner: Fastest

Fanout     Cap    Slew   Delay    Time   Description
-----------------------------------------------------------------------------
                  0.00    0.00    0.00   clock __VIRTUAL_CLK__ (rise edge)
                          0.00    0.00   clock network delay (ideal)
                          2.00    2.00 ^ input external delay
     1    0.00    0.02    0.01    2.01 ^ a[0] (in)
                                         a[0] (net)
                  0.02    0.00    2.01 ^ input1/A (sky130_fd_sc_hd__buf_1)
     4    0.02    0.15    0.14    2.15 ^ input1/X (sky130_fd_sc_hd__buf_1)
                                         net1 (net)
                  0.15    0.00    2.15 ^ _3_/B (sky130_fd_sc_hd__xor2_1)
     1    0.00    0.08    0.10    2.24 ^ _3_/X (sky130_fd_sc_hd__xor2_1)
                                         net6 (net)
                  0.08    0.00    2.24 ^ output6/A (sky130_fd_sc_hd__buf_2)
     1    0.03    0.13    0.16    2.40 ^ output6/X (sky130_fd_sc_hd__buf_2)
                                         out[1] (net)
                  0.13    0.00    2.40 ^ out[1] (out)
                                  2.40   data arrival time

                  0.00   10.00   10.00   clock __VIRTUAL_CLK__ (rise edge)
                          0.00   10.00   clock network delay (ideal)
                         -0.25    9.75   clock uncertainty
                          0.00    9.75   clock reconvergence pessimism
                         -2.00    7.75   output external delay
                                  7.75   data required time
-----------------------------------------------------------------------------
                                  7.75   data required time
                                 -2.40   data arrival time
-----------------------------------------------------------------------------
                                  5.35   slack (MET)


Startpoint: a[0] (input port clocked by __VIRTUAL_CLK__)
Endpoint: out[0] (output port clocked by __VIRTUAL_CLK__)
Path Group: __VIRTUAL_CLK__
Path Type: max
Corner: Fastest

Fanout     Cap    Slew   Delay    Time   Description
-----------------------------------------------------------------------------
                  0.00    0.00    0.00   clock __VIRTUAL_CLK__ (rise edge)
                          0.00    0.00   clock network delay (ideal)
                          2.00    2.00 ^ input external delay
     1    0.00    0.02    0.01    2.01 ^ a[0] (in)
                                         a[0] (net)
                  0.02    0.00    2.01 ^ input1/A (sky130_fd_sc_hd__buf_1)
     4    0.02    0.15    0.14    2.15 ^ input1/X (sky130_fd_sc_hd__buf_1)
                                         net1 (net)
                  0.15    0.00    2.15 ^ _9_/A (sky130_fd_sc_hd__clkbuf_1)
     1    0.01    0.06    0.09    2.23 ^ _9_/X (sky130_fd_sc_hd__clkbuf_1)
                                         net5 (net)
                  0.06    0.00    2.23 ^ output5/A (sky130_fd_sc_hd__buf_2)
     1    0.03    0.13    0.15    2.39 ^ output5/X (sky130_fd_sc_hd__buf_2)
                                         out[0] (net)
                  0.13    0.00    2.39 ^ out[0] (out)
                                  2.39   data arrival time

                  0.00   10.00   10.00   clock __VIRTUAL_CLK__ (rise edge)
                          0.00   10.00   clock network delay (ideal)
                         -0.25    9.75   clock uncertainty
                          0.00    9.75   clock reconvergence pessimism
                         -2.00    7.75   output external delay
                                  7.75   data required time
-----------------------------------------------------------------------------
                                  7.75   data required time
                                 -2.39   data arrival time
-----------------------------------------------------------------------------
                                  5.36   slack (MET)



worst slack corner Fastest: 5.1308
======================= Slowest Corner ===================================

Startpoint: a[1] (input port clocked by __VIRTUAL_CLK__)
Endpoint: out[2] (output port clocked by __VIRTUAL_CLK__)
Path Group: __VIRTUAL_CLK__
Path Type: max
Corner: Slowest

Fanout     Cap    Slew   Delay    Time   Description
-----------------------------------------------------------------------------
                  0.00    0.00    0.00   clock __VIRTUAL_CLK__ (rise edge)
                          0.00    0.00   clock network delay (ideal)
                          2.00    2.00 v input external delay
     1    0.00    0.02    0.01    2.01 v a[1] (in)
                                         a[1] (net)
                  0.02    0.00    2.01 v input2/A (sky130_fd_sc_hd__buf_1)
     3    0.01    0.14    0.22    2.23 v input2/X (sky130_fd_sc_hd__buf_1)
                                         net2 (net)
                  0.14    0.00    2.23 v _4_/A (sky130_fd_sc_hd__or3_1)
     2    0.01    0.19    1.00    3.24 v _4_/X (sky130_fd_sc_hd__or3_1)
                                         _2_ (net)
                  0.19    0.00    3.24 v _6_/A (sky130_fd_sc_hd__and2_1)
     1    0.00    0.06    0.34    3.58 v _6_/X (sky130_fd_sc_hd__and2_1)
                                         _1_ (net)
                  0.06    0.00    3.58 v _7_/A (sky130_fd_sc_hd__clkbuf_1)
     1    0.00    0.06    0.18    3.76 v _7_/X (sky130_fd_sc_hd__clkbuf_1)
                                         net7 (net)
                  0.06    0.00    3.76 v output7/A (sky130_fd_sc_hd__buf_2)
     1    0.03    0.17    0.36    4.11 v output7/X (sky130_fd_sc_hd__buf_2)
                                         out[2] (net)
                  0.17    0.00    4.12 v out[2] (out)
                                  4.12   data arrival time

                  0.00   10.00   10.00   clock __VIRTUAL_CLK__ (rise edge)
                          0.00   10.00   clock network delay (ideal)
                         -0.25    9.75   clock uncertainty
                          0.00    9.75   clock reconvergence pessimism
                         -2.00    7.75   output external delay
                                  7.75   data required time
-----------------------------------------------------------------------------
                                  7.75   data required time
                                 -4.12   data arrival time
-----------------------------------------------------------------------------
                                  3.63   slack (MET)


Startpoint: a[1] (input port clocked by __VIRTUAL_CLK__)
Endpoint: out[3] (output port clocked by __VIRTUAL_CLK__)
Path Group: __VIRTUAL_CLK__
Path Type: max
Corner: Slowest

Fanout     Cap    Slew   Delay    Time   Description
-----------------------------------------------------------------------------
                  0.00    0.00    0.00   clock __VIRTUAL_CLK__ (rise edge)
                          0.00    0.00   clock network delay (ideal)
                          2.00    2.00 v input external delay
     1    0.00    0.02    0.01    2.01 v a[1] (in)
                                         a[1] (net)
                  0.02    0.00    2.01 v input2/A (sky130_fd_sc_hd__buf_1)
     3    0.01    0.14    0.22    2.23 v input2/X (sky130_fd_sc_hd__buf_1)
                                         net2 (net)
                  0.14    0.00    2.23 v _4_/A (sky130_fd_sc_hd__or3_1)
     2    0.01    0.19    1.00    3.24 v _4_/X (sky130_fd_sc_hd__or3_1)
                                         _2_ (net)
                  0.19    0.00    3.24 v _8_/B (sky130_fd_sc_hd__xor2_1)
     1    0.00    0.22    0.30    3.53 ^ _8_/X (sky130_fd_sc_hd__xor2_1)
                                         net8 (net)
                  0.22    0.00    3.53 ^ output8/A (sky130_fd_sc_hd__buf_2)
     1    0.03    0.27    0.43    3.97 ^ output8/X (sky130_fd_sc_hd__buf_2)
                                         out[3] (net)
                  0.27    0.00    3.97 ^ out[3] (out)
                                  3.97   data arrival time

                  0.00   10.00   10.00   clock __VIRTUAL_CLK__ (rise edge)
                          0.00   10.00   clock network delay (ideal)
                         -0.25    9.75   clock uncertainty
                          0.00    9.75   clock reconvergence pessimism
                         -2.00    7.75   output external delay
                                  7.75   data required time
-----------------------------------------------------------------------------
                                  7.75   data required time
                                 -3.97   data arrival time
-----------------------------------------------------------------------------
                                  3.78   slack (MET)


Startpoint: a[0] (input port clocked by __VIRTUAL_CLK__)
Endpoint: out[1] (output port clocked by __VIRTUAL_CLK__)
Path Group: __VIRTUAL_CLK__
Path Type: max
Corner: Slowest

Fanout     Cap    Slew   Delay    Time   Description
-----------------------------------------------------------------------------
                  0.00    0.00    0.00   clock __VIRTUAL_CLK__ (rise edge)
                          0.00    0.00   clock network delay (ideal)
                          2.00    2.00 ^ input external delay
     1    0.00    0.03    0.02    2.02 ^ a[0] (in)
                                         a[0] (net)
                  0.03    0.00    2.02 ^ input1/A (sky130_fd_sc_hd__buf_1)
     4    0.02    0.32    0.33    2.35 ^ input1/X (sky130_fd_sc_hd__buf_1)
                                         net1 (net)
                  0.32    0.00    2.35 ^ _3_/B (sky130_fd_sc_hd__xor2_1)
     1    0.00    0.17    0.34    2.69 ^ _3_/X (sky130_fd_sc_hd__xor2_1)
                                         net6 (net)
                  0.17    0.00    2.69 ^ output6/A (sky130_fd_sc_hd__buf_2)
     1    0.03    0.27    0.41    3.10 ^ output6/X (sky130_fd_sc_hd__buf_2)
                                         out[1] (net)
                  0.27    0.00    3.10 ^ out[1] (out)
                                  3.10   data arrival time

                  0.00   10.00   10.00   clock __VIRTUAL_CLK__ (rise edge)
                          0.00   10.00   clock network delay (ideal)
                         -0.25    9.75   clock uncertainty
                          0.00    9.75   clock reconvergence pessimism
                         -2.00    7.75   output external delay
                                  7.75   data required time
-----------------------------------------------------------------------------
                                  7.75   data required time
                                 -3.10   data arrival time
-----------------------------------------------------------------------------
                                  4.65   slack (MET)


Startpoint: a[0] (input port clocked by __VIRTUAL_CLK__)
Endpoint: out[0] (output port clocked by __VIRTUAL_CLK__)
Path Group: __VIRTUAL_CLK__
Path Type: max
Corner: Slowest

Fanout     Cap    Slew   Delay    Time   Description
-----------------------------------------------------------------------------
                  0.00    0.00    0.00   clock __VIRTUAL_CLK__ (rise edge)
                          0.00    0.00   clock network delay (ideal)
                          2.00    2.00 ^ input external delay
     1    0.00    0.03    0.02    2.02 ^ a[0] (in)
                                         a[0] (net)
                  0.03    0.00    2.02 ^ input1/A (sky130_fd_sc_hd__buf_1)
     4    0.02    0.32    0.33    2.35 ^ input1/X (sky130_fd_sc_hd__buf_1)
                                         net1 (net)
                  0.32    0.00    2.35 ^ _9_/A (sky130_fd_sc_hd__clkbuf_1)
     1    0.01    0.14    0.30    2.65 ^ _9_/X (sky130_fd_sc_hd__clkbuf_1)
                                         net5 (net)
                  0.14    0.00    2.65 ^ output5/A (sky130_fd_sc_hd__buf_2)
     1    0.03    0.27    0.39    3.04 ^ output5/X (sky130_fd_sc_hd__buf_2)
                                         out[0] (net)
                  0.27    0.00    3.04 ^ out[0] (out)
                                  3.04   data arrival time

                  0.00   10.00   10.00   clock __VIRTUAL_CLK__ (rise edge)
                          0.00   10.00   clock network delay (ideal)
                         -0.25    9.75   clock uncertainty
                          0.00    9.75   clock reconvergence pessimism
                         -2.00    7.75   output external delay
                                  7.75   data required time
-----------------------------------------------------------------------------
                                  7.75   data required time
                                 -3.04   data arrival time
-----------------------------------------------------------------------------
                                  4.71   slack (MET)



worst slack corner Slowest: 3.6347
======================= Typical Corner ===================================

Startpoint: a[0] (input port clocked by __VIRTUAL_CLK__)
Endpoint: out[2] (output port clocked by __VIRTUAL_CLK__)
Path Group: __VIRTUAL_CLK__
Path Type: max
Corner: Typical

Fanout     Cap    Slew   Delay    Time   Description
-----------------------------------------------------------------------------
                  0.00    0.00    0.00   clock __VIRTUAL_CLK__ (rise edge)
                          0.00    0.00   clock network delay (ideal)
                          2.00    2.00 v input external delay
     1    0.00    0.01    0.00    2.00 v a[0] (in)
                                         a[0] (net)
                  0.01    0.00    2.00 v input1/A (sky130_fd_sc_hd__buf_1)
     4    0.02    0.10    0.14    2.14 v input1/X (sky130_fd_sc_hd__buf_1)
                                         net1 (net)
                  0.10    0.00    2.14 v _4_/B (sky130_fd_sc_hd__or3_1)
     2    0.01    0.10    0.42    2.56 v _4_/X (sky130_fd_sc_hd__or3_1)
                                         _2_ (net)
                  0.10    0.00    2.56 v _6_/A (sky130_fd_sc_hd__and2_1)
     1    0.00    0.03    0.16    2.72 v _6_/X (sky130_fd_sc_hd__and2_1)
                                         _1_ (net)
                  0.03    0.00    2.72 v _7_/A (sky130_fd_sc_hd__clkbuf_1)
     1    0.00    0.03    0.09    2.81 v _7_/X (sky130_fd_sc_hd__clkbuf_1)
                                         net7 (net)
                  0.03    0.00    2.81 v output7/A (sky130_fd_sc_hd__buf_2)
     1    0.03    0.09    0.18    3.00 v output7/X (sky130_fd_sc_hd__buf_2)
                                         out[2] (net)
                  0.09    0.00    3.00 v out[2] (out)
                                  3.00   data arrival time

                  0.00   10.00   10.00   clock __VIRTUAL_CLK__ (rise edge)
                          0.00   10.00   clock network delay (ideal)
                         -0.25    9.75   clock uncertainty
                          0.00    9.75   clock reconvergence pessimism
                         -2.00    7.75   output external delay
                                  7.75   data required time
-----------------------------------------------------------------------------
                                  7.75   data required time
                                 -3.00   data arrival time
-----------------------------------------------------------------------------
                                  4.75   slack (MET)


Startpoint: a[0] (input port clocked by __VIRTUAL_CLK__)
Endpoint: out[3] (output port clocked by __VIRTUAL_CLK__)
Path Group: __VIRTUAL_CLK__
Path Type: max
Corner: Typical

Fanout     Cap    Slew   Delay    Time   Description
-----------------------------------------------------------------------------
                  0.00    0.00    0.00   clock __VIRTUAL_CLK__ (rise edge)
                          0.00    0.00   clock network delay (ideal)
                          2.00    2.00 v input external delay
     1    0.00    0.01    0.00    2.00 v a[0] (in)
                                         a[0] (net)
                  0.01    0.00    2.00 v input1/A (sky130_fd_sc_hd__buf_1)
     4    0.02    0.10    0.14    2.14 v input1/X (sky130_fd_sc_hd__buf_1)
                                         net1 (net)
                  0.10    0.00    2.14 v _4_/B (sky130_fd_sc_hd__or3_1)
     2    0.01    0.10    0.42    2.56 v _4_/X (sky130_fd_sc_hd__or3_1)
                                         _2_ (net)
                  0.10    0.00    2.56 v _8_/B (sky130_fd_sc_hd__xor2_1)
     1    0.00    0.13    0.17    2.73 ^ _8_/X (sky130_fd_sc_hd__xor2_1)
                                         net8 (net)
                  0.13    0.00    2.73 ^ output8/A (sky130_fd_sc_hd__buf_2)
     1    0.03    0.17    0.24    2.97 ^ output8/X (sky130_fd_sc_hd__buf_2)
                                         out[3] (net)
                  0.17    0.00    2.97 ^ out[3] (out)
                                  2.97   data arrival time

                  0.00   10.00   10.00   clock __VIRTUAL_CLK__ (rise edge)
                          0.00   10.00   clock network delay (ideal)
                         -0.25    9.75   clock uncertainty
                          0.00    9.75   clock reconvergence pessimism
                         -2.00    7.75   output external delay
                                  7.75   data required time
-----------------------------------------------------------------------------
                                  7.75   data required time
                                 -2.97   data arrival time
-----------------------------------------------------------------------------
                                  4.78   slack (MET)


Startpoint: a[0] (input port clocked by __VIRTUAL_CLK__)
Endpoint: out[1] (output port clocked by __VIRTUAL_CLK__)
Path Group: __VIRTUAL_CLK__
Path Type: max
Corner: Typical

Fanout     Cap    Slew   Delay    Time   Description
-----------------------------------------------------------------------------
                  0.00    0.00    0.00   clock __VIRTUAL_CLK__ (rise edge)
                          0.00    0.00   clock network delay (ideal)
                          2.00    2.00 ^ input external delay
     1    0.00    0.02    0.01    2.01 ^ a[0] (in)
                                         a[0] (net)
                  0.02    0.00    2.01 ^ input1/A (sky130_fd_sc_hd__buf_1)
     4    0.02    0.20    0.19    2.20 ^ input1/X (sky130_fd_sc_hd__buf_1)
                                         net1 (net)
                  0.20    0.00    2.20 ^ _3_/B (sky130_fd_sc_hd__xor2_1)
     1    0.00    0.11    0.17    2.37 ^ _3_/X (sky130_fd_sc_hd__xor2_1)
                                         net6 (net)
                  0.11    0.00    2.37 ^ output6/A (sky130_fd_sc_hd__buf_2)
     1    0.03    0.17    0.23    2.60 ^ output6/X (sky130_fd_sc_hd__buf_2)
                                         out[1] (net)
                  0.17    0.00    2.60 ^ out[1] (out)
                                  2.60   data arrival time

                  0.00   10.00   10.00   clock __VIRTUAL_CLK__ (rise edge)
                          0.00   10.00   clock network delay (ideal)
                         -0.25    9.75   clock uncertainty
                          0.00    9.75   clock reconvergence pessimism
                         -2.00    7.75   output external delay
                                  7.75   data required time
-----------------------------------------------------------------------------
                                  7.75   data required time
                                 -2.60   data arrival time
-----------------------------------------------------------------------------
                                  5.15   slack (MET)


Startpoint: a[0] (input port clocked by __VIRTUAL_CLK__)
Endpoint: out[0] (output port clocked by __VIRTUAL_CLK__)
Path Group: __VIRTUAL_CLK__
Path Type: max
Corner: Typical

Fanout     Cap    Slew   Delay    Time   Description
-----------------------------------------------------------------------------
                  0.00    0.00    0.00   clock __VIRTUAL_CLK__ (rise edge)
                          0.00    0.00   clock network delay (ideal)
                          2.00    2.00 ^ input external delay
     1    0.00    0.02    0.01    2.01 ^ a[0] (in)
                                         a[0] (net)
                  0.02    0.00    2.01 ^ input1/A (sky130_fd_sc_hd__buf_1)
     4    0.02    0.20    0.19    2.20 ^ input1/X (sky130_fd_sc_hd__buf_1)
                                         net1 (net)
                  0.20    0.00    2.21 ^ _9_/A (sky130_fd_sc_hd__clkbuf_1)
     1    0.01    0.08    0.15    2.35 ^ _9_/X (sky130_fd_sc_hd__clkbuf_1)
                                         net5 (net)
                  0.08    0.00    2.35 ^ output5/A (sky130_fd_sc_hd__buf_2)
     1    0.03    0.17    0.22    2.58 ^ output5/X (sky130_fd_sc_hd__buf_2)
                                         out[0] (net)
                  0.17    0.00    2.58 ^ out[0] (out)
                                  2.58   data arrival time

                  0.00   10.00   10.00   clock __VIRTUAL_CLK__ (rise edge)
                          0.00   10.00   clock network delay (ideal)
                         -0.25    9.75   clock uncertainty
                          0.00    9.75   clock reconvergence pessimism
                         -2.00    7.75   output external delay
                                  7.75   data required time
-----------------------------------------------------------------------------
                                  7.75   data required time
                                 -2.58   data arrival time
-----------------------------------------------------------------------------
                                  5.17   slack (MET)



worst slack corner Typical: 4.7520
