
===========================================================================
report_checks -unconstrained
===========================================================================
======================= Fastest Corner ===================================

Startpoint: opcode[1] (input port clocked by __VIRTUAL_CLK__)
Endpoint: out[7] (output port clocked by __VIRTUAL_CLK__)
Path Group: __VIRTUAL_CLK__
Path Type: max
Corner: Fastest

Fanout     Cap    Slew   Delay    Time   Description
-----------------------------------------------------------------------------
                  0.00    0.00    0.00   clock __VIRTUAL_CLK__ (rise edge)
                          0.00    0.00   clock network delay (ideal)
                          2.00    2.00 ^ input external delay
     1    0.00    0.01    0.01    2.01 ^ opcode[1] (in)
                                         opcode[1] (net)
                  0.01    0.00    2.01 ^ input18/A (sky130_fd_sc_hd__dlymetal6s2s_1)
     5    0.02    0.16    0.15    2.16 ^ input18/X (sky130_fd_sc_hd__dlymetal6s2s_1)
                                         net18 (net)
                  0.16    0.00    2.16 ^ _222_/B (sky130_fd_sc_hd__nand3b_4)
     8    0.03    0.08    0.09    2.25 v _222_/Y (sky130_fd_sc_hd__nand3b_4)
                                         _150_ (net)
                  0.08    0.00    2.25 v _234_/C (sky130_fd_sc_hd__and3_1)
     2    0.01    0.04    0.15    2.40 v _234_/X (sky130_fd_sc_hd__and3_1)
                                         _001_ (net)
                  0.04    0.00    2.40 v _236_/A1 (sky130_fd_sc_hd__o21a_1)
     4    0.01    0.06    0.16    2.56 v _236_/X (sky130_fd_sc_hd__o21a_1)
                                         _003_ (net)
                  0.06    0.00    2.56 v _239_/B1 (sky130_fd_sc_hd__a211oi_1)
     3    0.01    0.28    0.21    2.77 ^ _239_/Y (sky130_fd_sc_hd__a211oi_1)
                                         _006_ (net)
                  0.28    0.00    2.77 ^ _241_/A2 (sky130_fd_sc_hd__o21ai_2)
     5    0.02    0.08    0.07    2.85 v _241_/Y (sky130_fd_sc_hd__o21ai_2)
                                         _008_ (net)
                  0.08    0.00    2.85 v _248_/A2 (sky130_fd_sc_hd__a311o_2)
     5    0.02    0.07    0.29    3.13 v _248_/X (sky130_fd_sc_hd__a311o_2)
                                         _015_ (net)
                  0.07    0.00    3.13 v _260_/A3 (sky130_fd_sc_hd__a311oi_2)
     3    0.01    0.19    0.24    3.37 ^ _260_/Y (sky130_fd_sc_hd__a311oi_2)
                                         _026_ (net)
                  0.19    0.00    3.37 ^ _280_/A2 (sky130_fd_sc_hd__o21ai_1)
     1    0.00    0.04    0.04    3.41 v _280_/Y (sky130_fd_sc_hd__o21ai_1)
                                         _045_ (net)
                  0.04    0.00    3.41 v _282_/B (sky130_fd_sc_hd__and3_1)
     1    0.00    0.03    0.11    3.52 v _282_/X (sky130_fd_sc_hd__and3_1)
                                         _047_ (net)
                  0.03    0.00    3.52 v _289_/A2 (sky130_fd_sc_hd__o31a_1)
     1    0.01    0.04    0.18    3.70 v _289_/X (sky130_fd_sc_hd__o31a_1)
                                         net27 (net)
                  0.04    0.00    3.71 v output27/A (sky130_fd_sc_hd__buf_2)
     1    0.04    0.07    0.13    3.83 v output27/X (sky130_fd_sc_hd__buf_2)
                                         out[7] (net)
                  0.07    0.00    3.84 v out[7] (out)
                                  3.84   data arrival time

                  0.00   10.00   10.00   clock __VIRTUAL_CLK__ (rise edge)
                          0.00   10.00   clock network delay (ideal)
                         -0.25    9.75   clock uncertainty
                          0.00    9.75   clock reconvergence pessimism
                         -2.00    7.75   output external delay
                                  7.75   data required time
-----------------------------------------------------------------------------
                                  7.75   data required time
                                 -3.84   data arrival time
-----------------------------------------------------------------------------
                                  3.91   slack (MET)



======================= Slowest Corner ===================================

Startpoint: opcode[1] (input port clocked by __VIRTUAL_CLK__)
Endpoint: out[7] (output port clocked by __VIRTUAL_CLK__)
Path Group: __VIRTUAL_CLK__
Path Type: max
Corner: Slowest

Fanout     Cap    Slew   Delay    Time   Description
-----------------------------------------------------------------------------
                  0.00    0.00    0.00   clock __VIRTUAL_CLK__ (rise edge)
                          0.00    0.00   clock network delay (ideal)
                          2.00    2.00 ^ input external delay
     1    0.00    0.03    0.02    2.02 ^ opcode[1] (in)
                                         opcode[1] (net)
                  0.03    0.00    2.02 ^ input18/A (sky130_fd_sc_hd__dlymetal6s2s_1)
     5    0.02    0.32    0.34    2.36 ^ input18/X (sky130_fd_sc_hd__dlymetal6s2s_1)
                                         net18 (net)
                  0.32    0.00    2.36 ^ _222_/B (sky130_fd_sc_hd__nand3b_4)
     8    0.03    0.23    0.34    2.70 v _222_/Y (sky130_fd_sc_hd__nand3b_4)
                                         _150_ (net)
                  0.23    0.00    2.70 v _234_/C (sky130_fd_sc_hd__and3_1)
     2    0.01    0.09    0.49    3.18 v _234_/X (sky130_fd_sc_hd__and3_1)
                                         _001_ (net)
                  0.09    0.00    3.18 v _236_/A1 (sky130_fd_sc_hd__o21a_1)
     4    0.01    0.16    0.46    3.64 v _236_/X (sky130_fd_sc_hd__o21a_1)
                                         _003_ (net)
                  0.16    0.00    3.65 v _239_/B1 (sky130_fd_sc_hd__a211oi_1)
     3    0.01    0.66    0.70    4.35 ^ _239_/Y (sky130_fd_sc_hd__a211oi_1)
                                         _006_ (net)
                  0.66    0.00    4.35 ^ _241_/A2 (sky130_fd_sc_hd__o21ai_2)
     5    0.02    0.20    0.38    4.73 v _241_/Y (sky130_fd_sc_hd__o21ai_2)
                                         _008_ (net)
                  0.20    0.00    4.73 v _248_/A2 (sky130_fd_sc_hd__a311o_2)
     5    0.02    0.16    0.87    5.61 v _248_/X (sky130_fd_sc_hd__a311o_2)
                                         _015_ (net)
                  0.16    0.00    5.61 v _260_/A3 (sky130_fd_sc_hd__a311oi_2)
     3    0.01    0.41    0.59    6.19 ^ _260_/Y (sky130_fd_sc_hd__a311oi_2)
                                         _026_ (net)
                  0.41    0.00    6.19 ^ _280_/A2 (sky130_fd_sc_hd__o21ai_1)
     1    0.00    0.10    0.22    6.41 v _280_/Y (sky130_fd_sc_hd__o21ai_1)
                                         _045_ (net)
                  0.10    0.00    6.41 v _282_/B (sky130_fd_sc_hd__and3_1)
     1    0.00    0.07    0.36    6.78 v _282_/X (sky130_fd_sc_hd__and3_1)
                                         _047_ (net)
                  0.07    0.00    6.78 v _289_/A2 (sky130_fd_sc_hd__o31a_1)
     1    0.01    0.11    0.58    7.36 v _289_/X (sky130_fd_sc_hd__o31a_1)
                                         net27 (net)
                  0.11    0.00    7.36 v output27/A (sky130_fd_sc_hd__buf_2)
     1    0.04    0.17    0.38    7.74 v output27/X (sky130_fd_sc_hd__buf_2)
                                         out[7] (net)
                  0.17    0.00    7.74 v out[7] (out)
                                  7.74   data arrival time

                  0.00   10.00   10.00   clock __VIRTUAL_CLK__ (rise edge)
                          0.00   10.00   clock network delay (ideal)
                         -0.25    9.75   clock uncertainty
                          0.00    9.75   clock reconvergence pessimism
                         -2.00    7.75   output external delay
                                  7.75   data required time
-----------------------------------------------------------------------------
                                  7.75   data required time
                                 -7.74   data arrival time
-----------------------------------------------------------------------------
                                  0.01   slack (MET)



======================= Typical Corner ===================================

Startpoint: opcode[1] (input port clocked by __VIRTUAL_CLK__)
Endpoint: out[7] (output port clocked by __VIRTUAL_CLK__)
Path Group: __VIRTUAL_CLK__
Path Type: max
Corner: Typical

Fanout     Cap    Slew   Delay    Time   Description
-----------------------------------------------------------------------------
                  0.00    0.00    0.00   clock __VIRTUAL_CLK__ (rise edge)
                          0.00    0.00   clock network delay (ideal)
                          2.00    2.00 ^ input external delay
     1    0.00    0.02    0.01    2.01 ^ opcode[1] (in)
                                         opcode[1] (net)
                  0.02    0.00    2.01 ^ input18/A (sky130_fd_sc_hd__dlymetal6s2s_1)
     5    0.02    0.21    0.21    2.22 ^ input18/X (sky130_fd_sc_hd__dlymetal6s2s_1)
                                         net18 (net)
                  0.21    0.00    2.22 ^ _222_/B (sky130_fd_sc_hd__nand3b_4)
     8    0.03    0.12    0.16    2.38 v _222_/Y (sky130_fd_sc_hd__nand3b_4)
                                         _150_ (net)
                  0.12    0.00    2.38 v _234_/C (sky130_fd_sc_hd__and3_1)
     2    0.01    0.05    0.23    2.61 v _234_/X (sky130_fd_sc_hd__and3_1)
                                         _001_ (net)
                  0.05    0.00    2.61 v _236_/A1 (sky130_fd_sc_hd__o21a_1)
     4    0.01    0.08    0.24    2.85 v _236_/X (sky130_fd_sc_hd__o21a_1)
                                         _003_ (net)
                  0.08    0.00    2.85 v _239_/B1 (sky130_fd_sc_hd__a211oi_1)
     3    0.01    0.40    0.41    3.26 ^ _239_/Y (sky130_fd_sc_hd__a211oi_1)
                                         _006_ (net)
                  0.40    0.00    3.26 ^ _241_/A2 (sky130_fd_sc_hd__o21ai_2)
     5    0.02    0.11    0.15    3.41 v _241_/Y (sky130_fd_sc_hd__o21ai_2)
                                         _008_ (net)
                  0.11    0.00    3.41 v _248_/A2 (sky130_fd_sc_hd__a311o_2)
     5    0.02    0.09    0.46    3.87 v _248_/X (sky130_fd_sc_hd__a311o_2)
                                         _015_ (net)
                  0.09    0.00    3.87 v _260_/A3 (sky130_fd_sc_hd__a311oi_2)
     3    0.01    0.26    0.34    4.21 ^ _260_/Y (sky130_fd_sc_hd__a311oi_2)
                                         _026_ (net)
                  0.26    0.00    4.21 ^ _280_/A2 (sky130_fd_sc_hd__o21ai_1)
     1    0.00    0.05    0.09    4.31 v _280_/Y (sky130_fd_sc_hd__o21ai_1)
                                         _045_ (net)
                  0.05    0.00    4.31 v _282_/B (sky130_fd_sc_hd__and3_1)
     1    0.00    0.04    0.17    4.48 v _282_/X (sky130_fd_sc_hd__and3_1)
                                         _047_ (net)
                  0.04    0.00    4.48 v _289_/A2 (sky130_fd_sc_hd__o31a_1)
     1    0.01    0.06    0.30    4.78 v _289_/X (sky130_fd_sc_hd__o31a_1)
                                         net27 (net)
                  0.06    0.00    4.78 v output27/A (sky130_fd_sc_hd__buf_2)
     1    0.04    0.09    0.20    4.97 v output27/X (sky130_fd_sc_hd__buf_2)
                                         out[7] (net)
                  0.09    0.00    4.98 v out[7] (out)
                                  4.98   data arrival time

                  0.00   10.00   10.00   clock __VIRTUAL_CLK__ (rise edge)
                          0.00   10.00   clock network delay (ideal)
                         -0.25    9.75   clock uncertainty
                          0.00    9.75   clock reconvergence pessimism
                         -2.00    7.75   output external delay
                                  7.75   data required time
-----------------------------------------------------------------------------
                                  7.75   data required time
                                 -4.98   data arrival time
-----------------------------------------------------------------------------
                                  2.77   slack (MET)




===========================================================================
report_checks --slack_max -0.01
============================================================================
======================= Fastest Corner ===================================

No paths found.

======================= Slowest Corner ===================================

No paths found.

======================= Typical Corner ===================================

No paths found.


===========================================================================
 report_check_types -max_slew -max_cap -max_fanout -violators
============================================================================
======================= Fastest Corner ===================================


max slew violations count Fastest: 0
max fanout violations count Fastest: 0
max cap violations count Fastest: 0
======================= Slowest Corner ===================================

max slew

Pin                                    Limit    Slew   Slack
------------------------------------------------------------
_326_/A3                                0.75    0.77   -0.02 (VIOLATED)
_220_/A3                                0.75    0.77   -0.02 (VIOLATED)
_272_/A3                                0.75    0.77   -0.02 (VIOLATED)
_286_/A3                                0.75    0.77   -0.02 (VIOLATED)
_317_/A3                                0.75    0.77   -0.02 (VIOLATED)
_308_/A3                                0.75    0.77   -0.02 (VIOLATED)
_298_/B1                                0.75    0.77   -0.02 (VIOLATED)
_291_/A2                                0.75    0.77   -0.02 (VIOLATED)
_213_/Y                                 0.75    0.77   -0.02 (VIOLATED)


max slew violations count Slowest: 9
max fanout violations count Slowest: 0
max cap violations count Slowest: 0
======================= Typical Corner ===================================


max slew violations count Typical: 0
max fanout violations count Typical: 0
max cap violations count Typical: 0

===========================================================================
report_parasitic_annotation -report_unannotated
============================================================================
Found 0 unannotated drivers.
Found 0 partially unannotated drivers.

===========================================================================
max slew violation count 9
max fanout violation count 0
max cap violation count 0
============================================================================

===========================================================================
check_setup -verbose -unconstrained_endpoints -multiple_clock -no_clock -no_input_delay -loops -generated_clocks
===========================================================================
