
===========================================================================
report_checks -path_delay min (Hold)
============================================================================
======================= Fastest Corner ===================================

Startpoint: A[4] (input port clocked by __VIRTUAL_CLK__)
Endpoint: out[4] (output port clocked by __VIRTUAL_CLK__)
Path Group: __VIRTUAL_CLK__
Path Type: min
Corner: Fastest

Fanout     Cap    Slew   Delay    Time   Description
-----------------------------------------------------------------------------
                  0.00    0.00    0.00   clock __VIRTUAL_CLK__ (rise edge)
                          0.00    0.00   clock network delay (ideal)
                          2.00    2.00 ^ input external delay
     1    0.00    0.02    0.01    2.01 ^ A[4] (in)
                                         A[4] (net)
                  0.02    0.00    2.01 ^ input5/A (sky130_fd_sc_hd__clkbuf_2)
     6    0.03    0.11    0.11    2.12 ^ input5/X (sky130_fd_sc_hd__clkbuf_2)
                                         net5 (net)
                  0.11    0.00    2.12 ^ _329_/A1 (sky130_fd_sc_hd__a21oi_1)
     1    0.00    0.02    0.04    2.16 v _329_/Y (sky130_fd_sc_hd__a21oi_1)
                                         net24 (net)
                  0.02    0.00    2.16 v output24/A (sky130_fd_sc_hd__buf_2)
     1    0.03    0.06    0.11    2.27 v output24/X (sky130_fd_sc_hd__buf_2)
                                         out[4] (net)
                  0.06    0.00    2.27 v out[4] (out)
                                  2.27   data arrival time

                  0.00    0.00    0.00   clock __VIRTUAL_CLK__ (rise edge)
                          0.00    0.00   clock network delay (ideal)
                          0.25    0.25   clock uncertainty
                          0.00    0.25   clock reconvergence pessimism
                         -2.00   -1.75   output external delay
                                 -1.75   data required time
-----------------------------------------------------------------------------
                                 -1.75   data required time
                                 -2.27   data arrival time
-----------------------------------------------------------------------------
                                  4.02   slack (MET)


Startpoint: A[6] (input port clocked by __VIRTUAL_CLK__)
Endpoint: out[6] (output port clocked by __VIRTUAL_CLK__)
Path Group: __VIRTUAL_CLK__
Path Type: min
Corner: Fastest

Fanout     Cap    Slew   Delay    Time   Description
-----------------------------------------------------------------------------
                  0.00    0.00    0.00   clock __VIRTUAL_CLK__ (rise edge)
                          0.00    0.00   clock network delay (ideal)
                          2.00    2.00 ^ input external delay
     1    0.00    0.02    0.01    2.01 ^ A[6] (in)
                                         A[6] (net)
                  0.02    0.00    2.01 ^ input7/A (sky130_fd_sc_hd__clkbuf_2)
     6    0.03    0.11    0.11    2.12 ^ input7/X (sky130_fd_sc_hd__clkbuf_2)
                                         net7 (net)
                  0.11    0.00    2.13 ^ _274_/A1 (sky130_fd_sc_hd__a22oi_1)
     1    0.00    0.03    0.05    2.17 v _274_/Y (sky130_fd_sc_hd__a22oi_1)
                                         net26 (net)
                  0.03    0.00    2.17 v output26/A (sky130_fd_sc_hd__buf_2)
     1    0.03    0.06    0.11    2.28 v output26/X (sky130_fd_sc_hd__buf_2)
                                         out[6] (net)
                  0.06    0.00    2.29 v out[6] (out)
                                  2.29   data arrival time

                  0.00    0.00    0.00   clock __VIRTUAL_CLK__ (rise edge)
                          0.00    0.00   clock network delay (ideal)
                          0.25    0.25   clock uncertainty
                          0.00    0.25   clock reconvergence pessimism
                         -2.00   -1.75   output external delay
                                 -1.75   data required time
-----------------------------------------------------------------------------
                                 -1.75   data required time
                                 -2.29   data arrival time
-----------------------------------------------------------------------------
                                  4.04   slack (MET)


Startpoint: A[5] (input port clocked by __VIRTUAL_CLK__)
Endpoint: out[5] (output port clocked by __VIRTUAL_CLK__)
Path Group: __VIRTUAL_CLK__
Path Type: min
Corner: Fastest

Fanout     Cap    Slew   Delay    Time   Description
-----------------------------------------------------------------------------
                  0.00    0.00    0.00   clock __VIRTUAL_CLK__ (rise edge)
                          0.00    0.00   clock network delay (ideal)
                          2.00    2.00 ^ input external delay
     1    0.00    0.01    0.01    2.01 ^ A[5] (in)
                                         A[5] (net)
                  0.01    0.00    2.01 ^ input6/A (sky130_fd_sc_hd__dlymetal6s2s_1)
     6    0.02    0.18    0.14    2.15 ^ input6/X (sky130_fd_sc_hd__dlymetal6s2s_1)
                                         net6 (net)
                  0.18    0.00    2.15 ^ _254_/A1 (sky130_fd_sc_hd__a22oi_1)
     1    0.01    0.04    0.07    2.22 v _254_/Y (sky130_fd_sc_hd__a22oi_1)
                                         net25 (net)
                  0.04    0.00    2.22 v output25/A (sky130_fd_sc_hd__buf_2)
     1    0.03    0.06    0.11    2.33 v output25/X (sky130_fd_sc_hd__buf_2)
                                         out[5] (net)
                  0.06    0.00    2.34 v out[5] (out)
                                  2.34   data arrival time

                  0.00    0.00    0.00   clock __VIRTUAL_CLK__ (rise edge)
                          0.00    0.00   clock network delay (ideal)
                          0.25    0.25   clock uncertainty
                          0.00    0.25   clock reconvergence pessimism
                         -2.00   -1.75   output external delay
                                 -1.75   data required time
-----------------------------------------------------------------------------
                                 -1.75   data required time
                                 -2.34   data arrival time
-----------------------------------------------------------------------------
                                  4.09   slack (MET)


Startpoint: A[0] (input port clocked by __VIRTUAL_CLK__)
Endpoint: out[0] (output port clocked by __VIRTUAL_CLK__)
Path Group: __VIRTUAL_CLK__
Path Type: min
Corner: Fastest

Fanout     Cap    Slew   Delay    Time   Description
-----------------------------------------------------------------------------
                  0.00    0.00    0.00   clock __VIRTUAL_CLK__ (rise edge)
                          0.00    0.00   clock network delay (ideal)
                          2.00    2.00 v input external delay
     1    0.00    0.00    0.00    2.00 v A[0] (in)
                                         A[0] (net)
                  0.00    0.00    2.00 v input1/A (sky130_fd_sc_hd__buf_1)
     2    0.01    0.06    0.08    2.08 v input1/X (sky130_fd_sc_hd__buf_1)
                                         net1 (net)
                  0.06    0.00    2.08 v _237_/A (sky130_fd_sc_hd__inv_2)
     3    0.01    0.05    0.06    2.13 ^ _237_/Y (sky130_fd_sc_hd__inv_2)
                                         _004_ (net)
                  0.05    0.00    2.13 ^ _293_/A1 (sky130_fd_sc_hd__a21o_1)
     1    0.01    0.04    0.07    2.21 ^ _293_/X (sky130_fd_sc_hd__a21o_1)
                                         net20 (net)
                  0.04    0.00    2.21 ^ output20/A (sky130_fd_sc_hd__buf_2)
     1    0.03    0.13    0.13    2.34 ^ output20/X (sky130_fd_sc_hd__buf_2)
                                         out[0] (net)
                  0.13    0.00    2.34 ^ out[0] (out)
                                  2.34   data arrival time

                  0.00    0.00    0.00   clock __VIRTUAL_CLK__ (rise edge)
                          0.00    0.00   clock network delay (ideal)
                          0.25    0.25   clock uncertainty
                          0.00    0.25   clock reconvergence pessimism
                         -2.00   -1.75   output external delay
                                 -1.75   data required time
-----------------------------------------------------------------------------
                                 -1.75   data required time
                                 -2.34   data arrival time
-----------------------------------------------------------------------------
                                  4.09   slack (MET)


Startpoint: A[7] (input port clocked by __VIRTUAL_CLK__)
Endpoint: out[7] (output port clocked by __VIRTUAL_CLK__)
Path Group: __VIRTUAL_CLK__
Path Type: min
Corner: Fastest

Fanout     Cap    Slew   Delay    Time   Description
-----------------------------------------------------------------------------
                  0.00    0.00    0.00   clock __VIRTUAL_CLK__ (rise edge)
                          0.00    0.00   clock network delay (ideal)
                          2.00    2.00 v input external delay
     1    0.00    0.01    0.00    2.00 v A[7] (in)
                                         A[7] (net)
                  0.01    0.00    2.00 v input8/A (sky130_fd_sc_hd__buf_1)
     4    0.02    0.08    0.09    2.09 v input8/X (sky130_fd_sc_hd__buf_1)
                                         net8 (net)
                  0.08    0.00    2.09 v _288_/A (sky130_fd_sc_hd__nand2_1)
     1    0.00    0.04    0.05    2.15 ^ _288_/Y (sky130_fd_sc_hd__nand2_1)
                                         _053_ (net)
                  0.04    0.00    2.15 ^ _289_/B1 (sky130_fd_sc_hd__o31a_1)
     1    0.01    0.05    0.07    2.22 ^ _289_/X (sky130_fd_sc_hd__o31a_1)
                                         net27 (net)
                  0.05    0.00    2.22 ^ output27/A (sky130_fd_sc_hd__buf_2)
     1    0.04    0.13    0.14    2.36 ^ output27/X (sky130_fd_sc_hd__buf_2)
                                         out[7] (net)
                  0.13    0.00    2.36 ^ out[7] (out)
                                  2.36   data arrival time

                  0.00    0.00    0.00   clock __VIRTUAL_CLK__ (rise edge)
                          0.00    0.00   clock network delay (ideal)
                          0.25    0.25   clock uncertainty
                          0.00    0.25   clock reconvergence pessimism
                         -2.00   -1.75   output external delay
                                 -1.75   data required time
-----------------------------------------------------------------------------
                                 -1.75   data required time
                                 -2.36   data arrival time
-----------------------------------------------------------------------------
                                  4.11   slack (MET)


Startpoint: A[1] (input port clocked by __VIRTUAL_CLK__)
Endpoint: out[1] (output port clocked by __VIRTUAL_CLK__)
Path Group: __VIRTUAL_CLK__
Path Type: min
Corner: Fastest

Fanout     Cap    Slew   Delay    Time   Description
-----------------------------------------------------------------------------
                  0.00    0.00    0.00   clock __VIRTUAL_CLK__ (rise edge)
                          0.00    0.00   clock network delay (ideal)
                          2.00    2.00 ^ input external delay
     1    0.00    0.01    0.01    2.01 ^ A[1] (in)
                                         A[1] (net)
                  0.01    0.00    2.01 ^ input2/A (sky130_fd_sc_hd__buf_2)
    10    0.04    0.15    0.13    2.14 ^ input2/X (sky130_fd_sc_hd__buf_2)
                                         net2 (net)
                  0.15    0.01    2.15 ^ _302_/A1_N (sky130_fd_sc_hd__o2bb2a_1)
     1    0.01    0.04    0.14    2.29 v _302_/X (sky130_fd_sc_hd__o2bb2a_1)
                                         net21 (net)
                  0.04    0.00    2.29 v output21/A (sky130_fd_sc_hd__buf_2)
     1    0.03    0.06    0.11    2.40 v output21/X (sky130_fd_sc_hd__buf_2)
                                         out[1] (net)
                  0.06    0.00    2.40 v out[1] (out)
                                  2.40   data arrival time

                  0.00    0.00    0.00   clock __VIRTUAL_CLK__ (rise edge)
                          0.00    0.00   clock network delay (ideal)
                          0.25    0.25   clock uncertainty
                          0.00    0.25   clock reconvergence pessimism
                         -2.00   -1.75   output external delay
                                 -1.75   data required time
-----------------------------------------------------------------------------
                                 -1.75   data required time
                                 -2.40   data arrival time
-----------------------------------------------------------------------------
                                  4.15   slack (MET)


Startpoint: A[3] (input port clocked by __VIRTUAL_CLK__)
Endpoint: out[3] (output port clocked by __VIRTUAL_CLK__)
Path Group: __VIRTUAL_CLK__
Path Type: min
Corner: Fastest

Fanout     Cap    Slew   Delay    Time   Description
-----------------------------------------------------------------------------
                  0.00    0.00    0.00   clock __VIRTUAL_CLK__ (rise edge)
                          0.00    0.00   clock network delay (ideal)
                          2.00    2.00 v input external delay
     1    0.00    0.00    0.00    2.00 v A[3] (in)
                                         A[3] (net)
                  0.00    0.00    2.00 v input4/A (sky130_fd_sc_hd__buf_1)
     4    0.02    0.08    0.09    2.09 v input4/X (sky130_fd_sc_hd__buf_1)
                                         net4 (net)
                  0.08    0.00    2.10 v _175_/A (sky130_fd_sc_hd__buf_2)
    10    0.03    0.06    0.13    2.22 v _175_/X (sky130_fd_sc_hd__buf_2)
                                         _103_ (net)
                  0.06    0.00    2.23 v _320_/A1 (sky130_fd_sc_hd__a21oi_1)
     1    0.00    0.05    0.09    2.31 ^ _320_/Y (sky130_fd_sc_hd__a21oi_1)
                                         net23 (net)
                  0.05    0.00    2.31 ^ output23/A (sky130_fd_sc_hd__buf_2)
     1    0.03    0.13    0.13    2.45 ^ output23/X (sky130_fd_sc_hd__buf_2)
                                         out[3] (net)
                  0.13    0.00    2.45 ^ out[3] (out)
                                  2.45   data arrival time

                  0.00    0.00    0.00   clock __VIRTUAL_CLK__ (rise edge)
                          0.00    0.00   clock network delay (ideal)
                          0.25    0.25   clock uncertainty
                          0.00    0.25   clock reconvergence pessimism
                         -2.00   -1.75   output external delay
                                 -1.75   data required time
-----------------------------------------------------------------------------
                                 -1.75   data required time
                                 -2.45   data arrival time
-----------------------------------------------------------------------------
                                  4.20   slack (MET)


Startpoint: A[2] (input port clocked by __VIRTUAL_CLK__)
Endpoint: out[2] (output port clocked by __VIRTUAL_CLK__)
Path Group: __VIRTUAL_CLK__
Path Type: min
Corner: Fastest

Fanout     Cap    Slew   Delay    Time   Description
-----------------------------------------------------------------------------
                  0.00    0.00    0.00   clock __VIRTUAL_CLK__ (rise edge)
                          0.00    0.00   clock network delay (ideal)
                          2.00    2.00 v input external delay
     1    0.00    0.00    0.00    2.00 v A[2] (in)
                                         A[2] (net)
                  0.00    0.00    2.00 v input3/A (sky130_fd_sc_hd__buf_1)
     4    0.02    0.07    0.08    2.09 v input3/X (sky130_fd_sc_hd__buf_1)
                                         net3 (net)
                  0.07    0.00    2.09 v _173_/A (sky130_fd_sc_hd__buf_2)
    10    0.04    0.06    0.13    2.22 v _173_/X (sky130_fd_sc_hd__buf_2)
                                         _101_ (net)
                  0.06    0.00    2.22 v _310_/A1_N (sky130_fd_sc_hd__o2bb2a_1)
     1    0.00    0.03    0.14    2.36 ^ _310_/X (sky130_fd_sc_hd__o2bb2a_1)
                                         net22 (net)
                  0.03    0.00    2.36 ^ output22/A (sky130_fd_sc_hd__buf_2)
     1    0.03    0.13    0.13    2.49 ^ output22/X (sky130_fd_sc_hd__buf_2)
                                         out[2] (net)
                  0.13    0.00    2.49 ^ out[2] (out)
                                  2.49   data arrival time

                  0.00    0.00    0.00   clock __VIRTUAL_CLK__ (rise edge)
                          0.00    0.00   clock network delay (ideal)
                          0.25    0.25   clock uncertainty
                          0.00    0.25   clock reconvergence pessimism
                         -2.00   -1.75   output external delay
                                 -1.75   data required time
-----------------------------------------------------------------------------
                                 -1.75   data required time
                                 -2.49   data arrival time
-----------------------------------------------------------------------------
                                  4.24   slack (MET)



worst slack corner Fastest: 4.0205
======================= Slowest Corner ===================================

Startpoint: A[4] (input port clocked by __VIRTUAL_CLK__)
Endpoint: out[4] (output port clocked by __VIRTUAL_CLK__)
Path Group: __VIRTUAL_CLK__
Path Type: min
Corner: Slowest

Fanout     Cap    Slew   Delay    Time   Description
-----------------------------------------------------------------------------
                  0.00    0.00    0.00   clock __VIRTUAL_CLK__ (rise edge)
                          0.00    0.00   clock network delay (ideal)
                          2.00    2.00 ^ input external delay
     1    0.00    0.03    0.02    2.02 ^ A[4] (in)
                                         A[4] (net)
                  0.03    0.00    2.02 ^ input5/A (sky130_fd_sc_hd__clkbuf_2)
     6    0.03    0.23    0.28    2.29 ^ input5/X (sky130_fd_sc_hd__clkbuf_2)
                                         net5 (net)
                  0.23    0.00    2.30 ^ _329_/A1 (sky130_fd_sc_hd__a21oi_1)
     1    0.00    0.05    0.17    2.47 v _329_/Y (sky130_fd_sc_hd__a21oi_1)
                                         net24 (net)
                  0.05    0.00    2.47 v output24/A (sky130_fd_sc_hd__buf_2)
     1    0.03    0.17    0.32    2.78 v output24/X (sky130_fd_sc_hd__buf_2)
                                         out[4] (net)
                  0.17    0.00    2.79 v out[4] (out)
                                  2.79   data arrival time

                  0.00    0.00    0.00   clock __VIRTUAL_CLK__ (rise edge)
                          0.00    0.00   clock network delay (ideal)
                          0.25    0.25   clock uncertainty
                          0.00    0.25   clock reconvergence pessimism
                         -2.00   -1.75   output external delay
                                 -1.75   data required time
-----------------------------------------------------------------------------
                                 -1.75   data required time
                                 -2.79   data arrival time
-----------------------------------------------------------------------------
                                  4.54   slack (MET)


Startpoint: A[6] (input port clocked by __VIRTUAL_CLK__)
Endpoint: out[6] (output port clocked by __VIRTUAL_CLK__)
Path Group: __VIRTUAL_CLK__
Path Type: min
Corner: Slowest

Fanout     Cap    Slew   Delay    Time   Description
-----------------------------------------------------------------------------
                  0.00    0.00    0.00   clock __VIRTUAL_CLK__ (rise edge)
                          0.00    0.00   clock network delay (ideal)
                          2.00    2.00 ^ input external delay
     1    0.00    0.04    0.02    2.02 ^ A[6] (in)
                                         A[6] (net)
                  0.04    0.00    2.02 ^ input7/A (sky130_fd_sc_hd__clkbuf_2)
     6    0.03    0.23    0.28    2.30 ^ input7/X (sky130_fd_sc_hd__clkbuf_2)
                                         net7 (net)
                  0.23    0.00    2.30 ^ _274_/A1 (sky130_fd_sc_hd__a22oi_1)
     1    0.00    0.11    0.22    2.52 v _274_/Y (sky130_fd_sc_hd__a22oi_1)
                                         net26 (net)
                  0.11    0.00    2.52 v output26/A (sky130_fd_sc_hd__buf_2)
     1    0.03    0.17    0.35    2.86 v output26/X (sky130_fd_sc_hd__buf_2)
                                         out[6] (net)
                  0.17    0.00    2.86 v out[6] (out)
                                  2.86   data arrival time

                  0.00    0.00    0.00   clock __VIRTUAL_CLK__ (rise edge)
                          0.00    0.00   clock network delay (ideal)
                          0.25    0.25   clock uncertainty
                          0.00    0.25   clock reconvergence pessimism
                         -2.00   -1.75   output external delay
                                 -1.75   data required time
-----------------------------------------------------------------------------
                                 -1.75   data required time
                                 -2.86   data arrival time
-----------------------------------------------------------------------------
                                  4.61   slack (MET)


Startpoint: A[0] (input port clocked by __VIRTUAL_CLK__)
Endpoint: out[0] (output port clocked by __VIRTUAL_CLK__)
Path Group: __VIRTUAL_CLK__
Path Type: min
Corner: Slowest

Fanout     Cap    Slew   Delay    Time   Description
-----------------------------------------------------------------------------
                  0.00    0.00    0.00   clock __VIRTUAL_CLK__ (rise edge)
                          0.00    0.00   clock network delay (ideal)
                          2.00    2.00 v input external delay
     1    0.00    0.02    0.01    2.01 v A[0] (in)
                                         A[0] (net)
                  0.02    0.00    2.01 v input1/A (sky130_fd_sc_hd__buf_1)
     2    0.01    0.16    0.22    2.22 v input1/X (sky130_fd_sc_hd__buf_1)
                                         net1 (net)
                  0.16    0.00    2.23 v _237_/A (sky130_fd_sc_hd__inv_2)
     3    0.01    0.10    0.14    2.37 ^ _237_/Y (sky130_fd_sc_hd__inv_2)
                                         _004_ (net)
                  0.10    0.00    2.37 ^ _293_/A1 (sky130_fd_sc_hd__a21o_1)
     1    0.01    0.09    0.23    2.60 ^ _293_/X (sky130_fd_sc_hd__a21o_1)
                                         net20 (net)
                  0.09    0.00    2.60 ^ output20/A (sky130_fd_sc_hd__buf_2)
     1    0.03    0.27    0.33    2.93 ^ output20/X (sky130_fd_sc_hd__buf_2)
                                         out[0] (net)
                  0.27    0.00    2.93 ^ out[0] (out)
                                  2.93   data arrival time

                  0.00    0.00    0.00   clock __VIRTUAL_CLK__ (rise edge)
                          0.00    0.00   clock network delay (ideal)
                          0.25    0.25   clock uncertainty
                          0.00    0.25   clock reconvergence pessimism
                         -2.00   -1.75   output external delay
                                 -1.75   data required time
-----------------------------------------------------------------------------
                                 -1.75   data required time
                                 -2.93   data arrival time
-----------------------------------------------------------------------------
                                  4.68   slack (MET)


Startpoint: A[5] (input port clocked by __VIRTUAL_CLK__)
Endpoint: out[5] (output port clocked by __VIRTUAL_CLK__)
Path Group: __VIRTUAL_CLK__
Path Type: min
Corner: Slowest

Fanout     Cap    Slew   Delay    Time   Description
-----------------------------------------------------------------------------
                  0.00    0.00    0.00   clock __VIRTUAL_CLK__ (rise edge)
                          0.00    0.00   clock network delay (ideal)
                          2.00    2.00 ^ input external delay
     1    0.00    0.03    0.01    2.01 ^ A[5] (in)
                                         A[5] (net)
                  0.03    0.00    2.01 ^ input6/A (sky130_fd_sc_hd__dlymetal6s2s_1)
     6    0.02    0.35    0.32    2.34 ^ input6/X (sky130_fd_sc_hd__dlymetal6s2s_1)
                                         net6 (net)
                  0.35    0.00    2.34 ^ _254_/A1 (sky130_fd_sc_hd__a22oi_1)
     1    0.01    0.16    0.30    2.64 v _254_/Y (sky130_fd_sc_hd__a22oi_1)
                                         net25 (net)
                  0.16    0.00    2.64 v output25/A (sky130_fd_sc_hd__buf_2)
     1    0.03    0.17    0.37    3.00 v output25/X (sky130_fd_sc_hd__buf_2)
                                         out[5] (net)
                  0.17    0.00    3.00 v out[5] (out)
                                  3.00   data arrival time

                  0.00    0.00    0.00   clock __VIRTUAL_CLK__ (rise edge)
                          0.00    0.00   clock network delay (ideal)
                          0.25    0.25   clock uncertainty
                          0.00    0.25   clock reconvergence pessimism
                         -2.00   -1.75   output external delay
                                 -1.75   data required time
-----------------------------------------------------------------------------
                                 -1.75   data required time
                                 -3.00   data arrival time
-----------------------------------------------------------------------------
                                  4.75   slack (MET)


Startpoint: A[7] (input port clocked by __VIRTUAL_CLK__)
Endpoint: out[7] (output port clocked by __VIRTUAL_CLK__)
Path Group: __VIRTUAL_CLK__
Path Type: min
Corner: Slowest

Fanout     Cap    Slew   Delay    Time   Description
-----------------------------------------------------------------------------
                  0.00    0.00    0.00   clock __VIRTUAL_CLK__ (rise edge)
                          0.00    0.00   clock network delay (ideal)
                          2.00    2.00 v input external delay
     1    0.00    0.02    0.01    2.01 v A[7] (in)
                                         A[7] (net)
                  0.02    0.00    2.01 v input8/A (sky130_fd_sc_hd__buf_1)
     4    0.02    0.22    0.26    2.27 v input8/X (sky130_fd_sc_hd__buf_1)
                                         net8 (net)
                  0.22    0.00    2.27 v _288_/A (sky130_fd_sc_hd__nand2_1)
     1    0.00    0.08    0.15    2.42 ^ _288_/Y (sky130_fd_sc_hd__nand2_1)
                                         _053_ (net)
                  0.08    0.00    2.42 ^ _289_/B1 (sky130_fd_sc_hd__o31a_1)
     1    0.01    0.12    0.26    2.68 ^ _289_/X (sky130_fd_sc_hd__o31a_1)
                                         net27 (net)
                  0.12    0.00    2.68 ^ output27/A (sky130_fd_sc_hd__buf_2)
     1    0.04    0.28    0.35    3.04 ^ output27/X (sky130_fd_sc_hd__buf_2)
                                         out[7] (net)
                  0.28    0.00    3.04 ^ out[7] (out)
                                  3.04   data arrival time

                  0.00    0.00    0.00   clock __VIRTUAL_CLK__ (rise edge)
                          0.00    0.00   clock network delay (ideal)
                          0.25    0.25   clock uncertainty
                          0.00    0.25   clock reconvergence pessimism
                         -2.00   -1.75   output external delay
                                 -1.75   data required time
-----------------------------------------------------------------------------
                                 -1.75   data required time
                                 -3.04   data arrival time
-----------------------------------------------------------------------------
                                  4.79   slack (MET)


Startpoint: A[1] (input port clocked by __VIRTUAL_CLK__)
Endpoint: out[1] (output port clocked by __VIRTUAL_CLK__)
Path Group: __VIRTUAL_CLK__
Path Type: min
Corner: Slowest

Fanout     Cap    Slew   Delay    Time   Description
-----------------------------------------------------------------------------
                  0.00    0.00    0.00   clock __VIRTUAL_CLK__ (rise edge)
                          0.00    0.00   clock network delay (ideal)
                          2.00    2.00 v input external delay
     1    0.00    0.02    0.01    2.01 v A[1] (in)
                                         A[1] (net)
                  0.02    0.00    2.01 v input2/A (sky130_fd_sc_hd__buf_2)
    10    0.04    0.18    0.31    2.32 v input2/X (sky130_fd_sc_hd__buf_2)
                                         net2 (net)
                  0.18    0.00    2.32 v _302_/A1_N (sky130_fd_sc_hd__o2bb2a_1)
     1    0.01    0.12    0.53    2.85 ^ _302_/X (sky130_fd_sc_hd__o2bb2a_1)
                                         net21 (net)
                  0.12    0.00    2.85 ^ output21/A (sky130_fd_sc_hd__buf_2)
     1    0.03    0.27    0.35    3.20 ^ output21/X (sky130_fd_sc_hd__buf_2)
                                         out[1] (net)
                  0.27    0.00    3.20 ^ out[1] (out)
                                  3.20   data arrival time

                  0.00    0.00    0.00   clock __VIRTUAL_CLK__ (rise edge)
                          0.00    0.00   clock network delay (ideal)
                          0.25    0.25   clock uncertainty
                          0.00    0.25   clock reconvergence pessimism
                         -2.00   -1.75   output external delay
                                 -1.75   data required time
-----------------------------------------------------------------------------
                                 -1.75   data required time
                                 -3.20   data arrival time
-----------------------------------------------------------------------------
                                  4.95   slack (MET)


Startpoint: A[3] (input port clocked by __VIRTUAL_CLK__)
Endpoint: out[3] (output port clocked by __VIRTUAL_CLK__)
Path Group: __VIRTUAL_CLK__
Path Type: min
Corner: Slowest

Fanout     Cap    Slew   Delay    Time   Description
-----------------------------------------------------------------------------
                  0.00    0.00    0.00   clock __VIRTUAL_CLK__ (rise edge)
                          0.00    0.00   clock network delay (ideal)
                          2.00    2.00 v input external delay
     1    0.00    0.02    0.01    2.01 v A[3] (in)
                                         A[3] (net)
                  0.02    0.00    2.01 v input4/A (sky130_fd_sc_hd__buf_1)
     4    0.02    0.23    0.26    2.27 v input4/X (sky130_fd_sc_hd__buf_1)
                                         net4 (net)
                  0.23    0.00    2.27 v _175_/A (sky130_fd_sc_hd__buf_2)
    10    0.03    0.16    0.39    2.67 v _175_/X (sky130_fd_sc_hd__buf_2)
                                         _103_ (net)
                  0.16    0.00    2.67 v _320_/A1 (sky130_fd_sc_hd__a21oi_1)
     1    0.00    0.14    0.22    2.89 ^ _320_/Y (sky130_fd_sc_hd__a21oi_1)
                                         net23 (net)
                  0.14    0.00    2.89 ^ output23/A (sky130_fd_sc_hd__buf_2)
     1    0.03    0.27    0.36    3.25 ^ output23/X (sky130_fd_sc_hd__buf_2)
                                         out[3] (net)
                  0.27    0.00    3.25 ^ out[3] (out)
                                  3.25   data arrival time

                  0.00    0.00    0.00   clock __VIRTUAL_CLK__ (rise edge)
                          0.00    0.00   clock network delay (ideal)
                          0.25    0.25   clock uncertainty
                          0.00    0.25   clock reconvergence pessimism
                         -2.00   -1.75   output external delay
                                 -1.75   data required time
-----------------------------------------------------------------------------
                                 -1.75   data required time
                                 -3.25   data arrival time
-----------------------------------------------------------------------------
                                  5.00   slack (MET)


Startpoint: A[2] (input port clocked by __VIRTUAL_CLK__)
Endpoint: out[2] (output port clocked by __VIRTUAL_CLK__)
Path Group: __VIRTUAL_CLK__
Path Type: min
Corner: Slowest

Fanout     Cap    Slew   Delay    Time   Description
-----------------------------------------------------------------------------
                  0.00    0.00    0.00   clock __VIRTUAL_CLK__ (rise edge)
                          0.00    0.00   clock network delay (ideal)
                          2.00    2.00 v input external delay
     1    0.00    0.02    0.01    2.01 v A[2] (in)
                                         A[2] (net)
                  0.02    0.00    2.01 v input3/A (sky130_fd_sc_hd__buf_1)
     4    0.02    0.20    0.24    2.25 v input3/X (sky130_fd_sc_hd__buf_1)
                                         net3 (net)
                  0.20    0.00    2.25 v _173_/A (sky130_fd_sc_hd__buf_2)
    10    0.03    0.17    0.39    2.64 v _173_/X (sky130_fd_sc_hd__buf_2)
                                         _101_ (net)
                  0.17    0.00    2.64 v _310_/A1_N (sky130_fd_sc_hd__o2bb2a_1)
     1    0.00    0.08    0.48    3.12 ^ _310_/X (sky130_fd_sc_hd__o2bb2a_1)
                                         net22 (net)
                  0.08    0.00    3.12 ^ output22/A (sky130_fd_sc_hd__buf_2)
     1    0.03    0.27    0.33    3.45 ^ output22/X (sky130_fd_sc_hd__buf_2)
                                         out[2] (net)
                  0.27    0.00    3.45 ^ out[2] (out)
                                  3.45   data arrival time

                  0.00    0.00    0.00   clock __VIRTUAL_CLK__ (rise edge)
                          0.00    0.00   clock network delay (ideal)
                          0.25    0.25   clock uncertainty
                          0.00    0.25   clock reconvergence pessimism
                         -2.00   -1.75   output external delay
                                 -1.75   data required time
-----------------------------------------------------------------------------
                                 -1.75   data required time
                                 -3.45   data arrival time
-----------------------------------------------------------------------------
                                  5.20   slack (MET)



worst slack corner Slowest: 4.5365
======================= Typical Corner ===================================

Startpoint: A[4] (input port clocked by __VIRTUAL_CLK__)
Endpoint: out[4] (output port clocked by __VIRTUAL_CLK__)
Path Group: __VIRTUAL_CLK__
Path Type: min
Corner: Typical

Fanout     Cap    Slew   Delay    Time   Description
-----------------------------------------------------------------------------
                  0.00    0.00    0.00   clock __VIRTUAL_CLK__ (rise edge)
                          0.00    0.00   clock network delay (ideal)
                          2.00    2.00 ^ input external delay
     1    0.00    0.02    0.01    2.01 ^ A[4] (in)
                                         A[4] (net)
                  0.02    0.00    2.01 ^ input5/A (sky130_fd_sc_hd__clkbuf_2)
     6    0.03    0.15    0.16    2.17 ^ input5/X (sky130_fd_sc_hd__clkbuf_2)
                                         net5 (net)
                  0.15    0.00    2.17 ^ _329_/A1 (sky130_fd_sc_hd__a21oi_1)
     1    0.00    0.03    0.08    2.25 v _329_/Y (sky130_fd_sc_hd__a21oi_1)
                                         net24 (net)
                  0.03    0.00    2.25 v output24/A (sky130_fd_sc_hd__buf_2)
     1    0.03    0.09    0.17    2.42 v output24/X (sky130_fd_sc_hd__buf_2)
                                         out[4] (net)
                  0.09    0.00    2.42 v out[4] (out)
                                  2.42   data arrival time

                  0.00    0.00    0.00   clock __VIRTUAL_CLK__ (rise edge)
                          0.00    0.00   clock network delay (ideal)
                          0.25    0.25   clock uncertainty
                          0.00    0.25   clock reconvergence pessimism
                         -2.00   -1.75   output external delay
                                 -1.75   data required time
-----------------------------------------------------------------------------
                                 -1.75   data required time
                                 -2.42   data arrival time
-----------------------------------------------------------------------------
                                  4.17   slack (MET)


Startpoint: A[6] (input port clocked by __VIRTUAL_CLK__)
Endpoint: out[6] (output port clocked by __VIRTUAL_CLK__)
Path Group: __VIRTUAL_CLK__
Path Type: min
Corner: Typical

Fanout     Cap    Slew   Delay    Time   Description
-----------------------------------------------------------------------------
                  0.00    0.00    0.00   clock __VIRTUAL_CLK__ (rise edge)
                          0.00    0.00   clock network delay (ideal)
                          2.00    2.00 ^ input external delay
     1    0.00    0.02    0.01    2.01 ^ A[6] (in)
                                         A[6] (net)
                  0.02    0.00    2.01 ^ input7/A (sky130_fd_sc_hd__clkbuf_2)
     6    0.03    0.15    0.16    2.18 ^ input7/X (sky130_fd_sc_hd__clkbuf_2)
                                         net7 (net)
                  0.15    0.00    2.18 ^ _274_/A1 (sky130_fd_sc_hd__a22oi_1)
     1    0.00    0.05    0.10    2.27 v _274_/Y (sky130_fd_sc_hd__a22oi_1)
                                         net26 (net)
                  0.05    0.00    2.28 v output26/A (sky130_fd_sc_hd__buf_2)
     1    0.03    0.09    0.17    2.45 v output26/X (sky130_fd_sc_hd__buf_2)
                                         out[6] (net)
                  0.09    0.00    2.45 v out[6] (out)
                                  2.45   data arrival time

                  0.00    0.00    0.00   clock __VIRTUAL_CLK__ (rise edge)
                          0.00    0.00   clock network delay (ideal)
                          0.25    0.25   clock uncertainty
                          0.00    0.25   clock reconvergence pessimism
                         -2.00   -1.75   output external delay
                                 -1.75   data required time
-----------------------------------------------------------------------------
                                 -1.75   data required time
                                 -2.45   data arrival time
-----------------------------------------------------------------------------
                                  4.20   slack (MET)


Startpoint: A[0] (input port clocked by __VIRTUAL_CLK__)
Endpoint: out[0] (output port clocked by __VIRTUAL_CLK__)
Path Group: __VIRTUAL_CLK__
Path Type: min
Corner: Typical

Fanout     Cap    Slew   Delay    Time   Description
-----------------------------------------------------------------------------
                  0.00    0.00    0.00   clock __VIRTUAL_CLK__ (rise edge)
                          0.00    0.00   clock network delay (ideal)
                          2.00    2.00 v input external delay
     1    0.00    0.01    0.00    2.00 v A[0] (in)
                                         A[0] (net)
                  0.01    0.00    2.00 v input1/A (sky130_fd_sc_hd__buf_1)
     2    0.01    0.08    0.11    2.12 v input1/X (sky130_fd_sc_hd__buf_1)
                                         net1 (net)
                  0.08    0.00    2.12 v _237_/A (sky130_fd_sc_hd__inv_2)
     3    0.01    0.06    0.08    2.20 ^ _237_/Y (sky130_fd_sc_hd__inv_2)
                                         _004_ (net)
                  0.06    0.00    2.20 ^ _293_/A1 (sky130_fd_sc_hd__a21o_1)
     1    0.01    0.06    0.11    2.31 ^ _293_/X (sky130_fd_sc_hd__a21o_1)
                                         net20 (net)
                  0.06    0.00    2.31 ^ output20/A (sky130_fd_sc_hd__buf_2)
     1    0.03    0.17    0.19    2.51 ^ output20/X (sky130_fd_sc_hd__buf_2)
                                         out[0] (net)
                  0.17    0.00    2.51 ^ out[0] (out)
                                  2.51   data arrival time

                  0.00    0.00    0.00   clock __VIRTUAL_CLK__ (rise edge)
                          0.00    0.00   clock network delay (ideal)
                          0.25    0.25   clock uncertainty
                          0.00    0.25   clock reconvergence pessimism
                         -2.00   -1.75   output external delay
                                 -1.75   data required time
-----------------------------------------------------------------------------
                                 -1.75   data required time
                                 -2.51   data arrival time
-----------------------------------------------------------------------------
                                  4.26   slack (MET)


Startpoint: A[5] (input port clocked by __VIRTUAL_CLK__)
Endpoint: out[5] (output port clocked by __VIRTUAL_CLK__)
Path Group: __VIRTUAL_CLK__
Path Type: min
Corner: Typical

Fanout     Cap    Slew   Delay    Time   Description
-----------------------------------------------------------------------------
                  0.00    0.00    0.00   clock __VIRTUAL_CLK__ (rise edge)
                          0.00    0.00   clock network delay (ideal)
                          2.00    2.00 ^ input external delay
     1    0.00    0.02    0.01    2.01 ^ A[5] (in)
                                         A[5] (net)
                  0.02    0.00    2.01 ^ input6/A (sky130_fd_sc_hd__dlymetal6s2s_1)
     6    0.02    0.23    0.20    2.21 ^ input6/X (sky130_fd_sc_hd__dlymetal6s2s_1)
                                         net6 (net)
                  0.23    0.00    2.21 ^ _254_/A1 (sky130_fd_sc_hd__a22oi_1)
     1    0.01    0.07    0.14    2.35 v _254_/Y (sky130_fd_sc_hd__a22oi_1)
                                         net25 (net)
                  0.07    0.00    2.35 v output25/A (sky130_fd_sc_hd__buf_2)
     1    0.03    0.09    0.18    2.53 v output25/X (sky130_fd_sc_hd__buf_2)
                                         out[5] (net)
                  0.09    0.00    2.53 v out[5] (out)
                                  2.53   data arrival time

                  0.00    0.00    0.00   clock __VIRTUAL_CLK__ (rise edge)
                          0.00    0.00   clock network delay (ideal)
                          0.25    0.25   clock uncertainty
                          0.00    0.25   clock reconvergence pessimism
                         -2.00   -1.75   output external delay
                                 -1.75   data required time
-----------------------------------------------------------------------------
                                 -1.75   data required time
                                 -2.53   data arrival time
-----------------------------------------------------------------------------
                                  4.28   slack (MET)


Startpoint: A[7] (input port clocked by __VIRTUAL_CLK__)
Endpoint: out[7] (output port clocked by __VIRTUAL_CLK__)
Path Group: __VIRTUAL_CLK__
Path Type: min
Corner: Typical

Fanout     Cap    Slew   Delay    Time   Description
-----------------------------------------------------------------------------
                  0.00    0.00    0.00   clock __VIRTUAL_CLK__ (rise edge)
                          0.00    0.00   clock network delay (ideal)
                          2.00    2.00 v input external delay
     1    0.00    0.01    0.01    2.01 v A[7] (in)
                                         A[7] (net)
                  0.01    0.00    2.01 v input8/A (sky130_fd_sc_hd__buf_1)
     4    0.02    0.11    0.14    2.14 v input8/X (sky130_fd_sc_hd__buf_1)
                                         net8 (net)
                  0.11    0.00    2.14 v _288_/A (sky130_fd_sc_hd__nand2_1)
     1    0.00    0.05    0.08    2.22 ^ _288_/Y (sky130_fd_sc_hd__nand2_1)
                                         _053_ (net)
                  0.05    0.00    2.22 ^ _289_/B1 (sky130_fd_sc_hd__o31a_1)
     1    0.01    0.07    0.13    2.35 ^ _289_/X (sky130_fd_sc_hd__o31a_1)
                                         net27 (net)
                  0.07    0.00    2.36 ^ output27/A (sky130_fd_sc_hd__buf_2)
     1    0.04    0.18    0.20    2.56 ^ output27/X (sky130_fd_sc_hd__buf_2)
                                         out[7] (net)
                  0.18    0.00    2.56 ^ out[7] (out)
                                  2.56   data arrival time

                  0.00    0.00    0.00   clock __VIRTUAL_CLK__ (rise edge)
                          0.00    0.00   clock network delay (ideal)
                          0.25    0.25   clock uncertainty
                          0.00    0.25   clock reconvergence pessimism
                         -2.00   -1.75   output external delay
                                 -1.75   data required time
-----------------------------------------------------------------------------
                                 -1.75   data required time
                                 -2.56   data arrival time
-----------------------------------------------------------------------------
                                  4.31   slack (MET)


Startpoint: A[1] (input port clocked by __VIRTUAL_CLK__)
Endpoint: out[1] (output port clocked by __VIRTUAL_CLK__)
Path Group: __VIRTUAL_CLK__
Path Type: min
Corner: Typical

Fanout     Cap    Slew   Delay    Time   Description
-----------------------------------------------------------------------------
                  0.00    0.00    0.00   clock __VIRTUAL_CLK__ (rise edge)
                          0.00    0.00   clock network delay (ideal)
                          2.00    2.00 ^ input external delay
     1    0.00    0.02    0.01    2.01 ^ A[1] (in)
                                         A[1] (net)
                  0.02    0.00    2.01 ^ input2/A (sky130_fd_sc_hd__buf_2)
    10    0.04    0.19    0.19    2.20 ^ input2/X (sky130_fd_sc_hd__buf_2)
                                         net2 (net)
                  0.19    0.01    2.20 ^ _302_/A1_N (sky130_fd_sc_hd__o2bb2a_1)
     1    0.01    0.06    0.25    2.45 v _302_/X (sky130_fd_sc_hd__o2bb2a_1)
                                         net21 (net)
                  0.06    0.00    2.45 v output21/A (sky130_fd_sc_hd__buf_2)
     1    0.03    0.09    0.17    2.62 v output21/X (sky130_fd_sc_hd__buf_2)
                                         out[1] (net)
                  0.09    0.00    2.63 v out[1] (out)
                                  2.63   data arrival time

                  0.00    0.00    0.00   clock __VIRTUAL_CLK__ (rise edge)
                          0.00    0.00   clock network delay (ideal)
                          0.25    0.25   clock uncertainty
                          0.00    0.25   clock reconvergence pessimism
                         -2.00   -1.75   output external delay
                                 -1.75   data required time
-----------------------------------------------------------------------------
                                 -1.75   data required time
                                 -2.63   data arrival time
-----------------------------------------------------------------------------
                                  4.38   slack (MET)


Startpoint: A[3] (input port clocked by __VIRTUAL_CLK__)
Endpoint: out[3] (output port clocked by __VIRTUAL_CLK__)
Path Group: __VIRTUAL_CLK__
Path Type: min
Corner: Typical

Fanout     Cap    Slew   Delay    Time   Description
-----------------------------------------------------------------------------
                  0.00    0.00    0.00   clock __VIRTUAL_CLK__ (rise edge)
                          0.00    0.00   clock network delay (ideal)
                          2.00    2.00 v input external delay
     1    0.00    0.01    0.00    2.00 v A[3] (in)
                                         A[3] (net)
                  0.01    0.00    2.00 v input4/A (sky130_fd_sc_hd__buf_1)
     4    0.02    0.12    0.14    2.14 v input4/X (sky130_fd_sc_hd__buf_1)
                                         net4 (net)
                  0.12    0.00    2.14 v _175_/A (sky130_fd_sc_hd__buf_2)
    10    0.03    0.09    0.20    2.34 v _175_/X (sky130_fd_sc_hd__buf_2)
                                         _103_ (net)
                  0.09    0.00    2.34 v _320_/A1 (sky130_fd_sc_hd__a21oi_1)
     1    0.00    0.08    0.13    2.47 ^ _320_/Y (sky130_fd_sc_hd__a21oi_1)
                                         net23 (net)
                  0.08    0.00    2.47 ^ output23/A (sky130_fd_sc_hd__buf_2)
     1    0.03    0.17    0.20    2.67 ^ output23/X (sky130_fd_sc_hd__buf_2)
                                         out[3] (net)
                  0.17    0.00    2.67 ^ out[3] (out)
                                  2.67   data arrival time

                  0.00    0.00    0.00   clock __VIRTUAL_CLK__ (rise edge)
                          0.00    0.00   clock network delay (ideal)
                          0.25    0.25   clock uncertainty
                          0.00    0.25   clock reconvergence pessimism
                         -2.00   -1.75   output external delay
                                 -1.75   data required time
-----------------------------------------------------------------------------
                                 -1.75   data required time
                                 -2.67   data arrival time
-----------------------------------------------------------------------------
                                  4.42   slack (MET)


Startpoint: A[2] (input port clocked by __VIRTUAL_CLK__)
Endpoint: out[2] (output port clocked by __VIRTUAL_CLK__)
Path Group: __VIRTUAL_CLK__
Path Type: min
Corner: Typical

Fanout     Cap    Slew   Delay    Time   Description
-----------------------------------------------------------------------------
                  0.00    0.00    0.00   clock __VIRTUAL_CLK__ (rise edge)
                          0.00    0.00   clock network delay (ideal)
                          2.00    2.00 v input external delay
     1    0.00    0.01    0.00    2.00 v A[2] (in)
                                         A[2] (net)
                  0.01    0.00    2.00 v input3/A (sky130_fd_sc_hd__buf_1)
     4    0.02    0.10    0.13    2.13 v input3/X (sky130_fd_sc_hd__buf_1)
                                         net3 (net)
                  0.10    0.00    2.13 v _173_/A (sky130_fd_sc_hd__buf_2)
    10    0.03    0.09    0.20    2.33 v _173_/X (sky130_fd_sc_hd__buf_2)
                                         _101_ (net)
                  0.09    0.00    2.33 v _310_/A1_N (sky130_fd_sc_hd__o2bb2a_1)
     1    0.00    0.05    0.24    2.57 ^ _310_/X (sky130_fd_sc_hd__o2bb2a_1)
                                         net22 (net)
                  0.05    0.00    2.57 ^ output22/A (sky130_fd_sc_hd__buf_2)
     1    0.03    0.17    0.19    2.76 ^ output22/X (sky130_fd_sc_hd__buf_2)
                                         out[2] (net)
                  0.17    0.00    2.76 ^ out[2] (out)
                                  2.76   data arrival time

                  0.00    0.00    0.00   clock __VIRTUAL_CLK__ (rise edge)
                          0.00    0.00   clock network delay (ideal)
                          0.25    0.25   clock uncertainty
                          0.00    0.25   clock reconvergence pessimism
                         -2.00   -1.75   output external delay
                                 -1.75   data required time
-----------------------------------------------------------------------------
                                 -1.75   data required time
                                 -2.76   data arrival time
-----------------------------------------------------------------------------
                                  4.51   slack (MET)



worst slack corner Typical: 4.1668
