
===========================================================================
report_checks -path_delay max (Setup)
============================================================================
======================= Fastest Corner ===================================

Startpoint: opcode[1] (input port clocked by __VIRTUAL_CLK__)
Endpoint: out[7] (output port clocked by __VIRTUAL_CLK__)
Path Group: __VIRTUAL_CLK__
Path Type: max
Corner: Fastest

Fanout     Cap    Slew   Delay    Time   Description
-----------------------------------------------------------------------------
                  0.00    0.00    0.00   clock __VIRTUAL_CLK__ (rise edge)
                          0.00    0.00   clock network delay (ideal)
                          2.00    2.00 ^ input external delay
     1    0.00    0.01    0.01    2.01 ^ opcode[1] (in)
                                         opcode[1] (net)
                  0.01    0.00    2.01 ^ input18/A (sky130_fd_sc_hd__dlymetal6s2s_1)
     5    0.02    0.16    0.15    2.16 ^ input18/X (sky130_fd_sc_hd__dlymetal6s2s_1)
                                         net18 (net)
                  0.16    0.00    2.16 ^ _222_/B (sky130_fd_sc_hd__nand3b_4)
     8    0.03    0.08    0.09    2.25 v _222_/Y (sky130_fd_sc_hd__nand3b_4)
                                         _150_ (net)
                  0.08    0.00    2.25 v _234_/C (sky130_fd_sc_hd__and3_1)
     2    0.01    0.04    0.15    2.40 v _234_/X (sky130_fd_sc_hd__and3_1)
                                         _001_ (net)
                  0.04    0.00    2.40 v _236_/A1 (sky130_fd_sc_hd__o21a_1)
     4    0.01    0.06    0.16    2.56 v _236_/X (sky130_fd_sc_hd__o21a_1)
                                         _003_ (net)
                  0.06    0.00    2.56 v _239_/B1 (sky130_fd_sc_hd__a211oi_1)
     3    0.01    0.28    0.21    2.77 ^ _239_/Y (sky130_fd_sc_hd__a211oi_1)
                                         _006_ (net)
                  0.28    0.00    2.77 ^ _241_/A2 (sky130_fd_sc_hd__o21ai_2)
     5    0.02    0.08    0.07    2.85 v _241_/Y (sky130_fd_sc_hd__o21ai_2)
                                         _008_ (net)
                  0.08    0.00    2.85 v _248_/A2 (sky130_fd_sc_hd__a311o_2)
     5    0.02    0.07    0.29    3.13 v _248_/X (sky130_fd_sc_hd__a311o_2)
                                         _015_ (net)
                  0.07    0.00    3.13 v _260_/A3 (sky130_fd_sc_hd__a311oi_2)
     3    0.01    0.19    0.24    3.37 ^ _260_/Y (sky130_fd_sc_hd__a311oi_2)
                                         _026_ (net)
                  0.19    0.00    3.37 ^ _280_/A2 (sky130_fd_sc_hd__o21ai_1)
     1    0.00    0.04    0.04    3.41 v _280_/Y (sky130_fd_sc_hd__o21ai_1)
                                         _045_ (net)
                  0.04    0.00    3.41 v _282_/B (sky130_fd_sc_hd__and3_1)
     1    0.00    0.03    0.11    3.52 v _282_/X (sky130_fd_sc_hd__and3_1)
                                         _047_ (net)
                  0.03    0.00    3.52 v _289_/A2 (sky130_fd_sc_hd__o31a_1)
     1    0.01    0.04    0.18    3.70 v _289_/X (sky130_fd_sc_hd__o31a_1)
                                         net27 (net)
                  0.04    0.00    3.71 v output27/A (sky130_fd_sc_hd__buf_2)
     1    0.04    0.07    0.13    3.83 v output27/X (sky130_fd_sc_hd__buf_2)
                                         out[7] (net)
                  0.07    0.00    3.84 v out[7] (out)
                                  3.84   data arrival time

                  0.00   10.00   10.00   clock __VIRTUAL_CLK__ (rise edge)
                          0.00   10.00   clock network delay (ideal)
                         -0.25    9.75   clock uncertainty
                          0.00    9.75   clock reconvergence pessimism
                         -2.00    7.75   output external delay
                                  7.75   data required time
-----------------------------------------------------------------------------
                                  7.75   data required time
                                 -3.84   data arrival time
-----------------------------------------------------------------------------
                                  3.91   slack (MET)


Startpoint: opcode[1] (input port clocked by __VIRTUAL_CLK__)
Endpoint: out[6] (output port clocked by __VIRTUAL_CLK__)
Path Group: __VIRTUAL_CLK__
Path Type: max
Corner: Fastest

Fanout     Cap    Slew   Delay    Time   Description
-----------------------------------------------------------------------------
                  0.00    0.00    0.00   clock __VIRTUAL_CLK__ (rise edge)
                          0.00    0.00   clock network delay (ideal)
                          2.00    2.00 ^ input external delay
     1    0.00    0.01    0.01    2.01 ^ opcode[1] (in)
                                         opcode[1] (net)
                  0.01    0.00    2.01 ^ input18/A (sky130_fd_sc_hd__dlymetal6s2s_1)
     5    0.02    0.16    0.15    2.16 ^ input18/X (sky130_fd_sc_hd__dlymetal6s2s_1)
                                         net18 (net)
                  0.16    0.00    2.16 ^ _222_/B (sky130_fd_sc_hd__nand3b_4)
     8    0.03    0.08    0.09    2.25 v _222_/Y (sky130_fd_sc_hd__nand3b_4)
                                         _150_ (net)
                  0.08    0.00    2.25 v _234_/C (sky130_fd_sc_hd__and3_1)
     2    0.01    0.04    0.15    2.40 v _234_/X (sky130_fd_sc_hd__and3_1)
                                         _001_ (net)
                  0.04    0.00    2.40 v _236_/A1 (sky130_fd_sc_hd__o21a_1)
     4    0.01    0.06    0.16    2.56 v _236_/X (sky130_fd_sc_hd__o21a_1)
                                         _003_ (net)
                  0.06    0.00    2.56 v _239_/B1 (sky130_fd_sc_hd__a211oi_1)
     3    0.01    0.28    0.21    2.77 ^ _239_/Y (sky130_fd_sc_hd__a211oi_1)
                                         _006_ (net)
                  0.28    0.00    2.77 ^ _241_/A2 (sky130_fd_sc_hd__o21ai_2)
     5    0.02    0.08    0.07    2.85 v _241_/Y (sky130_fd_sc_hd__o21ai_2)
                                         _008_ (net)
                  0.08    0.00    2.85 v _248_/A2 (sky130_fd_sc_hd__a311o_2)
     5    0.02    0.07    0.29    3.13 v _248_/X (sky130_fd_sc_hd__a311o_2)
                                         _015_ (net)
                  0.07    0.00    3.13 v _261_/A3 (sky130_fd_sc_hd__a31o_1)
     1    0.00    0.03    0.15    3.29 v _261_/X (sky130_fd_sc_hd__a31o_1)
                                         _027_ (net)
                  0.03    0.00    3.29 v _262_/A2 (sky130_fd_sc_hd__a21o_1)
     1    0.00    0.02    0.11    3.40 v _262_/X (sky130_fd_sc_hd__a21o_1)
                                         _028_ (net)
                  0.02    0.00    3.40 v _263_/B (sky130_fd_sc_hd__or2_1)
     1    0.01    0.04    0.13    3.54 v _263_/X (sky130_fd_sc_hd__or2_1)
                                         _029_ (net)
                  0.04    0.00    3.54 v _274_/B1 (sky130_fd_sc_hd__a22oi_1)
     1    0.00    0.08    0.07    3.61 ^ _274_/Y (sky130_fd_sc_hd__a22oi_1)
                                         net26 (net)
                  0.08    0.00    3.61 ^ output26/A (sky130_fd_sc_hd__buf_2)
     1    0.03    0.13    0.16    3.77 ^ output26/X (sky130_fd_sc_hd__buf_2)
                                         out[6] (net)
                  0.13    0.00    3.77 ^ out[6] (out)
                                  3.77   data arrival time

                  0.00   10.00   10.00   clock __VIRTUAL_CLK__ (rise edge)
                          0.00   10.00   clock network delay (ideal)
                         -0.25    9.75   clock uncertainty
                          0.00    9.75   clock reconvergence pessimism
                         -2.00    7.75   output external delay
                                  7.75   data required time
-----------------------------------------------------------------------------
                                  7.75   data required time
                                 -3.77   data arrival time
-----------------------------------------------------------------------------
                                  3.98   slack (MET)


Startpoint: opcode[1] (input port clocked by __VIRTUAL_CLK__)
Endpoint: out[5] (output port clocked by __VIRTUAL_CLK__)
Path Group: __VIRTUAL_CLK__
Path Type: max
Corner: Fastest

Fanout     Cap    Slew   Delay    Time   Description
-----------------------------------------------------------------------------
                  0.00    0.00    0.00   clock __VIRTUAL_CLK__ (rise edge)
                          0.00    0.00   clock network delay (ideal)
                          2.00    2.00 ^ input external delay
     1    0.00    0.01    0.01    2.01 ^ opcode[1] (in)
                                         opcode[1] (net)
                  0.01    0.00    2.01 ^ input18/A (sky130_fd_sc_hd__dlymetal6s2s_1)
     5    0.02    0.16    0.15    2.16 ^ input18/X (sky130_fd_sc_hd__dlymetal6s2s_1)
                                         net18 (net)
                  0.16    0.00    2.16 ^ _222_/B (sky130_fd_sc_hd__nand3b_4)
     8    0.03    0.08    0.09    2.25 v _222_/Y (sky130_fd_sc_hd__nand3b_4)
                                         _150_ (net)
                  0.08    0.00    2.25 v _234_/C (sky130_fd_sc_hd__and3_1)
     2    0.01    0.04    0.15    2.40 v _234_/X (sky130_fd_sc_hd__and3_1)
                                         _001_ (net)
                  0.04    0.00    2.40 v _236_/A1 (sky130_fd_sc_hd__o21a_1)
     4    0.01    0.06    0.16    2.56 v _236_/X (sky130_fd_sc_hd__o21a_1)
                                         _003_ (net)
                  0.06    0.00    2.56 v _239_/B1 (sky130_fd_sc_hd__a211oi_1)
     3    0.01    0.28    0.21    2.77 ^ _239_/Y (sky130_fd_sc_hd__a211oi_1)
                                         _006_ (net)
                  0.28    0.00    2.77 ^ _241_/A2 (sky130_fd_sc_hd__o21ai_2)
     5    0.02    0.08    0.07    2.85 v _241_/Y (sky130_fd_sc_hd__o21ai_2)
                                         _008_ (net)
                  0.08    0.00    2.85 v _248_/A2 (sky130_fd_sc_hd__a311o_2)
     5    0.02    0.07    0.29    3.13 v _248_/X (sky130_fd_sc_hd__a311o_2)
                                         _015_ (net)
                  0.07    0.00    3.13 v _249_/C (sky130_fd_sc_hd__and3_1)
     1    0.00    0.02    0.12    3.26 v _249_/X (sky130_fd_sc_hd__and3_1)
                                         _016_ (net)
                  0.02    0.00    3.26 v _253_/A (sky130_fd_sc_hd__or3_1)
     1    0.00    0.04    0.22    3.47 v _253_/X (sky130_fd_sc_hd__or3_1)
                                         _020_ (net)
                  0.04    0.00    3.47 v _254_/B2 (sky130_fd_sc_hd__a22oi_1)
     1    0.01    0.12    0.11    3.59 ^ _254_/Y (sky130_fd_sc_hd__a22oi_1)
                                         net25 (net)
                  0.12    0.00    3.59 ^ output25/A (sky130_fd_sc_hd__buf_2)
     1    0.03    0.13    0.17    3.75 ^ output25/X (sky130_fd_sc_hd__buf_2)
                                         out[5] (net)
                  0.13    0.00    3.75 ^ out[5] (out)
                                  3.75   data arrival time

                  0.00   10.00   10.00   clock __VIRTUAL_CLK__ (rise edge)
                          0.00   10.00   clock network delay (ideal)
                         -0.25    9.75   clock uncertainty
                          0.00    9.75   clock reconvergence pessimism
                         -2.00    7.75   output external delay
                                  7.75   data required time
-----------------------------------------------------------------------------
                                  7.75   data required time
                                 -3.75   data arrival time
-----------------------------------------------------------------------------
                                  4.00   slack (MET)


Startpoint: opcode[1] (input port clocked by __VIRTUAL_CLK__)
Endpoint: out[4] (output port clocked by __VIRTUAL_CLK__)
Path Group: __VIRTUAL_CLK__
Path Type: max
Corner: Fastest

Fanout     Cap    Slew   Delay    Time   Description
-----------------------------------------------------------------------------
                  0.00    0.00    0.00   clock __VIRTUAL_CLK__ (rise edge)
                          0.00    0.00   clock network delay (ideal)
                          2.00    2.00 ^ input external delay
     1    0.00    0.01    0.01    2.01 ^ opcode[1] (in)
                                         opcode[1] (net)
                  0.01    0.00    2.01 ^ input18/A (sky130_fd_sc_hd__dlymetal6s2s_1)
     5    0.02    0.16    0.15    2.16 ^ input18/X (sky130_fd_sc_hd__dlymetal6s2s_1)
                                         net18 (net)
                  0.16    0.00    2.16 ^ _222_/B (sky130_fd_sc_hd__nand3b_4)
     8    0.03    0.08    0.09    2.25 v _222_/Y (sky130_fd_sc_hd__nand3b_4)
                                         _150_ (net)
                  0.08    0.00    2.25 v _234_/C (sky130_fd_sc_hd__and3_1)
     2    0.01    0.04    0.15    2.40 v _234_/X (sky130_fd_sc_hd__and3_1)
                                         _001_ (net)
                  0.04    0.00    2.40 v _236_/A1 (sky130_fd_sc_hd__o21a_1)
     4    0.01    0.06    0.16    2.56 v _236_/X (sky130_fd_sc_hd__o21a_1)
                                         _003_ (net)
                  0.06    0.00    2.56 v _239_/B1 (sky130_fd_sc_hd__a211oi_1)
     3    0.01    0.28    0.21    2.77 ^ _239_/Y (sky130_fd_sc_hd__a211oi_1)
                                         _006_ (net)
                  0.28    0.00    2.77 ^ _241_/A2 (sky130_fd_sc_hd__o21ai_2)
     5    0.02    0.08    0.07    2.85 v _241_/Y (sky130_fd_sc_hd__o21ai_2)
                                         _008_ (net)
                  0.08    0.00    2.85 v _248_/A2 (sky130_fd_sc_hd__a311o_2)
     5    0.02    0.07    0.29    3.13 v _248_/X (sky130_fd_sc_hd__a311o_2)
                                         _015_ (net)
                  0.07    0.00    3.13 v _327_/A1 (sky130_fd_sc_hd__a31o_1)
     1    0.01    0.04    0.14    3.28 v _327_/X (sky130_fd_sc_hd__a31o_1)
                                         _087_ (net)
                  0.04    0.00    3.28 v _328_/B1 (sky130_fd_sc_hd__a21oi_1)
     1    0.00    0.07    0.06    3.33 ^ _328_/Y (sky130_fd_sc_hd__a21oi_1)
                                         _088_ (net)
                  0.07    0.00    3.33 ^ _329_/B1 (sky130_fd_sc_hd__a21oi_1)
     1    0.00    0.04    0.03    3.36 v _329_/Y (sky130_fd_sc_hd__a21oi_1)
                                         net24 (net)
                  0.04    0.00    3.36 v output24/A (sky130_fd_sc_hd__buf_2)
     1    0.03    0.06    0.13    3.49 v output24/X (sky130_fd_sc_hd__buf_2)
                                         out[4] (net)
                  0.06    0.00    3.49 v out[4] (out)
                                  3.49   data arrival time

                  0.00   10.00   10.00   clock __VIRTUAL_CLK__ (rise edge)
                          0.00   10.00   clock network delay (ideal)
                         -0.25    9.75   clock uncertainty
                          0.00    9.75   clock reconvergence pessimism
                         -2.00    7.75   output external delay
                                  7.75   data required time
-----------------------------------------------------------------------------
                                  7.75   data required time
                                 -3.49   data arrival time
-----------------------------------------------------------------------------
                                  4.26   slack (MET)


Startpoint: opcode[1] (input port clocked by __VIRTUAL_CLK__)
Endpoint: out[3] (output port clocked by __VIRTUAL_CLK__)
Path Group: __VIRTUAL_CLK__
Path Type: max
Corner: Fastest

Fanout     Cap    Slew   Delay    Time   Description
-----------------------------------------------------------------------------
                  0.00    0.00    0.00   clock __VIRTUAL_CLK__ (rise edge)
                          0.00    0.00   clock network delay (ideal)
                          2.00    2.00 ^ input external delay
     1    0.00    0.01    0.01    2.01 ^ opcode[1] (in)
                                         opcode[1] (net)
                  0.01    0.00    2.01 ^ input18/A (sky130_fd_sc_hd__dlymetal6s2s_1)
     5    0.02    0.16    0.15    2.16 ^ input18/X (sky130_fd_sc_hd__dlymetal6s2s_1)
                                         net18 (net)
                  0.16    0.00    2.16 ^ _222_/B (sky130_fd_sc_hd__nand3b_4)
     8    0.03    0.08    0.09    2.25 v _222_/Y (sky130_fd_sc_hd__nand3b_4)
                                         _150_ (net)
                  0.08    0.00    2.25 v _234_/C (sky130_fd_sc_hd__and3_1)
     2    0.01    0.04    0.15    2.40 v _234_/X (sky130_fd_sc_hd__and3_1)
                                         _001_ (net)
                  0.04    0.00    2.40 v _236_/A1 (sky130_fd_sc_hd__o21a_1)
     4    0.01    0.06    0.16    2.56 v _236_/X (sky130_fd_sc_hd__o21a_1)
                                         _003_ (net)
                  0.06    0.00    2.56 v _239_/B1 (sky130_fd_sc_hd__a211oi_1)
     3    0.01    0.28    0.21    2.77 ^ _239_/Y (sky130_fd_sc_hd__a211oi_1)
                                         _006_ (net)
                  0.28    0.00    2.77 ^ _241_/A2 (sky130_fd_sc_hd__o21ai_2)
     5    0.02    0.08    0.07    2.85 v _241_/Y (sky130_fd_sc_hd__o21ai_2)
                                         _008_ (net)
                  0.08    0.00    2.85 v _314_/A2 (sky130_fd_sc_hd__a31o_1)
     1    0.00    0.03    0.15    3.00 v _314_/X (sky130_fd_sc_hd__a31o_1)
                                         _075_ (net)
                  0.03    0.00    3.00 v _318_/A2 (sky130_fd_sc_hd__o21bai_1)
     1    0.01    0.11    0.11    3.11 ^ _318_/Y (sky130_fd_sc_hd__o21bai_1)
                                         _079_ (net)
                  0.11    0.00    3.11 ^ _319_/B1_N (sky130_fd_sc_hd__o21ba_1)
     1    0.00    0.02    0.10    3.21 v _319_/X (sky130_fd_sc_hd__o21ba_1)
                                         _080_ (net)
                  0.02    0.00    3.21 v _320_/B1 (sky130_fd_sc_hd__a21oi_1)
     1    0.00    0.08    0.05    3.26 ^ _320_/Y (sky130_fd_sc_hd__a21oi_1)
                                         net23 (net)
                  0.08    0.00    3.26 ^ output23/A (sky130_fd_sc_hd__buf_2)
     1    0.03    0.13    0.16    3.41 ^ output23/X (sky130_fd_sc_hd__buf_2)
                                         out[3] (net)
                  0.13    0.00    3.41 ^ out[3] (out)
                                  3.41   data arrival time

                  0.00   10.00   10.00   clock __VIRTUAL_CLK__ (rise edge)
                          0.00   10.00   clock network delay (ideal)
                         -0.25    9.75   clock uncertainty
                          0.00    9.75   clock reconvergence pessimism
                         -2.00    7.75   output external delay
                                  7.75   data required time
-----------------------------------------------------------------------------
                                  7.75   data required time
                                 -3.41   data arrival time
-----------------------------------------------------------------------------
                                  4.34   slack (MET)


Startpoint: opcode[1] (input port clocked by __VIRTUAL_CLK__)
Endpoint: out[1] (output port clocked by __VIRTUAL_CLK__)
Path Group: __VIRTUAL_CLK__
Path Type: max
Corner: Fastest

Fanout     Cap    Slew   Delay    Time   Description
-----------------------------------------------------------------------------
                  0.00    0.00    0.00   clock __VIRTUAL_CLK__ (rise edge)
                          0.00    0.00   clock network delay (ideal)
                          2.00    2.00 ^ input external delay
     1    0.00    0.01    0.01    2.01 ^ opcode[1] (in)
                                         opcode[1] (net)
                  0.01    0.00    2.01 ^ input18/A (sky130_fd_sc_hd__dlymetal6s2s_1)
     5    0.02    0.16    0.15    2.16 ^ input18/X (sky130_fd_sc_hd__dlymetal6s2s_1)
                                         net18 (net)
                  0.16    0.00    2.16 ^ _222_/B (sky130_fd_sc_hd__nand3b_4)
     8    0.03    0.08    0.09    2.25 v _222_/Y (sky130_fd_sc_hd__nand3b_4)
                                         _150_ (net)
                  0.08    0.00    2.25 v _234_/C (sky130_fd_sc_hd__and3_1)
     2    0.01    0.04    0.15    2.40 v _234_/X (sky130_fd_sc_hd__and3_1)
                                         _001_ (net)
                  0.04    0.00    2.40 v _236_/A1 (sky130_fd_sc_hd__o21a_1)
     4    0.01    0.06    0.16    2.56 v _236_/X (sky130_fd_sc_hd__o21a_1)
                                         _003_ (net)
                  0.06    0.00    2.56 v _239_/B1 (sky130_fd_sc_hd__a211oi_1)
     3    0.01    0.28    0.21    2.77 ^ _239_/Y (sky130_fd_sc_hd__a211oi_1)
                                         _006_ (net)
                  0.28    0.00    2.77 ^ _300_/A (sky130_fd_sc_hd__or3_1)
     1    0.00    0.04    0.11    2.88 ^ _300_/X (sky130_fd_sc_hd__or3_1)
                                         _063_ (net)
                  0.04    0.00    2.88 ^ _301_/C_N (sky130_fd_sc_hd__or3b_1)
     1    0.00    0.04    0.20    3.07 v _301_/X (sky130_fd_sc_hd__or3b_1)
                                         _064_ (net)
                  0.04    0.00    3.07 v _302_/B2 (sky130_fd_sc_hd__o2bb2a_1)
     1    0.01    0.05    0.19    3.26 v _302_/X (sky130_fd_sc_hd__o2bb2a_1)
                                         net21 (net)
                  0.05    0.00    3.26 v output21/A (sky130_fd_sc_hd__buf_2)
     1    0.03    0.06    0.13    3.39 v output21/X (sky130_fd_sc_hd__buf_2)
                                         out[1] (net)
                  0.06    0.00    3.40 v out[1] (out)
                                  3.40   data arrival time

                  0.00   10.00   10.00   clock __VIRTUAL_CLK__ (rise edge)
                          0.00   10.00   clock network delay (ideal)
                         -0.25    9.75   clock uncertainty
                          0.00    9.75   clock reconvergence pessimism
                         -2.00    7.75   output external delay
                                  7.75   data required time
-----------------------------------------------------------------------------
                                  7.75   data required time
                                 -3.40   data arrival time
-----------------------------------------------------------------------------
                                  4.35   slack (MET)


Startpoint: opcode[1] (input port clocked by __VIRTUAL_CLK__)
Endpoint: out[2] (output port clocked by __VIRTUAL_CLK__)
Path Group: __VIRTUAL_CLK__
Path Type: max
Corner: Fastest

Fanout     Cap    Slew   Delay    Time   Description
-----------------------------------------------------------------------------
                  0.00    0.00    0.00   clock __VIRTUAL_CLK__ (rise edge)
                          0.00    0.00   clock network delay (ideal)
                          2.00    2.00 ^ input external delay
     1    0.00    0.01    0.01    2.01 ^ opcode[1] (in)
                                         opcode[1] (net)
                  0.01    0.00    2.01 ^ input18/A (sky130_fd_sc_hd__dlymetal6s2s_1)
     5    0.02    0.16    0.15    2.16 ^ input18/X (sky130_fd_sc_hd__dlymetal6s2s_1)
                                         net18 (net)
                  0.16    0.00    2.16 ^ _222_/B (sky130_fd_sc_hd__nand3b_4)
     8    0.03    0.08    0.09    2.25 v _222_/Y (sky130_fd_sc_hd__nand3b_4)
                                         _150_ (net)
                  0.08    0.00    2.25 v _234_/C (sky130_fd_sc_hd__and3_1)
     2    0.01    0.04    0.15    2.40 v _234_/X (sky130_fd_sc_hd__and3_1)
                                         _001_ (net)
                  0.04    0.00    2.40 v _236_/A1 (sky130_fd_sc_hd__o21a_1)
     4    0.01    0.06    0.16    2.56 v _236_/X (sky130_fd_sc_hd__o21a_1)
                                         _003_ (net)
                  0.06    0.00    2.56 v _239_/B1 (sky130_fd_sc_hd__a211oi_1)
     3    0.01    0.28    0.21    2.77 ^ _239_/Y (sky130_fd_sc_hd__a211oi_1)
                                         _006_ (net)
                  0.28    0.00    2.77 ^ _241_/A2 (sky130_fd_sc_hd__o21ai_2)
     5    0.02    0.08    0.07    2.85 v _241_/Y (sky130_fd_sc_hd__o21ai_2)
                                         _008_ (net)
                  0.08    0.00    2.85 v _309_/A1 (sky130_fd_sc_hd__a31o_1)
     1    0.01    0.04    0.14    2.99 v _309_/X (sky130_fd_sc_hd__a31o_1)
                                         _071_ (net)
                  0.04    0.00    2.99 v _310_/B2 (sky130_fd_sc_hd__o2bb2a_1)
     1    0.00    0.04    0.17    3.16 v _310_/X (sky130_fd_sc_hd__o2bb2a_1)
                                         net22 (net)
                  0.04    0.00    3.16 v output22/A (sky130_fd_sc_hd__buf_2)
     1    0.03    0.06    0.13    3.28 v output22/X (sky130_fd_sc_hd__buf_2)
                                         out[2] (net)
                  0.06    0.00    3.28 v out[2] (out)
                                  3.28   data arrival time

                  0.00   10.00   10.00   clock __VIRTUAL_CLK__ (rise edge)
                          0.00   10.00   clock network delay (ideal)
                         -0.25    9.75   clock uncertainty
                          0.00    9.75   clock reconvergence pessimism
                         -2.00    7.75   output external delay
                                  7.75   data required time
-----------------------------------------------------------------------------
                                  7.75   data required time
                                 -3.28   data arrival time
-----------------------------------------------------------------------------
                                  4.47   slack (MET)


Startpoint: opcode[1] (input port clocked by __VIRTUAL_CLK__)
Endpoint: out[0] (output port clocked by __VIRTUAL_CLK__)
Path Group: __VIRTUAL_CLK__
Path Type: max
Corner: Fastest

Fanout     Cap    Slew   Delay    Time   Description
-----------------------------------------------------------------------------
                  0.00    0.00    0.00   clock __VIRTUAL_CLK__ (rise edge)
                          0.00    0.00   clock network delay (ideal)
                          2.00    2.00 v input external delay
     1    0.00    0.00    0.00    2.00 v opcode[1] (in)
                                         opcode[1] (net)
                  0.00    0.00    2.00 v input18/A (sky130_fd_sc_hd__dlymetal6s2s_1)
     5    0.02    0.07    0.12    2.13 v input18/X (sky130_fd_sc_hd__dlymetal6s2s_1)
                                         net18 (net)
                  0.07    0.00    2.13 v _161_/B (sky130_fd_sc_hd__or2_1)
     3    0.01    0.06    0.18    2.31 v _161_/X (sky130_fd_sc_hd__or2_1)
                                         _089_ (net)
                  0.06    0.00    2.31 v _250_/C (sky130_fd_sc_hd__and3_1)
     4    0.02    0.09    0.19    2.50 v _250_/X (sky130_fd_sc_hd__and3_1)
                                         _017_ (net)
                  0.09    0.00    2.50 v _251_/A (sky130_fd_sc_hd__inv_2)
     5    0.02    0.08    0.10    2.60 ^ _251_/Y (sky130_fd_sc_hd__inv_2)
                                         _018_ (net)
                  0.08    0.00    2.61 ^ _290_/B1 (sky130_fd_sc_hd__a22oi_1)
     1    0.00    0.05    0.04    2.65 v _290_/Y (sky130_fd_sc_hd__a22oi_1)
                                         _054_ (net)
                  0.05    0.00    2.65 v _292_/A2 (sky130_fd_sc_hd__o32a_1)
     1    0.00    0.04    0.21    2.86 v _292_/X (sky130_fd_sc_hd__o32a_1)
                                         _056_ (net)
                  0.04    0.00    2.86 v _293_/B1 (sky130_fd_sc_hd__a21o_1)
     1    0.01    0.03    0.08    2.94 v _293_/X (sky130_fd_sc_hd__a21o_1)
                                         net20 (net)
                  0.03    0.00    2.94 v output20/A (sky130_fd_sc_hd__buf_2)
     1    0.03    0.06    0.12    3.06 v output20/X (sky130_fd_sc_hd__buf_2)
                                         out[0] (net)
                  0.06    0.00    3.06 v out[0] (out)
                                  3.06   data arrival time

                  0.00   10.00   10.00   clock __VIRTUAL_CLK__ (rise edge)
                          0.00   10.00   clock network delay (ideal)
                         -0.25    9.75   clock uncertainty
                          0.00    9.75   clock reconvergence pessimism
                         -2.00    7.75   output external delay
                                  7.75   data required time
-----------------------------------------------------------------------------
                                  7.75   data required time
                                 -3.06   data arrival time
-----------------------------------------------------------------------------
                                  4.69   slack (MET)



worst slack corner Fastest: 3.9137
======================= Slowest Corner ===================================

Startpoint: opcode[1] (input port clocked by __VIRTUAL_CLK__)
Endpoint: out[7] (output port clocked by __VIRTUAL_CLK__)
Path Group: __VIRTUAL_CLK__
Path Type: max
Corner: Slowest

Fanout     Cap    Slew   Delay    Time   Description
-----------------------------------------------------------------------------
                  0.00    0.00    0.00   clock __VIRTUAL_CLK__ (rise edge)
                          0.00    0.00   clock network delay (ideal)
                          2.00    2.00 ^ input external delay
     1    0.00    0.03    0.02    2.02 ^ opcode[1] (in)
                                         opcode[1] (net)
                  0.03    0.00    2.02 ^ input18/A (sky130_fd_sc_hd__dlymetal6s2s_1)
     5    0.02    0.32    0.34    2.36 ^ input18/X (sky130_fd_sc_hd__dlymetal6s2s_1)
                                         net18 (net)
                  0.32    0.00    2.36 ^ _222_/B (sky130_fd_sc_hd__nand3b_4)
     8    0.03    0.23    0.34    2.70 v _222_/Y (sky130_fd_sc_hd__nand3b_4)
                                         _150_ (net)
                  0.23    0.00    2.70 v _234_/C (sky130_fd_sc_hd__and3_1)
     2    0.01    0.09    0.49    3.18 v _234_/X (sky130_fd_sc_hd__and3_1)
                                         _001_ (net)
                  0.09    0.00    3.18 v _236_/A1 (sky130_fd_sc_hd__o21a_1)
     4    0.01    0.16    0.46    3.64 v _236_/X (sky130_fd_sc_hd__o21a_1)
                                         _003_ (net)
                  0.16    0.00    3.65 v _239_/B1 (sky130_fd_sc_hd__a211oi_1)
     3    0.01    0.66    0.70    4.35 ^ _239_/Y (sky130_fd_sc_hd__a211oi_1)
                                         _006_ (net)
                  0.66    0.00    4.35 ^ _241_/A2 (sky130_fd_sc_hd__o21ai_2)
     5    0.02    0.20    0.38    4.73 v _241_/Y (sky130_fd_sc_hd__o21ai_2)
                                         _008_ (net)
                  0.20    0.00    4.73 v _248_/A2 (sky130_fd_sc_hd__a311o_2)
     5    0.02    0.16    0.87    5.61 v _248_/X (sky130_fd_sc_hd__a311o_2)
                                         _015_ (net)
                  0.16    0.00    5.61 v _260_/A3 (sky130_fd_sc_hd__a311oi_2)
     3    0.01    0.41    0.59    6.19 ^ _260_/Y (sky130_fd_sc_hd__a311oi_2)
                                         _026_ (net)
                  0.41    0.00    6.19 ^ _280_/A2 (sky130_fd_sc_hd__o21ai_1)
     1    0.00    0.10    0.22    6.41 v _280_/Y (sky130_fd_sc_hd__o21ai_1)
                                         _045_ (net)
                  0.10    0.00    6.41 v _282_/B (sky130_fd_sc_hd__and3_1)
     1    0.00    0.07    0.36    6.78 v _282_/X (sky130_fd_sc_hd__and3_1)
                                         _047_ (net)
                  0.07    0.00    6.78 v _289_/A2 (sky130_fd_sc_hd__o31a_1)
     1    0.01    0.11    0.58    7.36 v _289_/X (sky130_fd_sc_hd__o31a_1)
                                         net27 (net)
                  0.11    0.00    7.36 v output27/A (sky130_fd_sc_hd__buf_2)
     1    0.04    0.17    0.38    7.74 v output27/X (sky130_fd_sc_hd__buf_2)
                                         out[7] (net)
                  0.17    0.00    7.74 v out[7] (out)
                                  7.74   data arrival time

                  0.00   10.00   10.00   clock __VIRTUAL_CLK__ (rise edge)
                          0.00   10.00   clock network delay (ideal)
                         -0.25    9.75   clock uncertainty
                          0.00    9.75   clock reconvergence pessimism
                         -2.00    7.75   output external delay
                                  7.75   data required time
-----------------------------------------------------------------------------
                                  7.75   data required time
                                 -7.74   data arrival time
-----------------------------------------------------------------------------
                                  0.01   slack (MET)


Startpoint: opcode[1] (input port clocked by __VIRTUAL_CLK__)
Endpoint: out[5] (output port clocked by __VIRTUAL_CLK__)
Path Group: __VIRTUAL_CLK__
Path Type: max
Corner: Slowest

Fanout     Cap    Slew   Delay    Time   Description
-----------------------------------------------------------------------------
                  0.00    0.00    0.00   clock __VIRTUAL_CLK__ (rise edge)
                          0.00    0.00   clock network delay (ideal)
                          2.00    2.00 ^ input external delay
     1    0.00    0.03    0.02    2.02 ^ opcode[1] (in)
                                         opcode[1] (net)
                  0.03    0.00    2.02 ^ input18/A (sky130_fd_sc_hd__dlymetal6s2s_1)
     5    0.02    0.32    0.34    2.36 ^ input18/X (sky130_fd_sc_hd__dlymetal6s2s_1)
                                         net18 (net)
                  0.32    0.00    2.36 ^ _222_/B (sky130_fd_sc_hd__nand3b_4)
     8    0.03    0.23    0.34    2.70 v _222_/Y (sky130_fd_sc_hd__nand3b_4)
                                         _150_ (net)
                  0.23    0.00    2.70 v _234_/C (sky130_fd_sc_hd__and3_1)
     2    0.01    0.09    0.49    3.18 v _234_/X (sky130_fd_sc_hd__and3_1)
                                         _001_ (net)
                  0.09    0.00    3.18 v _236_/A1 (sky130_fd_sc_hd__o21a_1)
     4    0.01    0.16    0.46    3.64 v _236_/X (sky130_fd_sc_hd__o21a_1)
                                         _003_ (net)
                  0.16    0.00    3.65 v _239_/B1 (sky130_fd_sc_hd__a211oi_1)
     3    0.01    0.66    0.70    4.35 ^ _239_/Y (sky130_fd_sc_hd__a211oi_1)
                                         _006_ (net)
                  0.66    0.00    4.35 ^ _241_/A2 (sky130_fd_sc_hd__o21ai_2)
     5    0.02    0.20    0.38    4.73 v _241_/Y (sky130_fd_sc_hd__o21ai_2)
                                         _008_ (net)
                  0.20    0.00    4.73 v _248_/A2 (sky130_fd_sc_hd__a311o_2)
     5    0.02    0.16    0.87    5.61 v _248_/X (sky130_fd_sc_hd__a311o_2)
                                         _015_ (net)
                  0.16    0.00    5.61 v _249_/C (sky130_fd_sc_hd__and3_1)
     1    0.00    0.06    0.41    6.02 v _249_/X (sky130_fd_sc_hd__and3_1)
                                         _016_ (net)
                  0.06    0.00    6.02 v _253_/A (sky130_fd_sc_hd__or3_1)
     1    0.00    0.13    0.87    6.89 v _253_/X (sky130_fd_sc_hd__or3_1)
                                         _020_ (net)
                  0.13    0.00    6.89 v _254_/B2 (sky130_fd_sc_hd__a22oi_1)
     1    0.01    0.33    0.36    7.25 ^ _254_/Y (sky130_fd_sc_hd__a22oi_1)
                                         net25 (net)
                  0.33    0.00    7.25 ^ output25/A (sky130_fd_sc_hd__buf_2)
     1    0.03    0.27    0.48    7.73 ^ output25/X (sky130_fd_sc_hd__buf_2)
                                         out[5] (net)
                  0.27    0.00    7.73 ^ out[5] (out)
                                  7.73   data arrival time

                  0.00   10.00   10.00   clock __VIRTUAL_CLK__ (rise edge)
                          0.00   10.00   clock network delay (ideal)
                         -0.25    9.75   clock uncertainty
                          0.00    9.75   clock reconvergence pessimism
                         -2.00    7.75   output external delay
                                  7.75   data required time
-----------------------------------------------------------------------------
                                  7.75   data required time
                                 -7.73   data arrival time
-----------------------------------------------------------------------------
                                  0.02   slack (MET)


Startpoint: opcode[1] (input port clocked by __VIRTUAL_CLK__)
Endpoint: out[6] (output port clocked by __VIRTUAL_CLK__)
Path Group: __VIRTUAL_CLK__
Path Type: max
Corner: Slowest

Fanout     Cap    Slew   Delay    Time   Description
-----------------------------------------------------------------------------
                  0.00    0.00    0.00   clock __VIRTUAL_CLK__ (rise edge)
                          0.00    0.00   clock network delay (ideal)
                          2.00    2.00 ^ input external delay
     1    0.00    0.03    0.02    2.02 ^ opcode[1] (in)
                                         opcode[1] (net)
                  0.03    0.00    2.02 ^ input18/A (sky130_fd_sc_hd__dlymetal6s2s_1)
     5    0.02    0.32    0.34    2.36 ^ input18/X (sky130_fd_sc_hd__dlymetal6s2s_1)
                                         net18 (net)
                  0.32    0.00    2.36 ^ _222_/B (sky130_fd_sc_hd__nand3b_4)
     8    0.03    0.23    0.34    2.70 v _222_/Y (sky130_fd_sc_hd__nand3b_4)
                                         _150_ (net)
                  0.23    0.00    2.70 v _234_/C (sky130_fd_sc_hd__and3_1)
     2    0.01    0.09    0.49    3.18 v _234_/X (sky130_fd_sc_hd__and3_1)
                                         _001_ (net)
                  0.09    0.00    3.18 v _236_/A1 (sky130_fd_sc_hd__o21a_1)
     4    0.01    0.16    0.46    3.64 v _236_/X (sky130_fd_sc_hd__o21a_1)
                                         _003_ (net)
                  0.16    0.00    3.65 v _239_/B1 (sky130_fd_sc_hd__a211oi_1)
     3    0.01    0.66    0.70    4.35 ^ _239_/Y (sky130_fd_sc_hd__a211oi_1)
                                         _006_ (net)
                  0.66    0.00    4.35 ^ _241_/A2 (sky130_fd_sc_hd__o21ai_2)
     5    0.02    0.20    0.38    4.73 v _241_/Y (sky130_fd_sc_hd__o21ai_2)
                                         _008_ (net)
                  0.20    0.00    4.73 v _248_/A2 (sky130_fd_sc_hd__a311o_2)
     5    0.02    0.16    0.87    5.61 v _248_/X (sky130_fd_sc_hd__a311o_2)
                                         _015_ (net)
                  0.16    0.00    5.61 v _261_/A3 (sky130_fd_sc_hd__a31o_1)
     1    0.00    0.07    0.45    6.05 v _261_/X (sky130_fd_sc_hd__a31o_1)
                                         _027_ (net)
                  0.07    0.00    6.05 v _262_/A2 (sky130_fd_sc_hd__a21o_1)
     1    0.00    0.05    0.32    6.37 v _262_/X (sky130_fd_sc_hd__a21o_1)
                                         _028_ (net)
                  0.05    0.00    6.37 v _263_/B (sky130_fd_sc_hd__or2_1)
     1    0.01    0.12    0.51    6.89 v _263_/X (sky130_fd_sc_hd__or2_1)
                                         _029_ (net)
                  0.12    0.00    6.89 v _274_/B1 (sky130_fd_sc_hd__a22oi_1)
     1    0.00    0.23    0.25    7.14 ^ _274_/Y (sky130_fd_sc_hd__a22oi_1)
                                         net26 (net)
                  0.23    0.00    7.14 ^ output26/A (sky130_fd_sc_hd__buf_2)
     1    0.03    0.27    0.44    7.57 ^ output26/X (sky130_fd_sc_hd__buf_2)
                                         out[6] (net)
                  0.27    0.00    7.58 ^ out[6] (out)
                                  7.58   data arrival time

                  0.00   10.00   10.00   clock __VIRTUAL_CLK__ (rise edge)
                          0.00   10.00   clock network delay (ideal)
                         -0.25    9.75   clock uncertainty
                          0.00    9.75   clock reconvergence pessimism
                         -2.00    7.75   output external delay
                                  7.75   data required time
-----------------------------------------------------------------------------
                                  7.75   data required time
                                 -7.58   data arrival time
-----------------------------------------------------------------------------
                                  0.17   slack (MET)


Startpoint: opcode[1] (input port clocked by __VIRTUAL_CLK__)
Endpoint: out[4] (output port clocked by __VIRTUAL_CLK__)
Path Group: __VIRTUAL_CLK__
Path Type: max
Corner: Slowest

Fanout     Cap    Slew   Delay    Time   Description
-----------------------------------------------------------------------------
                  0.00    0.00    0.00   clock __VIRTUAL_CLK__ (rise edge)
                          0.00    0.00   clock network delay (ideal)
                          2.00    2.00 ^ input external delay
     1    0.00    0.03    0.02    2.02 ^ opcode[1] (in)
                                         opcode[1] (net)
                  0.03    0.00    2.02 ^ input18/A (sky130_fd_sc_hd__dlymetal6s2s_1)
     5    0.02    0.32    0.34    2.36 ^ input18/X (sky130_fd_sc_hd__dlymetal6s2s_1)
                                         net18 (net)
                  0.32    0.00    2.36 ^ _222_/B (sky130_fd_sc_hd__nand3b_4)
     8    0.03    0.23    0.34    2.70 v _222_/Y (sky130_fd_sc_hd__nand3b_4)
                                         _150_ (net)
                  0.23    0.00    2.70 v _234_/C (sky130_fd_sc_hd__and3_1)
     2    0.01    0.09    0.49    3.18 v _234_/X (sky130_fd_sc_hd__and3_1)
                                         _001_ (net)
                  0.09    0.00    3.18 v _236_/A1 (sky130_fd_sc_hd__o21a_1)
     4    0.01    0.16    0.46    3.64 v _236_/X (sky130_fd_sc_hd__o21a_1)
                                         _003_ (net)
                  0.16    0.00    3.65 v _239_/B1 (sky130_fd_sc_hd__a211oi_1)
     3    0.01    0.66    0.70    4.35 ^ _239_/Y (sky130_fd_sc_hd__a211oi_1)
                                         _006_ (net)
                  0.66    0.00    4.35 ^ _241_/A2 (sky130_fd_sc_hd__o21ai_2)
     5    0.02    0.20    0.38    4.73 v _241_/Y (sky130_fd_sc_hd__o21ai_2)
                                         _008_ (net)
                  0.20    0.00    4.73 v _248_/A2 (sky130_fd_sc_hd__a311o_2)
     5    0.02    0.16    0.87    5.61 v _248_/X (sky130_fd_sc_hd__a311o_2)
                                         _015_ (net)
                  0.16    0.00    5.61 v _327_/A1 (sky130_fd_sc_hd__a31o_1)
     1    0.01    0.11    0.42    6.03 v _327_/X (sky130_fd_sc_hd__a31o_1)
                                         _087_ (net)
                  0.11    0.00    6.03 v _328_/B1 (sky130_fd_sc_hd__a21oi_1)
     1    0.00    0.16    0.20    6.23 ^ _328_/Y (sky130_fd_sc_hd__a21oi_1)
                                         _088_ (net)
                  0.16    0.00    6.23 ^ _329_/B1 (sky130_fd_sc_hd__a21oi_1)
     1    0.00    0.10    0.11    6.34 v _329_/Y (sky130_fd_sc_hd__a21oi_1)
                                         net24 (net)
                  0.10    0.00    6.34 v output24/A (sky130_fd_sc_hd__buf_2)
     1    0.03    0.17    0.37    6.71 v output24/X (sky130_fd_sc_hd__buf_2)
                                         out[4] (net)
                  0.17    0.00    6.72 v out[4] (out)
                                  6.72   data arrival time

                  0.00   10.00   10.00   clock __VIRTUAL_CLK__ (rise edge)
                          0.00   10.00   clock network delay (ideal)
                         -0.25    9.75   clock uncertainty
                          0.00    9.75   clock reconvergence pessimism
                         -2.00    7.75   output external delay
                                  7.75   data required time
-----------------------------------------------------------------------------
                                  7.75   data required time
                                 -6.72   data arrival time
-----------------------------------------------------------------------------
                                  1.03   slack (MET)


Startpoint: opcode[1] (input port clocked by __VIRTUAL_CLK__)
Endpoint: out[1] (output port clocked by __VIRTUAL_CLK__)
Path Group: __VIRTUAL_CLK__
Path Type: max
Corner: Slowest

Fanout     Cap    Slew   Delay    Time   Description
-----------------------------------------------------------------------------
                  0.00    0.00    0.00   clock __VIRTUAL_CLK__ (rise edge)
                          0.00    0.00   clock network delay (ideal)
                          2.00    2.00 ^ input external delay
     1    0.00    0.03    0.02    2.02 ^ opcode[1] (in)
                                         opcode[1] (net)
                  0.03    0.00    2.02 ^ input18/A (sky130_fd_sc_hd__dlymetal6s2s_1)
     5    0.02    0.32    0.34    2.36 ^ input18/X (sky130_fd_sc_hd__dlymetal6s2s_1)
                                         net18 (net)
                  0.32    0.00    2.36 ^ _222_/B (sky130_fd_sc_hd__nand3b_4)
     8    0.03    0.23    0.34    2.70 v _222_/Y (sky130_fd_sc_hd__nand3b_4)
                                         _150_ (net)
                  0.23    0.00    2.70 v _234_/C (sky130_fd_sc_hd__and3_1)
     2    0.01    0.09    0.49    3.18 v _234_/X (sky130_fd_sc_hd__and3_1)
                                         _001_ (net)
                  0.09    0.00    3.18 v _236_/A1 (sky130_fd_sc_hd__o21a_1)
     4    0.01    0.16    0.46    3.64 v _236_/X (sky130_fd_sc_hd__o21a_1)
                                         _003_ (net)
                  0.16    0.00    3.65 v _239_/B1 (sky130_fd_sc_hd__a211oi_1)
     3    0.01    0.66    0.70    4.35 ^ _239_/Y (sky130_fd_sc_hd__a211oi_1)
                                         _006_ (net)
                  0.66    0.00    4.35 ^ _300_/A (sky130_fd_sc_hd__or3_1)
     1    0.00    0.08    0.43    4.77 ^ _300_/X (sky130_fd_sc_hd__or3_1)
                                         _063_ (net)
                  0.08    0.00    4.77 ^ _301_/C_N (sky130_fd_sc_hd__or3b_1)
     1    0.00    0.13    0.82    5.59 v _301_/X (sky130_fd_sc_hd__or3b_1)
                                         _064_ (net)
                  0.13    0.00    5.59 v _302_/B2 (sky130_fd_sc_hd__o2bb2a_1)
     1    0.01    0.14    0.71    6.30 v _302_/X (sky130_fd_sc_hd__o2bb2a_1)
                                         net21 (net)
                  0.14    0.00    6.30 v output21/A (sky130_fd_sc_hd__buf_2)
     1    0.03    0.17    0.39    6.69 v output21/X (sky130_fd_sc_hd__buf_2)
                                         out[1] (net)
                  0.17    0.00    6.69 v out[1] (out)
                                  6.69   data arrival time

                  0.00   10.00   10.00   clock __VIRTUAL_CLK__ (rise edge)
                          0.00   10.00   clock network delay (ideal)
                         -0.25    9.75   clock uncertainty
                          0.00    9.75   clock reconvergence pessimism
                         -2.00    7.75   output external delay
                                  7.75   data required time
-----------------------------------------------------------------------------
                                  7.75   data required time
                                 -6.69   data arrival time
-----------------------------------------------------------------------------
                                  1.06   slack (MET)


Startpoint: opcode[1] (input port clocked by __VIRTUAL_CLK__)
Endpoint: out[3] (output port clocked by __VIRTUAL_CLK__)
Path Group: __VIRTUAL_CLK__
Path Type: max
Corner: Slowest

Fanout     Cap    Slew   Delay    Time   Description
-----------------------------------------------------------------------------
                  0.00    0.00    0.00   clock __VIRTUAL_CLK__ (rise edge)
                          0.00    0.00   clock network delay (ideal)
                          2.00    2.00 ^ input external delay
     1    0.00    0.03    0.02    2.02 ^ opcode[1] (in)
                                         opcode[1] (net)
                  0.03    0.00    2.02 ^ input18/A (sky130_fd_sc_hd__dlymetal6s2s_1)
     5    0.02    0.32    0.34    2.36 ^ input18/X (sky130_fd_sc_hd__dlymetal6s2s_1)
                                         net18 (net)
                  0.32    0.00    2.36 ^ _222_/B (sky130_fd_sc_hd__nand3b_4)
     8    0.03    0.23    0.34    2.70 v _222_/Y (sky130_fd_sc_hd__nand3b_4)
                                         _150_ (net)
                  0.23    0.00    2.70 v _234_/C (sky130_fd_sc_hd__and3_1)
     2    0.01    0.09    0.49    3.18 v _234_/X (sky130_fd_sc_hd__and3_1)
                                         _001_ (net)
                  0.09    0.00    3.18 v _236_/A1 (sky130_fd_sc_hd__o21a_1)
     4    0.01    0.16    0.46    3.64 v _236_/X (sky130_fd_sc_hd__o21a_1)
                                         _003_ (net)
                  0.16    0.00    3.65 v _239_/B1 (sky130_fd_sc_hd__a211oi_1)
     3    0.01    0.66    0.70    4.35 ^ _239_/Y (sky130_fd_sc_hd__a211oi_1)
                                         _006_ (net)
                  0.66    0.00    4.35 ^ _241_/A2 (sky130_fd_sc_hd__o21ai_2)
     5    0.02    0.20    0.38    4.73 v _241_/Y (sky130_fd_sc_hd__o21ai_2)
                                         _008_ (net)
                  0.20    0.00    4.73 v _314_/A2 (sky130_fd_sc_hd__a31o_1)
     1    0.00    0.06    0.44    5.17 v _314_/X (sky130_fd_sc_hd__a31o_1)
                                         _075_ (net)
                  0.06    0.00    5.17 v _318_/A2 (sky130_fd_sc_hd__o21bai_1)
     1    0.01    0.25    0.27    5.44 ^ _318_/Y (sky130_fd_sc_hd__o21bai_1)
                                         _079_ (net)
                  0.25    0.00    5.44 ^ _319_/B1_N (sky130_fd_sc_hd__o21ba_1)
     1    0.00    0.06    0.35    5.79 v _319_/X (sky130_fd_sc_hd__o21ba_1)
                                         _080_ (net)
                  0.06    0.00    5.79 v _320_/B1 (sky130_fd_sc_hd__a21oi_1)
     1    0.00    0.16    0.18    5.97 ^ _320_/Y (sky130_fd_sc_hd__a21oi_1)
                                         net23 (net)
                  0.16    0.00    5.97 ^ output23/A (sky130_fd_sc_hd__buf_2)
     1    0.03    0.27    0.40    6.38 ^ output23/X (sky130_fd_sc_hd__buf_2)
                                         out[3] (net)
                  0.27    0.00    6.38 ^ out[3] (out)
                                  6.38   data arrival time

                  0.00   10.00   10.00   clock __VIRTUAL_CLK__ (rise edge)
                          0.00   10.00   clock network delay (ideal)
                         -0.25    9.75   clock uncertainty
                          0.00    9.75   clock reconvergence pessimism
                         -2.00    7.75   output external delay
                                  7.75   data required time
-----------------------------------------------------------------------------
                                  7.75   data required time
                                 -6.38   data arrival time
-----------------------------------------------------------------------------
                                  1.37   slack (MET)


Startpoint: opcode[1] (input port clocked by __VIRTUAL_CLK__)
Endpoint: out[2] (output port clocked by __VIRTUAL_CLK__)
Path Group: __VIRTUAL_CLK__
Path Type: max
Corner: Slowest

Fanout     Cap    Slew   Delay    Time   Description
-----------------------------------------------------------------------------
                  0.00    0.00    0.00   clock __VIRTUAL_CLK__ (rise edge)
                          0.00    0.00   clock network delay (ideal)
                          2.00    2.00 ^ input external delay
     1    0.00    0.03    0.02    2.02 ^ opcode[1] (in)
                                         opcode[1] (net)
                  0.03    0.00    2.02 ^ input18/A (sky130_fd_sc_hd__dlymetal6s2s_1)
     5    0.02    0.32    0.34    2.36 ^ input18/X (sky130_fd_sc_hd__dlymetal6s2s_1)
                                         net18 (net)
                  0.32    0.00    2.36 ^ _222_/B (sky130_fd_sc_hd__nand3b_4)
     8    0.03    0.23    0.34    2.70 v _222_/Y (sky130_fd_sc_hd__nand3b_4)
                                         _150_ (net)
                  0.23    0.00    2.70 v _234_/C (sky130_fd_sc_hd__and3_1)
     2    0.01    0.09    0.49    3.18 v _234_/X (sky130_fd_sc_hd__and3_1)
                                         _001_ (net)
                  0.09    0.00    3.18 v _238_/B (sky130_fd_sc_hd__nor3_1)
     2    0.01    0.41    0.45    3.63 ^ _238_/Y (sky130_fd_sc_hd__nor3_1)
                                         _005_ (net)
                  0.41    0.00    3.63 ^ _239_/C1 (sky130_fd_sc_hd__a211oi_1)
     3    0.01    0.21    0.27    3.90 v _239_/Y (sky130_fd_sc_hd__a211oi_1)
                                         _006_ (net)
                  0.21    0.00    3.90 v _305_/C (sky130_fd_sc_hd__or3_1)
     1    0.00    0.14    0.81    4.71 v _305_/X (sky130_fd_sc_hd__or3_1)
                                         _067_ (net)
                  0.14    0.00    4.71 v _309_/A3 (sky130_fd_sc_hd__a31o_1)
     1    0.01    0.09    0.46    5.17 v _309_/X (sky130_fd_sc_hd__a31o_1)
                                         _071_ (net)
                  0.09    0.00    5.17 v _310_/B2 (sky130_fd_sc_hd__o2bb2a_1)
     1    0.00    0.10    0.64    5.81 v _310_/X (sky130_fd_sc_hd__o2bb2a_1)
                                         net22 (net)
                  0.10    0.00    5.81 v output22/A (sky130_fd_sc_hd__buf_2)
     1    0.03    0.17    0.38    6.18 v output22/X (sky130_fd_sc_hd__buf_2)
                                         out[2] (net)
                  0.17    0.00    6.18 v out[2] (out)
                                  6.18   data arrival time

                  0.00   10.00   10.00   clock __VIRTUAL_CLK__ (rise edge)
                          0.00   10.00   clock network delay (ideal)
                         -0.25    9.75   clock uncertainty
                          0.00    9.75   clock reconvergence pessimism
                         -2.00    7.75   output external delay
                                  7.75   data required time
-----------------------------------------------------------------------------
                                  7.75   data required time
                                 -6.18   data arrival time
-----------------------------------------------------------------------------
                                  1.57   slack (MET)


Startpoint: opcode[1] (input port clocked by __VIRTUAL_CLK__)
Endpoint: out[0] (output port clocked by __VIRTUAL_CLK__)
Path Group: __VIRTUAL_CLK__
Path Type: max
Corner: Slowest

Fanout     Cap    Slew   Delay    Time   Description
-----------------------------------------------------------------------------
                  0.00    0.00    0.00   clock __VIRTUAL_CLK__ (rise edge)
                          0.00    0.00   clock network delay (ideal)
                          2.00    2.00 v input external delay
     1    0.00    0.02    0.01    2.01 v opcode[1] (in)
                                         opcode[1] (net)
                  0.02    0.00    2.01 v input18/A (sky130_fd_sc_hd__dlymetal6s2s_1)
     5    0.02    0.20    0.39    2.40 v input18/X (sky130_fd_sc_hd__dlymetal6s2s_1)
                                         net18 (net)
                  0.20    0.00    2.40 v _161_/B (sky130_fd_sc_hd__or2_1)
     3    0.01    0.18    0.65    3.04 v _161_/X (sky130_fd_sc_hd__or2_1)
                                         _089_ (net)
                  0.18    0.00    3.04 v _250_/C (sky130_fd_sc_hd__and3_1)
     4    0.02    0.25    0.61    3.65 v _250_/X (sky130_fd_sc_hd__and3_1)
                                         _017_ (net)
                  0.25    0.00    3.66 v _251_/A (sky130_fd_sc_hd__inv_2)
     5    0.02    0.17    0.25    3.91 ^ _251_/Y (sky130_fd_sc_hd__inv_2)
                                         _018_ (net)
                  0.17    0.00    3.91 ^ _290_/B1 (sky130_fd_sc_hd__a22oi_1)
     1    0.00    0.15    0.18    4.09 v _290_/Y (sky130_fd_sc_hd__a22oi_1)
                                         _054_ (net)
                  0.15    0.00    4.09 v _292_/A2 (sky130_fd_sc_hd__o32a_1)
     1    0.00    0.12    0.67    4.76 v _292_/X (sky130_fd_sc_hd__o32a_1)
                                         _056_ (net)
                  0.12    0.00    4.76 v _293_/B1 (sky130_fd_sc_hd__a21o_1)
     1    0.01    0.08    0.33    5.09 v _293_/X (sky130_fd_sc_hd__a21o_1)
                                         net20 (net)
                  0.08    0.00    5.09 v output20/A (sky130_fd_sc_hd__buf_2)
     1    0.03    0.17    0.37    5.46 v output20/X (sky130_fd_sc_hd__buf_2)
                                         out[0] (net)
                  0.17    0.00    5.46 v out[0] (out)
                                  5.46   data arrival time

                  0.00   10.00   10.00   clock __VIRTUAL_CLK__ (rise edge)
                          0.00   10.00   clock network delay (ideal)
                         -0.25    9.75   clock uncertainty
                          0.00    9.75   clock reconvergence pessimism
                         -2.00    7.75   output external delay
                                  7.75   data required time
-----------------------------------------------------------------------------
                                  7.75   data required time
                                 -5.46   data arrival time
-----------------------------------------------------------------------------
                                  2.29   slack (MET)



worst slack corner Slowest: 0.0072
======================= Typical Corner ===================================

Startpoint: opcode[1] (input port clocked by __VIRTUAL_CLK__)
Endpoint: out[7] (output port clocked by __VIRTUAL_CLK__)
Path Group: __VIRTUAL_CLK__
Path Type: max
Corner: Typical

Fanout     Cap    Slew   Delay    Time   Description
-----------------------------------------------------------------------------
                  0.00    0.00    0.00   clock __VIRTUAL_CLK__ (rise edge)
                          0.00    0.00   clock network delay (ideal)
                          2.00    2.00 ^ input external delay
     1    0.00    0.02    0.01    2.01 ^ opcode[1] (in)
                                         opcode[1] (net)
                  0.02    0.00    2.01 ^ input18/A (sky130_fd_sc_hd__dlymetal6s2s_1)
     5    0.02    0.21    0.21    2.22 ^ input18/X (sky130_fd_sc_hd__dlymetal6s2s_1)
                                         net18 (net)
                  0.21    0.00    2.22 ^ _222_/B (sky130_fd_sc_hd__nand3b_4)
     8    0.03    0.12    0.16    2.38 v _222_/Y (sky130_fd_sc_hd__nand3b_4)
                                         _150_ (net)
                  0.12    0.00    2.38 v _234_/C (sky130_fd_sc_hd__and3_1)
     2    0.01    0.05    0.23    2.61 v _234_/X (sky130_fd_sc_hd__and3_1)
                                         _001_ (net)
                  0.05    0.00    2.61 v _236_/A1 (sky130_fd_sc_hd__o21a_1)
     4    0.01    0.08    0.24    2.85 v _236_/X (sky130_fd_sc_hd__o21a_1)
                                         _003_ (net)
                  0.08    0.00    2.85 v _239_/B1 (sky130_fd_sc_hd__a211oi_1)
     3    0.01    0.40    0.41    3.26 ^ _239_/Y (sky130_fd_sc_hd__a211oi_1)
                                         _006_ (net)
                  0.40    0.00    3.26 ^ _241_/A2 (sky130_fd_sc_hd__o21ai_2)
     5    0.02    0.11    0.15    3.41 v _241_/Y (sky130_fd_sc_hd__o21ai_2)
                                         _008_ (net)
                  0.11    0.00    3.41 v _248_/A2 (sky130_fd_sc_hd__a311o_2)
     5    0.02    0.09    0.46    3.87 v _248_/X (sky130_fd_sc_hd__a311o_2)
                                         _015_ (net)
                  0.09    0.00    3.87 v _260_/A3 (sky130_fd_sc_hd__a311oi_2)
     3    0.01    0.26    0.34    4.21 ^ _260_/Y (sky130_fd_sc_hd__a311oi_2)
                                         _026_ (net)
                  0.26    0.00    4.21 ^ _280_/A2 (sky130_fd_sc_hd__o21ai_1)
     1    0.00    0.05    0.09    4.31 v _280_/Y (sky130_fd_sc_hd__o21ai_1)
                                         _045_ (net)
                  0.05    0.00    4.31 v _282_/B (sky130_fd_sc_hd__and3_1)
     1    0.00    0.04    0.17    4.48 v _282_/X (sky130_fd_sc_hd__and3_1)
                                         _047_ (net)
                  0.04    0.00    4.48 v _289_/A2 (sky130_fd_sc_hd__o31a_1)
     1    0.01    0.06    0.30    4.78 v _289_/X (sky130_fd_sc_hd__o31a_1)
                                         net27 (net)
                  0.06    0.00    4.78 v output27/A (sky130_fd_sc_hd__buf_2)
     1    0.04    0.09    0.20    4.97 v output27/X (sky130_fd_sc_hd__buf_2)
                                         out[7] (net)
                  0.09    0.00    4.98 v out[7] (out)
                                  4.98   data arrival time

                  0.00   10.00   10.00   clock __VIRTUAL_CLK__ (rise edge)
                          0.00   10.00   clock network delay (ideal)
                         -0.25    9.75   clock uncertainty
                          0.00    9.75   clock reconvergence pessimism
                         -2.00    7.75   output external delay
                                  7.75   data required time
-----------------------------------------------------------------------------
                                  7.75   data required time
                                 -4.98   data arrival time
-----------------------------------------------------------------------------
                                  2.77   slack (MET)


Startpoint: opcode[1] (input port clocked by __VIRTUAL_CLK__)
Endpoint: out[5] (output port clocked by __VIRTUAL_CLK__)
Path Group: __VIRTUAL_CLK__
Path Type: max
Corner: Typical

Fanout     Cap    Slew   Delay    Time   Description
-----------------------------------------------------------------------------
                  0.00    0.00    0.00   clock __VIRTUAL_CLK__ (rise edge)
                          0.00    0.00   clock network delay (ideal)
                          2.00    2.00 ^ input external delay
     1    0.00    0.02    0.01    2.01 ^ opcode[1] (in)
                                         opcode[1] (net)
                  0.02    0.00    2.01 ^ input18/A (sky130_fd_sc_hd__dlymetal6s2s_1)
     5    0.02    0.21    0.21    2.22 ^ input18/X (sky130_fd_sc_hd__dlymetal6s2s_1)
                                         net18 (net)
                  0.21    0.00    2.22 ^ _222_/B (sky130_fd_sc_hd__nand3b_4)
     8    0.03    0.12    0.16    2.38 v _222_/Y (sky130_fd_sc_hd__nand3b_4)
                                         _150_ (net)
                  0.12    0.00    2.38 v _234_/C (sky130_fd_sc_hd__and3_1)
     2    0.01    0.05    0.23    2.61 v _234_/X (sky130_fd_sc_hd__and3_1)
                                         _001_ (net)
                  0.05    0.00    2.61 v _236_/A1 (sky130_fd_sc_hd__o21a_1)
     4    0.01    0.08    0.24    2.85 v _236_/X (sky130_fd_sc_hd__o21a_1)
                                         _003_ (net)
                  0.08    0.00    2.85 v _239_/B1 (sky130_fd_sc_hd__a211oi_1)
     3    0.01    0.40    0.41    3.26 ^ _239_/Y (sky130_fd_sc_hd__a211oi_1)
                                         _006_ (net)
                  0.40    0.00    3.26 ^ _241_/A2 (sky130_fd_sc_hd__o21ai_2)
     5    0.02    0.11    0.15    3.41 v _241_/Y (sky130_fd_sc_hd__o21ai_2)
                                         _008_ (net)
                  0.11    0.00    3.41 v _248_/A2 (sky130_fd_sc_hd__a311o_2)
     5    0.02    0.09    0.46    3.87 v _248_/X (sky130_fd_sc_hd__a311o_2)
                                         _015_ (net)
                  0.09    0.00    3.87 v _249_/C (sky130_fd_sc_hd__and3_1)
     1    0.00    0.03    0.20    4.07 v _249_/X (sky130_fd_sc_hd__and3_1)
                                         _016_ (net)
                  0.03    0.00    4.07 v _253_/A (sky130_fd_sc_hd__or3_1)
     1    0.00    0.06    0.37    4.44 v _253_/X (sky130_fd_sc_hd__or3_1)
                                         _020_ (net)
                  0.06    0.00    4.44 v _254_/B2 (sky130_fd_sc_hd__a22oi_1)
     1    0.01    0.21    0.21    4.65 ^ _254_/Y (sky130_fd_sc_hd__a22oi_1)
                                         net25 (net)
                  0.21    0.00    4.65 ^ output25/A (sky130_fd_sc_hd__buf_2)
     1    0.03    0.17    0.26    4.91 ^ output25/X (sky130_fd_sc_hd__buf_2)
                                         out[5] (net)
                  0.17    0.00    4.91 ^ out[5] (out)
                                  4.91   data arrival time

                  0.00   10.00   10.00   clock __VIRTUAL_CLK__ (rise edge)
                          0.00   10.00   clock network delay (ideal)
                         -0.25    9.75   clock uncertainty
                          0.00    9.75   clock reconvergence pessimism
                         -2.00    7.75   output external delay
                                  7.75   data required time
-----------------------------------------------------------------------------
                                  7.75   data required time
                                 -4.91   data arrival time
-----------------------------------------------------------------------------
                                  2.84   slack (MET)


Startpoint: opcode[1] (input port clocked by __VIRTUAL_CLK__)
Endpoint: out[6] (output port clocked by __VIRTUAL_CLK__)
Path Group: __VIRTUAL_CLK__
Path Type: max
Corner: Typical

Fanout     Cap    Slew   Delay    Time   Description
-----------------------------------------------------------------------------
                  0.00    0.00    0.00   clock __VIRTUAL_CLK__ (rise edge)
                          0.00    0.00   clock network delay (ideal)
                          2.00    2.00 ^ input external delay
     1    0.00    0.02    0.01    2.01 ^ opcode[1] (in)
                                         opcode[1] (net)
                  0.02    0.00    2.01 ^ input18/A (sky130_fd_sc_hd__dlymetal6s2s_1)
     5    0.02    0.21    0.21    2.22 ^ input18/X (sky130_fd_sc_hd__dlymetal6s2s_1)
                                         net18 (net)
                  0.21    0.00    2.22 ^ _222_/B (sky130_fd_sc_hd__nand3b_4)
     8    0.03    0.12    0.16    2.38 v _222_/Y (sky130_fd_sc_hd__nand3b_4)
                                         _150_ (net)
                  0.12    0.00    2.38 v _234_/C (sky130_fd_sc_hd__and3_1)
     2    0.01    0.05    0.23    2.61 v _234_/X (sky130_fd_sc_hd__and3_1)
                                         _001_ (net)
                  0.05    0.00    2.61 v _236_/A1 (sky130_fd_sc_hd__o21a_1)
     4    0.01    0.08    0.24    2.85 v _236_/X (sky130_fd_sc_hd__o21a_1)
                                         _003_ (net)
                  0.08    0.00    2.85 v _239_/B1 (sky130_fd_sc_hd__a211oi_1)
     3    0.01    0.40    0.41    3.26 ^ _239_/Y (sky130_fd_sc_hd__a211oi_1)
                                         _006_ (net)
                  0.40    0.00    3.26 ^ _241_/A2 (sky130_fd_sc_hd__o21ai_2)
     5    0.02    0.11    0.15    3.41 v _241_/Y (sky130_fd_sc_hd__o21ai_2)
                                         _008_ (net)
                  0.11    0.00    3.41 v _248_/A2 (sky130_fd_sc_hd__a311o_2)
     5    0.02    0.09    0.46    3.87 v _248_/X (sky130_fd_sc_hd__a311o_2)
                                         _015_ (net)
                  0.09    0.00    3.87 v _261_/A3 (sky130_fd_sc_hd__a31o_1)
     1    0.00    0.04    0.24    4.11 v _261_/X (sky130_fd_sc_hd__a31o_1)
                                         _027_ (net)
                  0.04    0.00    4.11 v _262_/A2 (sky130_fd_sc_hd__a21o_1)
     1    0.00    0.03    0.17    4.28 v _262_/X (sky130_fd_sc_hd__a21o_1)
                                         _028_ (net)
                  0.03    0.00    4.28 v _263_/B (sky130_fd_sc_hd__or2_1)
     1    0.01    0.06    0.23    4.51 v _263_/X (sky130_fd_sc_hd__or2_1)
                                         _029_ (net)
                  0.06    0.00    4.51 v _274_/B1 (sky130_fd_sc_hd__a22oi_1)
     1    0.00    0.15    0.14    4.65 ^ _274_/Y (sky130_fd_sc_hd__a22oi_1)
                                         net26 (net)
                  0.15    0.00    4.65 ^ output26/A (sky130_fd_sc_hd__buf_2)
     1    0.03    0.17    0.24    4.90 ^ output26/X (sky130_fd_sc_hd__buf_2)
                                         out[6] (net)
                  0.17    0.00    4.90 ^ out[6] (out)
                                  4.90   data arrival time

                  0.00   10.00   10.00   clock __VIRTUAL_CLK__ (rise edge)
                          0.00   10.00   clock network delay (ideal)
                         -0.25    9.75   clock uncertainty
                          0.00    9.75   clock reconvergence pessimism
                         -2.00    7.75   output external delay
                                  7.75   data required time
-----------------------------------------------------------------------------
                                  7.75   data required time
                                 -4.90   data arrival time
-----------------------------------------------------------------------------
                                  2.85   slack (MET)


Startpoint: opcode[1] (input port clocked by __VIRTUAL_CLK__)
Endpoint: out[4] (output port clocked by __VIRTUAL_CLK__)
Path Group: __VIRTUAL_CLK__
Path Type: max
Corner: Typical

Fanout     Cap    Slew   Delay    Time   Description
-----------------------------------------------------------------------------
                  0.00    0.00    0.00   clock __VIRTUAL_CLK__ (rise edge)
                          0.00    0.00   clock network delay (ideal)
                          2.00    2.00 ^ input external delay
     1    0.00    0.02    0.01    2.01 ^ opcode[1] (in)
                                         opcode[1] (net)
                  0.02    0.00    2.01 ^ input18/A (sky130_fd_sc_hd__dlymetal6s2s_1)
     5    0.02    0.21    0.21    2.22 ^ input18/X (sky130_fd_sc_hd__dlymetal6s2s_1)
                                         net18 (net)
                  0.21    0.00    2.22 ^ _222_/B (sky130_fd_sc_hd__nand3b_4)
     8    0.03    0.12    0.16    2.38 v _222_/Y (sky130_fd_sc_hd__nand3b_4)
                                         _150_ (net)
                  0.12    0.00    2.38 v _234_/C (sky130_fd_sc_hd__and3_1)
     2    0.01    0.05    0.23    2.61 v _234_/X (sky130_fd_sc_hd__and3_1)
                                         _001_ (net)
                  0.05    0.00    2.61 v _236_/A1 (sky130_fd_sc_hd__o21a_1)
     4    0.01    0.08    0.24    2.85 v _236_/X (sky130_fd_sc_hd__o21a_1)
                                         _003_ (net)
                  0.08    0.00    2.85 v _239_/B1 (sky130_fd_sc_hd__a211oi_1)
     3    0.01    0.40    0.41    3.26 ^ _239_/Y (sky130_fd_sc_hd__a211oi_1)
                                         _006_ (net)
                  0.40    0.00    3.26 ^ _241_/A2 (sky130_fd_sc_hd__o21ai_2)
     5    0.02    0.11    0.15    3.41 v _241_/Y (sky130_fd_sc_hd__o21ai_2)
                                         _008_ (net)
                  0.11    0.00    3.41 v _248_/A2 (sky130_fd_sc_hd__a311o_2)
     5    0.02    0.09    0.46    3.87 v _248_/X (sky130_fd_sc_hd__a311o_2)
                                         _015_ (net)
                  0.09    0.00    3.87 v _327_/A1 (sky130_fd_sc_hd__a31o_1)
     1    0.01    0.06    0.22    4.09 v _327_/X (sky130_fd_sc_hd__a31o_1)
                                         _087_ (net)
                  0.06    0.00    4.09 v _328_/B1 (sky130_fd_sc_hd__a21oi_1)
     1    0.00    0.10    0.12    4.21 ^ _328_/Y (sky130_fd_sc_hd__a21oi_1)
                                         _088_ (net)
                  0.10    0.00    4.21 ^ _329_/B1 (sky130_fd_sc_hd__a21oi_1)
     1    0.00    0.05    0.05    4.26 v _329_/Y (sky130_fd_sc_hd__a21oi_1)
                                         net24 (net)
                  0.05    0.00    4.26 v output24/A (sky130_fd_sc_hd__buf_2)
     1    0.03    0.09    0.19    4.45 v output24/X (sky130_fd_sc_hd__buf_2)
                                         out[4] (net)
                  0.09    0.00    4.45 v out[4] (out)
                                  4.45   data arrival time

                  0.00   10.00   10.00   clock __VIRTUAL_CLK__ (rise edge)
                          0.00   10.00   clock network delay (ideal)
                         -0.25    9.75   clock uncertainty
                          0.00    9.75   clock reconvergence pessimism
                         -2.00    7.75   output external delay
                                  7.75   data required time
-----------------------------------------------------------------------------
                                  7.75   data required time
                                 -4.45   data arrival time
-----------------------------------------------------------------------------
                                  3.30   slack (MET)


Startpoint: opcode[1] (input port clocked by __VIRTUAL_CLK__)
Endpoint: out[3] (output port clocked by __VIRTUAL_CLK__)
Path Group: __VIRTUAL_CLK__
Path Type: max
Corner: Typical

Fanout     Cap    Slew   Delay    Time   Description
-----------------------------------------------------------------------------
                  0.00    0.00    0.00   clock __VIRTUAL_CLK__ (rise edge)
                          0.00    0.00   clock network delay (ideal)
                          2.00    2.00 ^ input external delay
     1    0.00    0.02    0.01    2.01 ^ opcode[1] (in)
                                         opcode[1] (net)
                  0.02    0.00    2.01 ^ input18/A (sky130_fd_sc_hd__dlymetal6s2s_1)
     5    0.02    0.21    0.21    2.22 ^ input18/X (sky130_fd_sc_hd__dlymetal6s2s_1)
                                         net18 (net)
                  0.21    0.00    2.22 ^ _222_/B (sky130_fd_sc_hd__nand3b_4)
     8    0.03    0.12    0.16    2.38 v _222_/Y (sky130_fd_sc_hd__nand3b_4)
                                         _150_ (net)
                  0.12    0.00    2.38 v _234_/C (sky130_fd_sc_hd__and3_1)
     2    0.01    0.05    0.23    2.61 v _234_/X (sky130_fd_sc_hd__and3_1)
                                         _001_ (net)
                  0.05    0.00    2.61 v _236_/A1 (sky130_fd_sc_hd__o21a_1)
     4    0.01    0.08    0.24    2.85 v _236_/X (sky130_fd_sc_hd__o21a_1)
                                         _003_ (net)
                  0.08    0.00    2.85 v _239_/B1 (sky130_fd_sc_hd__a211oi_1)
     3    0.01    0.40    0.41    3.26 ^ _239_/Y (sky130_fd_sc_hd__a211oi_1)
                                         _006_ (net)
                  0.40    0.00    3.26 ^ _241_/A2 (sky130_fd_sc_hd__o21ai_2)
     5    0.02    0.11    0.15    3.41 v _241_/Y (sky130_fd_sc_hd__o21ai_2)
                                         _008_ (net)
                  0.11    0.00    3.41 v _314_/A2 (sky130_fd_sc_hd__a31o_1)
     1    0.00    0.04    0.23    3.65 v _314_/X (sky130_fd_sc_hd__a31o_1)
                                         _075_ (net)
                  0.04    0.00    3.65 v _318_/A2 (sky130_fd_sc_hd__o21bai_1)
     1    0.01    0.15    0.16    3.81 ^ _318_/Y (sky130_fd_sc_hd__o21bai_1)
                                         _079_ (net)
                  0.15    0.00    3.81 ^ _319_/B1_N (sky130_fd_sc_hd__o21ba_1)
     1    0.00    0.03    0.17    3.98 v _319_/X (sky130_fd_sc_hd__o21ba_1)
                                         _080_ (net)
                  0.03    0.00    3.98 v _320_/B1 (sky130_fd_sc_hd__a21oi_1)
     1    0.00    0.10    0.11    4.09 ^ _320_/Y (sky130_fd_sc_hd__a21oi_1)
                                         net23 (net)
                  0.10    0.00    4.09 ^ output23/A (sky130_fd_sc_hd__buf_2)
     1    0.03    0.17    0.23    4.31 ^ output23/X (sky130_fd_sc_hd__buf_2)
                                         out[3] (net)
                  0.17    0.00    4.32 ^ out[3] (out)
                                  4.32   data arrival time

                  0.00   10.00   10.00   clock __VIRTUAL_CLK__ (rise edge)
                          0.00   10.00   clock network delay (ideal)
                         -0.25    9.75   clock uncertainty
                          0.00    9.75   clock reconvergence pessimism
                         -2.00    7.75   output external delay
                                  7.75   data required time
-----------------------------------------------------------------------------
                                  7.75   data required time
                                 -4.32   data arrival time
-----------------------------------------------------------------------------
                                  3.43   slack (MET)


Startpoint: opcode[1] (input port clocked by __VIRTUAL_CLK__)
Endpoint: out[1] (output port clocked by __VIRTUAL_CLK__)
Path Group: __VIRTUAL_CLK__
Path Type: max
Corner: Typical

Fanout     Cap    Slew   Delay    Time   Description
-----------------------------------------------------------------------------
                  0.00    0.00    0.00   clock __VIRTUAL_CLK__ (rise edge)
                          0.00    0.00   clock network delay (ideal)
                          2.00    2.00 ^ input external delay
     1    0.00    0.02    0.01    2.01 ^ opcode[1] (in)
                                         opcode[1] (net)
                  0.02    0.00    2.01 ^ input18/A (sky130_fd_sc_hd__dlymetal6s2s_1)
     5    0.02    0.21    0.21    2.22 ^ input18/X (sky130_fd_sc_hd__dlymetal6s2s_1)
                                         net18 (net)
                  0.21    0.00    2.22 ^ _222_/B (sky130_fd_sc_hd__nand3b_4)
     8    0.03    0.12    0.16    2.38 v _222_/Y (sky130_fd_sc_hd__nand3b_4)
                                         _150_ (net)
                  0.12    0.00    2.38 v _234_/C (sky130_fd_sc_hd__and3_1)
     2    0.01    0.05    0.23    2.61 v _234_/X (sky130_fd_sc_hd__and3_1)
                                         _001_ (net)
                  0.05    0.00    2.61 v _236_/A1 (sky130_fd_sc_hd__o21a_1)
     4    0.01    0.08    0.24    2.85 v _236_/X (sky130_fd_sc_hd__o21a_1)
                                         _003_ (net)
                  0.08    0.00    2.85 v _239_/B1 (sky130_fd_sc_hd__a211oi_1)
     3    0.01    0.40    0.41    3.26 ^ _239_/Y (sky130_fd_sc_hd__a211oi_1)
                                         _006_ (net)
                  0.40    0.00    3.26 ^ _300_/A (sky130_fd_sc_hd__or3_1)
     1    0.00    0.05    0.19    3.45 ^ _300_/X (sky130_fd_sc_hd__or3_1)
                                         _063_ (net)
                  0.05    0.00    3.45 ^ _301_/C_N (sky130_fd_sc_hd__or3b_1)
     1    0.00    0.06    0.35    3.80 v _301_/X (sky130_fd_sc_hd__or3b_1)
                                         _064_ (net)
                  0.06    0.00    3.80 v _302_/B2 (sky130_fd_sc_hd__o2bb2a_1)
     1    0.01    0.07    0.32    4.11 v _302_/X (sky130_fd_sc_hd__o2bb2a_1)
                                         net21 (net)
                  0.07    0.00    4.11 v output21/A (sky130_fd_sc_hd__buf_2)
     1    0.03    0.09    0.20    4.31 v output21/X (sky130_fd_sc_hd__buf_2)
                                         out[1] (net)
                  0.09    0.00    4.31 v out[1] (out)
                                  4.31   data arrival time

                  0.00   10.00   10.00   clock __VIRTUAL_CLK__ (rise edge)
                          0.00   10.00   clock network delay (ideal)
                         -0.25    9.75   clock uncertainty
                          0.00    9.75   clock reconvergence pessimism
                         -2.00    7.75   output external delay
                                  7.75   data required time
-----------------------------------------------------------------------------
                                  7.75   data required time
                                 -4.31   data arrival time
-----------------------------------------------------------------------------
                                  3.44   slack (MET)


Startpoint: opcode[1] (input port clocked by __VIRTUAL_CLK__)
Endpoint: out[2] (output port clocked by __VIRTUAL_CLK__)
Path Group: __VIRTUAL_CLK__
Path Type: max
Corner: Typical

Fanout     Cap    Slew   Delay    Time   Description
-----------------------------------------------------------------------------
                  0.00    0.00    0.00   clock __VIRTUAL_CLK__ (rise edge)
                          0.00    0.00   clock network delay (ideal)
                          2.00    2.00 ^ input external delay
     1    0.00    0.02    0.01    2.01 ^ opcode[1] (in)
                                         opcode[1] (net)
                  0.02    0.00    2.01 ^ input18/A (sky130_fd_sc_hd__dlymetal6s2s_1)
     5    0.02    0.21    0.21    2.22 ^ input18/X (sky130_fd_sc_hd__dlymetal6s2s_1)
                                         net18 (net)
                  0.21    0.00    2.22 ^ _222_/B (sky130_fd_sc_hd__nand3b_4)
     8    0.03    0.12    0.16    2.38 v _222_/Y (sky130_fd_sc_hd__nand3b_4)
                                         _150_ (net)
                  0.12    0.00    2.38 v _234_/C (sky130_fd_sc_hd__and3_1)
     2    0.01    0.05    0.23    2.61 v _234_/X (sky130_fd_sc_hd__and3_1)
                                         _001_ (net)
                  0.05    0.00    2.61 v _236_/A1 (sky130_fd_sc_hd__o21a_1)
     4    0.01    0.08    0.24    2.85 v _236_/X (sky130_fd_sc_hd__o21a_1)
                                         _003_ (net)
                  0.08    0.00    2.85 v _239_/B1 (sky130_fd_sc_hd__a211oi_1)
     3    0.01    0.40    0.41    3.26 ^ _239_/Y (sky130_fd_sc_hd__a211oi_1)
                                         _006_ (net)
                  0.40    0.00    3.26 ^ _241_/A2 (sky130_fd_sc_hd__o21ai_2)
     5    0.02    0.11    0.15    3.41 v _241_/Y (sky130_fd_sc_hd__o21ai_2)
                                         _008_ (net)
                  0.11    0.00    3.41 v _309_/A1 (sky130_fd_sc_hd__a31o_1)
     1    0.01    0.05    0.22    3.63 v _309_/X (sky130_fd_sc_hd__a31o_1)
                                         _071_ (net)
                  0.05    0.00    3.63 v _310_/B2 (sky130_fd_sc_hd__o2bb2a_1)
     1    0.00    0.05    0.28    3.92 v _310_/X (sky130_fd_sc_hd__o2bb2a_1)
                                         net22 (net)
                  0.05    0.00    3.92 v output22/A (sky130_fd_sc_hd__buf_2)
     1    0.03    0.09    0.19    4.11 v output22/X (sky130_fd_sc_hd__buf_2)
                                         out[2] (net)
                  0.09    0.00    4.11 v out[2] (out)
                                  4.11   data arrival time

                  0.00   10.00   10.00   clock __VIRTUAL_CLK__ (rise edge)
                          0.00   10.00   clock network delay (ideal)
                         -0.25    9.75   clock uncertainty
                          0.00    9.75   clock reconvergence pessimism
                         -2.00    7.75   output external delay
                                  7.75   data required time
-----------------------------------------------------------------------------
                                  7.75   data required time
                                 -4.11   data arrival time
-----------------------------------------------------------------------------
                                  3.64   slack (MET)


Startpoint: opcode[1] (input port clocked by __VIRTUAL_CLK__)
Endpoint: out[0] (output port clocked by __VIRTUAL_CLK__)
Path Group: __VIRTUAL_CLK__
Path Type: max
Corner: Typical

Fanout     Cap    Slew   Delay    Time   Description
-----------------------------------------------------------------------------
                  0.00    0.00    0.00   clock __VIRTUAL_CLK__ (rise edge)
                          0.00    0.00   clock network delay (ideal)
                          2.00    2.00 v input external delay
     1    0.00    0.01    0.00    2.00 v opcode[1] (in)
                                         opcode[1] (net)
                  0.01    0.00    2.00 v input18/A (sky130_fd_sc_hd__dlymetal6s2s_1)
     5    0.02    0.10    0.19    2.19 v input18/X (sky130_fd_sc_hd__dlymetal6s2s_1)
                                         net18 (net)
                  0.10    0.00    2.19 v _161_/B (sky130_fd_sc_hd__or2_1)
     3    0.01    0.09    0.29    2.48 v _161_/X (sky130_fd_sc_hd__or2_1)
                                         _089_ (net)
                  0.09    0.00    2.49 v _250_/C (sky130_fd_sc_hd__and3_1)
     4    0.02    0.13    0.30    2.78 v _250_/X (sky130_fd_sc_hd__and3_1)
                                         _017_ (net)
                  0.13    0.00    2.79 v _251_/A (sky130_fd_sc_hd__inv_2)
     5    0.02    0.10    0.14    2.93 ^ _251_/Y (sky130_fd_sc_hd__inv_2)
                                         _018_ (net)
                  0.10    0.00    2.93 ^ _290_/B1 (sky130_fd_sc_hd__a22oi_1)
     1    0.00    0.08    0.08    3.01 v _290_/Y (sky130_fd_sc_hd__a22oi_1)
                                         _054_ (net)
                  0.08    0.00    3.01 v _292_/A2 (sky130_fd_sc_hd__o32a_1)
     1    0.00    0.06    0.35    3.36 v _292_/X (sky130_fd_sc_hd__o32a_1)
                                         _056_ (net)
                  0.06    0.00    3.36 v _293_/B1 (sky130_fd_sc_hd__a21o_1)
     1    0.01    0.04    0.17    3.54 v _293_/X (sky130_fd_sc_hd__a21o_1)
                                         net20 (net)
                  0.04    0.00    3.54 v output20/A (sky130_fd_sc_hd__buf_2)
     1    0.03    0.09    0.19    3.72 v output20/X (sky130_fd_sc_hd__buf_2)
                                         out[0] (net)
                  0.09    0.00    3.73 v out[0] (out)
                                  3.73   data arrival time

                  0.00   10.00   10.00   clock __VIRTUAL_CLK__ (rise edge)
                          0.00   10.00   clock network delay (ideal)
                         -0.25    9.75   clock uncertainty
                          0.00    9.75   clock reconvergence pessimism
                         -2.00    7.75   output external delay
                                  7.75   data required time
-----------------------------------------------------------------------------
                                  7.75   data required time
                                 -3.73   data arrival time
-----------------------------------------------------------------------------
                                  4.02   slack (MET)



worst slack corner Typical: 2.7744
