
===========================================================================
report_checks -path_delay max (Setup)
============================================================================
======================= Typical Corner ===================================

Startpoint: opcode[1] (input port clocked by __VIRTUAL_CLK__)
Endpoint: out[7] (output port clocked by __VIRTUAL_CLK__)
Path Group: __VIRTUAL_CLK__
Path Type: max

Fanout     Cap    Slew   Delay    Time   Description
-----------------------------------------------------------------------------
                  0.00    0.00    0.00   clock __VIRTUAL_CLK__ (rise edge)
                          0.00    0.00   clock network delay (ideal)
                          2.00    2.00 ^ input external delay
     1    0.00    0.02    0.01    2.01 ^ opcode[1] (in)
                                         opcode[1] (net)
                  0.02    0.00    2.01 ^ input18/A (sky130_fd_sc_hd__dlymetal6s2s_1)
     5    0.02    0.20    0.20    2.20 ^ input18/X (sky130_fd_sc_hd__dlymetal6s2s_1)
                                         net18 (net)
                  0.20    0.00    2.21 ^ _222_/B (sky130_fd_sc_hd__nand3b_4)
     8    0.02    0.11    0.15    2.35 v _222_/Y (sky130_fd_sc_hd__nand3b_4)
                                         _150_ (net)
                  0.11    0.00    2.35 v _234_/C (sky130_fd_sc_hd__and3_1)
     2    0.01    0.05    0.22    2.58 v _234_/X (sky130_fd_sc_hd__and3_1)
                                         _001_ (net)
                  0.05    0.00    2.58 v _236_/A1 (sky130_fd_sc_hd__o21a_1)
     4    0.01    0.08    0.24    2.82 v _236_/X (sky130_fd_sc_hd__o21a_1)
                                         _003_ (net)
                  0.08    0.00    2.82 v _239_/B1 (sky130_fd_sc_hd__a211oi_1)
     3    0.01    0.39    0.40    3.22 ^ _239_/Y (sky130_fd_sc_hd__a211oi_1)
                                         _006_ (net)
                  0.39    0.00    3.22 ^ _241_/A2 (sky130_fd_sc_hd__o21ai_2)
     5    0.01    0.10    0.14    3.36 v _241_/Y (sky130_fd_sc_hd__o21ai_2)
                                         _008_ (net)
                  0.10    0.00    3.36 v _248_/A2 (sky130_fd_sc_hd__a311o_2)
     5    0.02    0.09    0.45    3.81 v _248_/X (sky130_fd_sc_hd__a311o_2)
                                         _015_ (net)
                  0.09    0.00    3.82 v _260_/A3 (sky130_fd_sc_hd__a311oi_2)
     3    0.01    0.25    0.33    4.15 ^ _260_/Y (sky130_fd_sc_hd__a311oi_2)
                                         _026_ (net)
                  0.25    0.00    4.15 ^ _280_/A2 (sky130_fd_sc_hd__o21ai_1)
     1    0.00    0.05    0.09    4.24 v _280_/Y (sky130_fd_sc_hd__o21ai_1)
                                         _045_ (net)
                  0.05    0.00    4.24 v _282_/B (sky130_fd_sc_hd__and3_1)
     1    0.00    0.04    0.17    4.41 v _282_/X (sky130_fd_sc_hd__and3_1)
                                         _047_ (net)
                  0.04    0.00    4.41 v _289_/A2 (sky130_fd_sc_hd__o31a_1)
     1    0.00    0.05    0.29    4.70 v _289_/X (sky130_fd_sc_hd__o31a_1)
                                         net27 (net)
                  0.05    0.00    4.70 v output27/A (sky130_fd_sc_hd__buf_2)
     1    0.04    0.09    0.20    4.90 v output27/X (sky130_fd_sc_hd__buf_2)
                                         out[7] (net)
                  0.09    0.00    4.90 v out[7] (out)
                                  4.90   data arrival time

                  0.00   10.00   10.00   clock __VIRTUAL_CLK__ (rise edge)
                          0.00   10.00   clock network delay (ideal)
                         -0.25    9.75   clock uncertainty
                          0.00    9.75   clock reconvergence pessimism
                         -2.00    7.75   output external delay
                                  7.75   data required time
-----------------------------------------------------------------------------
                                  7.75   data required time
                                 -4.90   data arrival time
-----------------------------------------------------------------------------
                                  2.85   slack (MET)


Startpoint: opcode[1] (input port clocked by __VIRTUAL_CLK__)
Endpoint: out[6] (output port clocked by __VIRTUAL_CLK__)
Path Group: __VIRTUAL_CLK__
Path Type: max

Fanout     Cap    Slew   Delay    Time   Description
-----------------------------------------------------------------------------
                  0.00    0.00    0.00   clock __VIRTUAL_CLK__ (rise edge)
                          0.00    0.00   clock network delay (ideal)
                          2.00    2.00 ^ input external delay
     1    0.00    0.02    0.01    2.01 ^ opcode[1] (in)
                                         opcode[1] (net)
                  0.02    0.00    2.01 ^ input18/A (sky130_fd_sc_hd__dlymetal6s2s_1)
     5    0.02    0.20    0.20    2.20 ^ input18/X (sky130_fd_sc_hd__dlymetal6s2s_1)
                                         net18 (net)
                  0.20    0.00    2.21 ^ _222_/B (sky130_fd_sc_hd__nand3b_4)
     8    0.02    0.11    0.15    2.35 v _222_/Y (sky130_fd_sc_hd__nand3b_4)
                                         _150_ (net)
                  0.11    0.00    2.35 v _234_/C (sky130_fd_sc_hd__and3_1)
     2    0.01    0.05    0.22    2.58 v _234_/X (sky130_fd_sc_hd__and3_1)
                                         _001_ (net)
                  0.05    0.00    2.58 v _236_/A1 (sky130_fd_sc_hd__o21a_1)
     4    0.01    0.08    0.24    2.82 v _236_/X (sky130_fd_sc_hd__o21a_1)
                                         _003_ (net)
                  0.08    0.00    2.82 v _239_/B1 (sky130_fd_sc_hd__a211oi_1)
     3    0.01    0.39    0.40    3.22 ^ _239_/Y (sky130_fd_sc_hd__a211oi_1)
                                         _006_ (net)
                  0.39    0.00    3.22 ^ _241_/A2 (sky130_fd_sc_hd__o21ai_2)
     5    0.01    0.10    0.14    3.36 v _241_/Y (sky130_fd_sc_hd__o21ai_2)
                                         _008_ (net)
                  0.10    0.00    3.36 v _248_/A2 (sky130_fd_sc_hd__a311o_2)
     5    0.02    0.09    0.45    3.81 v _248_/X (sky130_fd_sc_hd__a311o_2)
                                         _015_ (net)
                  0.09    0.00    3.82 v _261_/A3 (sky130_fd_sc_hd__a31o_1)
     1    0.00    0.04    0.24    4.06 v _261_/X (sky130_fd_sc_hd__a31o_1)
                                         _027_ (net)
                  0.04    0.00    4.06 v _262_/A2 (sky130_fd_sc_hd__a21o_1)
     1    0.00    0.03    0.18    4.23 v _262_/X (sky130_fd_sc_hd__a21o_1)
                                         _028_ (net)
                  0.03    0.00    4.23 v _263_/B (sky130_fd_sc_hd__or2_1)
     1    0.00    0.05    0.22    4.45 v _263_/X (sky130_fd_sc_hd__or2_1)
                                         _029_ (net)
                  0.05    0.00    4.45 v _274_/B1 (sky130_fd_sc_hd__a22oi_1)
     1    0.00    0.14    0.14    4.59 ^ _274_/Y (sky130_fd_sc_hd__a22oi_1)
                                         net26 (net)
                  0.14    0.00    4.59 ^ output26/A (sky130_fd_sc_hd__buf_2)
     1    0.03    0.17    0.24    4.83 ^ output26/X (sky130_fd_sc_hd__buf_2)
                                         out[6] (net)
                  0.17    0.00    4.83 ^ out[6] (out)
                                  4.83   data arrival time

                  0.00   10.00   10.00   clock __VIRTUAL_CLK__ (rise edge)
                          0.00   10.00   clock network delay (ideal)
                         -0.25    9.75   clock uncertainty
                          0.00    9.75   clock reconvergence pessimism
                         -2.00    7.75   output external delay
                                  7.75   data required time
-----------------------------------------------------------------------------
                                  7.75   data required time
                                 -4.83   data arrival time
-----------------------------------------------------------------------------
                                  2.92   slack (MET)


Startpoint: opcode[1] (input port clocked by __VIRTUAL_CLK__)
Endpoint: out[5] (output port clocked by __VIRTUAL_CLK__)
Path Group: __VIRTUAL_CLK__
Path Type: max

Fanout     Cap    Slew   Delay    Time   Description
-----------------------------------------------------------------------------
                  0.00    0.00    0.00   clock __VIRTUAL_CLK__ (rise edge)
                          0.00    0.00   clock network delay (ideal)
                          2.00    2.00 ^ input external delay
     1    0.00    0.02    0.01    2.01 ^ opcode[1] (in)
                                         opcode[1] (net)
                  0.02    0.00    2.01 ^ input18/A (sky130_fd_sc_hd__dlymetal6s2s_1)
     5    0.02    0.20    0.20    2.20 ^ input18/X (sky130_fd_sc_hd__dlymetal6s2s_1)
                                         net18 (net)
                  0.20    0.00    2.21 ^ _222_/B (sky130_fd_sc_hd__nand3b_4)
     8    0.02    0.11    0.15    2.35 v _222_/Y (sky130_fd_sc_hd__nand3b_4)
                                         _150_ (net)
                  0.11    0.00    2.35 v _234_/C (sky130_fd_sc_hd__and3_1)
     2    0.01    0.05    0.22    2.58 v _234_/X (sky130_fd_sc_hd__and3_1)
                                         _001_ (net)
                  0.05    0.00    2.58 v _236_/A1 (sky130_fd_sc_hd__o21a_1)
     4    0.01    0.08    0.24    2.82 v _236_/X (sky130_fd_sc_hd__o21a_1)
                                         _003_ (net)
                  0.08    0.00    2.82 v _239_/B1 (sky130_fd_sc_hd__a211oi_1)
     3    0.01    0.39    0.40    3.22 ^ _239_/Y (sky130_fd_sc_hd__a211oi_1)
                                         _006_ (net)
                  0.39    0.00    3.22 ^ _241_/A2 (sky130_fd_sc_hd__o21ai_2)
     5    0.01    0.10    0.14    3.36 v _241_/Y (sky130_fd_sc_hd__o21ai_2)
                                         _008_ (net)
                  0.10    0.00    3.36 v _248_/A2 (sky130_fd_sc_hd__a311o_2)
     5    0.02    0.09    0.45    3.81 v _248_/X (sky130_fd_sc_hd__a311o_2)
                                         _015_ (net)
                  0.09    0.00    3.82 v _249_/C (sky130_fd_sc_hd__and3_1)
     1    0.00    0.03    0.20    4.01 v _249_/X (sky130_fd_sc_hd__and3_1)
                                         _016_ (net)
                  0.03    0.00    4.01 v _253_/A (sky130_fd_sc_hd__or3_1)
     1    0.00    0.07    0.38    4.40 v _253_/X (sky130_fd_sc_hd__or3_1)
                                         _020_ (net)
                  0.07    0.00    4.40 v _254_/B2 (sky130_fd_sc_hd__a22oi_1)
     1    0.00    0.17    0.19    4.58 ^ _254_/Y (sky130_fd_sc_hd__a22oi_1)
                                         net25 (net)
                  0.17    0.00    4.58 ^ output25/A (sky130_fd_sc_hd__buf_2)
     1    0.03    0.17    0.25    4.83 ^ output25/X (sky130_fd_sc_hd__buf_2)
                                         out[5] (net)
                  0.17    0.00    4.83 ^ out[5] (out)
                                  4.83   data arrival time

                  0.00   10.00   10.00   clock __VIRTUAL_CLK__ (rise edge)
                          0.00   10.00   clock network delay (ideal)
                         -0.25    9.75   clock uncertainty
                          0.00    9.75   clock reconvergence pessimism
                         -2.00    7.75   output external delay
                                  7.75   data required time
-----------------------------------------------------------------------------
                                  7.75   data required time
                                 -4.83   data arrival time
-----------------------------------------------------------------------------
                                  2.92   slack (MET)


Startpoint: opcode[1] (input port clocked by __VIRTUAL_CLK__)
Endpoint: out[4] (output port clocked by __VIRTUAL_CLK__)
Path Group: __VIRTUAL_CLK__
Path Type: max

Fanout     Cap    Slew   Delay    Time   Description
-----------------------------------------------------------------------------
                  0.00    0.00    0.00   clock __VIRTUAL_CLK__ (rise edge)
                          0.00    0.00   clock network delay (ideal)
                          2.00    2.00 ^ input external delay
     1    0.00    0.02    0.01    2.01 ^ opcode[1] (in)
                                         opcode[1] (net)
                  0.02    0.00    2.01 ^ input18/A (sky130_fd_sc_hd__dlymetal6s2s_1)
     5    0.02    0.20    0.20    2.20 ^ input18/X (sky130_fd_sc_hd__dlymetal6s2s_1)
                                         net18 (net)
                  0.20    0.00    2.21 ^ _222_/B (sky130_fd_sc_hd__nand3b_4)
     8    0.02    0.11    0.15    2.35 v _222_/Y (sky130_fd_sc_hd__nand3b_4)
                                         _150_ (net)
                  0.11    0.00    2.35 v _234_/C (sky130_fd_sc_hd__and3_1)
     2    0.01    0.05    0.22    2.58 v _234_/X (sky130_fd_sc_hd__and3_1)
                                         _001_ (net)
                  0.05    0.00    2.58 v _236_/A1 (sky130_fd_sc_hd__o21a_1)
     4    0.01    0.08    0.24    2.82 v _236_/X (sky130_fd_sc_hd__o21a_1)
                                         _003_ (net)
                  0.08    0.00    2.82 v _239_/B1 (sky130_fd_sc_hd__a211oi_1)
     3    0.01    0.39    0.40    3.22 ^ _239_/Y (sky130_fd_sc_hd__a211oi_1)
                                         _006_ (net)
                  0.39    0.00    3.22 ^ _241_/A2 (sky130_fd_sc_hd__o21ai_2)
     5    0.01    0.10    0.14    3.36 v _241_/Y (sky130_fd_sc_hd__o21ai_2)
                                         _008_ (net)
                  0.10    0.00    3.36 v _248_/A2 (sky130_fd_sc_hd__a311o_2)
     5    0.02    0.09    0.45    3.81 v _248_/X (sky130_fd_sc_hd__a311o_2)
                                         _015_ (net)
                  0.09    0.00    3.82 v _327_/A1 (sky130_fd_sc_hd__a31o_1)
     1    0.01    0.05    0.21    4.02 v _327_/X (sky130_fd_sc_hd__a31o_1)
                                         _087_ (net)
                  0.05    0.00    4.02 v _328_/B1 (sky130_fd_sc_hd__a21oi_1)
     1    0.00    0.11    0.12    4.15 ^ _328_/Y (sky130_fd_sc_hd__a21oi_1)
                                         _088_ (net)
                  0.11    0.00    4.15 ^ _329_/B1 (sky130_fd_sc_hd__a21oi_1)
     1    0.00    0.05    0.05    4.20 v _329_/Y (sky130_fd_sc_hd__a21oi_1)
                                         net24 (net)
                  0.05    0.00    4.20 v output24/A (sky130_fd_sc_hd__buf_2)
     1    0.04    0.09    0.20    4.40 v output24/X (sky130_fd_sc_hd__buf_2)
                                         out[4] (net)
                  0.09    0.00    4.40 v out[4] (out)
                                  4.40   data arrival time

                  0.00   10.00   10.00   clock __VIRTUAL_CLK__ (rise edge)
                          0.00   10.00   clock network delay (ideal)
                         -0.25    9.75   clock uncertainty
                          0.00    9.75   clock reconvergence pessimism
                         -2.00    7.75   output external delay
                                  7.75   data required time
-----------------------------------------------------------------------------
                                  7.75   data required time
                                 -4.40   data arrival time
-----------------------------------------------------------------------------
                                  3.35   slack (MET)


Startpoint: opcode[1] (input port clocked by __VIRTUAL_CLK__)
Endpoint: out[1] (output port clocked by __VIRTUAL_CLK__)
Path Group: __VIRTUAL_CLK__
Path Type: max

Fanout     Cap    Slew   Delay    Time   Description
-----------------------------------------------------------------------------
                  0.00    0.00    0.00   clock __VIRTUAL_CLK__ (rise edge)
                          0.00    0.00   clock network delay (ideal)
                          2.00    2.00 ^ input external delay
     1    0.00    0.02    0.01    2.01 ^ opcode[1] (in)
                                         opcode[1] (net)
                  0.02    0.00    2.01 ^ input18/A (sky130_fd_sc_hd__dlymetal6s2s_1)
     5    0.02    0.20    0.20    2.20 ^ input18/X (sky130_fd_sc_hd__dlymetal6s2s_1)
                                         net18 (net)
                  0.20    0.00    2.21 ^ _222_/B (sky130_fd_sc_hd__nand3b_4)
     8    0.02    0.11    0.15    2.35 v _222_/Y (sky130_fd_sc_hd__nand3b_4)
                                         _150_ (net)
                  0.11    0.00    2.35 v _234_/C (sky130_fd_sc_hd__and3_1)
     2    0.01    0.05    0.22    2.58 v _234_/X (sky130_fd_sc_hd__and3_1)
                                         _001_ (net)
                  0.05    0.00    2.58 v _236_/A1 (sky130_fd_sc_hd__o21a_1)
     4    0.01    0.08    0.24    2.82 v _236_/X (sky130_fd_sc_hd__o21a_1)
                                         _003_ (net)
                  0.08    0.00    2.82 v _239_/B1 (sky130_fd_sc_hd__a211oi_1)
     3    0.01    0.39    0.40    3.22 ^ _239_/Y (sky130_fd_sc_hd__a211oi_1)
                                         _006_ (net)
                  0.39    0.00    3.22 ^ _300_/A (sky130_fd_sc_hd__or3_1)
     1    0.00    0.04    0.18    3.40 ^ _300_/X (sky130_fd_sc_hd__or3_1)
                                         _063_ (net)
                  0.04    0.00    3.40 ^ _301_/C_N (sky130_fd_sc_hd__or3b_1)
     1    0.00    0.07    0.36    3.76 v _301_/X (sky130_fd_sc_hd__or3b_1)
                                         _064_ (net)
                  0.07    0.00    3.76 v _302_/B2 (sky130_fd_sc_hd__o2bb2a_1)
     1    0.00    0.06    0.31    4.06 v _302_/X (sky130_fd_sc_hd__o2bb2a_1)
                                         net21 (net)
                  0.06    0.00    4.06 v output21/A (sky130_fd_sc_hd__buf_2)
     1    0.03    0.09    0.20    4.26 v output21/X (sky130_fd_sc_hd__buf_2)
                                         out[1] (net)
                  0.09    0.00    4.26 v out[1] (out)
                                  4.26   data arrival time

                  0.00   10.00   10.00   clock __VIRTUAL_CLK__ (rise edge)
                          0.00   10.00   clock network delay (ideal)
                         -0.25    9.75   clock uncertainty
                          0.00    9.75   clock reconvergence pessimism
                         -2.00    7.75   output external delay
                                  7.75   data required time
-----------------------------------------------------------------------------
                                  7.75   data required time
                                 -4.26   data arrival time
-----------------------------------------------------------------------------
                                  3.49   slack (MET)


Startpoint: opcode[1] (input port clocked by __VIRTUAL_CLK__)
Endpoint: out[3] (output port clocked by __VIRTUAL_CLK__)
Path Group: __VIRTUAL_CLK__
Path Type: max

Fanout     Cap    Slew   Delay    Time   Description
-----------------------------------------------------------------------------
                  0.00    0.00    0.00   clock __VIRTUAL_CLK__ (rise edge)
                          0.00    0.00   clock network delay (ideal)
                          2.00    2.00 ^ input external delay
     1    0.00    0.02    0.01    2.01 ^ opcode[1] (in)
                                         opcode[1] (net)
                  0.02    0.00    2.01 ^ input18/A (sky130_fd_sc_hd__dlymetal6s2s_1)
     5    0.02    0.20    0.20    2.20 ^ input18/X (sky130_fd_sc_hd__dlymetal6s2s_1)
                                         net18 (net)
                  0.20    0.00    2.21 ^ _222_/B (sky130_fd_sc_hd__nand3b_4)
     8    0.02    0.11    0.15    2.35 v _222_/Y (sky130_fd_sc_hd__nand3b_4)
                                         _150_ (net)
                  0.11    0.00    2.35 v _234_/C (sky130_fd_sc_hd__and3_1)
     2    0.01    0.05    0.22    2.58 v _234_/X (sky130_fd_sc_hd__and3_1)
                                         _001_ (net)
                  0.05    0.00    2.58 v _236_/A1 (sky130_fd_sc_hd__o21a_1)
     4    0.01    0.08    0.24    2.82 v _236_/X (sky130_fd_sc_hd__o21a_1)
                                         _003_ (net)
                  0.08    0.00    2.82 v _239_/B1 (sky130_fd_sc_hd__a211oi_1)
     3    0.01    0.39    0.40    3.22 ^ _239_/Y (sky130_fd_sc_hd__a211oi_1)
                                         _006_ (net)
                  0.39    0.00    3.22 ^ _241_/A2 (sky130_fd_sc_hd__o21ai_2)
     5    0.01    0.10    0.14    3.36 v _241_/Y (sky130_fd_sc_hd__o21ai_2)
                                         _008_ (net)
                  0.10    0.00    3.36 v _314_/A2 (sky130_fd_sc_hd__a31o_1)
     1    0.00    0.04    0.23    3.59 v _314_/X (sky130_fd_sc_hd__a31o_1)
                                         _075_ (net)
                  0.04    0.00    3.59 v _318_/A2 (sky130_fd_sc_hd__o21bai_1)
     1    0.00    0.12    0.13    3.73 ^ _318_/Y (sky130_fd_sc_hd__o21bai_1)
                                         _079_ (net)
                  0.12    0.00    3.73 ^ _319_/B1_N (sky130_fd_sc_hd__o21ba_1)
     1    0.00    0.04    0.17    3.90 v _319_/X (sky130_fd_sc_hd__o21ba_1)
                                         _080_ (net)
                  0.04    0.00    3.90 v _320_/B1 (sky130_fd_sc_hd__a21oi_1)
     1    0.00    0.11    0.11    4.01 ^ _320_/Y (sky130_fd_sc_hd__a21oi_1)
                                         net23 (net)
                  0.11    0.00    4.01 ^ output23/A (sky130_fd_sc_hd__buf_2)
     1    0.03    0.17    0.23    4.24 ^ output23/X (sky130_fd_sc_hd__buf_2)
                                         out[3] (net)
                  0.17    0.00    4.24 ^ out[3] (out)
                                  4.24   data arrival time

                  0.00   10.00   10.00   clock __VIRTUAL_CLK__ (rise edge)
                          0.00   10.00   clock network delay (ideal)
                         -0.25    9.75   clock uncertainty
                          0.00    9.75   clock reconvergence pessimism
                         -2.00    7.75   output external delay
                                  7.75   data required time
-----------------------------------------------------------------------------
                                  7.75   data required time
                                 -4.24   data arrival time
-----------------------------------------------------------------------------
                                  3.51   slack (MET)


Startpoint: opcode[1] (input port clocked by __VIRTUAL_CLK__)
Endpoint: out[2] (output port clocked by __VIRTUAL_CLK__)
Path Group: __VIRTUAL_CLK__
Path Type: max

Fanout     Cap    Slew   Delay    Time   Description
-----------------------------------------------------------------------------
                  0.00    0.00    0.00   clock __VIRTUAL_CLK__ (rise edge)
                          0.00    0.00   clock network delay (ideal)
                          2.00    2.00 ^ input external delay
     1    0.00    0.02    0.01    2.01 ^ opcode[1] (in)
                                         opcode[1] (net)
                  0.02    0.00    2.01 ^ input18/A (sky130_fd_sc_hd__dlymetal6s2s_1)
     5    0.02    0.20    0.20    2.20 ^ input18/X (sky130_fd_sc_hd__dlymetal6s2s_1)
                                         net18 (net)
                  0.20    0.00    2.21 ^ _222_/B (sky130_fd_sc_hd__nand3b_4)
     8    0.02    0.11    0.15    2.35 v _222_/Y (sky130_fd_sc_hd__nand3b_4)
                                         _150_ (net)
                  0.11    0.00    2.35 v _234_/C (sky130_fd_sc_hd__and3_1)
     2    0.01    0.05    0.22    2.58 v _234_/X (sky130_fd_sc_hd__and3_1)
                                         _001_ (net)
                  0.05    0.00    2.58 v _236_/A1 (sky130_fd_sc_hd__o21a_1)
     4    0.01    0.08    0.24    2.82 v _236_/X (sky130_fd_sc_hd__o21a_1)
                                         _003_ (net)
                  0.08    0.00    2.82 v _239_/B1 (sky130_fd_sc_hd__a211oi_1)
     3    0.01    0.39    0.40    3.22 ^ _239_/Y (sky130_fd_sc_hd__a211oi_1)
                                         _006_ (net)
                  0.39    0.00    3.22 ^ _241_/A2 (sky130_fd_sc_hd__o21ai_2)
     5    0.01    0.10    0.14    3.36 v _241_/Y (sky130_fd_sc_hd__o21ai_2)
                                         _008_ (net)
                  0.10    0.00    3.36 v _309_/A1 (sky130_fd_sc_hd__a31o_1)
     1    0.00    0.04    0.21    3.57 v _309_/X (sky130_fd_sc_hd__a31o_1)
                                         _071_ (net)
                  0.04    0.00    3.57 v _310_/B2 (sky130_fd_sc_hd__o2bb2a_1)
     1    0.00    0.06    0.29    3.86 v _310_/X (sky130_fd_sc_hd__o2bb2a_1)
                                         net22 (net)
                  0.06    0.00    3.86 v output22/A (sky130_fd_sc_hd__buf_2)
     1    0.03    0.09    0.19    4.06 v output22/X (sky130_fd_sc_hd__buf_2)
                                         out[2] (net)
                  0.09    0.00    4.06 v out[2] (out)
                                  4.06   data arrival time

                  0.00   10.00   10.00   clock __VIRTUAL_CLK__ (rise edge)
                          0.00   10.00   clock network delay (ideal)
                         -0.25    9.75   clock uncertainty
                          0.00    9.75   clock reconvergence pessimism
                         -2.00    7.75   output external delay
                                  7.75   data required time
-----------------------------------------------------------------------------
                                  7.75   data required time
                                 -4.06   data arrival time
-----------------------------------------------------------------------------
                                  3.69   slack (MET)


Startpoint: opcode[1] (input port clocked by __VIRTUAL_CLK__)
Endpoint: out[0] (output port clocked by __VIRTUAL_CLK__)
Path Group: __VIRTUAL_CLK__
Path Type: max

Fanout     Cap    Slew   Delay    Time   Description
-----------------------------------------------------------------------------
                  0.00    0.00    0.00   clock __VIRTUAL_CLK__ (rise edge)
                          0.00    0.00   clock network delay (ideal)
                          2.00    2.00 v input external delay
     1    0.00    0.01    0.00    2.00 v opcode[1] (in)
                                         opcode[1] (net)
                  0.01    0.00    2.00 v input18/A (sky130_fd_sc_hd__dlymetal6s2s_1)
     5    0.02    0.10    0.18    2.19 v input18/X (sky130_fd_sc_hd__dlymetal6s2s_1)
                                         net18 (net)
                  0.10    0.00    2.19 v _161_/B (sky130_fd_sc_hd__or2_1)
     3    0.01    0.09    0.28    2.47 v _161_/X (sky130_fd_sc_hd__or2_1)
                                         _089_ (net)
                  0.09    0.00    2.47 v _250_/C (sky130_fd_sc_hd__and3_1)
     4    0.01    0.07    0.24    2.71 v _250_/X (sky130_fd_sc_hd__and3_1)
                                         _017_ (net)
                  0.07    0.00    2.71 v _251_/A (sky130_fd_sc_hd__inv_2)
     5    0.01    0.06    0.08    2.79 ^ _251_/Y (sky130_fd_sc_hd__inv_2)
                                         _018_ (net)
                  0.06    0.00    2.79 ^ _290_/B1 (sky130_fd_sc_hd__a22oi_1)
     1    0.00    0.07    0.07    2.86 v _290_/Y (sky130_fd_sc_hd__a22oi_1)
                                         _054_ (net)
                  0.07    0.00    2.86 v _292_/A2 (sky130_fd_sc_hd__o32a_1)
     1    0.00    0.06    0.36    3.21 v _292_/X (sky130_fd_sc_hd__o32a_1)
                                         _056_ (net)
                  0.06    0.00    3.21 v _293_/B1 (sky130_fd_sc_hd__a21o_1)
     1    0.00    0.04    0.17    3.38 v _293_/X (sky130_fd_sc_hd__a21o_1)
                                         net20 (net)
                  0.04    0.00    3.38 v output20/A (sky130_fd_sc_hd__buf_2)
     1    0.04    0.09    0.19    3.57 v output20/X (sky130_fd_sc_hd__buf_2)
                                         out[0] (net)
                  0.09    0.00    3.57 v out[0] (out)
                                  3.57   data arrival time

                  0.00   10.00   10.00   clock __VIRTUAL_CLK__ (rise edge)
                          0.00   10.00   clock network delay (ideal)
                         -0.25    9.75   clock uncertainty
                          0.00    9.75   clock reconvergence pessimism
                         -2.00    7.75   output external delay
                                  7.75   data required time
-----------------------------------------------------------------------------
                                  7.75   data required time
                                 -3.57   data arrival time
-----------------------------------------------------------------------------
                                  4.18   slack (MET)



worst slack corner Typical: 2.8535
