
===========================================================================
report_checks -path_delay max (Setup)
============================================================================
======================= Typical Corner ===================================

Startpoint: opcode[1] (input port clocked by __VIRTUAL_CLK__)
Endpoint: out[7] (output port clocked by __VIRTUAL_CLK__)
Path Group: __VIRTUAL_CLK__
Path Type: max

Fanout     Cap    Slew   Delay    Time   Description
-----------------------------------------------------------------------------
                  0.00    0.00    0.00   clock __VIRTUAL_CLK__ (rise edge)
                          0.00    0.00   clock network delay (ideal)
                          2.00    2.00 ^ input external delay
     1    0.00    0.02    0.01    2.01 ^ opcode[1] (in)
                                         opcode[1] (net)
                  0.02    0.00    2.01 ^ input18/A (sky130_fd_sc_hd__dlymetal6s2s_1)
     5    0.02    0.18    0.18    2.19 ^ input18/X (sky130_fd_sc_hd__dlymetal6s2s_1)
                                         net18 (net)
                  0.18    0.00    2.19 ^ _222_/B (sky130_fd_sc_hd__nand3b_4)
     8    0.02    0.09    0.13    2.31 v _222_/Y (sky130_fd_sc_hd__nand3b_4)
                                         _150_ (net)
                  0.09    0.00    2.31 v _234_/C (sky130_fd_sc_hd__and3_1)
     2    0.00    0.05    0.21    2.53 v _234_/X (sky130_fd_sc_hd__and3_1)
                                         _001_ (net)
                  0.05    0.00    2.53 v _236_/A1 (sky130_fd_sc_hd__o21a_1)
     4    0.01    0.07    0.23    2.76 v _236_/X (sky130_fd_sc_hd__o21a_1)
                                         _003_ (net)
                  0.07    0.00    2.76 v _239_/B1 (sky130_fd_sc_hd__a211oi_1)
     3    0.01    0.33    0.34    3.10 ^ _239_/Y (sky130_fd_sc_hd__a211oi_1)
                                         _006_ (net)
                  0.33    0.00    3.10 ^ _241_/A2 (sky130_fd_sc_hd__o21ai_2)
     5    0.01    0.09    0.12    3.22 v _241_/Y (sky130_fd_sc_hd__o21ai_2)
                                         _008_ (net)
                  0.09    0.00    3.22 v _248_/A2 (sky130_fd_sc_hd__a311o_2)
     5    0.01    0.08    0.43    3.65 v _248_/X (sky130_fd_sc_hd__a311o_2)
                                         _015_ (net)
                  0.08    0.00    3.65 v _260_/A3 (sky130_fd_sc_hd__a311oi_2)
     3    0.01    0.23    0.32    3.97 ^ _260_/Y (sky130_fd_sc_hd__a311oi_2)
                                         _026_ (net)
                  0.23    0.00    3.97 ^ _280_/A2 (sky130_fd_sc_hd__o21ai_1)
     1    0.00    0.05    0.08    4.05 v _280_/Y (sky130_fd_sc_hd__o21ai_1)
                                         _045_ (net)
                  0.05    0.00    4.05 v _282_/B (sky130_fd_sc_hd__and3_1)
     1    0.00    0.04    0.16    4.21 v _282_/X (sky130_fd_sc_hd__and3_1)
                                         _047_ (net)
                  0.04    0.00    4.21 v _289_/A2 (sky130_fd_sc_hd__o31a_1)
     1    0.00    0.04    0.27    4.48 v _289_/X (sky130_fd_sc_hd__o31a_1)
                                         net27 (net)
                  0.04    0.00    4.48 v output27/A (sky130_fd_sc_hd__buf_2)
     1    0.03    0.09    0.19    4.66 v output27/X (sky130_fd_sc_hd__buf_2)
                                         out[7] (net)
                  0.09    0.00    4.66 v out[7] (out)
                                  4.66   data arrival time

                  0.00   10.00   10.00   clock __VIRTUAL_CLK__ (rise edge)
                          0.00   10.00   clock network delay (ideal)
                         -0.25    9.75   clock uncertainty
                          0.00    9.75   clock reconvergence pessimism
                         -2.00    7.75   output external delay
                                  7.75   data required time
-----------------------------------------------------------------------------
                                  7.75   data required time
                                 -4.66   data arrival time
-----------------------------------------------------------------------------
                                  3.09   slack (MET)


Startpoint: opcode[1] (input port clocked by __VIRTUAL_CLK__)
Endpoint: out[6] (output port clocked by __VIRTUAL_CLK__)
Path Group: __VIRTUAL_CLK__
Path Type: max

Fanout     Cap    Slew   Delay    Time   Description
-----------------------------------------------------------------------------
                  0.00    0.00    0.00   clock __VIRTUAL_CLK__ (rise edge)
                          0.00    0.00   clock network delay (ideal)
                          2.00    2.00 ^ input external delay
     1    0.00    0.02    0.01    2.01 ^ opcode[1] (in)
                                         opcode[1] (net)
                  0.02    0.00    2.01 ^ input18/A (sky130_fd_sc_hd__dlymetal6s2s_1)
     5    0.02    0.18    0.18    2.19 ^ input18/X (sky130_fd_sc_hd__dlymetal6s2s_1)
                                         net18 (net)
                  0.18    0.00    2.19 ^ _222_/B (sky130_fd_sc_hd__nand3b_4)
     8    0.02    0.09    0.13    2.31 v _222_/Y (sky130_fd_sc_hd__nand3b_4)
                                         _150_ (net)
                  0.09    0.00    2.31 v _234_/C (sky130_fd_sc_hd__and3_1)
     2    0.00    0.05    0.21    2.53 v _234_/X (sky130_fd_sc_hd__and3_1)
                                         _001_ (net)
                  0.05    0.00    2.53 v _236_/A1 (sky130_fd_sc_hd__o21a_1)
     4    0.01    0.07    0.23    2.76 v _236_/X (sky130_fd_sc_hd__o21a_1)
                                         _003_ (net)
                  0.07    0.00    2.76 v _239_/B1 (sky130_fd_sc_hd__a211oi_1)
     3    0.01    0.33    0.34    3.10 ^ _239_/Y (sky130_fd_sc_hd__a211oi_1)
                                         _006_ (net)
                  0.33    0.00    3.10 ^ _241_/A2 (sky130_fd_sc_hd__o21ai_2)
     5    0.01    0.09    0.12    3.22 v _241_/Y (sky130_fd_sc_hd__o21ai_2)
                                         _008_ (net)
                  0.09    0.00    3.22 v _248_/A2 (sky130_fd_sc_hd__a311o_2)
     5    0.01    0.08    0.43    3.65 v _248_/X (sky130_fd_sc_hd__a311o_2)
                                         _015_ (net)
                  0.08    0.00    3.65 v _261_/A3 (sky130_fd_sc_hd__a31o_1)
     1    0.00    0.04    0.23    3.89 v _261_/X (sky130_fd_sc_hd__a31o_1)
                                         _027_ (net)
                  0.04    0.00    3.89 v _262_/A2 (sky130_fd_sc_hd__a21o_1)
     1    0.00    0.03    0.17    4.05 v _262_/X (sky130_fd_sc_hd__a21o_1)
                                         _028_ (net)
                  0.03    0.00    4.05 v _263_/B (sky130_fd_sc_hd__or2_1)
     1    0.00    0.05    0.20    4.25 v _263_/X (sky130_fd_sc_hd__or2_1)
                                         _029_ (net)
                  0.05    0.00    4.25 v _274_/B1 (sky130_fd_sc_hd__a22oi_1)
     1    0.00    0.13    0.12    4.37 ^ _274_/Y (sky130_fd_sc_hd__a22oi_1)
                                         net26 (net)
                  0.13    0.00    4.37 ^ output26/A (sky130_fd_sc_hd__buf_2)
     1    0.03    0.17    0.24    4.61 ^ output26/X (sky130_fd_sc_hd__buf_2)
                                         out[6] (net)
                  0.17    0.00    4.61 ^ out[6] (out)
                                  4.61   data arrival time

                  0.00   10.00   10.00   clock __VIRTUAL_CLK__ (rise edge)
                          0.00   10.00   clock network delay (ideal)
                         -0.25    9.75   clock uncertainty
                          0.00    9.75   clock reconvergence pessimism
                         -2.00    7.75   output external delay
                                  7.75   data required time
-----------------------------------------------------------------------------
                                  7.75   data required time
                                 -4.61   data arrival time
-----------------------------------------------------------------------------
                                  3.14   slack (MET)


Startpoint: opcode[1] (input port clocked by __VIRTUAL_CLK__)
Endpoint: out[5] (output port clocked by __VIRTUAL_CLK__)
Path Group: __VIRTUAL_CLK__
Path Type: max

Fanout     Cap    Slew   Delay    Time   Description
-----------------------------------------------------------------------------
                  0.00    0.00    0.00   clock __VIRTUAL_CLK__ (rise edge)
                          0.00    0.00   clock network delay (ideal)
                          2.00    2.00 ^ input external delay
     1    0.00    0.02    0.01    2.01 ^ opcode[1] (in)
                                         opcode[1] (net)
                  0.02    0.00    2.01 ^ input18/A (sky130_fd_sc_hd__dlymetal6s2s_1)
     5    0.02    0.18    0.18    2.19 ^ input18/X (sky130_fd_sc_hd__dlymetal6s2s_1)
                                         net18 (net)
                  0.18    0.00    2.19 ^ _222_/B (sky130_fd_sc_hd__nand3b_4)
     8    0.02    0.09    0.13    2.31 v _222_/Y (sky130_fd_sc_hd__nand3b_4)
                                         _150_ (net)
                  0.09    0.00    2.31 v _234_/C (sky130_fd_sc_hd__and3_1)
     2    0.00    0.05    0.21    2.53 v _234_/X (sky130_fd_sc_hd__and3_1)
                                         _001_ (net)
                  0.05    0.00    2.53 v _236_/A1 (sky130_fd_sc_hd__o21a_1)
     4    0.01    0.07    0.23    2.76 v _236_/X (sky130_fd_sc_hd__o21a_1)
                                         _003_ (net)
                  0.07    0.00    2.76 v _239_/B1 (sky130_fd_sc_hd__a211oi_1)
     3    0.01    0.33    0.34    3.10 ^ _239_/Y (sky130_fd_sc_hd__a211oi_1)
                                         _006_ (net)
                  0.33    0.00    3.10 ^ _241_/A2 (sky130_fd_sc_hd__o21ai_2)
     5    0.01    0.09    0.12    3.22 v _241_/Y (sky130_fd_sc_hd__o21ai_2)
                                         _008_ (net)
                  0.09    0.00    3.22 v _248_/A2 (sky130_fd_sc_hd__a311o_2)
     5    0.01    0.08    0.43    3.65 v _248_/X (sky130_fd_sc_hd__a311o_2)
                                         _015_ (net)
                  0.08    0.00    3.65 v _249_/C (sky130_fd_sc_hd__and3_1)
     1    0.00    0.03    0.19    3.84 v _249_/X (sky130_fd_sc_hd__and3_1)
                                         _016_ (net)
                  0.03    0.00    3.84 v _253_/A (sky130_fd_sc_hd__or3_1)
     1    0.00    0.06    0.37    4.21 v _253_/X (sky130_fd_sc_hd__or3_1)
                                         _020_ (net)
                  0.06    0.00    4.21 v _254_/B2 (sky130_fd_sc_hd__a22oi_1)
     1    0.00    0.13    0.15    4.36 ^ _254_/Y (sky130_fd_sc_hd__a22oi_1)
                                         net25 (net)
                  0.13    0.00    4.36 ^ output25/A (sky130_fd_sc_hd__buf_2)
     1    0.03    0.17    0.24    4.60 ^ output25/X (sky130_fd_sc_hd__buf_2)
                                         out[5] (net)
                  0.17    0.00    4.60 ^ out[5] (out)
                                  4.60   data arrival time

                  0.00   10.00   10.00   clock __VIRTUAL_CLK__ (rise edge)
                          0.00   10.00   clock network delay (ideal)
                         -0.25    9.75   clock uncertainty
                          0.00    9.75   clock reconvergence pessimism
                         -2.00    7.75   output external delay
                                  7.75   data required time
-----------------------------------------------------------------------------
                                  7.75   data required time
                                 -4.60   data arrival time
-----------------------------------------------------------------------------
                                  3.15   slack (MET)


Startpoint: opcode[1] (input port clocked by __VIRTUAL_CLK__)
Endpoint: out[4] (output port clocked by __VIRTUAL_CLK__)
Path Group: __VIRTUAL_CLK__
Path Type: max

Fanout     Cap    Slew   Delay    Time   Description
-----------------------------------------------------------------------------
                  0.00    0.00    0.00   clock __VIRTUAL_CLK__ (rise edge)
                          0.00    0.00   clock network delay (ideal)
                          2.00    2.00 ^ input external delay
     1    0.00    0.02    0.01    2.01 ^ opcode[1] (in)
                                         opcode[1] (net)
                  0.02    0.00    2.01 ^ input18/A (sky130_fd_sc_hd__dlymetal6s2s_1)
     5    0.02    0.18    0.18    2.19 ^ input18/X (sky130_fd_sc_hd__dlymetal6s2s_1)
                                         net18 (net)
                  0.18    0.00    2.19 ^ _222_/B (sky130_fd_sc_hd__nand3b_4)
     8    0.02    0.09    0.13    2.31 v _222_/Y (sky130_fd_sc_hd__nand3b_4)
                                         _150_ (net)
                  0.09    0.00    2.31 v _234_/C (sky130_fd_sc_hd__and3_1)
     2    0.00    0.05    0.21    2.53 v _234_/X (sky130_fd_sc_hd__and3_1)
                                         _001_ (net)
                  0.05    0.00    2.53 v _236_/A1 (sky130_fd_sc_hd__o21a_1)
     4    0.01    0.07    0.23    2.76 v _236_/X (sky130_fd_sc_hd__o21a_1)
                                         _003_ (net)
                  0.07    0.00    2.76 v _239_/B1 (sky130_fd_sc_hd__a211oi_1)
     3    0.01    0.33    0.34    3.10 ^ _239_/Y (sky130_fd_sc_hd__a211oi_1)
                                         _006_ (net)
                  0.33    0.00    3.10 ^ _241_/A2 (sky130_fd_sc_hd__o21ai_2)
     5    0.01    0.09    0.12    3.22 v _241_/Y (sky130_fd_sc_hd__o21ai_2)
                                         _008_ (net)
                  0.09    0.00    3.22 v _248_/A2 (sky130_fd_sc_hd__a311o_2)
     5    0.01    0.08    0.43    3.65 v _248_/X (sky130_fd_sc_hd__a311o_2)
                                         _015_ (net)
                  0.08    0.00    3.65 v _327_/A1 (sky130_fd_sc_hd__a31o_1)
     1    0.00    0.03    0.19    3.84 v _327_/X (sky130_fd_sc_hd__a31o_1)
                                         _087_ (net)
                  0.03    0.00    3.84 v _328_/B1 (sky130_fd_sc_hd__a21oi_1)
     1    0.00    0.10    0.11    3.95 ^ _328_/Y (sky130_fd_sc_hd__a21oi_1)
                                         _088_ (net)
                  0.10    0.00    3.95 ^ _329_/B1 (sky130_fd_sc_hd__a21oi_1)
     1    0.00    0.04    0.04    3.99 v _329_/Y (sky130_fd_sc_hd__a21oi_1)
                                         net24 (net)
                  0.04    0.00    3.99 v output24/A (sky130_fd_sc_hd__buf_2)
     1    0.03    0.09    0.19    4.18 v output24/X (sky130_fd_sc_hd__buf_2)
                                         out[4] (net)
                  0.09    0.00    4.18 v out[4] (out)
                                  4.18   data arrival time

                  0.00   10.00   10.00   clock __VIRTUAL_CLK__ (rise edge)
                          0.00   10.00   clock network delay (ideal)
                         -0.25    9.75   clock uncertainty
                          0.00    9.75   clock reconvergence pessimism
                         -2.00    7.75   output external delay
                                  7.75   data required time
-----------------------------------------------------------------------------
                                  7.75   data required time
                                 -4.18   data arrival time
-----------------------------------------------------------------------------
                                  3.57   slack (MET)


Startpoint: opcode[1] (input port clocked by __VIRTUAL_CLK__)
Endpoint: out[1] (output port clocked by __VIRTUAL_CLK__)
Path Group: __VIRTUAL_CLK__
Path Type: max

Fanout     Cap    Slew   Delay    Time   Description
-----------------------------------------------------------------------------
                  0.00    0.00    0.00   clock __VIRTUAL_CLK__ (rise edge)
                          0.00    0.00   clock network delay (ideal)
                          2.00    2.00 ^ input external delay
     1    0.00    0.02    0.01    2.01 ^ opcode[1] (in)
                                         opcode[1] (net)
                  0.02    0.00    2.01 ^ input18/A (sky130_fd_sc_hd__dlymetal6s2s_1)
     5    0.02    0.18    0.18    2.19 ^ input18/X (sky130_fd_sc_hd__dlymetal6s2s_1)
                                         net18 (net)
                  0.18    0.00    2.19 ^ _222_/B (sky130_fd_sc_hd__nand3b_4)
     8    0.02    0.09    0.13    2.31 v _222_/Y (sky130_fd_sc_hd__nand3b_4)
                                         _150_ (net)
                  0.09    0.00    2.31 v _234_/C (sky130_fd_sc_hd__and3_1)
     2    0.00    0.05    0.21    2.53 v _234_/X (sky130_fd_sc_hd__and3_1)
                                         _001_ (net)
                  0.05    0.00    2.53 v _236_/A1 (sky130_fd_sc_hd__o21a_1)
     4    0.01    0.07    0.23    2.76 v _236_/X (sky130_fd_sc_hd__o21a_1)
                                         _003_ (net)
                  0.07    0.00    2.76 v _239_/B1 (sky130_fd_sc_hd__a211oi_1)
     3    0.01    0.33    0.34    3.10 ^ _239_/Y (sky130_fd_sc_hd__a211oi_1)
                                         _006_ (net)
                  0.33    0.00    3.10 ^ _300_/A (sky130_fd_sc_hd__or3_1)
     1    0.00    0.03    0.16    3.26 ^ _300_/X (sky130_fd_sc_hd__or3_1)
                                         _063_ (net)
                  0.03    0.00    3.26 ^ _301_/C_N (sky130_fd_sc_hd__or3b_1)
     1    0.00    0.06    0.33    3.60 v _301_/X (sky130_fd_sc_hd__or3b_1)
                                         _064_ (net)
                  0.06    0.00    3.60 v _302_/B2 (sky130_fd_sc_hd__o2bb2a_1)
     1    0.00    0.05    0.28    3.87 v _302_/X (sky130_fd_sc_hd__o2bb2a_1)
                                         net21 (net)
                  0.05    0.00    3.87 v output21/A (sky130_fd_sc_hd__buf_2)
     1    0.03    0.09    0.19    4.06 v output21/X (sky130_fd_sc_hd__buf_2)
                                         out[1] (net)
                  0.09    0.00    4.06 v out[1] (out)
                                  4.06   data arrival time

                  0.00   10.00   10.00   clock __VIRTUAL_CLK__ (rise edge)
                          0.00   10.00   clock network delay (ideal)
                         -0.25    9.75   clock uncertainty
                          0.00    9.75   clock reconvergence pessimism
                         -2.00    7.75   output external delay
                                  7.75   data required time
-----------------------------------------------------------------------------
                                  7.75   data required time
                                 -4.06   data arrival time
-----------------------------------------------------------------------------
                                  3.69   slack (MET)


Startpoint: opcode[1] (input port clocked by __VIRTUAL_CLK__)
Endpoint: out[3] (output port clocked by __VIRTUAL_CLK__)
Path Group: __VIRTUAL_CLK__
Path Type: max

Fanout     Cap    Slew   Delay    Time   Description
-----------------------------------------------------------------------------
                  0.00    0.00    0.00   clock __VIRTUAL_CLK__ (rise edge)
                          0.00    0.00   clock network delay (ideal)
                          2.00    2.00 ^ input external delay
     1    0.00    0.02    0.01    2.01 ^ opcode[1] (in)
                                         opcode[1] (net)
                  0.02    0.00    2.01 ^ input18/A (sky130_fd_sc_hd__dlymetal6s2s_1)
     5    0.02    0.18    0.18    2.19 ^ input18/X (sky130_fd_sc_hd__dlymetal6s2s_1)
                                         net18 (net)
                  0.18    0.00    2.19 ^ _222_/B (sky130_fd_sc_hd__nand3b_4)
     8    0.02    0.09    0.13    2.31 v _222_/Y (sky130_fd_sc_hd__nand3b_4)
                                         _150_ (net)
                  0.09    0.00    2.31 v _234_/C (sky130_fd_sc_hd__and3_1)
     2    0.00    0.05    0.21    2.53 v _234_/X (sky130_fd_sc_hd__and3_1)
                                         _001_ (net)
                  0.05    0.00    2.53 v _236_/A1 (sky130_fd_sc_hd__o21a_1)
     4    0.01    0.07    0.23    2.76 v _236_/X (sky130_fd_sc_hd__o21a_1)
                                         _003_ (net)
                  0.07    0.00    2.76 v _239_/B1 (sky130_fd_sc_hd__a211oi_1)
     3    0.01    0.33    0.34    3.10 ^ _239_/Y (sky130_fd_sc_hd__a211oi_1)
                                         _006_ (net)
                  0.33    0.00    3.10 ^ _241_/A2 (sky130_fd_sc_hd__o21ai_2)
     5    0.01    0.09    0.12    3.22 v _241_/Y (sky130_fd_sc_hd__o21ai_2)
                                         _008_ (net)
                  0.09    0.00    3.22 v _314_/A2 (sky130_fd_sc_hd__a31o_1)
     1    0.00    0.03    0.22    3.44 v _314_/X (sky130_fd_sc_hd__a31o_1)
                                         _075_ (net)
                  0.03    0.00    3.44 v _318_/A2 (sky130_fd_sc_hd__o21bai_1)
     1    0.00    0.08    0.10    3.54 ^ _318_/Y (sky130_fd_sc_hd__o21bai_1)
                                         _079_ (net)
                  0.08    0.00    3.54 ^ _319_/B1_N (sky130_fd_sc_hd__o21ba_1)
     1    0.00    0.03    0.15    3.69 v _319_/X (sky130_fd_sc_hd__o21ba_1)
                                         _080_ (net)
                  0.03    0.00    3.69 v _320_/B1 (sky130_fd_sc_hd__a21oi_1)
     1    0.00    0.09    0.10    3.78 ^ _320_/Y (sky130_fd_sc_hd__a21oi_1)
                                         net23 (net)
                  0.09    0.00    3.78 ^ output23/A (sky130_fd_sc_hd__buf_2)
     1    0.03    0.17    0.22    4.01 ^ output23/X (sky130_fd_sc_hd__buf_2)
                                         out[3] (net)
                  0.17    0.00    4.01 ^ out[3] (out)
                                  4.01   data arrival time

                  0.00   10.00   10.00   clock __VIRTUAL_CLK__ (rise edge)
                          0.00   10.00   clock network delay (ideal)
                         -0.25    9.75   clock uncertainty
                          0.00    9.75   clock reconvergence pessimism
                         -2.00    7.75   output external delay
                                  7.75   data required time
-----------------------------------------------------------------------------
                                  7.75   data required time
                                 -4.01   data arrival time
-----------------------------------------------------------------------------
                                  3.74   slack (MET)


Startpoint: opcode[1] (input port clocked by __VIRTUAL_CLK__)
Endpoint: out[2] (output port clocked by __VIRTUAL_CLK__)
Path Group: __VIRTUAL_CLK__
Path Type: max

Fanout     Cap    Slew   Delay    Time   Description
-----------------------------------------------------------------------------
                  0.00    0.00    0.00   clock __VIRTUAL_CLK__ (rise edge)
                          0.00    0.00   clock network delay (ideal)
                          2.00    2.00 ^ input external delay
     1    0.00    0.02    0.01    2.01 ^ opcode[1] (in)
                                         opcode[1] (net)
                  0.02    0.00    2.01 ^ input18/A (sky130_fd_sc_hd__dlymetal6s2s_1)
     5    0.02    0.18    0.18    2.19 ^ input18/X (sky130_fd_sc_hd__dlymetal6s2s_1)
                                         net18 (net)
                  0.18    0.00    2.19 ^ _222_/B (sky130_fd_sc_hd__nand3b_4)
     8    0.02    0.09    0.13    2.31 v _222_/Y (sky130_fd_sc_hd__nand3b_4)
                                         _150_ (net)
                  0.09    0.00    2.31 v _234_/C (sky130_fd_sc_hd__and3_1)
     2    0.00    0.05    0.21    2.53 v _234_/X (sky130_fd_sc_hd__and3_1)
                                         _001_ (net)
                  0.05    0.00    2.53 v _236_/A1 (sky130_fd_sc_hd__o21a_1)
     4    0.01    0.07    0.23    2.76 v _236_/X (sky130_fd_sc_hd__o21a_1)
                                         _003_ (net)
                  0.07    0.00    2.76 v _239_/B1 (sky130_fd_sc_hd__a211oi_1)
     3    0.01    0.33    0.34    3.10 ^ _239_/Y (sky130_fd_sc_hd__a211oi_1)
                                         _006_ (net)
                  0.33    0.00    3.10 ^ _241_/A2 (sky130_fd_sc_hd__o21ai_2)
     5    0.01    0.09    0.12    3.22 v _241_/Y (sky130_fd_sc_hd__o21ai_2)
                                         _008_ (net)
                  0.09    0.00    3.22 v _309_/A1 (sky130_fd_sc_hd__a31o_1)
     1    0.00    0.03    0.19    3.41 v _309_/X (sky130_fd_sc_hd__a31o_1)
                                         _071_ (net)
                  0.03    0.00    3.41 v _310_/B2 (sky130_fd_sc_hd__o2bb2a_1)
     1    0.00    0.05    0.27    3.68 v _310_/X (sky130_fd_sc_hd__o2bb2a_1)
                                         net22 (net)
                  0.05    0.00    3.68 v output22/A (sky130_fd_sc_hd__buf_2)
     1    0.03    0.09    0.19    3.87 v output22/X (sky130_fd_sc_hd__buf_2)
                                         out[2] (net)
                  0.09    0.00    3.87 v out[2] (out)
                                  3.87   data arrival time

                  0.00   10.00   10.00   clock __VIRTUAL_CLK__ (rise edge)
                          0.00   10.00   clock network delay (ideal)
                         -0.25    9.75   clock uncertainty
                          0.00    9.75   clock reconvergence pessimism
                         -2.00    7.75   output external delay
                                  7.75   data required time
-----------------------------------------------------------------------------
                                  7.75   data required time
                                 -3.87   data arrival time
-----------------------------------------------------------------------------
                                  3.88   slack (MET)


Startpoint: opcode[1] (input port clocked by __VIRTUAL_CLK__)
Endpoint: out[0] (output port clocked by __VIRTUAL_CLK__)
Path Group: __VIRTUAL_CLK__
Path Type: max

Fanout     Cap    Slew   Delay    Time   Description
-----------------------------------------------------------------------------
                  0.00    0.00    0.00   clock __VIRTUAL_CLK__ (rise edge)
                          0.00    0.00   clock network delay (ideal)
                          2.00    2.00 v input external delay
     1    0.00    0.01    0.00    2.00 v opcode[1] (in)
                                         opcode[1] (net)
                  0.01    0.00    2.00 v input18/A (sky130_fd_sc_hd__dlymetal6s2s_1)
     5    0.01    0.09    0.17    2.18 v input18/X (sky130_fd_sc_hd__dlymetal6s2s_1)
                                         net18 (net)
                  0.09    0.00    2.18 v _161_/B (sky130_fd_sc_hd__or2_1)
     3    0.01    0.08    0.27    2.45 v _161_/X (sky130_fd_sc_hd__or2_1)
                                         _089_ (net)
                  0.08    0.00    2.45 v _250_/C (sky130_fd_sc_hd__and3_1)
     4    0.01    0.07    0.24    2.69 v _250_/X (sky130_fd_sc_hd__and3_1)
                                         _017_ (net)
                  0.07    0.00    2.69 v _251_/A (sky130_fd_sc_hd__inv_2)
     5    0.01    0.06    0.08    2.77 ^ _251_/Y (sky130_fd_sc_hd__inv_2)
                                         _018_ (net)
                  0.06    0.00    2.77 ^ _290_/B1 (sky130_fd_sc_hd__a22oi_1)
     1    0.00    0.06    0.06    2.83 v _290_/Y (sky130_fd_sc_hd__a22oi_1)
                                         _054_ (net)
                  0.06    0.00    2.83 v _292_/A2 (sky130_fd_sc_hd__o32a_1)
     1    0.00    0.05    0.34    3.16 v _292_/X (sky130_fd_sc_hd__o32a_1)
                                         _056_ (net)
                  0.05    0.00    3.16 v _293_/B1 (sky130_fd_sc_hd__a21o_1)
     1    0.00    0.03    0.15    3.31 v _293_/X (sky130_fd_sc_hd__a21o_1)
                                         net20 (net)
                  0.03    0.00    3.31 v output20/A (sky130_fd_sc_hd__buf_2)
     1    0.03    0.09    0.18    3.49 v output20/X (sky130_fd_sc_hd__buf_2)
                                         out[0] (net)
                  0.09    0.00    3.49 v out[0] (out)
                                  3.49   data arrival time

                  0.00   10.00   10.00   clock __VIRTUAL_CLK__ (rise edge)
                          0.00   10.00   clock network delay (ideal)
                         -0.25    9.75   clock uncertainty
                          0.00    9.75   clock reconvergence pessimism
                         -2.00    7.75   output external delay
                                  7.75   data required time
-----------------------------------------------------------------------------
                                  7.75   data required time
                                 -3.49   data arrival time
-----------------------------------------------------------------------------
                                  4.26   slack (MET)



worst slack corner Typical: 3.0873
